> Task :compileJava UP-TO-DATE
> Task :processResources UP-TO-DATE
> Task :classes UP-TO-DATE

> Task :Epigenomics24.main()
Initialising...
Starting CloudSim version 3.0
[0.00]|[FogDevice(2|cloud_device_0)]: Starting FogDevice(2)...
[0.00]|[FogDevice(3|phone)]: Starting FogDevice(3)...
[0.00]|[FogDevice(4|camera)]: Starting FogDevice(4)...
[0.00]|[FogDevice(5|car)]: Starting FogDevice(5)...
[0.00]|[FogDevice(6|drone)]: Starting FogDevice(6)...
[0.00]|[FogBroker(7)]: Starting FogBroker...
[0.00]|[WorkflowEngine(8)]: Starting WorkflowEngine...
[0.00]|[TaskManager(9)]: Starting Task Manager...
[0.00]|[TaskManager(9)]: Sending task: 1 of workflow: Epigenomics_24.xml
[0.00]|[TaskManager(9)]: Sending task: 2 of workflow: Epigenomics_24.xml
[0.00]|[TaskManager(9)]: Sending task: 3 of workflow: Epigenomics_24.xml
[0.00]|[TaskManager(9)]: Sending task: 4 of workflow: Epigenomics_24.xml
[0.00]|[TaskManager(9)]: Sending task: 5 of workflow: Epigenomics_24.xml
[0.00]|[TaskManager(9)]: Sending task: 6 of workflow: Epigenomics_24.xml
[0.00]|[TaskManager(9)]: Sending task: 7 of workflow: Epigenomics_24.xml
[0.00]|[TaskManager(9)]: Sending task: 8 of workflow: Epigenomics_24.xml
[0.00]|[TaskManager(9)]: Sending task: 9 of workflow: Epigenomics_24.xml
[0.00]|[TaskManager(9)]: Sending task: 10 of workflow: Epigenomics_24.xml
[0.00]|[TaskManager(9)]: Sending task: 11 of workflow: Epigenomics_24.xml
[0.00]|[TaskManager(9)]: Sending task: 12 of workflow: Epigenomics_24.xml
[0.00]|[TaskManager(9)]: Sending task: 13 of workflow: Epigenomics_24.xml
[0.00]|[TaskManager(9)]: Sending task: 14 of workflow: Epigenomics_24.xml
[0.00]|[TaskManager(9)]: Sending task: 15 of workflow: Epigenomics_24.xml
[0.00]|[TaskManager(9)]: Sending task: 16 of workflow: Epigenomics_24.xml
[0.00]|[TaskManager(9)]: Sending task: 17 of workflow: Epigenomics_24.xml
[0.00]|[TaskManager(9)]: Sending task: 18 of workflow: Epigenomics_24.xml
[0.00]|[TaskManager(9)]: Sending task: 19 of workflow: Epigenomics_24.xml
[0.00]|[TaskManager(9)]: Sending task: 20 of workflow: Epigenomics_24.xml
[0.00]|[TaskManager(9)]: Sending task: 21 of workflow: Epigenomics_24.xml
[0.00]|[TaskManager(9)]: Sending task: 22 of workflow: Epigenomics_24.xml
[0.00]|[TaskManager(9)]: Sending task: 23 of workflow: Epigenomics_24.xml
[0.00]|[TaskManager(9)]: Sending task: 24 of workflow: Epigenomics_24.xml
Entities started.
[0.00]|[FogBroker(7)]: Requesting for fog devices characteristics...
[0.00]|[WorkflowEngine(8)]: Task(1) of workflow(Epigenomics_24.xml) received
[0.00]|[WorkflowEngine(8)]: Sending Task(1) from workflow(Epigenomics_24.xml)...
[0.00]|[WorkflowEngine(8)]: Task(2) of workflow(Epigenomics_24.xml) received
[0.00]|[WorkflowEngine(8)]: Task(2) is not ready to get executed. Adding it to waiting queue...
[0.00]|[WorkflowEngine(8)]: Task(3) of workflow(Epigenomics_24.xml) received
[0.00]|[WorkflowEngine(8)]: Task(3) is not ready to get executed. Adding it to waiting queue...
[0.00]|[WorkflowEngine(8)]: Task(4) of workflow(Epigenomics_24.xml) received
[0.00]|[WorkflowEngine(8)]: Task(4) is not ready to get executed. Adding it to waiting queue...
[0.00]|[WorkflowEngine(8)]: Task(5) of workflow(Epigenomics_24.xml) received
[0.00]|[WorkflowEngine(8)]: Task(5) is not ready to get executed. Adding it to waiting queue...
[0.00]|[WorkflowEngine(8)]: Task(6) of workflow(Epigenomics_24.xml) received
[0.00]|[WorkflowEngine(8)]: Task(6) is not ready to get executed. Adding it to waiting queue...
[0.00]|[WorkflowEngine(8)]: Task(7) of workflow(Epigenomics_24.xml) received
[0.00]|[WorkflowEngine(8)]: Task(7) is not ready to get executed. Adding it to waiting queue...
[0.00]|[WorkflowEngine(8)]: Task(8) of workflow(Epigenomics_24.xml) received
[0.00]|[WorkflowEngine(8)]: Task(8) is not ready to get executed. Adding it to waiting queue...
[0.00]|[WorkflowEngine(8)]: Task(9) of workflow(Epigenomics_24.xml) received
[0.00]|[WorkflowEngine(8)]: Task(9) is not ready to get executed. Adding it to waiting queue...
[0.00]|[WorkflowEngine(8)]: Task(10) of workflow(Epigenomics_24.xml) received
[0.00]|[WorkflowEngine(8)]: Task(10) is not ready to get executed. Adding it to waiting queue...
[0.00]|[WorkflowEngine(8)]: Task(11) of workflow(Epigenomics_24.xml) received
[0.00]|[WorkflowEngine(8)]: Task(11) is not ready to get executed. Adding it to waiting queue...
[0.00]|[WorkflowEngine(8)]: Task(12) of workflow(Epigenomics_24.xml) received
[0.00]|[WorkflowEngine(8)]: Task(12) is not ready to get executed. Adding it to waiting queue...
[0.00]|[WorkflowEngine(8)]: Task(13) of workflow(Epigenomics_24.xml) received
[0.00]|[WorkflowEngine(8)]: Task(13) is not ready to get executed. Adding it to waiting queue...
[0.00]|[WorkflowEngine(8)]: Task(14) of workflow(Epigenomics_24.xml) received
[0.00]|[WorkflowEngine(8)]: Task(14) is not ready to get executed. Adding it to waiting queue...
[0.00]|[WorkflowEngine(8)]: Task(15) of workflow(Epigenomics_24.xml) received
[0.00]|[WorkflowEngine(8)]: Task(15) is not ready to get executed. Adding it to waiting queue...
[0.00]|[WorkflowEngine(8)]: Task(16) of workflow(Epigenomics_24.xml) received
[0.00]|[WorkflowEngine(8)]: Task(16) is not ready to get executed. Adding it to waiting queue...
[0.00]|[WorkflowEngine(8)]: Task(17) of workflow(Epigenomics_24.xml) received
[0.00]|[WorkflowEngine(8)]: Task(17) is not ready to get executed. Adding it to waiting queue...
[0.00]|[WorkflowEngine(8)]: Task(18) of workflow(Epigenomics_24.xml) received
[0.00]|[WorkflowEngine(8)]: Task(18) is not ready to get executed. Adding it to waiting queue...
[0.00]|[WorkflowEngine(8)]: Task(19) of workflow(Epigenomics_24.xml) received
[0.00]|[WorkflowEngine(8)]: Task(19) is not ready to get executed. Adding it to waiting queue...
[0.00]|[WorkflowEngine(8)]: Task(20) of workflow(Epigenomics_24.xml) received
[0.00]|[WorkflowEngine(8)]: Task(20) is not ready to get executed. Adding it to waiting queue...
[0.00]|[WorkflowEngine(8)]: Task(21) of workflow(Epigenomics_24.xml) received
[0.00]|[WorkflowEngine(8)]: Task(21) is not ready to get executed. Adding it to waiting queue...
[0.00]|[WorkflowEngine(8)]: Task(22) of workflow(Epigenomics_24.xml) received
[0.00]|[WorkflowEngine(8)]: Task(22) is not ready to get executed. Adding it to waiting queue...
[0.00]|[WorkflowEngine(8)]: Task(23) of workflow(Epigenomics_24.xml) received
[0.00]|[WorkflowEngine(8)]: Task(23) is not ready to get executed. Adding it to waiting queue...
[0.00]|[WorkflowEngine(8)]: Task(24) of workflow(Epigenomics_24.xml) received
[0.00]|[WorkflowEngine(8)]: Task(24) is not ready to get executed. Adding it to waiting queue...
[0.00]|[FogBroker(7)]: Task(1) of Workflow(Epigenomics_24.xml) received
[0.00]|[FogBroker(7)]: Dispatching tasks...
[0.00]|[FogBroker(7)]: All resources received
[0.00]|[FogBroker(7)]: All pending vm create acks received
[0.00]|[FogBroker(7)]: Dispatching tasks...
[0.00]|[FogBroker(7)]: Sending STAGE_IN data for Task(1) to FogDevice(2) with delay: 0.11
[0.11]|[FogDevice(2|cloud_device_0)]: Received Task(1) from Workflow(Epigenomics_24.xml) with STAGE_IN data to run on Vm(0)
[0.11]|[FogDevice(2|cloud_device_0)]: Received execute msg for Task(1) on Cycle(0) from Workflow(Epigenomics_24.xml) to run on Vm(0)
[0.11]|[FogDevice(2|cloud_device_0)]: All parent data for Task(1) are received. task can execute
0.11: [Host #0] Total allocated MIPS for VM #0 (Host #0) is 6000.00, was requested 0.00 out of total 6000.00 (0.00%)
0.11: [Host #0] MIPS for VM #0 by PEs (1 * 6000.0). PE #0: 6000.00.
[0.11]|[FogBroker(7)]: Task(1) ack: true
17.36: [Host #0] Total allocated MIPS for VM #0 (Host #0) is 6000.00, was requested 0.00 out of total 6000.00 (0.00%)
17.36: [Host #0] MIPS for VM #0 by PEs (1 * 6000.0). PE #0: 6000.00.
[17.36]|[FogBroker(7)]: Received task completion msg for Task(1) from FogDevice(2)
[17.36]|[FogBroker(7)]: Notifying WorkflowEngine of completed Task(1)...
[17.36]|[FogBroker(7)]: Task(1) on Cycle(0) decided to generate data: true
[17.36]|[FogBroker(7)]: All dispatched tasks are complete
[17.36]|[FogBroker(7)]: There is no vm to destroy
[17.36]|[FogBroker(7)]: There is no vm to create
[17.36]|[FogBroker(7)]: Trying to dispatch tasks...
[17.36]|[FogBroker(7)]: Dispatching tasks...
[17.36]|[WorkflowEngine(8)]: Task(1) received as complete
[17.36]|[WorkflowEngine(8)]: Task(2) is now ready to get executed. Releasing it...
[17.36]|[WorkflowEngine(8)]: Task(3) is now ready to get executed. Releasing it...
[17.36]|[WorkflowEngine(8)]: Task(4) is now ready to get executed. Releasing it...
[17.36]|[WorkflowEngine(8)]: Task(5) is now ready to get executed. Releasing it...
[17.36]|[WorkflowEngine(8)]: Task(6) is now ready to get executed. Releasing it...
[17.36]|[FogBroker(7)]: Task(2) of Workflow(Epigenomics_24.xml) received
[17.36]|[FogBroker(7)]: Dispatching tasks...
[17.36]|[FogBroker(7)]: Sending STAGE_OUT_MSG to FogDevice(2) for Task(1) on Cycle(0)
[17.36]|[FogBroker(7)]: Asking FogDevice(2) to execute Task(2) on Cycle(0)
[17.36]|[FogBroker(7)]: Task(3) of Workflow(Epigenomics_24.xml) received
[17.36]|[FogBroker(7)]: Dispatching tasks...
[17.36]|[FogBroker(7)]: Sending STAGE_OUT_MSG to FogDevice(2) for Task(1) on Cycle(0)
[17.36]|[FogBroker(7)]: Asking FogDevice(3) to execute Task(3) on Cycle(0)
[17.36]|[FogBroker(7)]: Task(4) of Workflow(Epigenomics_24.xml) received
[17.36]|[FogBroker(7)]: Dispatching tasks...
[17.36]|[FogBroker(7)]: Sending STAGE_OUT_MSG to FogDevice(2) for Task(1) on Cycle(0)
[17.36]|[FogBroker(7)]: Asking FogDevice(4) to execute Task(4) on Cycle(0)
[17.36]|[FogBroker(7)]: Task(5) of Workflow(Epigenomics_24.xml) received
[17.36]|[FogBroker(7)]: Dispatching tasks...
[17.36]|[FogBroker(7)]: Sending STAGE_OUT_MSG to FogDevice(2) for Task(1) on Cycle(0)
[17.36]|[FogBroker(7)]: Asking FogDevice(5) to execute Task(5) on Cycle(0)
[17.36]|[FogBroker(7)]: Task(6) of Workflow(Epigenomics_24.xml) received
[17.36]|[FogBroker(7)]: Dispatching tasks...
[17.36]|[FogBroker(7)]: Sending STAGE_OUT_MSG to FogDevice(2) for Task(1) on Cycle(0)
[17.36]|[FogBroker(7)]: Asking FogDevice(6) to execute Task(6) on Cycle(0)
[17.36]|[FogDevice(2|cloud_device_0)]: Received STAGE_OUT data of Task(1) on Cycle(0): (true) and destination is a loop back: sending data instantly
[17.36]|[FogDevice(2|cloud_device_0)]: Received execute msg for Task(2) on Cycle(0) from Workflow(Epigenomics_24.xml) to run on Vm(0)
[17.36]|[FogDevice(2|cloud_device_0)]: Not all parent data are available. task is added to waiting queue
[17.36]|[FogDevice(2|cloud_device_0)]: Received STAGE_OUT data of Task(1) on Cycle(0) to FogDevice(3)
[17.36]|[FogDevice(2|cloud_device_0)]: Sending data of Task(1) on Cycle(0) to FogDevice(3) with Delay(0.09595915625)
[17.36]|[FogDevice(2|cloud_device_0)]: Received STAGE_OUT data of Task(1) on Cycle(0) to FogDevice(4)
[17.36]|[FogDevice(2|cloud_device_0)]: Sending data of Task(1) on Cycle(0) to FogDevice(4) with Delay(0.0787335732421875)
[17.36]|[FogDevice(2|cloud_device_0)]: Received STAGE_OUT data of Task(1) on Cycle(0) to FogDevice(5)
[17.36]|[FogDevice(2|cloud_device_0)]: Sending data of Task(1) on Cycle(0) to FogDevice(5) with Delay(0.096281755859375)
[17.36]|[FogDevice(2|cloud_device_0)]: Received STAGE_OUT data of Task(1) on Cycle(0) to FogDevice(6)
[17.36]|[FogDevice(2|cloud_device_0)]: Sending data of Task(1) on Cycle(0) to FogDevice(6) with Delay(0.081882001953125)
[17.36]|[FogDevice(3|phone)]: Received execute msg for Task(3) on Cycle(0) from Workflow(Epigenomics_24.xml) to run on Vm(1)
[17.36]|[FogDevice(3|phone)]: Not all parent data are available. task is added to waiting queue
[17.36]|[FogDevice(4|camera)]: Received execute msg for Task(4) on Cycle(0) from Workflow(Epigenomics_24.xml) to run on Vm(2)
[17.36]|[FogDevice(4|camera)]: Not all parent data are available. task is added to waiting queue
[17.36]|[FogDevice(5|car)]: Received execute msg for Task(5) on Cycle(0) from Workflow(Epigenomics_24.xml) to run on Vm(3)
[17.36]|[FogDevice(5|car)]: Not all parent data are available. task is added to waiting queue
[17.36]|[FogDevice(6|drone)]: Received execute msg for Task(6) on Cycle(0) from Workflow(Epigenomics_24.xml) to run on Vm(4)
[17.36]|[FogDevice(6|drone)]: Not all parent data are available. task is added to waiting queue
[17.36]|[FogDevice(2|cloud_device_0)]: Downloaded data of Task(1) on Cycle(0)
[17.36]|[FogDevice(2|cloud_device_0)]: Data is for me
[17.36]|[FogDevice(2|cloud_device_0)]: Updating received data with: Cycle(0): Task(1) -> true
[17.36]|[FogDevice(2|cloud_device_0)]: Found Task(2) from Workflow(Epigenomics_24.xml) that can be executed
[17.36]|[FogDevice(2|cloud_device_0)]: Received execute msg for Task(2) on Cycle(0) from Workflow(Epigenomics_24.xml) to run on Vm(0)
[17.36]|[FogDevice(2|cloud_device_0)]: All parent data for Task(2) are received. task can execute
[17.36]|[FogBroker(7)]: Task(2) ack: true
[17.46]|[FogDevice(3|phone)]: Downloading data from fog device: 2
[17.54]|[FogDevice(4|camera)]: Downloading data from fog device: 2
[17.63]|[FogDevice(5|car)]: Downloading data from fog device: 2
[17.72]|[FogDevice(6|drone)]: Downloading data from fog device: 2
[17.90]|[FogDevice(3|phone)]: Downloaded data of Task(1) on Cycle(0)
[17.90]|[FogDevice(3|phone)]: Data is for me
[17.90]|[FogDevice(3|phone)]: Updating received data with: Cycle(0): Task(1) -> true
[17.90]|[FogDevice(3|phone)]: Found Task(3) from Workflow(Epigenomics_24.xml) that can be executed
[17.90]|[FogDevice(3|phone)]: Received execute msg for Task(3) on Cycle(0) from Workflow(Epigenomics_24.xml) to run on Vm(1)
[17.90]|[FogDevice(3|phone)]: All parent data for Task(3) are received. task can execute
17.90: [Host #0] Total allocated MIPS for VM #1 (Host #0) is 500.00, was requested 0.00 out of total 500.00 (0.00%)
17.90: [Host #0] MIPS for VM #1 by PEs (2 * 500.0). PE #0: 500.00.
[17.90]|[FogBroker(7)]: Task(3) ack: true
[17.97]|[FogDevice(4|camera)]: Downloaded data of Task(1) on Cycle(0)
[17.97]|[FogDevice(4|camera)]: Data is for me
[17.97]|[FogDevice(4|camera)]: Updating received data with: Cycle(0): Task(1) -> true
[17.97]|[FogDevice(4|camera)]: Found Task(4) from Workflow(Epigenomics_24.xml) that can be executed
[17.97]|[FogDevice(4|camera)]: Received execute msg for Task(4) on Cycle(0) from Workflow(Epigenomics_24.xml) to run on Vm(2)
[17.97]|[FogDevice(4|camera)]: All parent data for Task(4) are received. task can execute
17.97: [Host #0] Total allocated MIPS for VM #2 (Host #0) is 500.00, was requested 0.00 out of total 500.00 (0.00%)
17.97: [Host #0] MIPS for VM #2 by PEs (1 * 500.0). PE #0: 500.00.
[17.97]|[FogBroker(7)]: Task(4) ack: true
[18.07]|[FogDevice(5|car)]: Downloaded data of Task(1) on Cycle(0)
[18.07]|[FogDevice(5|car)]: Data is for me
[18.07]|[FogDevice(5|car)]: Updating received data with: Cycle(0): Task(1) -> true
[18.07]|[FogDevice(5|car)]: Found Task(5) from Workflow(Epigenomics_24.xml) that can be executed
[18.07]|[FogDevice(5|car)]: Received execute msg for Task(5) on Cycle(0) from Workflow(Epigenomics_24.xml) to run on Vm(3)
[18.07]|[FogDevice(5|car)]: All parent data for Task(5) are received. task can execute
18.07: [Host #0] Total allocated MIPS for VM #3 (Host #0) is 500.00, was requested 0.00 out of total 500.00 (0.00%)
18.07: [Host #0] MIPS for VM #3 by PEs (1 * 500.0). PE #0: 500.00.
[18.07]|[FogBroker(7)]: Task(5) ack: true
[18.15]|[FogDevice(6|drone)]: Downloaded data of Task(1) on Cycle(0)
[18.15]|[FogDevice(6|drone)]: Data is for me
[18.15]|[FogDevice(6|drone)]: Updating received data with: Cycle(0): Task(1) -> true
[18.15]|[FogDevice(6|drone)]: Found Task(6) from Workflow(Epigenomics_24.xml) that can be executed
[18.15]|[FogDevice(6|drone)]: Received execute msg for Task(6) on Cycle(0) from Workflow(Epigenomics_24.xml) to run on Vm(4)
[18.15]|[FogDevice(6|drone)]: All parent data for Task(6) are received. task can execute
18.15: [Host #0] Total allocated MIPS for VM #4 (Host #0) is 500.00, was requested 0.00 out of total 500.00 (0.00%)
18.15: [Host #0] MIPS for VM #4 by PEs (1 * 500.0). PE #0: 500.00.
[18.15]|[FogBroker(7)]: Task(6) ack: true
18.53: [Host #0] Total allocated MIPS for VM #0 (Host #0) is 6000.00, was requested 0.00 out of total 6000.00 (0.00%)
18.53: [Host #0] MIPS for VM #0 by PEs (1 * 6000.0). PE #0: 6000.00.
[18.53]|[FogBroker(7)]: Received task completion msg for Task(2) from FogDevice(2)
[18.53]|[FogBroker(7)]: Notifying WorkflowEngine of completed Task(2)...
[18.53]|[FogBroker(7)]: Task(2) on Cycle(0) decided to generate data: true
[18.53]|[FogBroker(7)]: All dispatched tasks are complete
[18.53]|[FogBroker(7)]: There is no vm to destroy
[18.53]|[FogBroker(7)]: There is no vm to create
[18.53]|[FogBroker(7)]: Trying to dispatch tasks...
[18.53]|[FogBroker(7)]: Dispatching tasks...
[18.53]|[WorkflowEngine(8)]: Task(2) received as complete
[18.53]|[WorkflowEngine(8)]: Task(7) is now ready to get executed. Releasing it...
[18.53]|[FogBroker(7)]: Task(7) of Workflow(Epigenomics_24.xml) received
[18.53]|[FogBroker(7)]: Dispatching tasks...
[18.53]|[FogBroker(7)]: Sending STAGE_OUT_MSG to FogDevice(2) for Task(2) on Cycle(0)
[18.53]|[FogBroker(7)]: Asking FogDevice(2) to execute Task(7) on Cycle(0)
[18.53]|[FogDevice(2|cloud_device_0)]: Received STAGE_OUT data of Task(2) on Cycle(0): (true) and destination is a loop back: sending data instantly
[18.53]|[FogDevice(2|cloud_device_0)]: Received execute msg for Task(7) on Cycle(0) from Workflow(Epigenomics_24.xml) to run on Vm(0)
[18.53]|[FogDevice(2|cloud_device_0)]: Not all parent data are available. task is added to waiting queue
[18.53]|[FogDevice(2|cloud_device_0)]: Downloaded data of Task(2) on Cycle(0)
[18.53]|[FogDevice(2|cloud_device_0)]: Data is for me
[18.53]|[FogDevice(2|cloud_device_0)]: Updating received data with: Cycle(0): Task(2) -> true
[18.53]|[FogDevice(2|cloud_device_0)]: Found Task(7) from Workflow(Epigenomics_24.xml) that can be executed
[18.53]|[FogDevice(2|cloud_device_0)]: Received execute msg for Task(7) on Cycle(0) from Workflow(Epigenomics_24.xml) to run on Vm(0)
[18.53]|[FogDevice(2|cloud_device_0)]: All parent data for Task(7) are received. task can execute
[18.53]|[FogBroker(7)]: Task(7) ack: true
18.93: [Host #0] Total allocated MIPS for VM #0 (Host #0) is 6000.00, was requested 0.00 out of total 6000.00 (0.00%)
18.93: [Host #0] MIPS for VM #0 by PEs (1 * 6000.0). PE #0: 6000.00.
[18.93]|[FogBroker(7)]: Received task completion msg for Task(7) from FogDevice(2)
[18.93]|[FogBroker(7)]: Notifying WorkflowEngine of completed Task(7)...
[18.93]|[FogBroker(7)]: Task(7) on Cycle(0) decided to generate data: true
[18.93]|[FogBroker(7)]: All dispatched tasks are complete
[18.93]|[FogBroker(7)]: There is no vm to destroy
[18.93]|[FogBroker(7)]: There is no vm to create
[18.93]|[FogBroker(7)]: Trying to dispatch tasks...
[18.93]|[FogBroker(7)]: Dispatching tasks...
[18.93]|[WorkflowEngine(8)]: Task(7) received as complete
[18.93]|[WorkflowEngine(8)]: Task(12) is now ready to get executed. Releasing it...
[18.93]|[FogBroker(7)]: Task(12) of Workflow(Epigenomics_24.xml) received
[18.93]|[FogBroker(7)]: Dispatching tasks...
[18.93]|[FogBroker(7)]: Sending STAGE_OUT_MSG to FogDevice(2) for Task(7) on Cycle(0)
[18.93]|[FogBroker(7)]: Asking FogDevice(2) to execute Task(12) on Cycle(0)
[18.93]|[FogDevice(2|cloud_device_0)]: Received STAGE_OUT data of Task(7) on Cycle(0): (true) and destination is a loop back: sending data instantly
[18.93]|[FogDevice(2|cloud_device_0)]: Received execute msg for Task(12) on Cycle(0) from Workflow(Epigenomics_24.xml) to run on Vm(0)
[18.93]|[FogDevice(2|cloud_device_0)]: Not all parent data are available. task is added to waiting queue
[18.93]|[FogDevice(2|cloud_device_0)]: Downloaded data of Task(7) on Cycle(0)
[18.93]|[FogDevice(2|cloud_device_0)]: Data is for me
[18.93]|[FogDevice(2|cloud_device_0)]: Updating received data with: Cycle(0): Task(7) -> true
[18.93]|[FogDevice(2|cloud_device_0)]: Found Task(12) from Workflow(Epigenomics_24.xml) that can be executed
[18.93]|[FogDevice(2|cloud_device_0)]: Received execute msg for Task(12) on Cycle(0) from Workflow(Epigenomics_24.xml) to run on Vm(0)
[18.93]|[FogDevice(2|cloud_device_0)]: All parent data for Task(12) are received. task can execute
[18.93]|[FogBroker(7)]: Task(12) ack: true
19.63: [Host #0] Total allocated MIPS for VM #0 (Host #0) is 6000.00, was requested 0.00 out of total 6000.00 (0.00%)
19.63: [Host #0] MIPS for VM #0 by PEs (1 * 6000.0). PE #0: 6000.00.
[19.63]|[FogBroker(7)]: Received task completion msg for Task(12) from FogDevice(2)
[19.63]|[FogBroker(7)]: Notifying WorkflowEngine of completed Task(12)...
[19.63]|[FogBroker(7)]: Task(12) on Cycle(0) decided to generate data: true
[19.63]|[FogBroker(7)]: All dispatched tasks are complete
[19.63]|[FogBroker(7)]: There is no vm to destroy
[19.63]|[FogBroker(7)]: There is no vm to create
[19.63]|[FogBroker(7)]: Trying to dispatch tasks...
[19.63]|[FogBroker(7)]: Dispatching tasks...
[19.63]|[WorkflowEngine(8)]: Task(12) received as complete
[19.63]|[WorkflowEngine(8)]: Task(17) is now ready to get executed. Releasing it...
[19.63]|[FogBroker(7)]: Task(17) of Workflow(Epigenomics_24.xml) received
[19.63]|[FogBroker(7)]: Dispatching tasks...
[19.63]|[FogBroker(7)]: Sending STAGE_OUT_MSG to FogDevice(2) for Task(12) on Cycle(0)
[19.63]|[FogBroker(7)]: Asking FogDevice(2) to execute Task(17) on Cycle(0)
[19.63]|[FogDevice(2|cloud_device_0)]: Received STAGE_OUT data of Task(12) on Cycle(0): (true) and destination is a loop back: sending data instantly
[19.63]|[FogDevice(2|cloud_device_0)]: Received execute msg for Task(17) on Cycle(0) from Workflow(Epigenomics_24.xml) to run on Vm(0)
[19.63]|[FogDevice(2|cloud_device_0)]: Not all parent data are available. task is added to waiting queue
[19.63]|[FogDevice(2|cloud_device_0)]: Downloaded data of Task(12) on Cycle(0)
[19.63]|[FogDevice(2|cloud_device_0)]: Data is for me
[19.63]|[FogDevice(2|cloud_device_0)]: Updating received data with: Cycle(0): Task(12) -> true
[19.63]|[FogDevice(2|cloud_device_0)]: Found Task(17) from Workflow(Epigenomics_24.xml) that can be executed
[19.63]|[FogDevice(2|cloud_device_0)]: Received execute msg for Task(17) on Cycle(0) from Workflow(Epigenomics_24.xml) to run on Vm(0)
[19.63]|[FogDevice(2|cloud_device_0)]: All parent data for Task(17) are received. task can execute
[19.63]|[FogBroker(7)]: Task(17) ack: true
34.27: [Host #0] Total allocated MIPS for VM #2 (Host #0) is 500.00, was requested 0.00 out of total 500.00 (0.00%)
34.27: [Host #0] MIPS for VM #2 by PEs (1 * 500.0). PE #0: 500.00.
[34.27]|[FogBroker(7)]: Received task completion msg for Task(4) from FogDevice(4)
[34.27]|[FogBroker(7)]: Notifying WorkflowEngine of completed Task(4)...
[34.27]|[FogBroker(7)]: Task(4) on Cycle(0) decided to generate data: true
[34.27]|[FogBroker(7)]: All dispatched tasks are complete
[34.27]|[FogBroker(7)]: There is no vm to destroy
[34.27]|[FogBroker(7)]: There is no vm to create
[34.27]|[FogBroker(7)]: Trying to dispatch tasks...
[34.27]|[FogBroker(7)]: Dispatching tasks...
[34.27]|[WorkflowEngine(8)]: Task(4) received as complete
[34.27]|[WorkflowEngine(8)]: Task(9) is now ready to get executed. Releasing it...
[34.27]|[FogBroker(7)]: Task(9) of Workflow(Epigenomics_24.xml) received
[34.27]|[FogBroker(7)]: Dispatching tasks...
[34.27]|[FogBroker(7)]: Sending STAGE_OUT_MSG to FogDevice(4) for Task(4) on Cycle(0)
[34.27]|[FogBroker(7)]: Asking FogDevice(4) to execute Task(9) on Cycle(0)
[34.27]|[FogDevice(4|camera)]: Received STAGE_OUT data of Task(4) on Cycle(0): (true) and destination is a loop back: sending data instantly
[34.27]|[FogDevice(4|camera)]: Received execute msg for Task(9) on Cycle(0) from Workflow(Epigenomics_24.xml) to run on Vm(2)
[34.27]|[FogDevice(4|camera)]: Not all parent data are available. task is added to waiting queue
[34.27]|[FogDevice(4|camera)]: Downloaded data of Task(4) on Cycle(0)
[34.27]|[FogDevice(4|camera)]: Data is for me
[34.27]|[FogDevice(4|camera)]: Updating received data with: Cycle(0): Task(4) -> true
[34.27]|[FogDevice(4|camera)]: Found Task(9) from Workflow(Epigenomics_24.xml) that can be executed
[34.27]|[FogDevice(4|camera)]: Received execute msg for Task(9) on Cycle(0) from Workflow(Epigenomics_24.xml) to run on Vm(2)
[34.27]|[FogDevice(4|camera)]: All parent data for Task(9) are received. task can execute
[34.27]|[FogBroker(7)]: Task(9) ack: true
34.36: [Host #0] Total allocated MIPS for VM #1 (Host #0) is 500.00, was requested 0.00 out of total 500.00 (0.00%)
34.36: [Host #0] MIPS for VM #1 by PEs (2 * 500.0). PE #0: 500.00.
[34.36]|[FogBroker(7)]: Received task completion msg for Task(3) from FogDevice(3)
[34.36]|[FogBroker(7)]: Notifying WorkflowEngine of completed Task(3)...
[34.36]|[FogBroker(7)]: Task(3) on Cycle(0) decided to generate data: true
[34.36]|[FogBroker(7)]: All dispatched tasks are complete
[34.36]|[FogBroker(7)]: There is no vm to destroy
[34.36]|[FogBroker(7)]: There is no vm to create
[34.36]|[FogBroker(7)]: Trying to dispatch tasks...
[34.36]|[FogBroker(7)]: Dispatching tasks...
[34.36]|[WorkflowEngine(8)]: Task(3) received as complete
[34.36]|[WorkflowEngine(8)]: Task(8) is now ready to get executed. Releasing it...
[34.36]|[FogBroker(7)]: Task(8) of Workflow(Epigenomics_24.xml) received
[34.36]|[FogBroker(7)]: Dispatching tasks...
[34.36]|[FogBroker(7)]: Sending STAGE_OUT_MSG to FogDevice(3) for Task(3) on Cycle(0)
[34.36]|[FogBroker(7)]: Asking FogDevice(3) to execute Task(8) on Cycle(0)
[34.36]|[FogDevice(3|phone)]: Received STAGE_OUT data of Task(3) on Cycle(0): (true) and destination is a loop back: sending data instantly
[34.36]|[FogDevice(3|phone)]: Received execute msg for Task(8) on Cycle(0) from Workflow(Epigenomics_24.xml) to run on Vm(1)
[34.36]|[FogDevice(3|phone)]: Not all parent data are available. task is added to waiting queue
[34.36]|[FogDevice(3|phone)]: Downloaded data of Task(3) on Cycle(0)
[34.36]|[FogDevice(3|phone)]: Data is for me
[34.36]|[FogDevice(3|phone)]: Updating received data with: Cycle(0): Task(3) -> true
[34.36]|[FogDevice(3|phone)]: Found Task(8) from Workflow(Epigenomics_24.xml) that can be executed
[34.36]|[FogDevice(3|phone)]: Received execute msg for Task(8) on Cycle(0) from Workflow(Epigenomics_24.xml) to run on Vm(1)
[34.36]|[FogDevice(3|phone)]: All parent data for Task(8) are received. task can execute
[34.36]|[FogBroker(7)]: Task(8) ack: true
36.57: [Host #0] Total allocated MIPS for VM #3 (Host #0) is 500.00, was requested 0.00 out of total 500.00 (0.00%)
36.57: [Host #0] MIPS for VM #3 by PEs (1 * 500.0). PE #0: 500.00.
[36.57]|[FogBroker(7)]: Received task completion msg for Task(5) from FogDevice(5)
[36.57]|[FogBroker(7)]: Notifying WorkflowEngine of completed Task(5)...
[36.57]|[FogBroker(7)]: Task(5) on Cycle(0) decided to generate data: true
[36.57]|[FogBroker(7)]: All dispatched tasks are complete
[36.57]|[FogBroker(7)]: There is no vm to destroy
[36.57]|[FogBroker(7)]: There is no vm to create
[36.57]|[FogBroker(7)]: Trying to dispatch tasks...
[36.57]|[FogBroker(7)]: Dispatching tasks...
[36.57]|[WorkflowEngine(8)]: Task(5) received as complete
[36.57]|[WorkflowEngine(8)]: Task(10) is now ready to get executed. Releasing it...
[36.57]|[FogBroker(7)]: Task(10) of Workflow(Epigenomics_24.xml) received
[36.57]|[FogBroker(7)]: Dispatching tasks...
[36.57]|[FogBroker(7)]: Sending STAGE_OUT_MSG to FogDevice(5) for Task(5) on Cycle(0)
[36.57]|[FogBroker(7)]: Asking FogDevice(5) to execute Task(10) on Cycle(0)
[36.57]|[FogDevice(5|car)]: Received STAGE_OUT data of Task(5) on Cycle(0): (true) and destination is a loop back: sending data instantly
[36.57]|[FogDevice(5|car)]: Received execute msg for Task(10) on Cycle(0) from Workflow(Epigenomics_24.xml) to run on Vm(3)
[36.57]|[FogDevice(5|car)]: Not all parent data are available. task is added to waiting queue
[36.57]|[FogDevice(5|car)]: Downloaded data of Task(5) on Cycle(0)
[36.57]|[FogDevice(5|car)]: Data is for me
[36.57]|[FogDevice(5|car)]: Updating received data with: Cycle(0): Task(5) -> true
[36.57]|[FogDevice(5|car)]: Found Task(10) from Workflow(Epigenomics_24.xml) that can be executed
[36.57]|[FogDevice(5|car)]: Received execute msg for Task(10) on Cycle(0) from Workflow(Epigenomics_24.xml) to run on Vm(3)
[36.57]|[FogDevice(5|car)]: All parent data for Task(10) are received. task can execute
[36.57]|[FogBroker(7)]: Task(10) ack: true
40.79: [Host #0] Total allocated MIPS for VM #2 (Host #0) is 500.00, was requested 0.00 out of total 500.00 (0.00%)
40.79: [Host #0] MIPS for VM #2 by PEs (1 * 500.0). PE #0: 500.00.
[40.79]|[FogBroker(7)]: Received task completion msg for Task(9) from FogDevice(4)
[40.79]|[FogBroker(7)]: Notifying WorkflowEngine of completed Task(9)...
[40.79]|[FogBroker(7)]: Task(9) on Cycle(0) decided to generate data: true
[40.79]|[FogBroker(7)]: All dispatched tasks are complete
[40.79]|[FogBroker(7)]: There is no vm to destroy
[40.79]|[FogBroker(7)]: There is no vm to create
[40.79]|[FogBroker(7)]: Trying to dispatch tasks...
[40.79]|[FogBroker(7)]: Dispatching tasks...
[40.79]|[WorkflowEngine(8)]: Task(9) received as complete
[40.79]|[WorkflowEngine(8)]: Task(14) is now ready to get executed. Releasing it...
[40.79]|[FogBroker(7)]: Task(14) of Workflow(Epigenomics_24.xml) received
[40.79]|[FogBroker(7)]: Dispatching tasks...
[40.79]|[FogBroker(7)]: Sending STAGE_OUT_MSG to FogDevice(4) for Task(9) on Cycle(0)
[40.79]|[FogBroker(7)]: Asking FogDevice(4) to execute Task(14) on Cycle(0)
[40.79]|[FogDevice(4|camera)]: Received STAGE_OUT data of Task(9) on Cycle(0): (true) and destination is a loop back: sending data instantly
[40.79]|[FogDevice(4|camera)]: Received execute msg for Task(14) on Cycle(0) from Workflow(Epigenomics_24.xml) to run on Vm(2)
[40.79]|[FogDevice(4|camera)]: Not all parent data are available. task is added to waiting queue
[40.79]|[FogDevice(4|camera)]: Downloaded data of Task(9) on Cycle(0)
[40.79]|[FogDevice(4|camera)]: Data is for me
[40.79]|[FogDevice(4|camera)]: Updating received data with: Cycle(0): Task(9) -> true
[40.79]|[FogDevice(4|camera)]: Found Task(14) from Workflow(Epigenomics_24.xml) that can be executed
[40.79]|[FogDevice(4|camera)]: Received execute msg for Task(14) on Cycle(0) from Workflow(Epigenomics_24.xml) to run on Vm(2)
[40.79]|[FogDevice(4|camera)]: All parent data for Task(14) are received. task can execute
[40.79]|[FogBroker(7)]: Task(14) ack: true
41.44: [Host #0] Total allocated MIPS for VM #1 (Host #0) is 500.00, was requested 0.00 out of total 500.00 (0.00%)
41.44: [Host #0] MIPS for VM #1 by PEs (2 * 500.0). PE #0: 500.00.
[41.44]|[FogBroker(7)]: Received task completion msg for Task(8) from FogDevice(3)
[41.44]|[FogBroker(7)]: Notifying WorkflowEngine of completed Task(8)...
[41.44]|[FogBroker(7)]: Task(8) on Cycle(0) decided to generate data: true
[41.44]|[FogBroker(7)]: All dispatched tasks are complete
[41.44]|[FogBroker(7)]: There is no vm to destroy
[41.44]|[FogBroker(7)]: There is no vm to create
[41.44]|[FogBroker(7)]: Trying to dispatch tasks...
[41.44]|[FogBroker(7)]: Dispatching tasks...
[41.44]|[WorkflowEngine(8)]: Task(8) received as complete
[41.44]|[WorkflowEngine(8)]: Task(13) is now ready to get executed. Releasing it...
[41.44]|[FogBroker(7)]: Task(13) of Workflow(Epigenomics_24.xml) received
[41.44]|[FogBroker(7)]: Dispatching tasks...
[41.44]|[FogBroker(7)]: Sending STAGE_OUT_MSG to FogDevice(3) for Task(8) on Cycle(0)
[41.44]|[FogBroker(7)]: Asking FogDevice(3) to execute Task(13) on Cycle(0)
[41.44]|[FogDevice(3|phone)]: Received STAGE_OUT data of Task(8) on Cycle(0): (true) and destination is a loop back: sending data instantly
[41.44]|[FogDevice(3|phone)]: Received execute msg for Task(13) on Cycle(0) from Workflow(Epigenomics_24.xml) to run on Vm(1)
[41.44]|[FogDevice(3|phone)]: Not all parent data are available. task is added to waiting queue
[41.44]|[FogDevice(3|phone)]: Downloaded data of Task(8) on Cycle(0)
[41.44]|[FogDevice(3|phone)]: Data is for me
[41.44]|[FogDevice(3|phone)]: Updating received data with: Cycle(0): Task(8) -> true
[41.44]|[FogDevice(3|phone)]: Found Task(13) from Workflow(Epigenomics_24.xml) that can be executed
[41.44]|[FogDevice(3|phone)]: Received execute msg for Task(13) on Cycle(0) from Workflow(Epigenomics_24.xml) to run on Vm(1)
[41.44]|[FogDevice(3|phone)]: All parent data for Task(13) are received. task can execute
[41.44]|[FogBroker(7)]: Task(13) ack: true
41.93: [Host #0] Total allocated MIPS for VM #4 (Host #0) is 500.00, was requested 0.00 out of total 500.00 (0.00%)
41.93: [Host #0] MIPS for VM #4 by PEs (1 * 500.0). PE #0: 500.00.
[41.93]|[FogBroker(7)]: Received task completion msg for Task(6) from FogDevice(6)
[41.93]|[FogBroker(7)]: Notifying WorkflowEngine of completed Task(6)...
[41.93]|[FogBroker(7)]: Task(6) on Cycle(0) decided to generate data: true
[41.93]|[FogBroker(7)]: All dispatched tasks are complete
[41.93]|[FogBroker(7)]: There is no vm to destroy
[41.93]|[FogBroker(7)]: There is no vm to create
[41.93]|[FogBroker(7)]: Trying to dispatch tasks...
[41.93]|[FogBroker(7)]: Dispatching tasks...
[41.93]|[WorkflowEngine(8)]: Task(6) received as complete
[41.93]|[WorkflowEngine(8)]: Task(11) is now ready to get executed. Releasing it...
[41.93]|[FogBroker(7)]: Task(11) of Workflow(Epigenomics_24.xml) received
[41.93]|[FogBroker(7)]: Dispatching tasks...
[41.93]|[FogBroker(7)]: Sending STAGE_OUT_MSG to FogDevice(6) for Task(6) on Cycle(0)
[41.93]|[FogBroker(7)]: Asking FogDevice(6) to execute Task(11) on Cycle(0)
[41.93]|[FogDevice(6|drone)]: Received STAGE_OUT data of Task(6) on Cycle(0): (true) and destination is a loop back: sending data instantly
[41.93]|[FogDevice(6|drone)]: Received execute msg for Task(11) on Cycle(0) from Workflow(Epigenomics_24.xml) to run on Vm(4)
[41.93]|[FogDevice(6|drone)]: Not all parent data are available. task is added to waiting queue
[41.93]|[FogDevice(6|drone)]: Downloaded data of Task(6) on Cycle(0)
[41.93]|[FogDevice(6|drone)]: Data is for me
[41.93]|[FogDevice(6|drone)]: Updating received data with: Cycle(0): Task(6) -> true
[41.93]|[FogDevice(6|drone)]: Found Task(11) from Workflow(Epigenomics_24.xml) that can be executed
[41.93]|[FogDevice(6|drone)]: Received execute msg for Task(11) on Cycle(0) from Workflow(Epigenomics_24.xml) to run on Vm(4)
[41.93]|[FogDevice(6|drone)]: All parent data for Task(11) are received. task can execute
[41.93]|[FogBroker(7)]: Task(11) ack: true
42.69: [Host #0] Total allocated MIPS for VM #3 (Host #0) is 500.00, was requested 0.00 out of total 500.00 (0.00%)
42.69: [Host #0] MIPS for VM #3 by PEs (1 * 500.0). PE #0: 500.00.
[42.69]|[FogBroker(7)]: Received task completion msg for Task(10) from FogDevice(5)
[42.69]|[FogBroker(7)]: Notifying WorkflowEngine of completed Task(10)...
[42.69]|[FogBroker(7)]: Task(10) on Cycle(0) decided to generate data: true
[42.69]|[FogBroker(7)]: All dispatched tasks are complete
[42.69]|[FogBroker(7)]: There is no vm to destroy
[42.69]|[FogBroker(7)]: There is no vm to create
[42.69]|[FogBroker(7)]: Trying to dispatch tasks...
[42.69]|[FogBroker(7)]: Dispatching tasks...
[42.69]|[WorkflowEngine(8)]: Task(10) received as complete
[42.69]|[WorkflowEngine(8)]: Task(15) is now ready to get executed. Releasing it...
[42.69]|[FogBroker(7)]: Task(15) of Workflow(Epigenomics_24.xml) received
[42.69]|[FogBroker(7)]: Dispatching tasks...
[42.69]|[FogBroker(7)]: Sending STAGE_OUT_MSG to FogDevice(5) for Task(10) on Cycle(0)
[42.69]|[FogBroker(7)]: Asking FogDevice(5) to execute Task(15) on Cycle(0)
[42.69]|[FogDevice(5|car)]: Received STAGE_OUT data of Task(10) on Cycle(0): (true) and destination is a loop back: sending data instantly
[42.69]|[FogDevice(5|car)]: Received execute msg for Task(15) on Cycle(0) from Workflow(Epigenomics_24.xml) to run on Vm(3)
[42.69]|[FogDevice(5|car)]: Not all parent data are available. task is added to waiting queue
[42.69]|[FogDevice(5|car)]: Downloaded data of Task(10) on Cycle(0)
[42.69]|[FogDevice(5|car)]: Data is for me
[42.69]|[FogDevice(5|car)]: Updating received data with: Cycle(0): Task(10) -> true
[42.69]|[FogDevice(5|car)]: Found Task(15) from Workflow(Epigenomics_24.xml) that can be executed
[42.69]|[FogDevice(5|car)]: Received execute msg for Task(15) on Cycle(0) from Workflow(Epigenomics_24.xml) to run on Vm(3)
[42.69]|[FogDevice(5|car)]: All parent data for Task(15) are received. task can execute
[42.69]|[FogBroker(7)]: Task(15) ack: true
48.85: [Host #0] Total allocated MIPS for VM #2 (Host #0) is 500.00, was requested 0.00 out of total 500.00 (0.00%)
48.85: [Host #0] MIPS for VM #2 by PEs (1 * 500.0). PE #0: 500.00.
[48.85]|[FogBroker(7)]: Received task completion msg for Task(14) from FogDevice(4)
[48.85]|[FogBroker(7)]: Notifying WorkflowEngine of completed Task(14)...
[48.85]|[FogBroker(7)]: Task(14) on Cycle(0) decided to generate data: true
[48.85]|[FogBroker(7)]: All dispatched tasks are complete
[48.85]|[FogBroker(7)]: There is no vm to destroy
[48.85]|[FogBroker(7)]: There is no vm to create
[48.85]|[FogBroker(7)]: Trying to dispatch tasks...
[48.85]|[FogBroker(7)]: Dispatching tasks...
[48.85]|[WorkflowEngine(8)]: Task(14) received as complete
[48.85]|[WorkflowEngine(8)]: Task(19) is now ready to get executed. Releasing it...
[48.85]|[FogBroker(7)]: Task(19) of Workflow(Epigenomics_24.xml) received
[48.85]|[FogBroker(7)]: Dispatching tasks...
[48.85]|[FogBroker(7)]: Sending STAGE_OUT_MSG to FogDevice(4) for Task(14) on Cycle(0)
[48.85]|[FogBroker(7)]: Asking FogDevice(4) to execute Task(19) on Cycle(0)
[48.85]|[FogDevice(4|camera)]: Received STAGE_OUT data of Task(14) on Cycle(0): (true) and destination is a loop back: sending data instantly
[48.85]|[FogDevice(4|camera)]: Received execute msg for Task(19) on Cycle(0) from Workflow(Epigenomics_24.xml) to run on Vm(2)
[48.85]|[FogDevice(4|camera)]: Not all parent data are available. task is added to waiting queue
[48.85]|[FogDevice(4|camera)]: Downloaded data of Task(14) on Cycle(0)
[48.85]|[FogDevice(4|camera)]: Data is for me
[48.85]|[FogDevice(4|camera)]: Updating received data with: Cycle(0): Task(14) -> true
[48.85]|[FogDevice(4|camera)]: Found Task(19) from Workflow(Epigenomics_24.xml) that can be executed
[48.85]|[FogDevice(4|camera)]: Received execute msg for Task(19) on Cycle(0) from Workflow(Epigenomics_24.xml) to run on Vm(2)
[48.85]|[FogDevice(4|camera)]: All parent data for Task(19) are received. task can execute
[48.85]|[FogBroker(7)]: Task(19) ack: true
51.97: [Host #0] Total allocated MIPS for VM #4 (Host #0) is 500.00, was requested 0.00 out of total 500.00 (0.00%)
51.97: [Host #0] MIPS for VM #4 by PEs (1 * 500.0). PE #0: 500.00.
[51.97]|[FogBroker(7)]: Received task completion msg for Task(11) from FogDevice(6)
[51.97]|[FogBroker(7)]: Notifying WorkflowEngine of completed Task(11)...
[51.97]|[FogBroker(7)]: Task(11) on Cycle(0) decided to generate data: true
[51.97]|[FogBroker(7)]: All dispatched tasks are complete
[51.97]|[FogBroker(7)]: There is no vm to destroy
[51.97]|[FogBroker(7)]: There is no vm to create
[51.97]|[FogBroker(7)]: Trying to dispatch tasks...
[51.97]|[FogBroker(7)]: Dispatching tasks...
[51.97]|[WorkflowEngine(8)]: Task(11) received as complete
[51.97]|[WorkflowEngine(8)]: Task(16) is now ready to get executed. Releasing it...
[51.97]|[FogBroker(7)]: Task(16) of Workflow(Epigenomics_24.xml) received
[51.97]|[FogBroker(7)]: Dispatching tasks...
[51.97]|[FogBroker(7)]: Sending STAGE_OUT_MSG to FogDevice(6) for Task(11) on Cycle(0)
[51.97]|[FogBroker(7)]: Asking FogDevice(6) to execute Task(16) on Cycle(0)
[51.97]|[FogDevice(6|drone)]: Received STAGE_OUT data of Task(11) on Cycle(0): (true) and destination is a loop back: sending data instantly
[51.97]|[FogDevice(6|drone)]: Received execute msg for Task(16) on Cycle(0) from Workflow(Epigenomics_24.xml) to run on Vm(4)
[51.97]|[FogDevice(6|drone)]: Not all parent data are available. task is added to waiting queue
[51.97]|[FogDevice(6|drone)]: Downloaded data of Task(11) on Cycle(0)
[51.97]|[FogDevice(6|drone)]: Data is for me
[51.97]|[FogDevice(6|drone)]: Updating received data with: Cycle(0): Task(11) -> true
[51.97]|[FogDevice(6|drone)]: Found Task(16) from Workflow(Epigenomics_24.xml) that can be executed
[51.97]|[FogDevice(6|drone)]: Received execute msg for Task(16) on Cycle(0) from Workflow(Epigenomics_24.xml) to run on Vm(4)
[51.97]|[FogDevice(6|drone)]: All parent data for Task(16) are received. task can execute
[51.97]|[FogBroker(7)]: Task(16) ack: true
52.13: [Host #0] Total allocated MIPS for VM #3 (Host #0) is 500.00, was requested 0.00 out of total 500.00 (0.00%)
52.13: [Host #0] MIPS for VM #3 by PEs (1 * 500.0). PE #0: 500.00.
[52.13]|[FogBroker(7)]: Received task completion msg for Task(15) from FogDevice(5)
[52.13]|[FogBroker(7)]: Notifying WorkflowEngine of completed Task(15)...
[52.13]|[FogBroker(7)]: Task(15) on Cycle(0) decided to generate data: true
[52.13]|[FogBroker(7)]: All dispatched tasks are complete
[52.13]|[FogBroker(7)]: There is no vm to destroy
[52.13]|[FogBroker(7)]: There is no vm to create
[52.13]|[FogBroker(7)]: Trying to dispatch tasks...
[52.13]|[FogBroker(7)]: Dispatching tasks...
[52.13]|[WorkflowEngine(8)]: Task(15) received as complete
[52.13]|[WorkflowEngine(8)]: Task(20) is now ready to get executed. Releasing it...
[52.13]|[FogBroker(7)]: Task(20) of Workflow(Epigenomics_24.xml) received
[52.13]|[FogBroker(7)]: Dispatching tasks...
[52.13]|[FogBroker(7)]: Sending STAGE_OUT_MSG to FogDevice(5) for Task(15) on Cycle(0)
[52.13]|[FogBroker(7)]: Asking FogDevice(5) to execute Task(20) on Cycle(0)
[52.13]|[FogDevice(5|car)]: Received STAGE_OUT data of Task(15) on Cycle(0): (true) and destination is a loop back: sending data instantly
[52.13]|[FogDevice(5|car)]: Received execute msg for Task(20) on Cycle(0) from Workflow(Epigenomics_24.xml) to run on Vm(3)
[52.13]|[FogDevice(5|car)]: Not all parent data are available. task is added to waiting queue
[52.13]|[FogDevice(5|car)]: Downloaded data of Task(15) on Cycle(0)
[52.13]|[FogDevice(5|car)]: Data is for me
[52.13]|[FogDevice(5|car)]: Updating received data with: Cycle(0): Task(15) -> true
[52.13]|[FogDevice(5|car)]: Found Task(20) from Workflow(Epigenomics_24.xml) that can be executed
[52.13]|[FogDevice(5|car)]: Received execute msg for Task(20) on Cycle(0) from Workflow(Epigenomics_24.xml) to run on Vm(3)
[52.13]|[FogDevice(5|car)]: All parent data for Task(20) are received. task can execute
[52.13]|[FogBroker(7)]: Task(20) ack: true
53.26: [Host #0] Total allocated MIPS for VM #1 (Host #0) is 500.00, was requested 0.00 out of total 500.00 (0.00%)
53.26: [Host #0] MIPS for VM #1 by PEs (2 * 500.0). PE #0: 500.00.
[53.26]|[FogBroker(7)]: Received task completion msg for Task(13) from FogDevice(3)
[53.26]|[FogBroker(7)]: Notifying WorkflowEngine of completed Task(13)...
[53.26]|[FogBroker(7)]: Task(13) on Cycle(0) decided to generate data: true
[53.26]|[FogBroker(7)]: All dispatched tasks are complete
[53.26]|[FogBroker(7)]: There is no vm to destroy
[53.26]|[FogBroker(7)]: There is no vm to create
[53.26]|[FogBroker(7)]: Trying to dispatch tasks...
[53.26]|[FogBroker(7)]: Dispatching tasks...
[53.26]|[WorkflowEngine(8)]: Task(13) received as complete
[53.26]|[WorkflowEngine(8)]: Task(18) is now ready to get executed. Releasing it...
[53.26]|[FogBroker(7)]: Task(18) of Workflow(Epigenomics_24.xml) received
[53.26]|[FogBroker(7)]: Dispatching tasks...
[53.26]|[FogBroker(7)]: Sending STAGE_OUT_MSG to FogDevice(3) for Task(13) on Cycle(0)
[53.26]|[FogBroker(7)]: Asking FogDevice(3) to execute Task(18) on Cycle(0)
[53.26]|[FogDevice(3|phone)]: Received STAGE_OUT data of Task(13) on Cycle(0): (true) and destination is a loop back: sending data instantly
[53.26]|[FogDevice(3|phone)]: Received execute msg for Task(18) on Cycle(0) from Workflow(Epigenomics_24.xml) to run on Vm(1)
[53.26]|[FogDevice(3|phone)]: Not all parent data are available. task is added to waiting queue
[53.26]|[FogDevice(3|phone)]: Downloaded data of Task(13) on Cycle(0)
[53.26]|[FogDevice(3|phone)]: Data is for me
[53.26]|[FogDevice(3|phone)]: Updating received data with: Cycle(0): Task(13) -> true
[53.26]|[FogDevice(3|phone)]: Found Task(18) from Workflow(Epigenomics_24.xml) that can be executed
[53.26]|[FogDevice(3|phone)]: Received execute msg for Task(18) on Cycle(0) from Workflow(Epigenomics_24.xml) to run on Vm(1)
[53.26]|[FogDevice(3|phone)]: All parent data for Task(18) are received. task can execute
[53.26]|[FogBroker(7)]: Task(18) ack: true
62.29: [Host #0] Total allocated MIPS for VM #4 (Host #0) is 500.00, was requested 0.00 out of total 500.00 (0.00%)
62.29: [Host #0] MIPS for VM #4 by PEs (1 * 500.0). PE #0: 500.00.
[62.29]|[FogBroker(7)]: Received task completion msg for Task(16) from FogDevice(6)
[62.29]|[FogBroker(7)]: Notifying WorkflowEngine of completed Task(16)...
[62.29]|[FogBroker(7)]: Task(16) on Cycle(0) decided to generate data: true
[62.29]|[FogBroker(7)]: All dispatched tasks are complete
[62.29]|[FogBroker(7)]: There is no vm to destroy
[62.29]|[FogBroker(7)]: There is no vm to create
[62.29]|[FogBroker(7)]: Trying to dispatch tasks...
[62.29]|[FogBroker(7)]: Dispatching tasks...
[62.29]|[WorkflowEngine(8)]: Task(16) received as complete
[62.29]|[WorkflowEngine(8)]: Task(21) is now ready to get executed. Releasing it...
[62.29]|[FogBroker(7)]: Task(21) of Workflow(Epigenomics_24.xml) received
[62.29]|[FogBroker(7)]: Dispatching tasks...
[62.29]|[FogBroker(7)]: Sending STAGE_OUT_MSG to FogDevice(6) for Task(16) on Cycle(0)
[62.29]|[FogBroker(7)]: Asking FogDevice(6) to execute Task(21) on Cycle(0)
[62.29]|[FogDevice(6|drone)]: Received STAGE_OUT data of Task(16) on Cycle(0): (true) and destination is a loop back: sending data instantly
[62.29]|[FogDevice(6|drone)]: Received execute msg for Task(21) on Cycle(0) from Workflow(Epigenomics_24.xml) to run on Vm(4)
[62.29]|[FogDevice(6|drone)]: Not all parent data are available. task is added to waiting queue
[62.29]|[FogDevice(6|drone)]: Downloaded data of Task(16) on Cycle(0)
[62.29]|[FogDevice(6|drone)]: Data is for me
[62.29]|[FogDevice(6|drone)]: Updating received data with: Cycle(0): Task(16) -> true
[62.29]|[FogDevice(6|drone)]: Found Task(21) from Workflow(Epigenomics_24.xml) that can be executed
[62.29]|[FogDevice(6|drone)]: Received execute msg for Task(21) on Cycle(0) from Workflow(Epigenomics_24.xml) to run on Vm(4)
[62.29]|[FogDevice(6|drone)]: All parent data for Task(21) are received. task can execute
[62.29]|[FogBroker(7)]: Task(21) ack: true
491.39: [Host #0] Total allocated MIPS for VM #0 (Host #0) is 6000.00, was requested 0.00 out of total 6000.00 (0.00%)
491.39: [Host #0] MIPS for VM #0 by PEs (1 * 6000.0). PE #0: 6000.00.
[491.39]|[FogBroker(7)]: Received task completion msg for Task(17) from FogDevice(2)
[491.39]|[FogBroker(7)]: Notifying WorkflowEngine of completed Task(17)...
[491.39]|[FogBroker(7)]: Task(17) on Cycle(0) decided to generate data: true
[491.39]|[FogBroker(7)]: All dispatched tasks are complete
[491.39]|[FogBroker(7)]: There is no vm to destroy
[491.39]|[FogBroker(7)]: There is no vm to create
[491.39]|[FogBroker(7)]: Trying to dispatch tasks...
[491.39]|[FogBroker(7)]: Dispatching tasks...
[491.39]|[WorkflowEngine(8)]: Task(17) received as complete
4899.47: [Host #0] Total allocated MIPS for VM #2 (Host #0) is 500.00, was requested 0.00 out of total 500.00 (0.00%)
4899.47: [Host #0] MIPS for VM #2 by PEs (1 * 500.0). PE #0: 500.00.
[4899.47]|[FogBroker(7)]: Received task completion msg for Task(19) from FogDevice(4)
[4899.47]|[FogBroker(7)]: Notifying WorkflowEngine of completed Task(19)...
[4899.47]|[FogBroker(7)]: Task(19) on Cycle(0) decided to generate data: true
[4899.47]|[FogBroker(7)]: All dispatched tasks are complete
[4899.47]|[FogBroker(7)]: There is no vm to destroy
[4899.47]|[FogBroker(7)]: There is no vm to create
[4899.47]|[FogBroker(7)]: Trying to dispatch tasks...
[4899.47]|[FogBroker(7)]: Dispatching tasks...
[4899.47]|[WorkflowEngine(8)]: Task(19) received as complete
6446.06: [Host #0] Total allocated MIPS for VM #1 (Host #0) is 500.00, was requested 0.00 out of total 500.00 (0.00%)
6446.06: [Host #0] MIPS for VM #1 by PEs (2 * 500.0). PE #0: 500.00.
[6446.06]|[FogBroker(7)]: Received task completion msg for Task(18) from FogDevice(3)
[6446.06]|[FogBroker(7)]: Notifying WorkflowEngine of completed Task(18)...
[6446.06]|[FogBroker(7)]: Task(18) on Cycle(0) decided to generate data: true
[6446.06]|[FogBroker(7)]: All dispatched tasks are complete
[6446.06]|[FogBroker(7)]: There is no vm to destroy
[6446.06]|[FogBroker(7)]: There is no vm to create
[6446.06]|[FogBroker(7)]: Trying to dispatch tasks...
[6446.06]|[FogBroker(7)]: Dispatching tasks...
[6446.06]|[WorkflowEngine(8)]: Task(18) received as complete
7298.29: [Host #0] Total allocated MIPS for VM #3 (Host #0) is 500.00, was requested 0.00 out of total 500.00 (0.00%)
7298.29: [Host #0] MIPS for VM #3 by PEs (1 * 500.0). PE #0: 500.00.
[7298.29]|[FogBroker(7)]: Received task completion msg for Task(20) from FogDevice(5)
[7298.29]|[FogBroker(7)]: Notifying WorkflowEngine of completed Task(20)...
[7298.29]|[FogBroker(7)]: Task(20) on Cycle(0) decided to generate data: true
[7298.29]|[FogBroker(7)]: All dispatched tasks are complete
[7298.29]|[FogBroker(7)]: There is no vm to destroy
[7298.29]|[FogBroker(7)]: There is no vm to create
[7298.29]|[FogBroker(7)]: Trying to dispatch tasks...
[7298.29]|[FogBroker(7)]: Dispatching tasks...
[7298.29]|[WorkflowEngine(8)]: Task(20) received as complete
8188.21: [Host #0] Total allocated MIPS for VM #4 (Host #0) is 500.00, was requested 0.00 out of total 500.00 (0.00%)
8188.21: [Host #0] MIPS for VM #4 by PEs (1 * 500.0). PE #0: 500.00.
[8188.21]|[FogBroker(7)]: Received task completion msg for Task(21) from FogDevice(6)
[8188.21]|[FogBroker(7)]: Notifying WorkflowEngine of completed Task(21)...
[8188.21]|[FogBroker(7)]: Task(21) on Cycle(0) decided to generate data: true
[8188.21]|[FogBroker(7)]: All dispatched tasks are complete
[8188.21]|[FogBroker(7)]: There is no vm to destroy
[8188.21]|[FogBroker(7)]: There is no vm to create
[8188.21]|[FogBroker(7)]: Trying to dispatch tasks...
[8188.21]|[FogBroker(7)]: Dispatching tasks...
[8188.21]|[WorkflowEngine(8)]: Task(21) received as complete
[8188.21]|[WorkflowEngine(8)]: Task(22) is now ready to get executed. Releasing it...
[8188.21]|[FogBroker(7)]: Task(22) of Workflow(Epigenomics_24.xml) received
[8188.21]|[FogBroker(7)]: Dispatching tasks...
[8188.21]|[FogBroker(7)]: Sending STAGE_OUT_MSG to FogDevice(2) for Task(17) on Cycle(0)
[8188.21]|[FogBroker(7)]: Sending STAGE_OUT_MSG to FogDevice(3) for Task(18) on Cycle(0)
[8188.21]|[FogBroker(7)]: Sending STAGE_OUT_MSG to FogDevice(4) for Task(19) on Cycle(0)
[8188.21]|[FogBroker(7)]: Sending STAGE_OUT_MSG to FogDevice(5) for Task(20) on Cycle(0)
[8188.21]|[FogBroker(7)]: Sending STAGE_OUT_MSG to FogDevice(6) for Task(21) on Cycle(0)
[8188.21]|[FogBroker(7)]: Asking FogDevice(2) to execute Task(22) on Cycle(0)
[8188.21]|[FogDevice(2|cloud_device_0)]: Received STAGE_OUT data of Task(17) on Cycle(0): (true) and destination is a loop back: sending data instantly
[8188.21]|[FogDevice(2|cloud_device_0)]: Received execute msg for Task(22) on Cycle(0) from Workflow(Epigenomics_24.xml) to run on Vm(0)
[8188.21]|[FogDevice(2|cloud_device_0)]: Not all parent data are available. task is added to waiting queue
[8188.21]|[FogDevice(3|phone)]: Received STAGE_OUT data of Task(18) on Cycle(0) to FogDevice(2)
[8188.21]|[FogDevice(3|phone)]: Sending data of Task(18) on Cycle(0) to FogDevice(2) with Delay(0.010958)
[8188.21]|[FogDevice(4|camera)]: Received STAGE_OUT data of Task(19) on Cycle(0) to FogDevice(2)
[8188.21]|[FogDevice(4|camera)]: Sending data of Task(19) on Cycle(0) to FogDevice(2) with Delay(0.0063231005859375)
[8188.21]|[FogDevice(5|car)]: Received STAGE_OUT data of Task(20) on Cycle(0) to FogDevice(2)
[8188.21]|[FogDevice(5|car)]: Sending data of Task(20) on Cycle(0) to FogDevice(2) with Delay(0.0095702109375)
[8188.21]|[FogDevice(6|drone)]: Received STAGE_OUT data of Task(21) on Cycle(0) to FogDevice(2)
[8188.21]|[FogDevice(6|drone)]: Sending data of Task(21) on Cycle(0) to FogDevice(2) with Delay(0.0095951845703125)
[8188.21]|[FogDevice(2|cloud_device_0)]: Downloaded data of Task(17) on Cycle(0)
[8188.21]|[FogDevice(2|cloud_device_0)]: Data is for me
[8188.21]|[FogDevice(2|cloud_device_0)]: Updating received data with: Cycle(0): Task(17) -> true
[8188.22]|[FogDevice(2|cloud_device_0)]: Downloading data from fog device: 4
[8188.22]|[FogDevice(2|cloud_device_0)]: Downloading data from fog device: 5
[8188.22]|[FogDevice(2|cloud_device_0)]: Downloading data from fog device: 6
[8188.22]|[FogDevice(2|cloud_device_0)]: Downloading data from fog device: 3
[8188.23]|[FogDevice(2|cloud_device_0)]: Downloaded data of Task(19) on Cycle(0)
[8188.23]|[FogDevice(2|cloud_device_0)]: Data is for me
[8188.23]|[FogDevice(2|cloud_device_0)]: Updating received data with: Cycle(0): Task(19) -> true
[8188.23]|[FogDevice(2|cloud_device_0)]: Downloaded data of Task(20) on Cycle(0)
[8188.23]|[FogDevice(2|cloud_device_0)]: Data is for me
[8188.23]|[FogDevice(2|cloud_device_0)]: Updating received data with: Cycle(0): Task(20) -> true
[8188.24]|[FogDevice(2|cloud_device_0)]: Downloaded data of Task(21) on Cycle(0)
[8188.24]|[FogDevice(2|cloud_device_0)]: Data is for me
[8188.24]|[FogDevice(2|cloud_device_0)]: Updating received data with: Cycle(0): Task(21) -> true
[8188.26]|[FogDevice(2|cloud_device_0)]: Downloaded data of Task(18) on Cycle(0)
[8188.26]|[FogDevice(2|cloud_device_0)]: Data is for me
[8188.26]|[FogDevice(2|cloud_device_0)]: Updating received data with: Cycle(0): Task(18) -> true
[8188.26]|[FogDevice(2|cloud_device_0)]: Found Task(22) from Workflow(Epigenomics_24.xml) that can be executed
[8188.26]|[FogDevice(2|cloud_device_0)]: Received execute msg for Task(22) on Cycle(0) from Workflow(Epigenomics_24.xml) to run on Vm(0)
[8188.26]|[FogDevice(2|cloud_device_0)]: All parent data for Task(22) are received. task can execute
8188.26: [Host #0] Total allocated MIPS for VM #0 (Host #0) is 6000.00, was requested 0.00 out of total 6000.00 (0.00%)
8188.26: [Host #0] MIPS for VM #0 by PEs (1 * 6000.0). PE #0: 6000.00.
[8188.26]|[FogBroker(7)]: Task(22) ack: true
8191.13: [Host #0] Total allocated MIPS for VM #0 (Host #0) is 6000.00, was requested 0.00 out of total 6000.00 (0.00%)
8191.13: [Host #0] MIPS for VM #0 by PEs (1 * 6000.0). PE #0: 6000.00.
[8191.13]|[FogBroker(7)]: Received task completion msg for Task(22) from FogDevice(2)
[8191.13]|[FogBroker(7)]: Notifying WorkflowEngine of completed Task(22)...
[8191.13]|[FogBroker(7)]: Task(22) on Cycle(0) decided to generate data: true
[8191.13]|[FogBroker(7)]: All dispatched tasks are complete
[8191.13]|[FogBroker(7)]: There is no vm to destroy
[8191.13]|[FogBroker(7)]: There is no vm to create
[8191.13]|[FogBroker(7)]: Trying to dispatch tasks...
[8191.13]|[FogBroker(7)]: Dispatching tasks...
[8191.13]|[WorkflowEngine(8)]: Task(22) received as complete
[8191.13]|[WorkflowEngine(8)]: Task(23) is now ready to get executed. Releasing it...
[8191.13]|[FogBroker(7)]: Task(23) of Workflow(Epigenomics_24.xml) received
[8191.13]|[FogBroker(7)]: Dispatching tasks...
[8191.13]|[FogBroker(7)]: Sending STAGE_OUT_MSG to FogDevice(2) for Task(22) on Cycle(0)
[8191.13]|[FogBroker(7)]: Asking FogDevice(2) to execute Task(23) on Cycle(0)
[8191.13]|[FogDevice(2|cloud_device_0)]: Received STAGE_OUT data of Task(22) on Cycle(0): (true) and destination is a loop back: sending data instantly
[8191.13]|[FogDevice(2|cloud_device_0)]: Received execute msg for Task(23) on Cycle(0) from Workflow(Epigenomics_24.xml) to run on Vm(0)
[8191.13]|[FogDevice(2|cloud_device_0)]: Not all parent data are available. task is added to waiting queue
[8191.13]|[FogDevice(2|cloud_device_0)]: Downloaded data of Task(22) on Cycle(0)
[8191.13]|[FogDevice(2|cloud_device_0)]: Data is for me
[8191.13]|[FogDevice(2|cloud_device_0)]: Updating received data with: Cycle(0): Task(22) -> true
[8191.13]|[FogDevice(2|cloud_device_0)]: Found Task(23) from Workflow(Epigenomics_24.xml) that can be executed
[8191.13]|[FogDevice(2|cloud_device_0)]: Received execute msg for Task(23) on Cycle(0) from Workflow(Epigenomics_24.xml) to run on Vm(0)
[8191.13]|[FogDevice(2|cloud_device_0)]: All parent data for Task(23) are received. task can execute
[8191.13]|[FogBroker(7)]: Task(23) ack: true
8191.14: [Host #0] Total allocated MIPS for VM #0 (Host #0) is 6000.00, was requested 0.00 out of total 6000.00 (0.00%)
8191.14: [Host #0] MIPS for VM #0 by PEs (1 * 6000.0). PE #0: 6000.00.
[8191.14]|[FogBroker(7)]: Received task completion msg for Task(23) from FogDevice(2)
[8191.14]|[FogBroker(7)]: Notifying WorkflowEngine of completed Task(23)...
[8191.14]|[FogBroker(7)]: Task(23) on Cycle(0) decided to generate data: true
[8191.14]|[FogBroker(7)]: All dispatched tasks are complete
[8191.14]|[FogBroker(7)]: There is no vm to destroy
[8191.14]|[FogBroker(7)]: There is no vm to create
[8191.14]|[FogBroker(7)]: Trying to dispatch tasks...
[8191.14]|[FogBroker(7)]: Dispatching tasks...
[8191.14]|[WorkflowEngine(8)]: Task(23) received as complete
[8191.14]|[WorkflowEngine(8)]: Task(24) is now ready to get executed. Releasing it...
[8191.14]|[FogBroker(7)]: Task(24) of Workflow(Epigenomics_24.xml) received
[8191.14]|[FogBroker(7)]: Dispatching tasks...
[8191.14]|[FogBroker(7)]: Sending STAGE_OUT_MSG to FogDevice(2) for Task(23) on Cycle(0)
[8191.14]|[FogBroker(7)]: Asking FogDevice(2) to execute Task(24) on Cycle(0)
[8191.14]|[FogDevice(2|cloud_device_0)]: Received STAGE_OUT data of Task(23) on Cycle(0): (true) and destination is a loop back: sending data instantly
[8191.14]|[FogDevice(2|cloud_device_0)]: Received execute msg for Task(24) on Cycle(0) from Workflow(Epigenomics_24.xml) to run on Vm(0)
[8191.14]|[FogDevice(2|cloud_device_0)]: Not all parent data are available. task is added to waiting queue
[8191.14]|[FogDevice(2|cloud_device_0)]: Downloaded data of Task(23) on Cycle(0)
[8191.14]|[FogDevice(2|cloud_device_0)]: Data is for me
[8191.14]|[FogDevice(2|cloud_device_0)]: Updating received data with: Cycle(0): Task(23) -> true
[8191.14]|[FogDevice(2|cloud_device_0)]: Found Task(24) from Workflow(Epigenomics_24.xml) that can be executed
[8191.14]|[FogDevice(2|cloud_device_0)]: Received execute msg for Task(24) on Cycle(0) from Workflow(Epigenomics_24.xml) to run on Vm(0)
[8191.14]|[FogDevice(2|cloud_device_0)]: All parent data for Task(24) are received. task can execute
[8191.14]|[FogBroker(7)]: Task(24) ack: true
8420.35: [Host #0] Total allocated MIPS for VM #0 (Host #0) is 6000.00, was requested 0.00 out of total 6000.00 (0.00%)
8420.35: [Host #0] MIPS for VM #0 by PEs (1 * 6000.0). PE #0: 6000.00.
[8420.35]|[FogBroker(7)]: Received task completion msg for Task(24) from FogDevice(2)
[8420.35]|[FogBroker(7)]: Notifying WorkflowEngine of completed Task(24)...
[8420.35]|[FogBroker(7)]: Task(24) on Cycle(0) decided to generate data: true
[8420.35]|[FogBroker(7)]: All dispatched tasks are complete
[8420.35]|[FogBroker(7)]: There is no vm to destroy
[8420.35]|[FogBroker(7)]: There is no vm to create
[8420.35]|[FogBroker(7)]: Trying to dispatch tasks...
[8420.35]|[FogBroker(7)]: Dispatching tasks...
[8420.35]|[WorkflowEngine(8)]: Task(24) received as complete
Simulation: No more future events
CloudInformationService: Notify all CloudSim entities for shutting down.
cloud_device_0 is shutting down...
phone is shutting down...
camera is shutting down...
car is shutting down...
drone is shutting down...
[8420.35]|[WorkflowEngine(8)]: Shutting down entity...
Simulation completed.
Simulation completed.
4800.0
400.0
400.0
400.0
400.0
Cycle: 0

 Task ID  On Vm  Start Execution Time  End Execution Time  Duration 

 1        0      0.11                  17.36               17.25    

 2        0      17.36                 18.53               1.17     

 3        1      17.90                 34.36               16.46    

 4        2      17.97                 34.27               16.30    

 5        3      18.07                 36.57               18.50    

 6        4      18.15                 41.93               23.78    

 7        0      18.53                 18.93               0.39     

 8        1      34.36                 41.44               7.08     

 9        2      34.27                 40.79               6.52     

 10       3      36.57                 42.69               6.12     

 11       4      41.93                 51.97               10.04    

 12       0      18.93                 19.63               0.71     

 13       1      41.44                 53.26               11.82    

 14       2      40.79                 48.85               8.06     

 15       3      42.69                 52.13               9.44     

 16       4      51.97                 62.29               10.32    

 17       0      19.63                 491.39              471.76   

 18       1      53.26                 6446.06             6392.80  

 19       2      48.85                 4899.47             4850.62  

 20       3      52.13                 7298.29             7246.16  

 21       4      62.29                 8188.21             8125.92  

 22       0      8188.26               8191.13             2.87     

 23       0      8191.13               8191.14             0.02     

 24       0      8191.14               8420.35             229.20   


End Execution Time: 8420.347012177735

BUILD SUCCESSFUL in 519ms
3 actionable tasks: 1 executed, 2 up-to-date
