> Task :compileJava UP-TO-DATE
> Task :processResources UP-TO-DATE
> Task :classes UP-TO-DATE

> Task :Sipht30.main()
Initialising...
Starting CloudSim version 3.0
[0.00]|[FogDevice(2|cloud_device_0)]: Starting FogDevice(2)...
[0.00]|[FogDevice(3|phone)]: Starting FogDevice(3)...
[0.00]|[FogDevice(4|camera)]: Starting FogDevice(4)...
[0.00]|[FogDevice(5|car)]: Starting FogDevice(5)...
[0.00]|[FogDevice(6|drone)]: Starting FogDevice(6)...
[0.00]|[FogBroker(7)]: Starting FogBroker...
[0.00]|[WorkflowEngine(8)]: Starting WorkflowEngine...
[0.00]|[TaskManager(9)]: Starting Task Manager...
[0.00]|[TaskManager(9)]: Sending task: 1 of workflow: Sipht_30.xml
[0.00]|[TaskManager(9)]: Sending task: 2 of workflow: Sipht_30.xml
[0.00]|[TaskManager(9)]: Sending task: 3 of workflow: Sipht_30.xml
[0.00]|[TaskManager(9)]: Sending task: 4 of workflow: Sipht_30.xml
[0.00]|[TaskManager(9)]: Sending task: 5 of workflow: Sipht_30.xml
[0.00]|[TaskManager(9)]: Sending task: 6 of workflow: Sipht_30.xml
[0.00]|[TaskManager(9)]: Sending task: 7 of workflow: Sipht_30.xml
[0.00]|[TaskManager(9)]: Sending task: 8 of workflow: Sipht_30.xml
[0.00]|[TaskManager(9)]: Sending task: 9 of workflow: Sipht_30.xml
[0.00]|[TaskManager(9)]: Sending task: 10 of workflow: Sipht_30.xml
[0.00]|[TaskManager(9)]: Sending task: 11 of workflow: Sipht_30.xml
[0.00]|[TaskManager(9)]: Sending task: 12 of workflow: Sipht_30.xml
[0.00]|[TaskManager(9)]: Sending task: 13 of workflow: Sipht_30.xml
[0.00]|[TaskManager(9)]: Sending task: 14 of workflow: Sipht_30.xml
[0.00]|[TaskManager(9)]: Sending task: 15 of workflow: Sipht_30.xml
[0.00]|[TaskManager(9)]: Sending task: 16 of workflow: Sipht_30.xml
[0.00]|[TaskManager(9)]: Sending task: 17 of workflow: Sipht_30.xml
[0.00]|[TaskManager(9)]: Sending task: 18 of workflow: Sipht_30.xml
[0.00]|[TaskManager(9)]: Sending task: 19 of workflow: Sipht_30.xml
[0.00]|[TaskManager(9)]: Sending task: 20 of workflow: Sipht_30.xml
[0.00]|[TaskManager(9)]: Sending task: 21 of workflow: Sipht_30.xml
[0.00]|[TaskManager(9)]: Sending task: 22 of workflow: Sipht_30.xml
[0.00]|[TaskManager(9)]: Sending task: 23 of workflow: Sipht_30.xml
[0.00]|[TaskManager(9)]: Sending task: 24 of workflow: Sipht_30.xml
[0.00]|[TaskManager(9)]: Sending task: 25 of workflow: Sipht_30.xml
[0.00]|[TaskManager(9)]: Sending task: 26 of workflow: Sipht_30.xml
[0.00]|[TaskManager(9)]: Sending task: 27 of workflow: Sipht_30.xml
[0.00]|[TaskManager(9)]: Sending task: 28 of workflow: Sipht_30.xml
[0.00]|[TaskManager(9)]: Sending task: 29 of workflow: Sipht_30.xml
Entities started.
[0.00]|[FogBroker(7)]: Requesting for fog devices characteristics...
[0.00]|[WorkflowEngine(8)]: Task(1) of workflow(Sipht_30.xml) received
[0.00]|[WorkflowEngine(8)]: Task(1) is not ready to get executed. Adding it to waiting queue...
[0.00]|[WorkflowEngine(8)]: Task(2) of workflow(Sipht_30.xml) received
[0.00]|[WorkflowEngine(8)]: Sending Task(2) from workflow(Sipht_30.xml)...
[0.00]|[WorkflowEngine(8)]: Task(3) of workflow(Sipht_30.xml) received
[0.00]|[WorkflowEngine(8)]: Sending Task(3) from workflow(Sipht_30.xml)...
[0.00]|[WorkflowEngine(8)]: Task(4) of workflow(Sipht_30.xml) received
[0.00]|[WorkflowEngine(8)]: Sending Task(4) from workflow(Sipht_30.xml)...
[0.00]|[WorkflowEngine(8)]: Task(5) of workflow(Sipht_30.xml) received
[0.00]|[WorkflowEngine(8)]: Sending Task(5) from workflow(Sipht_30.xml)...
[0.00]|[WorkflowEngine(8)]: Task(6) of workflow(Sipht_30.xml) received
[0.00]|[WorkflowEngine(8)]: Sending Task(6) from workflow(Sipht_30.xml)...
[0.00]|[WorkflowEngine(8)]: Task(7) of workflow(Sipht_30.xml) received
[0.00]|[WorkflowEngine(8)]: Sending Task(7) from workflow(Sipht_30.xml)...
[0.00]|[WorkflowEngine(8)]: Task(8) of workflow(Sipht_30.xml) received
[0.00]|[WorkflowEngine(8)]: Sending Task(8) from workflow(Sipht_30.xml)...
[0.00]|[WorkflowEngine(8)]: Task(9) of workflow(Sipht_30.xml) received
[0.00]|[WorkflowEngine(8)]: Sending Task(9) from workflow(Sipht_30.xml)...
[0.00]|[WorkflowEngine(8)]: Task(10) of workflow(Sipht_30.xml) received
[0.00]|[WorkflowEngine(8)]: Sending Task(10) from workflow(Sipht_30.xml)...
[0.00]|[WorkflowEngine(8)]: Task(11) of workflow(Sipht_30.xml) received
[0.00]|[WorkflowEngine(8)]: Sending Task(11) from workflow(Sipht_30.xml)...
[0.00]|[WorkflowEngine(8)]: Task(12) of workflow(Sipht_30.xml) received
[0.00]|[WorkflowEngine(8)]: Sending Task(12) from workflow(Sipht_30.xml)...
[0.00]|[WorkflowEngine(8)]: Task(13) of workflow(Sipht_30.xml) received
[0.00]|[WorkflowEngine(8)]: Sending Task(13) from workflow(Sipht_30.xml)...
[0.00]|[WorkflowEngine(8)]: Task(14) of workflow(Sipht_30.xml) received
[0.00]|[WorkflowEngine(8)]: Sending Task(14) from workflow(Sipht_30.xml)...
[0.00]|[WorkflowEngine(8)]: Task(15) of workflow(Sipht_30.xml) received
[0.00]|[WorkflowEngine(8)]: Sending Task(15) from workflow(Sipht_30.xml)...
[0.00]|[WorkflowEngine(8)]: Task(16) of workflow(Sipht_30.xml) received
[0.00]|[WorkflowEngine(8)]: Sending Task(16) from workflow(Sipht_30.xml)...
[0.00]|[WorkflowEngine(8)]: Task(17) of workflow(Sipht_30.xml) received
[0.00]|[WorkflowEngine(8)]: Sending Task(17) from workflow(Sipht_30.xml)...
[0.00]|[WorkflowEngine(8)]: Task(18) of workflow(Sipht_30.xml) received
[0.00]|[WorkflowEngine(8)]: Sending Task(18) from workflow(Sipht_30.xml)...
[0.00]|[WorkflowEngine(8)]: Task(19) of workflow(Sipht_30.xml) received
[0.00]|[WorkflowEngine(8)]: Sending Task(19) from workflow(Sipht_30.xml)...
[0.00]|[WorkflowEngine(8)]: Task(20) of workflow(Sipht_30.xml) received
[0.00]|[WorkflowEngine(8)]: Sending Task(20) from workflow(Sipht_30.xml)...
[0.00]|[WorkflowEngine(8)]: Task(21) of workflow(Sipht_30.xml) received
[0.00]|[WorkflowEngine(8)]: Sending Task(21) from workflow(Sipht_30.xml)...
[0.00]|[WorkflowEngine(8)]: Task(22) of workflow(Sipht_30.xml) received
[0.00]|[WorkflowEngine(8)]: Sending Task(22) from workflow(Sipht_30.xml)...
[0.00]|[WorkflowEngine(8)]: Task(23) of workflow(Sipht_30.xml) received
[0.00]|[WorkflowEngine(8)]: Task(23) is not ready to get executed. Adding it to waiting queue...
[0.00]|[WorkflowEngine(8)]: Task(24) of workflow(Sipht_30.xml) received
[0.00]|[WorkflowEngine(8)]: Task(24) is not ready to get executed. Adding it to waiting queue...
[0.00]|[WorkflowEngine(8)]: Task(25) of workflow(Sipht_30.xml) received
[0.00]|[WorkflowEngine(8)]: Task(25) is not ready to get executed. Adding it to waiting queue...
[0.00]|[WorkflowEngine(8)]: Task(26) of workflow(Sipht_30.xml) received
[0.00]|[WorkflowEngine(8)]: Task(26) is not ready to get executed. Adding it to waiting queue...
[0.00]|[WorkflowEngine(8)]: Task(27) of workflow(Sipht_30.xml) received
[0.00]|[WorkflowEngine(8)]: Task(27) is not ready to get executed. Adding it to waiting queue...
[0.00]|[WorkflowEngine(8)]: Task(28) of workflow(Sipht_30.xml) received
[0.00]|[WorkflowEngine(8)]: Task(28) is not ready to get executed. Adding it to waiting queue...
[0.00]|[WorkflowEngine(8)]: Task(29) of workflow(Sipht_30.xml) received
[0.00]|[WorkflowEngine(8)]: Task(29) is not ready to get executed. Adding it to waiting queue...
[0.00]|[FogBroker(7)]: Task(2) of Workflow(Sipht_30.xml) received
[0.00]|[FogBroker(7)]: Dispatching tasks...
[0.00]|[FogBroker(7)]: Task(3) of Workflow(Sipht_30.xml) received
[0.00]|[FogBroker(7)]: Dispatching tasks...
[0.00]|[FogBroker(7)]: Task(4) of Workflow(Sipht_30.xml) received
[0.00]|[FogBroker(7)]: Dispatching tasks...
[0.00]|[FogBroker(7)]: Task(5) of Workflow(Sipht_30.xml) received
[0.00]|[FogBroker(7)]: Dispatching tasks...
[0.00]|[FogBroker(7)]: Task(6) of Workflow(Sipht_30.xml) received
[0.00]|[FogBroker(7)]: Dispatching tasks...
[0.00]|[FogBroker(7)]: Task(7) of Workflow(Sipht_30.xml) received
[0.00]|[FogBroker(7)]: Dispatching tasks...
[0.00]|[FogBroker(7)]: Task(8) of Workflow(Sipht_30.xml) received
[0.00]|[FogBroker(7)]: Dispatching tasks...
[0.00]|[FogBroker(7)]: Task(9) of Workflow(Sipht_30.xml) received
[0.00]|[FogBroker(7)]: Dispatching tasks...
[0.00]|[FogBroker(7)]: Task(10) of Workflow(Sipht_30.xml) received
[0.00]|[FogBroker(7)]: Dispatching tasks...
[0.00]|[FogBroker(7)]: Task(11) of Workflow(Sipht_30.xml) received
[0.00]|[FogBroker(7)]: Dispatching tasks...
[0.00]|[FogBroker(7)]: Task(12) of Workflow(Sipht_30.xml) received
[0.00]|[FogBroker(7)]: Dispatching tasks...
[0.00]|[FogBroker(7)]: Task(13) of Workflow(Sipht_30.xml) received
[0.00]|[FogBroker(7)]: Dispatching tasks...
[0.00]|[FogBroker(7)]: Task(14) of Workflow(Sipht_30.xml) received
[0.00]|[FogBroker(7)]: Dispatching tasks...
[0.00]|[FogBroker(7)]: Task(15) of Workflow(Sipht_30.xml) received
[0.00]|[FogBroker(7)]: Dispatching tasks...
[0.00]|[FogBroker(7)]: Task(16) of Workflow(Sipht_30.xml) received
[0.00]|[FogBroker(7)]: Dispatching tasks...
[0.00]|[FogBroker(7)]: Task(17) of Workflow(Sipht_30.xml) received
[0.00]|[FogBroker(7)]: Dispatching tasks...
[0.00]|[FogBroker(7)]: Task(18) of Workflow(Sipht_30.xml) received
[0.00]|[FogBroker(7)]: Dispatching tasks...
[0.00]|[FogBroker(7)]: Task(19) of Workflow(Sipht_30.xml) received
[0.00]|[FogBroker(7)]: Dispatching tasks...
[0.00]|[FogBroker(7)]: Task(20) of Workflow(Sipht_30.xml) received
[0.00]|[FogBroker(7)]: Dispatching tasks...
[0.00]|[FogBroker(7)]: Task(21) of Workflow(Sipht_30.xml) received
[0.00]|[FogBroker(7)]: Dispatching tasks...
[0.00]|[FogBroker(7)]: Task(22) of Workflow(Sipht_30.xml) received
[0.00]|[FogBroker(7)]: Dispatching tasks...
[0.00]|[FogBroker(7)]: All resources received
[0.00]|[FogBroker(7)]: All pending vm create acks received
[0.00]|[FogBroker(7)]: Dispatching tasks...
[0.00]|[FogBroker(7)]: Sending STAGE_IN data for Task(2) to FogDevice(2) with delay: 0.11
[0.00]|[FogBroker(7)]: Sending STAGE_IN data for Task(3) to FogDevice(3) with delay: 0.11
[0.00]|[FogBroker(7)]: Sending STAGE_IN data for Task(4) to FogDevice(4) with delay: 0.11
[0.00]|[FogBroker(7)]: Sending STAGE_IN data for Task(5) to FogDevice(5) with delay: 0.11
[0.00]|[FogBroker(7)]: Sending STAGE_IN data for Task(6) to FogDevice(6) with delay: 0.11
[0.11]|[FogDevice(2|cloud_device_0)]: Received Task(2) from Workflow(Sipht_30.xml) with STAGE_IN data to run on Vm(0)
[0.11]|[FogDevice(3|phone)]: Received Task(3) from Workflow(Sipht_30.xml) with STAGE_IN data to run on Vm(1)
[0.11]|[FogDevice(4|camera)]: Received Task(4) from Workflow(Sipht_30.xml) with STAGE_IN data to run on Vm(2)
[0.11]|[FogDevice(5|car)]: Received Task(5) from Workflow(Sipht_30.xml) with STAGE_IN data to run on Vm(3)
[0.11]|[FogDevice(6|drone)]: Received Task(6) from Workflow(Sipht_30.xml) with STAGE_IN data to run on Vm(4)
[0.11]|[FogDevice(2|cloud_device_0)]: Received execute msg for Task(2) on Cycle(0) from Workflow(Sipht_30.xml) to run on Vm(0)
[0.11]|[FogDevice(2|cloud_device_0)]: All parent data for Task(2) are received. task can execute
[0.11]|[FogDevice(3|phone)]: Received execute msg for Task(3) on Cycle(0) from Workflow(Sipht_30.xml) to run on Vm(1)
[0.11]|[FogDevice(3|phone)]: All parent data for Task(3) are received. task can execute
[0.11]|[FogDevice(4|camera)]: Received execute msg for Task(4) on Cycle(0) from Workflow(Sipht_30.xml) to run on Vm(2)
[0.11]|[FogDevice(4|camera)]: All parent data for Task(4) are received. task can execute
[0.11]|[FogDevice(5|car)]: Received execute msg for Task(5) on Cycle(0) from Workflow(Sipht_30.xml) to run on Vm(3)
[0.11]|[FogDevice(5|car)]: All parent data for Task(5) are received. task can execute
[0.11]|[FogDevice(6|drone)]: Received execute msg for Task(6) on Cycle(0) from Workflow(Sipht_30.xml) to run on Vm(4)
[0.11]|[FogDevice(6|drone)]: All parent data for Task(6) are received. task can execute
0.11: [Host #0] Total allocated MIPS for VM #0 (Host #0) is 6000.00, was requested 0.00 out of total 6000.00 (0.00%)
0.11: [Host #0] MIPS for VM #0 by PEs (1 * 6000.0). PE #0: 6000.00.
0.11: [Host #0] Total allocated MIPS for VM #1 (Host #0) is 500.00, was requested 0.00 out of total 500.00 (0.00%)
0.11: [Host #0] MIPS for VM #1 by PEs (2 * 500.0). PE #0: 500.00.
0.11: [Host #0] Total allocated MIPS for VM #2 (Host #0) is 500.00, was requested 0.00 out of total 500.00 (0.00%)
0.11: [Host #0] MIPS for VM #2 by PEs (1 * 500.0). PE #0: 500.00.
0.11: [Host #0] Total allocated MIPS for VM #3 (Host #0) is 500.00, was requested 0.00 out of total 500.00 (0.00%)
0.11: [Host #0] MIPS for VM #3 by PEs (1 * 500.0). PE #0: 500.00.
0.11: [Host #0] Total allocated MIPS for VM #4 (Host #0) is 500.00, was requested 0.00 out of total 500.00 (0.00%)
0.11: [Host #0] MIPS for VM #4 by PEs (1 * 500.0). PE #0: 500.00.
[0.11]|[FogBroker(7)]: Task(2) ack: true
[0.11]|[FogBroker(7)]: Task(3) ack: true
[0.11]|[FogBroker(7)]: Task(4) ack: true
[0.11]|[FogBroker(7)]: Task(5) ack: true
[0.11]|[FogBroker(7)]: Task(6) ack: true
0.38: [Host #0] Total allocated MIPS for VM #0 (Host #0) is 6000.00, was requested 0.00 out of total 6000.00 (0.00%)
0.38: [Host #0] MIPS for VM #0 by PEs (1 * 6000.0). PE #0: 6000.00.
[0.38]|[FogBroker(7)]: Received task completion msg for Task(2) from FogDevice(2)
[0.38]|[FogBroker(7)]: Notifying WorkflowEngine of completed Task(2)...
[0.38]|[FogBroker(7)]: Task(2) on Cycle(0) decided to generate data: true
[0.38]|[FogBroker(7)]: All dispatched tasks are complete
[0.38]|[FogBroker(7)]: There is no vm to destroy
[0.38]|[FogBroker(7)]: There is no vm to create
[0.38]|[FogBroker(7)]: Trying to dispatch tasks...
[0.38]|[FogBroker(7)]: Dispatching tasks...
[0.38]|[FogBroker(7)]: Sending STAGE_IN data for Task(7) to FogDevice(2) with delay: 0.00
[0.38]|[FogDevice(2|cloud_device_0)]: Received Task(7) from Workflow(Sipht_30.xml) with STAGE_IN data to run on Vm(0)
[0.38]|[WorkflowEngine(8)]: Task(2) received as complete
[0.38]|[FogDevice(2|cloud_device_0)]: Received execute msg for Task(7) on Cycle(0) from Workflow(Sipht_30.xml) to run on Vm(0)
[0.38]|[FogDevice(2|cloud_device_0)]: All parent data for Task(7) are received. task can execute
[0.38]|[FogBroker(7)]: Task(7) ack: true
0.56: [Host #0] Total allocated MIPS for VM #0 (Host #0) is 6000.00, was requested 0.00 out of total 6000.00 (0.00%)
0.56: [Host #0] MIPS for VM #0 by PEs (1 * 6000.0). PE #0: 6000.00.
[0.56]|[FogBroker(7)]: Received task completion msg for Task(7) from FogDevice(2)
[0.56]|[FogBroker(7)]: Notifying WorkflowEngine of completed Task(7)...
[0.56]|[FogBroker(7)]: Task(7) on Cycle(0) decided to generate data: true
[0.56]|[FogBroker(7)]: All dispatched tasks are complete
[0.56]|[FogBroker(7)]: There is no vm to destroy
[0.56]|[FogBroker(7)]: There is no vm to create
[0.56]|[FogBroker(7)]: Trying to dispatch tasks...
[0.56]|[FogBroker(7)]: Dispatching tasks...
[0.56]|[FogBroker(7)]: Sending STAGE_IN data for Task(8) to FogDevice(2) with delay: 0.00
[0.56]|[FogDevice(2|cloud_device_0)]: Received Task(8) from Workflow(Sipht_30.xml) with STAGE_IN data to run on Vm(0)
[0.56]|[WorkflowEngine(8)]: Task(7) received as complete
[0.56]|[FogDevice(2|cloud_device_0)]: Received execute msg for Task(8) on Cycle(0) from Workflow(Sipht_30.xml) to run on Vm(0)
[0.56]|[FogDevice(2|cloud_device_0)]: All parent data for Task(8) are received. task can execute
[0.56]|[FogBroker(7)]: Task(8) ack: true
0.82: [Host #0] Total allocated MIPS for VM #0 (Host #0) is 6000.00, was requested 0.00 out of total 6000.00 (0.00%)
0.82: [Host #0] MIPS for VM #0 by PEs (1 * 6000.0). PE #0: 6000.00.
[0.82]|[FogBroker(7)]: Received task completion msg for Task(8) from FogDevice(2)
[0.82]|[FogBroker(7)]: Notifying WorkflowEngine of completed Task(8)...
[0.82]|[FogBroker(7)]: Task(8) on Cycle(0) decided to generate data: true
[0.82]|[FogBroker(7)]: All dispatched tasks are complete
[0.82]|[FogBroker(7)]: There is no vm to destroy
[0.82]|[FogBroker(7)]: There is no vm to create
[0.82]|[FogBroker(7)]: Trying to dispatch tasks...
[0.82]|[FogBroker(7)]: Dispatching tasks...
[0.82]|[FogBroker(7)]: Sending STAGE_IN data for Task(9) to FogDevice(2) with delay: 0.00
[0.82]|[FogDevice(2|cloud_device_0)]: Received Task(9) from Workflow(Sipht_30.xml) with STAGE_IN data to run on Vm(0)
[0.82]|[WorkflowEngine(8)]: Task(8) received as complete
[0.82]|[FogDevice(2|cloud_device_0)]: Received execute msg for Task(9) on Cycle(0) from Workflow(Sipht_30.xml) to run on Vm(0)
[0.82]|[FogDevice(2|cloud_device_0)]: All parent data for Task(9) are received. task can execute
[0.82]|[FogBroker(7)]: Task(9) ack: true
1.00: [Host #0] Total allocated MIPS for VM #0 (Host #0) is 6000.00, was requested 0.00 out of total 6000.00 (0.00%)
1.00: [Host #0] MIPS for VM #0 by PEs (1 * 6000.0). PE #0: 6000.00.
[1.00]|[FogBroker(7)]: Received task completion msg for Task(9) from FogDevice(2)
[1.00]|[FogBroker(7)]: Notifying WorkflowEngine of completed Task(9)...
[1.00]|[FogBroker(7)]: Task(9) on Cycle(0) decided to generate data: true
[1.00]|[FogBroker(7)]: All dispatched tasks are complete
[1.00]|[FogBroker(7)]: There is no vm to destroy
[1.00]|[FogBroker(7)]: There is no vm to create
[1.00]|[FogBroker(7)]: Trying to dispatch tasks...
[1.00]|[FogBroker(7)]: Dispatching tasks...
[1.00]|[FogBroker(7)]: Sending STAGE_IN data for Task(10) to FogDevice(2) with delay: 0.00
[1.00]|[FogDevice(2|cloud_device_0)]: Received Task(10) from Workflow(Sipht_30.xml) with STAGE_IN data to run on Vm(0)
[1.00]|[WorkflowEngine(8)]: Task(9) received as complete
[1.00]|[FogDevice(2|cloud_device_0)]: Received execute msg for Task(10) on Cycle(0) from Workflow(Sipht_30.xml) to run on Vm(0)
[1.00]|[FogDevice(2|cloud_device_0)]: All parent data for Task(10) are received. task can execute
[1.00]|[FogBroker(7)]: Task(10) ack: true
1.26: [Host #0] Total allocated MIPS for VM #0 (Host #0) is 6000.00, was requested 0.00 out of total 6000.00 (0.00%)
1.26: [Host #0] MIPS for VM #0 by PEs (1 * 6000.0). PE #0: 6000.00.
[1.26]|[FogBroker(7)]: Received task completion msg for Task(10) from FogDevice(2)
[1.26]|[FogBroker(7)]: Notifying WorkflowEngine of completed Task(10)...
[1.26]|[FogBroker(7)]: Task(10) on Cycle(0) decided to generate data: true
[1.26]|[FogBroker(7)]: All dispatched tasks are complete
[1.26]|[FogBroker(7)]: There is no vm to destroy
[1.26]|[FogBroker(7)]: There is no vm to create
[1.26]|[FogBroker(7)]: Trying to dispatch tasks...
[1.26]|[FogBroker(7)]: Dispatching tasks...
[1.26]|[FogBroker(7)]: Sending STAGE_IN data for Task(11) to FogDevice(2) with delay: 0.00
[1.26]|[FogDevice(2|cloud_device_0)]: Received Task(11) from Workflow(Sipht_30.xml) with STAGE_IN data to run on Vm(0)
[1.26]|[WorkflowEngine(8)]: Task(10) received as complete
[1.26]|[FogDevice(2|cloud_device_0)]: Received execute msg for Task(11) on Cycle(0) from Workflow(Sipht_30.xml) to run on Vm(0)
[1.26]|[FogDevice(2|cloud_device_0)]: All parent data for Task(11) are received. task can execute
[1.26]|[FogBroker(7)]: Task(11) ack: true
1.46: [Host #0] Total allocated MIPS for VM #0 (Host #0) is 6000.00, was requested 0.00 out of total 6000.00 (0.00%)
1.46: [Host #0] MIPS for VM #0 by PEs (1 * 6000.0). PE #0: 6000.00.
[1.46]|[FogBroker(7)]: Received task completion msg for Task(11) from FogDevice(2)
[1.46]|[FogBroker(7)]: Notifying WorkflowEngine of completed Task(11)...
[1.46]|[FogBroker(7)]: Task(11) on Cycle(0) decided to generate data: true
[1.46]|[FogBroker(7)]: All dispatched tasks are complete
[1.46]|[FogBroker(7)]: There is no vm to destroy
[1.46]|[FogBroker(7)]: There is no vm to create
[1.46]|[FogBroker(7)]: Trying to dispatch tasks...
[1.46]|[FogBroker(7)]: Dispatching tasks...
[1.46]|[FogBroker(7)]: Sending STAGE_IN data for Task(12) to FogDevice(2) with delay: 0.00
[1.46]|[FogDevice(2|cloud_device_0)]: Received Task(12) from Workflow(Sipht_30.xml) with STAGE_IN data to run on Vm(0)
[1.46]|[WorkflowEngine(8)]: Task(11) received as complete
[1.46]|[FogDevice(2|cloud_device_0)]: Received execute msg for Task(12) on Cycle(0) from Workflow(Sipht_30.xml) to run on Vm(0)
[1.46]|[FogDevice(2|cloud_device_0)]: All parent data for Task(12) are received. task can execute
[1.46]|[FogBroker(7)]: Task(12) ack: true
1.63: [Host #0] Total allocated MIPS for VM #0 (Host #0) is 6000.00, was requested 0.00 out of total 6000.00 (0.00%)
1.63: [Host #0] MIPS for VM #0 by PEs (1 * 6000.0). PE #0: 6000.00.
[1.63]|[FogBroker(7)]: Received task completion msg for Task(12) from FogDevice(2)
[1.63]|[FogBroker(7)]: Notifying WorkflowEngine of completed Task(12)...
[1.63]|[FogBroker(7)]: Task(12) on Cycle(0) decided to generate data: true
[1.63]|[FogBroker(7)]: All dispatched tasks are complete
[1.63]|[FogBroker(7)]: There is no vm to destroy
[1.63]|[FogBroker(7)]: There is no vm to create
[1.63]|[FogBroker(7)]: Trying to dispatch tasks...
[1.63]|[FogBroker(7)]: Dispatching tasks...
[1.63]|[FogBroker(7)]: Sending STAGE_IN data for Task(13) to FogDevice(2) with delay: 0.00
[1.63]|[FogDevice(2|cloud_device_0)]: Received Task(13) from Workflow(Sipht_30.xml) with STAGE_IN data to run on Vm(0)
[1.63]|[WorkflowEngine(8)]: Task(12) received as complete
[1.63]|[FogDevice(2|cloud_device_0)]: Received execute msg for Task(13) on Cycle(0) from Workflow(Sipht_30.xml) to run on Vm(0)
[1.63]|[FogDevice(2|cloud_device_0)]: All parent data for Task(13) are received. task can execute
[1.63]|[FogBroker(7)]: Task(13) ack: true
1.69: [Host #0] Total allocated MIPS for VM #4 (Host #0) is 500.00, was requested 0.00 out of total 500.00 (0.00%)
1.69: [Host #0] MIPS for VM #4 by PEs (1 * 500.0). PE #0: 500.00.
[1.69]|[FogBroker(7)]: Received task completion msg for Task(6) from FogDevice(6)
[1.69]|[FogBroker(7)]: Notifying WorkflowEngine of completed Task(6)...
[1.69]|[FogBroker(7)]: Task(6) on Cycle(0) decided to generate data: true
[1.69]|[FogBroker(7)]: All dispatched tasks are complete
[1.69]|[FogBroker(7)]: There is no vm to destroy
[1.69]|[FogBroker(7)]: There is no vm to create
[1.69]|[FogBroker(7)]: Trying to dispatch tasks...
[1.69]|[FogBroker(7)]: Dispatching tasks...
[1.69]|[FogBroker(7)]: Sending STAGE_IN data for Task(14) to FogDevice(6) with delay: 0.00
[1.69]|[FogDevice(6|drone)]: Received Task(14) from Workflow(Sipht_30.xml) with STAGE_IN data to run on Vm(4)
[1.69]|[WorkflowEngine(8)]: Task(6) received as complete
[1.69]|[FogDevice(6|drone)]: Received execute msg for Task(14) on Cycle(0) from Workflow(Sipht_30.xml) to run on Vm(4)
[1.69]|[FogDevice(6|drone)]: All parent data for Task(14) are received. task can execute
[1.69]|[FogBroker(7)]: Task(14) ack: true
1.74: [Host #0] Total allocated MIPS for VM #3 (Host #0) is 500.00, was requested 0.00 out of total 500.00 (0.00%)
1.74: [Host #0] MIPS for VM #3 by PEs (1 * 500.0). PE #0: 500.00.
[1.74]|[FogBroker(7)]: Received task completion msg for Task(5) from FogDevice(5)
[1.74]|[FogBroker(7)]: Notifying WorkflowEngine of completed Task(5)...
[1.74]|[FogBroker(7)]: Task(5) on Cycle(0) decided to generate data: true
[1.74]|[FogBroker(7)]: All dispatched tasks are complete
[1.74]|[FogBroker(7)]: There is no vm to destroy
[1.74]|[FogBroker(7)]: There is no vm to create
[1.74]|[FogBroker(7)]: Trying to dispatch tasks...
[1.74]|[FogBroker(7)]: Dispatching tasks...
[1.74]|[FogBroker(7)]: Sending STAGE_IN data for Task(15) to FogDevice(5) with delay: 0.00
[1.74]|[FogDevice(5|car)]: Received Task(15) from Workflow(Sipht_30.xml) with STAGE_IN data to run on Vm(3)
[1.74]|[WorkflowEngine(8)]: Task(5) received as complete
[1.74]|[FogDevice(5|car)]: Received execute msg for Task(15) on Cycle(0) from Workflow(Sipht_30.xml) to run on Vm(3)
[1.74]|[FogDevice(5|car)]: All parent data for Task(15) are received. task can execute
[1.74]|[FogBroker(7)]: Task(15) ack: true
1.81: [Host #0] Total allocated MIPS for VM #0 (Host #0) is 6000.00, was requested 0.00 out of total 6000.00 (0.00%)
1.81: [Host #0] MIPS for VM #0 by PEs (1 * 6000.0). PE #0: 6000.00.
[1.81]|[FogBroker(7)]: Received task completion msg for Task(13) from FogDevice(2)
[1.81]|[FogBroker(7)]: Notifying WorkflowEngine of completed Task(13)...
[1.81]|[FogBroker(7)]: Task(13) on Cycle(0) decided to generate data: true
[1.81]|[FogBroker(7)]: All dispatched tasks are complete
[1.81]|[FogBroker(7)]: There is no vm to destroy
[1.81]|[FogBroker(7)]: There is no vm to create
[1.81]|[FogBroker(7)]: Trying to dispatch tasks...
[1.81]|[FogBroker(7)]: Dispatching tasks...
[1.81]|[FogBroker(7)]: Sending STAGE_IN data for Task(16) to FogDevice(2) with delay: 0.00
[1.81]|[FogDevice(2|cloud_device_0)]: Received Task(16) from Workflow(Sipht_30.xml) with STAGE_IN data to run on Vm(0)
[1.81]|[WorkflowEngine(8)]: Task(13) received as complete
[1.81]|[FogDevice(2|cloud_device_0)]: Received execute msg for Task(16) on Cycle(0) from Workflow(Sipht_30.xml) to run on Vm(0)
[1.81]|[FogDevice(2|cloud_device_0)]: All parent data for Task(16) are received. task can execute
[1.81]|[FogBroker(7)]: Task(16) ack: true
1.97: [Host #0] Total allocated MIPS for VM #0 (Host #0) is 6000.00, was requested 0.00 out of total 6000.00 (0.00%)
1.97: [Host #0] MIPS for VM #0 by PEs (1 * 6000.0). PE #0: 6000.00.
[1.97]|[FogBroker(7)]: Received task completion msg for Task(16) from FogDevice(2)
[1.97]|[FogBroker(7)]: Notifying WorkflowEngine of completed Task(16)...
[1.97]|[FogBroker(7)]: Task(16) on Cycle(0) decided to generate data: true
[1.97]|[FogBroker(7)]: All dispatched tasks are complete
[1.97]|[FogBroker(7)]: There is no vm to destroy
[1.97]|[FogBroker(7)]: There is no vm to create
[1.97]|[FogBroker(7)]: Trying to dispatch tasks...
[1.97]|[FogBroker(7)]: Dispatching tasks...
[1.97]|[FogBroker(7)]: Sending STAGE_IN data for Task(17) to FogDevice(2) with delay: 0.00
[1.97]|[FogDevice(2|cloud_device_0)]: Received Task(17) from Workflow(Sipht_30.xml) with STAGE_IN data to run on Vm(0)
[1.97]|[WorkflowEngine(8)]: Task(16) received as complete
[1.97]|[FogDevice(2|cloud_device_0)]: Received execute msg for Task(17) on Cycle(0) from Workflow(Sipht_30.xml) to run on Vm(0)
[1.97]|[FogDevice(2|cloud_device_0)]: All parent data for Task(17) are received. task can execute
[1.97]|[FogBroker(7)]: Task(17) ack: true
2.14: [Host #0] Total allocated MIPS for VM #0 (Host #0) is 6000.00, was requested 0.00 out of total 6000.00 (0.00%)
2.14: [Host #0] MIPS for VM #0 by PEs (1 * 6000.0). PE #0: 6000.00.
[2.14]|[FogBroker(7)]: Received task completion msg for Task(17) from FogDevice(2)
[2.14]|[FogBroker(7)]: Notifying WorkflowEngine of completed Task(17)...
[2.14]|[FogBroker(7)]: Task(17) on Cycle(0) decided to generate data: true
[2.14]|[FogBroker(7)]: All dispatched tasks are complete
[2.14]|[FogBroker(7)]: There is no vm to destroy
[2.14]|[FogBroker(7)]: There is no vm to create
[2.14]|[FogBroker(7)]: Trying to dispatch tasks...
[2.14]|[FogBroker(7)]: Dispatching tasks...
[2.14]|[FogBroker(7)]: Sending STAGE_IN data for Task(18) to FogDevice(2) with delay: 0.00
[2.14]|[FogDevice(2|cloud_device_0)]: Received Task(18) from Workflow(Sipht_30.xml) with STAGE_IN data to run on Vm(0)
[2.14]|[WorkflowEngine(8)]: Task(17) received as complete
[2.14]|[FogDevice(2|cloud_device_0)]: Received execute msg for Task(18) on Cycle(0) from Workflow(Sipht_30.xml) to run on Vm(0)
[2.14]|[FogDevice(2|cloud_device_0)]: All parent data for Task(18) are received. task can execute
[2.14]|[FogBroker(7)]: Task(18) ack: true
2.33: [Host #0] Total allocated MIPS for VM #0 (Host #0) is 6000.00, was requested 0.00 out of total 6000.00 (0.00%)
2.33: [Host #0] MIPS for VM #0 by PEs (1 * 6000.0). PE #0: 6000.00.
[2.33]|[FogBroker(7)]: Received task completion msg for Task(18) from FogDevice(2)
[2.33]|[FogBroker(7)]: Notifying WorkflowEngine of completed Task(18)...
[2.33]|[FogBroker(7)]: Task(18) on Cycle(0) decided to generate data: true
[2.33]|[FogBroker(7)]: All dispatched tasks are complete
[2.33]|[FogBroker(7)]: There is no vm to destroy
[2.33]|[FogBroker(7)]: There is no vm to create
[2.33]|[FogBroker(7)]: Trying to dispatch tasks...
[2.33]|[FogBroker(7)]: Dispatching tasks...
[2.33]|[FogBroker(7)]: Sending STAGE_IN data for Task(19) to FogDevice(2) with delay: 0.00
[2.33]|[FogDevice(2|cloud_device_0)]: Received Task(19) from Workflow(Sipht_30.xml) with STAGE_IN data to run on Vm(0)
[2.33]|[WorkflowEngine(8)]: Task(18) received as complete
[2.33]|[FogDevice(2|cloud_device_0)]: Received execute msg for Task(19) on Cycle(0) from Workflow(Sipht_30.xml) to run on Vm(0)
[2.33]|[FogDevice(2|cloud_device_0)]: All parent data for Task(19) are received. task can execute
[2.33]|[FogBroker(7)]: Task(19) ack: true
2.85: [Host #0] Total allocated MIPS for VM #2 (Host #0) is 500.00, was requested 0.00 out of total 500.00 (0.00%)
2.85: [Host #0] MIPS for VM #2 by PEs (1 * 500.0). PE #0: 500.00.
[2.85]|[FogBroker(7)]: Received task completion msg for Task(4) from FogDevice(4)
[2.85]|[FogBroker(7)]: Notifying WorkflowEngine of completed Task(4)...
[2.85]|[FogBroker(7)]: Task(4) on Cycle(0) decided to generate data: true
[2.85]|[FogBroker(7)]: All dispatched tasks are complete
[2.85]|[FogBroker(7)]: There is no vm to destroy
[2.85]|[FogBroker(7)]: There is no vm to create
[2.85]|[FogBroker(7)]: Trying to dispatch tasks...
[2.85]|[FogBroker(7)]: Dispatching tasks...
[2.85]|[FogBroker(7)]: Sending STAGE_IN data for Task(20) to FogDevice(4) with delay: 0.00
[2.85]|[FogDevice(4|camera)]: Received Task(20) from Workflow(Sipht_30.xml) with STAGE_IN data to run on Vm(2)
[2.85]|[WorkflowEngine(8)]: Task(4) received as complete
[2.85]|[FogDevice(4|camera)]: Received execute msg for Task(20) on Cycle(0) from Workflow(Sipht_30.xml) to run on Vm(2)
[2.85]|[FogDevice(4|camera)]: All parent data for Task(20) are received. task can execute
[2.85]|[FogBroker(7)]: Task(20) ack: true
3.29: [Host #0] Total allocated MIPS for VM #1 (Host #0) is 500.00, was requested 0.00 out of total 500.00 (0.00%)
3.29: [Host #0] MIPS for VM #1 by PEs (2 * 500.0). PE #0: 500.00.
[3.29]|[FogBroker(7)]: Received task completion msg for Task(3) from FogDevice(3)
[3.29]|[FogBroker(7)]: Notifying WorkflowEngine of completed Task(3)...
[3.29]|[FogBroker(7)]: Task(3) on Cycle(0) decided to generate data: true
[3.29]|[FogBroker(7)]: All dispatched tasks are complete
[3.29]|[FogBroker(7)]: There is no vm to destroy
[3.29]|[FogBroker(7)]: There is no vm to create
[3.29]|[FogBroker(7)]: Trying to dispatch tasks...
[3.29]|[FogBroker(7)]: Dispatching tasks...
[3.29]|[FogBroker(7)]: Sending STAGE_IN data for Task(21) to FogDevice(3) with delay: 0.00
[3.29]|[FogDevice(3|phone)]: Received Task(21) from Workflow(Sipht_30.xml) with STAGE_IN data to run on Vm(1)
[3.29]|[WorkflowEngine(8)]: Task(3) received as complete
[3.29]|[FogDevice(3|phone)]: Received execute msg for Task(21) on Cycle(0) from Workflow(Sipht_30.xml) to run on Vm(1)
[3.29]|[FogDevice(3|phone)]: All parent data for Task(21) are received. task can execute
[3.29]|[FogBroker(7)]: Task(21) ack: true
3.42: [Host #0] Total allocated MIPS for VM #3 (Host #0) is 500.00, was requested 0.00 out of total 500.00 (0.00%)
3.42: [Host #0] MIPS for VM #3 by PEs (1 * 500.0). PE #0: 500.00.
[3.42]|[FogBroker(7)]: Received task completion msg for Task(15) from FogDevice(5)
[3.42]|[FogBroker(7)]: Notifying WorkflowEngine of completed Task(15)...
[3.42]|[FogBroker(7)]: Task(15) on Cycle(0) decided to generate data: true
[3.42]|[FogBroker(7)]: All dispatched tasks are complete
[3.42]|[FogBroker(7)]: There is no vm to destroy
[3.42]|[FogBroker(7)]: There is no vm to create
[3.42]|[FogBroker(7)]: Trying to dispatch tasks...
[3.42]|[FogBroker(7)]: Dispatching tasks...
[3.42]|[FogBroker(7)]: Sending STAGE_IN data for Task(22) to FogDevice(5) with delay: 0.00
[3.42]|[FogDevice(5|car)]: Received Task(22) from Workflow(Sipht_30.xml) with STAGE_IN data to run on Vm(3)
[3.42]|[WorkflowEngine(8)]: Task(15) received as complete
[3.42]|[FogDevice(5|car)]: Received execute msg for Task(22) on Cycle(0) from Workflow(Sipht_30.xml) to run on Vm(3)
[3.42]|[FogDevice(5|car)]: All parent data for Task(22) are received. task can execute
[3.42]|[FogBroker(7)]: Task(22) ack: true
5.10: [Host #0] Total allocated MIPS for VM #4 (Host #0) is 500.00, was requested 0.00 out of total 500.00 (0.00%)
5.10: [Host #0] MIPS for VM #4 by PEs (1 * 500.0). PE #0: 500.00.
[5.10]|[FogBroker(7)]: Received task completion msg for Task(14) from FogDevice(6)
[5.10]|[FogBroker(7)]: Notifying WorkflowEngine of completed Task(14)...
[5.10]|[FogBroker(7)]: Task(14) on Cycle(0) decided to generate data: true
[5.10]|[FogBroker(7)]: All dispatched tasks are complete
[5.10]|[FogBroker(7)]: There is no vm to destroy
[5.10]|[FogBroker(7)]: There is no vm to create
[5.10]|[FogBroker(7)]: Trying to dispatch tasks...
[5.10]|[FogBroker(7)]: Dispatching tasks...
[5.10]|[WorkflowEngine(8)]: Task(14) received as complete
[5.10]|[WorkflowEngine(8)]: Task(1) is now ready to get executed. Releasing it...
[5.10]|[FogBroker(7)]: Task(1) of Workflow(Sipht_30.xml) received
[5.10]|[FogBroker(7)]: Dispatching tasks...
[5.10]|[FogBroker(7)]: Sending STAGE_OUT_MSG to FogDevice(2) for Task(2) on Cycle(0)
[5.10]|[FogBroker(7)]: Sending STAGE_OUT_MSG to FogDevice(3) for Task(3) on Cycle(0)
[5.10]|[FogBroker(7)]: Sending STAGE_OUT_MSG to FogDevice(4) for Task(4) on Cycle(0)
[5.10]|[FogBroker(7)]: Sending STAGE_OUT_MSG to FogDevice(5) for Task(5) on Cycle(0)
[5.10]|[FogBroker(7)]: Sending STAGE_OUT_MSG to FogDevice(6) for Task(6) on Cycle(0)
[5.10]|[FogBroker(7)]: Sending STAGE_OUT_MSG to FogDevice(2) for Task(7) on Cycle(0)
[5.10]|[FogBroker(7)]: Sending STAGE_OUT_MSG to FogDevice(2) for Task(8) on Cycle(0)
[5.10]|[FogBroker(7)]: Sending STAGE_OUT_MSG to FogDevice(2) for Task(9) on Cycle(0)
[5.10]|[FogBroker(7)]: Sending STAGE_OUT_MSG to FogDevice(2) for Task(10) on Cycle(0)
[5.10]|[FogBroker(7)]: Sending STAGE_OUT_MSG to FogDevice(2) for Task(11) on Cycle(0)
[5.10]|[FogBroker(7)]: Sending STAGE_OUT_MSG to FogDevice(2) for Task(12) on Cycle(0)
[5.10]|[FogBroker(7)]: Sending STAGE_OUT_MSG to FogDevice(2) for Task(13) on Cycle(0)
[5.10]|[FogBroker(7)]: Sending STAGE_OUT_MSG to FogDevice(6) for Task(14) on Cycle(0)
[5.10]|[FogBroker(7)]: Sending STAGE_OUT_MSG to FogDevice(5) for Task(15) on Cycle(0)
[5.10]|[FogBroker(7)]: Sending STAGE_OUT_MSG to FogDevice(2) for Task(16) on Cycle(0)
[5.10]|[FogBroker(7)]: Sending STAGE_OUT_MSG to FogDevice(2) for Task(17) on Cycle(0)
[5.10]|[FogBroker(7)]: Sending STAGE_OUT_MSG to FogDevice(2) for Task(18) on Cycle(0)
[5.10]|[FogBroker(7)]: Asking FogDevice(6) to execute Task(1) on Cycle(0)
[5.10]|[FogDevice(2|cloud_device_0)]: Received STAGE_OUT data of Task(2) on Cycle(0) to FogDevice(6)
[5.10]|[FogDevice(2|cloud_device_0)]: Sending data of Task(2) on Cycle(0) to FogDevice(6) with Delay(9.02919921875E-5)
[5.10]|[FogDevice(2|cloud_device_0)]: Received STAGE_OUT data of Task(7) on Cycle(0) to FogDevice(6)
[5.10]|[FogDevice(2|cloud_device_0)]: Sending data of Task(7) on Cycle(0) to FogDevice(6) with Delay(5.125E-5)
[5.10]|[FogDevice(2|cloud_device_0)]: Received STAGE_OUT data of Task(8) on Cycle(0) to FogDevice(6)
[5.10]|[FogDevice(2|cloud_device_0)]: Sending data of Task(8) on Cycle(0) to FogDevice(6) with Delay(8.21748046875E-5)
[5.10]|[FogDevice(2|cloud_device_0)]: Received STAGE_OUT data of Task(9) on Cycle(0) to FogDevice(6)
[5.10]|[FogDevice(2|cloud_device_0)]: Sending data of Task(9) on Cycle(0) to FogDevice(6) with Delay(1.328759765625E-4)
[5.10]|[FogDevice(2|cloud_device_0)]: Received STAGE_OUT data of Task(10) on Cycle(0) to FogDevice(6)
[5.10]|[FogDevice(2|cloud_device_0)]: Sending data of Task(10) on Cycle(0) to FogDevice(6) with Delay(8.94873046875E-5)
[5.10]|[FogDevice(2|cloud_device_0)]: Received STAGE_OUT data of Task(11) on Cycle(0) to FogDevice(6)
[5.10]|[FogDevice(2|cloud_device_0)]: Sending data of Task(11) on Cycle(0) to FogDevice(6) with Delay(4.62109375E-5)
[5.10]|[FogDevice(2|cloud_device_0)]: Received STAGE_OUT data of Task(12) on Cycle(0) to FogDevice(6)
[5.10]|[FogDevice(2|cloud_device_0)]: Sending data of Task(12) on Cycle(0) to FogDevice(6) with Delay(5.85830078125E-5)
[5.10]|[FogDevice(2|cloud_device_0)]: Received STAGE_OUT data of Task(13) on Cycle(0) to FogDevice(6)
[5.10]|[FogDevice(2|cloud_device_0)]: Sending data of Task(13) on Cycle(0) to FogDevice(6) with Delay(9.5220703125E-5)
[5.10]|[FogDevice(2|cloud_device_0)]: Received STAGE_OUT data of Task(16) on Cycle(0) to FogDevice(6)
[5.10]|[FogDevice(2|cloud_device_0)]: Sending data of Task(16) on Cycle(0) to FogDevice(6) with Delay(5.87841796875E-5)
[5.10]|[FogDevice(2|cloud_device_0)]: Received STAGE_OUT data of Task(17) on Cycle(0) to FogDevice(6)
[5.10]|[FogDevice(2|cloud_device_0)]: Sending data of Task(17) on Cycle(0) to FogDevice(6) with Delay(8.4896484375E-5)
[5.10]|[FogDevice(2|cloud_device_0)]: Received STAGE_OUT data of Task(18) on Cycle(0) to FogDevice(6)
[5.10]|[FogDevice(2|cloud_device_0)]: Sending data of Task(18) on Cycle(0) to FogDevice(6) with Delay(9.89169921875E-5)
[5.10]|[FogDevice(3|phone)]: Received STAGE_OUT data of Task(3) on Cycle(0) to FogDevice(6)
[5.10]|[FogDevice(3|phone)]: Sending data of Task(3) on Cycle(0) to FogDevice(5) with Delay(9.9654296875E-5)
[5.10]|[FogDevice(4|camera)]: Received STAGE_OUT data of Task(4) on Cycle(0) to FogDevice(6)
[5.10]|[FogDevice(4|camera)]: Sending data of Task(4) on Cycle(0) to FogDevice(6) with Delay(8.34521484375E-5)
[5.10]|[FogDevice(5|car)]: Received STAGE_OUT data of Task(5) on Cycle(0) to FogDevice(6)
[5.10]|[FogDevice(5|car)]: Sending data of Task(5) on Cycle(0) to FogDevice(6) with Delay(1.307353515625E-4)
[5.10]|[FogDevice(5|car)]: Received STAGE_OUT data of Task(15) on Cycle(0) to FogDevice(6)
[5.10]|[FogDevice(5|car)]: Sending data of Task(15) on Cycle(0) to FogDevice(6) with Delay(6.50849609375E-5)
[5.10]|[FogDevice(6|drone)]: Received STAGE_OUT data of Task(6) on Cycle(0): (true) and destination is a loop back: sending data instantly
[5.10]|[FogDevice(6|drone)]: Received STAGE_OUT data of Task(14) on Cycle(0): (true) and destination is a loop back: sending data instantly
[5.10]|[FogDevice(6|drone)]: Received execute msg for Task(1) on Cycle(0) from Workflow(Sipht_30.xml) to run on Vm(4)
[5.10]|[FogDevice(6|drone)]: Not all parent data are available. task is added to waiting queue
[5.10]|[FogDevice(6|drone)]: Downloaded data of Task(6) on Cycle(0)
[5.10]|[FogDevice(6|drone)]: Data is for me
[5.10]|[FogDevice(6|drone)]: Updating received data with: Cycle(0): Task(6) -> true
[5.10]|[FogDevice(6|drone)]: Downloaded data of Task(14) on Cycle(0)
[5.10]|[FogDevice(6|drone)]: Data is for me
[5.10]|[FogDevice(6|drone)]: Updating received data with: Cycle(0): Task(14) -> true
[5.10]|[FogDevice(6|drone)]: Downloading data from fog device: 4
[5.10]|[FogDevice(6|drone)]: Downloading data from fog device: 2
[5.10]|[FogDevice(5|car)]: Downloading data from fog device: 3
[5.10]|[FogDevice(6|drone)]: Downloading data from fog device: 5
[5.10]|[FogDevice(6|drone)]: Downloading data from fog device: 2
[5.10]|[FogDevice(6|drone)]: Downloaded data of Task(4) on Cycle(0)
[5.10]|[FogDevice(6|drone)]: Data is for me
[5.10]|[FogDevice(6|drone)]: Updating received data with: Cycle(0): Task(4) -> true
[5.10]|[FogDevice(6|drone)]: Downloading data from fog device: 5
[5.10]|[FogDevice(5|car)]: Downloaded data of Task(3) on Cycle(0)
[5.10]|[FogDevice(5|car)]: Data is not for me. relaying the message
[5.10]|[FogDevice(6|drone)]: Downloading data from fog device: 2
[5.10]|[FogDevice(6|drone)]: Downloaded data of Task(2) on Cycle(0)
[5.10]|[FogDevice(6|drone)]: Data is for me
[5.10]|[FogDevice(6|drone)]: Updating received data with: Cycle(0): Task(2) -> true
[5.10]|[FogDevice(6|drone)]: Downloading data from fog device: 5
[5.10]|[FogDevice(6|drone)]: Downloading data from fog device: 2
[5.10]|[FogDevice(6|drone)]: Downloaded data of Task(5) on Cycle(0)
[5.10]|[FogDevice(6|drone)]: Data is for me
[5.10]|[FogDevice(6|drone)]: Updating received data with: Cycle(0): Task(5) -> true
[5.10]|[FogDevice(6|drone)]: Downloaded data of Task(7) on Cycle(0)
[5.10]|[FogDevice(6|drone)]: Data is for me
[5.10]|[FogDevice(6|drone)]: Updating received data with: Cycle(0): Task(7) -> true
[5.10]|[FogDevice(6|drone)]: Downloading data from fog device: 2
[5.10]|[FogDevice(6|drone)]: Downloading data from fog device: 2
[5.10]|[FogDevice(6|drone)]: Downloaded data of Task(15) on Cycle(0)
[5.10]|[FogDevice(6|drone)]: Data is for me
[5.10]|[FogDevice(6|drone)]: Updating received data with: Cycle(0): Task(15) -> true
[5.10]|[FogDevice(6|drone)]: Downloading data from fog device: 2
[5.10]|[FogDevice(6|drone)]: Downloaded data of Task(8) on Cycle(0)
[5.10]|[FogDevice(6|drone)]: Data is for me
[5.10]|[FogDevice(6|drone)]: Updating received data with: Cycle(0): Task(8) -> true
[5.10]|[FogDevice(6|drone)]: Downloading data from fog device: 2
[5.10]|[FogDevice(6|drone)]: Downloaded data of Task(3) on Cycle(0)
[5.10]|[FogDevice(6|drone)]: Data is for me
[5.10]|[FogDevice(6|drone)]: Updating received data with: Cycle(0): Task(3) -> true
[5.10]|[FogDevice(6|drone)]: Downloading data from fog device: 2
[5.10]|[FogDevice(6|drone)]: Downloading data from fog device: 2
[5.10]|[FogDevice(6|drone)]: Downloaded data of Task(9) on Cycle(0)
[5.10]|[FogDevice(6|drone)]: Data is for me
[5.10]|[FogDevice(6|drone)]: Updating received data with: Cycle(0): Task(9) -> true
[5.10]|[FogDevice(6|drone)]: Downloading data from fog device: 2
[5.10]|[FogDevice(6|drone)]: Downloaded data of Task(10) on Cycle(0)
[5.10]|[FogDevice(6|drone)]: Data is for me
[5.10]|[FogDevice(6|drone)]: Updating received data with: Cycle(0): Task(10) -> true
[5.10]|[FogDevice(6|drone)]: Downloaded data of Task(11) on Cycle(0)
[5.10]|[FogDevice(6|drone)]: Data is for me
[5.10]|[FogDevice(6|drone)]: Updating received data with: Cycle(0): Task(11) -> true
[5.10]|[FogDevice(6|drone)]: Downloaded data of Task(12) on Cycle(0)
[5.10]|[FogDevice(6|drone)]: Data is for me
[5.10]|[FogDevice(6|drone)]: Updating received data with: Cycle(0): Task(12) -> true
[5.10]|[FogDevice(6|drone)]: Downloaded data of Task(13) on Cycle(0)
[5.10]|[FogDevice(6|drone)]: Data is for me
[5.10]|[FogDevice(6|drone)]: Updating received data with: Cycle(0): Task(13) -> true
[5.10]|[FogDevice(6|drone)]: Downloaded data of Task(16) on Cycle(0)
[5.10]|[FogDevice(6|drone)]: Data is for me
[5.10]|[FogDevice(6|drone)]: Updating received data with: Cycle(0): Task(16) -> true
[5.10]|[FogDevice(6|drone)]: Downloaded data of Task(17) on Cycle(0)
[5.10]|[FogDevice(6|drone)]: Data is for me
[5.10]|[FogDevice(6|drone)]: Updating received data with: Cycle(0): Task(17) -> true
[5.10]|[FogDevice(6|drone)]: Downloaded data of Task(18) on Cycle(0)
[5.10]|[FogDevice(6|drone)]: Data is for me
[5.10]|[FogDevice(6|drone)]: Updating received data with: Cycle(0): Task(18) -> true
[5.10]|[FogDevice(6|drone)]: Found Task(1) from Workflow(Sipht_30.xml) that can be executed
[5.10]|[FogDevice(6|drone)]: Received execute msg for Task(1) on Cycle(0) from Workflow(Sipht_30.xml) to run on Vm(4)
[5.10]|[FogDevice(6|drone)]: All parent data for Task(1) are received. task can execute
[5.10]|[FogBroker(7)]: Task(1) ack: true
5.30: [Host #0] Total allocated MIPS for VM #4 (Host #0) is 500.00, was requested 0.00 out of total 500.00 (0.00%)
5.30: [Host #0] MIPS for VM #4 by PEs (1 * 500.0). PE #0: 500.00.
[5.30]|[FogBroker(7)]: Received task completion msg for Task(1) from FogDevice(6)
[5.30]|[FogBroker(7)]: Notifying WorkflowEngine of completed Task(1)...
[5.30]|[FogBroker(7)]: Task(1) on Cycle(0) decided to generate data: true
[5.30]|[FogBroker(7)]: All dispatched tasks are complete
[5.30]|[FogBroker(7)]: There is no vm to destroy
[5.30]|[FogBroker(7)]: There is no vm to create
[5.30]|[FogBroker(7)]: Trying to dispatch tasks...
[5.30]|[FogBroker(7)]: Dispatching tasks...
[5.30]|[WorkflowEngine(8)]: Task(1) received as complete
92.23: [Host #0] Total allocated MIPS for VM #1 (Host #0) is 500.00, was requested 0.00 out of total 500.00 (0.00%)
92.23: [Host #0] MIPS for VM #1 by PEs (2 * 500.0). PE #0: 500.00.
[92.23]|[FogBroker(7)]: Received task completion msg for Task(21) from FogDevice(3)
[92.23]|[FogBroker(7)]: Notifying WorkflowEngine of completed Task(21)...
[92.23]|[FogBroker(7)]: Task(21) on Cycle(0) decided to generate data: true
[92.23]|[FogBroker(7)]: All dispatched tasks are complete
[92.23]|[FogBroker(7)]: There is no vm to destroy
[92.23]|[FogBroker(7)]: There is no vm to create
[92.23]|[FogBroker(7)]: Trying to dispatch tasks...
[92.23]|[FogBroker(7)]: Dispatching tasks...
[92.23]|[WorkflowEngine(8)]: Task(21) received as complete
97.89: [Host #0] Total allocated MIPS for VM #2 (Host #0) is 500.00, was requested 0.00 out of total 500.00 (0.00%)
97.89: [Host #0] MIPS for VM #2 by PEs (1 * 500.0). PE #0: 500.00.
[97.89]|[FogBroker(7)]: Received task completion msg for Task(20) from FogDevice(4)
[97.89]|[FogBroker(7)]: Notifying WorkflowEngine of completed Task(20)...
[97.89]|[FogBroker(7)]: Task(20) on Cycle(0) decided to generate data: true
[97.89]|[FogBroker(7)]: All dispatched tasks are complete
[97.89]|[FogBroker(7)]: There is no vm to destroy
[97.89]|[FogBroker(7)]: There is no vm to create
[97.89]|[FogBroker(7)]: Trying to dispatch tasks...
[97.89]|[FogBroker(7)]: Dispatching tasks...
[97.89]|[WorkflowEngine(8)]: Task(20) received as complete
165.83: [Host #0] Total allocated MIPS for VM #0 (Host #0) is 6000.00, was requested 0.00 out of total 6000.00 (0.00%)
165.83: [Host #0] MIPS for VM #0 by PEs (1 * 6000.0). PE #0: 6000.00.
[165.83]|[FogBroker(7)]: Received task completion msg for Task(19) from FogDevice(2)
[165.83]|[FogBroker(7)]: Notifying WorkflowEngine of completed Task(19)...
[165.83]|[FogBroker(7)]: Task(19) on Cycle(0) decided to generate data: true
[165.83]|[FogBroker(7)]: All dispatched tasks are complete
[165.83]|[FogBroker(7)]: There is no vm to destroy
[165.83]|[FogBroker(7)]: There is no vm to create
[165.83]|[FogBroker(7)]: Trying to dispatch tasks...
[165.83]|[FogBroker(7)]: Dispatching tasks...
[165.83]|[WorkflowEngine(8)]: Task(19) received as complete
4901.58: [Host #0] Total allocated MIPS for VM #3 (Host #0) is 500.00, was requested 0.00 out of total 500.00 (0.00%)
4901.58: [Host #0] MIPS for VM #3 by PEs (1 * 500.0). PE #0: 500.00.
[4901.58]|[FogBroker(7)]: Received task completion msg for Task(22) from FogDevice(5)
[4901.58]|[FogBroker(7)]: Notifying WorkflowEngine of completed Task(22)...
[4901.58]|[FogBroker(7)]: Task(22) on Cycle(0) decided to generate data: true
[4901.58]|[FogBroker(7)]: All dispatched tasks are complete
[4901.58]|[FogBroker(7)]: There is no vm to destroy
[4901.58]|[FogBroker(7)]: There is no vm to create
[4901.58]|[FogBroker(7)]: Trying to dispatch tasks...
[4901.58]|[FogBroker(7)]: Dispatching tasks...
[4901.58]|[WorkflowEngine(8)]: Task(22) received as complete
[4901.58]|[WorkflowEngine(8)]: Task(23) is now ready to get executed. Releasing it...
[4901.58]|[FogBroker(7)]: Task(23) of Workflow(Sipht_30.xml) received
[4901.58]|[FogBroker(7)]: Dispatching tasks...
[4901.58]|[FogBroker(7)]: Sending STAGE_OUT_MSG to FogDevice(2) for Task(19) on Cycle(0)
[4901.58]|[FogBroker(7)]: Sending STAGE_OUT_MSG to FogDevice(4) for Task(20) on Cycle(0)
[4901.58]|[FogBroker(7)]: Sending STAGE_OUT_MSG to FogDevice(3) for Task(21) on Cycle(0)
[4901.58]|[FogBroker(7)]: Sending STAGE_OUT_MSG to FogDevice(5) for Task(22) on Cycle(0)
[4901.58]|[FogBroker(7)]: Asking FogDevice(2) to execute Task(23) on Cycle(0)
[4901.58]|[FogDevice(2|cloud_device_0)]: Received STAGE_OUT data of Task(19) on Cycle(0): (true) and destination is a loop back: sending data instantly
[4901.58]|[FogDevice(2|cloud_device_0)]: Received execute msg for Task(23) on Cycle(0) from Workflow(Sipht_30.xml) to run on Vm(0)
[4901.58]|[FogDevice(2|cloud_device_0)]: Not all parent data are available. task is added to waiting queue
[4901.58]|[FogDevice(3|phone)]: Received STAGE_OUT data of Task(21) on Cycle(0) to FogDevice(2)
[4901.58]|[FogDevice(3|phone)]: Sending data of Task(21) on Cycle(0) to FogDevice(2) with Delay(4.684453125E-4)
[4901.58]|[FogDevice(4|camera)]: Received STAGE_OUT data of Task(20) on Cycle(0) to FogDevice(2)
[4901.58]|[FogDevice(4|camera)]: Sending data of Task(20) on Cycle(0) to FogDevice(2) with Delay(0.00104206640625)
[4901.58]|[FogDevice(5|car)]: Received STAGE_OUT data of Task(22) on Cycle(0) to FogDevice(2)
[4901.58]|[FogDevice(5|car)]: Sending data of Task(22) on Cycle(0) to FogDevice(2) with Delay(0.003087935546875)
[4901.58]|[FogDevice(2|cloud_device_0)]: Downloaded data of Task(19) on Cycle(0)
[4901.58]|[FogDevice(2|cloud_device_0)]: Data is for me
[4901.58]|[FogDevice(2|cloud_device_0)]: Updating received data with: Cycle(0): Task(19) -> true
[4901.58]|[FogDevice(2|cloud_device_0)]: Downloading data from fog device: 3
[4901.58]|[FogDevice(2|cloud_device_0)]: Downloaded data of Task(21) on Cycle(0)
[4901.58]|[FogDevice(2|cloud_device_0)]: Data is for me
[4901.58]|[FogDevice(2|cloud_device_0)]: Updating received data with: Cycle(0): Task(21) -> true
[4901.58]|[FogDevice(2|cloud_device_0)]: Downloading data from fog device: 4
[4901.58]|[FogDevice(2|cloud_device_0)]: Downloaded data of Task(20) on Cycle(0)
[4901.58]|[FogDevice(2|cloud_device_0)]: Data is for me
[4901.58]|[FogDevice(2|cloud_device_0)]: Updating received data with: Cycle(0): Task(20) -> true
[4901.58]|[FogDevice(2|cloud_device_0)]: Downloading data from fog device: 5
[4901.59]|[FogDevice(2|cloud_device_0)]: Downloaded data of Task(22) on Cycle(0)
[4901.59]|[FogDevice(2|cloud_device_0)]: Data is for me
[4901.59]|[FogDevice(2|cloud_device_0)]: Updating received data with: Cycle(0): Task(22) -> true
[4901.59]|[FogDevice(2|cloud_device_0)]: Found Task(23) from Workflow(Sipht_30.xml) that can be executed
[4901.59]|[FogDevice(2|cloud_device_0)]: Received execute msg for Task(23) on Cycle(0) from Workflow(Sipht_30.xml) to run on Vm(0)
[4901.59]|[FogDevice(2|cloud_device_0)]: All parent data for Task(23) are received. task can execute
4901.59: [Host #0] Total allocated MIPS for VM #0 (Host #0) is 6000.00, was requested 0.00 out of total 6000.00 (0.00%)
4901.59: [Host #0] MIPS for VM #0 by PEs (1 * 6000.0). PE #0: 6000.00.
[4901.59]|[FogBroker(7)]: Task(23) ack: true
4983.46: [Host #0] Total allocated MIPS for VM #0 (Host #0) is 6000.00, was requested 0.00 out of total 6000.00 (0.00%)
4983.46: [Host #0] MIPS for VM #0 by PEs (1 * 6000.0). PE #0: 6000.00.
[4983.46]|[FogBroker(7)]: Received task completion msg for Task(23) from FogDevice(2)
[4983.46]|[FogBroker(7)]: Notifying WorkflowEngine of completed Task(23)...
[4983.46]|[FogBroker(7)]: Task(23) on Cycle(0) decided to generate data: true
[4983.46]|[FogBroker(7)]: All dispatched tasks are complete
[4983.46]|[FogBroker(7)]: There is no vm to destroy
[4983.46]|[FogBroker(7)]: There is no vm to create
[4983.46]|[FogBroker(7)]: Trying to dispatch tasks...
[4983.46]|[FogBroker(7)]: Dispatching tasks...
[4983.46]|[WorkflowEngine(8)]: Task(23) received as complete
[4983.46]|[WorkflowEngine(8)]: Task(24) is now ready to get executed. Releasing it...
[4983.46]|[WorkflowEngine(8)]: Task(25) is now ready to get executed. Releasing it...
[4983.46]|[WorkflowEngine(8)]: Task(26) is now ready to get executed. Releasing it...
[4983.46]|[WorkflowEngine(8)]: Task(28) is now ready to get executed. Releasing it...
[4983.46]|[FogBroker(7)]: Task(24) of Workflow(Sipht_30.xml) received
[4983.46]|[FogBroker(7)]: Dispatching tasks...
[4983.46]|[FogBroker(7)]: Sending STAGE_OUT_MSG to FogDevice(2) for Task(23) on Cycle(0)
[4983.46]|[FogBroker(7)]: Asking FogDevice(2) to execute Task(24) on Cycle(0)
[4983.46]|[FogBroker(7)]: Task(25) of Workflow(Sipht_30.xml) received
[4983.46]|[FogBroker(7)]: Dispatching tasks...
[4983.46]|[FogBroker(7)]: Sending STAGE_OUT_MSG to FogDevice(2) for Task(23) on Cycle(0)
[4983.46]|[FogBroker(7)]: Asking FogDevice(3) to execute Task(25) on Cycle(0)
[4983.46]|[FogBroker(7)]: Task(26) of Workflow(Sipht_30.xml) received
[4983.46]|[FogBroker(7)]: Dispatching tasks...
[4983.46]|[FogBroker(7)]: Sending STAGE_OUT_MSG to FogDevice(2) for Task(23) on Cycle(0)
[4983.46]|[FogBroker(7)]: Asking FogDevice(4) to execute Task(26) on Cycle(0)
[4983.46]|[FogBroker(7)]: Task(28) of Workflow(Sipht_30.xml) received
[4983.46]|[FogBroker(7)]: Dispatching tasks...
[4983.46]|[FogBroker(7)]: Sending STAGE_OUT_MSG to FogDevice(2) for Task(23) on Cycle(0)
[4983.46]|[FogBroker(7)]: Asking FogDevice(5) to execute Task(28) on Cycle(0)
[4983.46]|[FogDevice(2|cloud_device_0)]: Received STAGE_OUT data of Task(23) on Cycle(0): (true) and destination is a loop back: sending data instantly
[4983.46]|[FogDevice(2|cloud_device_0)]: Received execute msg for Task(24) on Cycle(0) from Workflow(Sipht_30.xml) to run on Vm(0)
[4983.46]|[FogDevice(2|cloud_device_0)]: Not all parent data are available. task is added to waiting queue
[4983.46]|[FogDevice(2|cloud_device_0)]: Received STAGE_OUT data of Task(23) on Cycle(0) to FogDevice(3)
[4983.46]|[FogDevice(2|cloud_device_0)]: Sending data of Task(23) on Cycle(0) to FogDevice(3) with Delay(8.4208984375E-5)
[4983.46]|[FogDevice(2|cloud_device_0)]: Received STAGE_OUT data of Task(23) on Cycle(0) to FogDevice(4)
[4983.46]|[FogDevice(2|cloud_device_0)]: Sending data of Task(23) on Cycle(0) to FogDevice(4) with Delay(8.4208984375E-5)
[4983.46]|[FogDevice(2|cloud_device_0)]: Received STAGE_OUT data of Task(23) on Cycle(0) to FogDevice(5)
[4983.46]|[FogDevice(2|cloud_device_0)]: Sending data of Task(23) on Cycle(0) to FogDevice(5) with Delay(8.4208984375E-5)
[4983.46]|[FogDevice(3|phone)]: Received execute msg for Task(25) on Cycle(0) from Workflow(Sipht_30.xml) to run on Vm(1)
[4983.46]|[FogDevice(3|phone)]: Not all parent data are available. task is added to waiting queue
[4983.46]|[FogDevice(4|camera)]: Received execute msg for Task(26) on Cycle(0) from Workflow(Sipht_30.xml) to run on Vm(2)
[4983.46]|[FogDevice(4|camera)]: Not all parent data are available. task is added to waiting queue
[4983.46]|[FogDevice(5|car)]: Received execute msg for Task(28) on Cycle(0) from Workflow(Sipht_30.xml) to run on Vm(3)
[4983.46]|[FogDevice(5|car)]: Not all parent data are available. task is added to waiting queue
[4983.46]|[FogDevice(2|cloud_device_0)]: Downloaded data of Task(23) on Cycle(0)
[4983.46]|[FogDevice(2|cloud_device_0)]: Data is for me
[4983.46]|[FogDevice(2|cloud_device_0)]: Updating received data with: Cycle(0): Task(23) -> true
[4983.46]|[FogDevice(2|cloud_device_0)]: Found Task(24) from Workflow(Sipht_30.xml) that can be executed
[4983.46]|[FogDevice(2|cloud_device_0)]: Received execute msg for Task(24) on Cycle(0) from Workflow(Sipht_30.xml) to run on Vm(0)
[4983.46]|[FogDevice(2|cloud_device_0)]: All parent data for Task(24) are received. task can execute
[4983.46]|[FogBroker(7)]: Task(24) ack: true
[4983.46]|[FogDevice(3|phone)]: Downloading data from fog device: 2
[4983.46]|[FogDevice(4|camera)]: Downloading data from fog device: 2
[4983.46]|[FogDevice(5|car)]: Downloading data from fog device: 2
[4983.47]|[FogDevice(3|phone)]: Downloaded data of Task(23) on Cycle(0)
[4983.47]|[FogDevice(3|phone)]: Data is for me
[4983.47]|[FogDevice(3|phone)]: Updating received data with: Cycle(0): Task(23) -> true
[4983.47]|[FogDevice(3|phone)]: Found Task(25) from Workflow(Sipht_30.xml) that can be executed
[4983.47]|[FogDevice(3|phone)]: Received execute msg for Task(25) on Cycle(0) from Workflow(Sipht_30.xml) to run on Vm(1)
[4983.47]|[FogDevice(3|phone)]: All parent data for Task(25) are received. task can execute
4983.47: [Host #0] Total allocated MIPS for VM #1 (Host #0) is 500.00, was requested 0.00 out of total 500.00 (0.00%)
4983.47: [Host #0] MIPS for VM #1 by PEs (2 * 500.0). PE #0: 500.00.
[4983.47]|[FogBroker(7)]: Task(25) ack: true
[4983.47]|[FogDevice(4|camera)]: Downloaded data of Task(23) on Cycle(0)
[4983.47]|[FogDevice(4|camera)]: Data is for me
[4983.47]|[FogDevice(4|camera)]: Updating received data with: Cycle(0): Task(23) -> true
[4983.47]|[FogDevice(4|camera)]: Found Task(26) from Workflow(Sipht_30.xml) that can be executed
[4983.47]|[FogDevice(4|camera)]: Received execute msg for Task(26) on Cycle(0) from Workflow(Sipht_30.xml) to run on Vm(2)
[4983.47]|[FogDevice(4|camera)]: All parent data for Task(26) are received. task can execute
4983.47: [Host #0] Total allocated MIPS for VM #2 (Host #0) is 500.00, was requested 0.00 out of total 500.00 (0.00%)
4983.47: [Host #0] MIPS for VM #2 by PEs (1 * 500.0). PE #0: 500.00.
[4983.47]|[FogBroker(7)]: Task(26) ack: true
[4983.47]|[FogDevice(5|car)]: Downloaded data of Task(23) on Cycle(0)
[4983.47]|[FogDevice(5|car)]: Data is for me
[4983.47]|[FogDevice(5|car)]: Updating received data with: Cycle(0): Task(23) -> true
[4983.47]|[FogDevice(5|car)]: Found Task(28) from Workflow(Sipht_30.xml) that can be executed
[4983.47]|[FogDevice(5|car)]: Received execute msg for Task(28) on Cycle(0) from Workflow(Sipht_30.xml) to run on Vm(3)
[4983.47]|[FogDevice(5|car)]: All parent data for Task(28) are received. task can execute
4983.47: [Host #0] Total allocated MIPS for VM #3 (Host #0) is 500.00, was requested 0.00 out of total 500.00 (0.00%)
4983.47: [Host #0] MIPS for VM #3 by PEs (1 * 500.0). PE #0: 500.00.
[4983.47]|[FogBroker(7)]: Task(28) ack: true
4983.72: [Host #0] Total allocated MIPS for VM #0 (Host #0) is 6000.00, was requested 0.00 out of total 6000.00 (0.00%)
4983.72: [Host #0] MIPS for VM #0 by PEs (1 * 6000.0). PE #0: 6000.00.
[4983.72]|[FogBroker(7)]: Received task completion msg for Task(24) from FogDevice(2)
[4983.72]|[FogBroker(7)]: Notifying WorkflowEngine of completed Task(24)...
[4983.72]|[FogBroker(7)]: Task(24) on Cycle(0) decided to generate data: true
[4983.72]|[FogBroker(7)]: All dispatched tasks are complete
[4983.72]|[FogBroker(7)]: There is no vm to destroy
[4983.72]|[FogBroker(7)]: There is no vm to create
[4983.72]|[FogBroker(7)]: Trying to dispatch tasks...
[4983.72]|[FogBroker(7)]: Dispatching tasks...
[4983.72]|[WorkflowEngine(8)]: Task(24) received as complete
[4983.72]|[WorkflowEngine(8)]: Task(27) is now ready to get executed. Releasing it...
[4983.72]|[FogBroker(7)]: Task(27) of Workflow(Sipht_30.xml) received
[4983.72]|[FogBroker(7)]: Dispatching tasks...
[4983.72]|[FogBroker(7)]: Sending STAGE_OUT_MSG to FogDevice(2) for Task(23) on Cycle(0)
[4983.72]|[FogBroker(7)]: Sending STAGE_OUT_MSG to FogDevice(2) for Task(24) on Cycle(0)
[4983.72]|[FogBroker(7)]: Asking FogDevice(2) to execute Task(27) on Cycle(0)
[4983.72]|[FogDevice(2|cloud_device_0)]: Received STAGE_OUT data of Task(23) on Cycle(0): (true) and destination is a loop back: sending data instantly
[4983.72]|[FogDevice(2|cloud_device_0)]: Received STAGE_OUT data of Task(24) on Cycle(0): (true) and destination is a loop back: sending data instantly
[4983.72]|[FogDevice(2|cloud_device_0)]: Received execute msg for Task(27) on Cycle(0) from Workflow(Sipht_30.xml) to run on Vm(0)
[4983.72]|[FogDevice(2|cloud_device_0)]: Not all parent data are available. task is added to waiting queue
[4983.72]|[FogDevice(2|cloud_device_0)]: Downloaded data of Task(23) on Cycle(0)
[4983.72]|[FogDevice(2|cloud_device_0)]: Data is for me
[4983.72]|[FogDevice(2|cloud_device_0)]: Updating received data with: Cycle(0): Task(23) -> true
[4983.72]|[FogDevice(2|cloud_device_0)]: Downloaded data of Task(24) on Cycle(0)
[4983.72]|[FogDevice(2|cloud_device_0)]: Data is for me
[4983.72]|[FogDevice(2|cloud_device_0)]: Updating received data with: Cycle(0): Task(24) -> true
[4983.72]|[FogDevice(2|cloud_device_0)]: Found Task(27) from Workflow(Sipht_30.xml) that can be executed
[4983.72]|[FogDevice(2|cloud_device_0)]: Received execute msg for Task(27) on Cycle(0) from Workflow(Sipht_30.xml) to run on Vm(0)
[4983.72]|[FogDevice(2|cloud_device_0)]: All parent data for Task(27) are received. task can execute
[4983.72]|[FogBroker(7)]: Task(27) ack: true
4989.22: [Host #0] Total allocated MIPS for VM #0 (Host #0) is 6000.00, was requested 0.00 out of total 6000.00 (0.00%)
4989.22: [Host #0] MIPS for VM #0 by PEs (1 * 6000.0). PE #0: 6000.00.
[4989.22]|[FogBroker(7)]: Received task completion msg for Task(27) from FogDevice(2)
[4989.22]|[FogBroker(7)]: Notifying WorkflowEngine of completed Task(27)...
[4989.22]|[FogBroker(7)]: Task(27) on Cycle(0) decided to generate data: true
[4989.22]|[FogBroker(7)]: All dispatched tasks are complete
[4989.22]|[FogBroker(7)]: There is no vm to destroy
[4989.22]|[FogBroker(7)]: There is no vm to create
[4989.22]|[FogBroker(7)]: Trying to dispatch tasks...
[4989.22]|[FogBroker(7)]: Dispatching tasks...
[4989.22]|[WorkflowEngine(8)]: Task(27) received as complete
4990.39: [Host #0] Total allocated MIPS for VM #3 (Host #0) is 500.00, was requested 0.00 out of total 500.00 (0.00%)
4990.39: [Host #0] MIPS for VM #3 by PEs (1 * 500.0). PE #0: 500.00.
[4990.39]|[FogBroker(7)]: Received task completion msg for Task(28) from FogDevice(5)
[4990.39]|[FogBroker(7)]: Notifying WorkflowEngine of completed Task(28)...
[4990.39]|[FogBroker(7)]: Task(28) on Cycle(0) decided to generate data: true
[4990.39]|[FogBroker(7)]: All dispatched tasks are complete
[4990.39]|[FogBroker(7)]: There is no vm to destroy
[4990.39]|[FogBroker(7)]: There is no vm to create
[4990.39]|[FogBroker(7)]: Trying to dispatch tasks...
[4990.39]|[FogBroker(7)]: Dispatching tasks...
[4990.39]|[WorkflowEngine(8)]: Task(28) received as complete
4995.45: [Host #0] Total allocated MIPS for VM #1 (Host #0) is 500.00, was requested 0.00 out of total 500.00 (0.00%)
4995.45: [Host #0] MIPS for VM #1 by PEs (2 * 500.0). PE #0: 500.00.
[4995.45]|[FogBroker(7)]: Received task completion msg for Task(25) from FogDevice(3)
[4995.45]|[FogBroker(7)]: Notifying WorkflowEngine of completed Task(25)...
[4995.45]|[FogBroker(7)]: Task(25) on Cycle(0) decided to generate data: true
[4995.45]|[FogBroker(7)]: All dispatched tasks are complete
[4995.45]|[FogBroker(7)]: There is no vm to destroy
[4995.45]|[FogBroker(7)]: There is no vm to create
[4995.45]|[FogBroker(7)]: Trying to dispatch tasks...
[4995.45]|[FogBroker(7)]: Dispatching tasks...
[4995.45]|[WorkflowEngine(8)]: Task(25) received as complete
7916.33: [Host #0] Total allocated MIPS for VM #2 (Host #0) is 500.00, was requested 0.00 out of total 500.00 (0.00%)
7916.33: [Host #0] MIPS for VM #2 by PEs (1 * 500.0). PE #0: 500.00.
[7916.33]|[FogBroker(7)]: Received task completion msg for Task(26) from FogDevice(4)
[7916.33]|[FogBroker(7)]: Notifying WorkflowEngine of completed Task(26)...
[7916.33]|[FogBroker(7)]: Task(26) on Cycle(0) decided to generate data: true
[7916.33]|[FogBroker(7)]: All dispatched tasks are complete
[7916.33]|[FogBroker(7)]: There is no vm to destroy
[7916.33]|[FogBroker(7)]: There is no vm to create
[7916.33]|[FogBroker(7)]: Trying to dispatch tasks...
[7916.33]|[FogBroker(7)]: Dispatching tasks...
[7916.33]|[WorkflowEngine(8)]: Task(26) received as complete
[7916.33]|[WorkflowEngine(8)]: Task(29) is now ready to get executed. Releasing it...
[7916.33]|[FogBroker(7)]: Task(29) of Workflow(Sipht_30.xml) received
[7916.33]|[FogBroker(7)]: Dispatching tasks...
[7916.33]|[FogBroker(7)]: Sending STAGE_OUT_MSG to FogDevice(6) for Task(1) on Cycle(0)
[7916.33]|[FogBroker(7)]: Sending STAGE_OUT_MSG to FogDevice(2) for Task(23) on Cycle(0)
[7916.33]|[FogBroker(7)]: Sending STAGE_OUT_MSG to FogDevice(3) for Task(25) on Cycle(0)
[7916.33]|[FogBroker(7)]: Sending STAGE_OUT_MSG to FogDevice(4) for Task(26) on Cycle(0)
[7916.33]|[FogBroker(7)]: Sending STAGE_OUT_MSG to FogDevice(2) for Task(27) on Cycle(0)
[7916.33]|[FogBroker(7)]: Sending STAGE_OUT_MSG to FogDevice(5) for Task(28) on Cycle(0)
[7916.33]|[FogBroker(7)]: Asking FogDevice(2) to execute Task(29) on Cycle(0)
[7916.33]|[FogDevice(2|cloud_device_0)]: Received STAGE_OUT data of Task(23) on Cycle(0): (true) and destination is a loop back: sending data instantly
[7916.33]|[FogDevice(2|cloud_device_0)]: Received STAGE_OUT data of Task(27) on Cycle(0): (true) and destination is a loop back: sending data instantly
[7916.33]|[FogDevice(2|cloud_device_0)]: Received execute msg for Task(29) on Cycle(0) from Workflow(Sipht_30.xml) to run on Vm(0)
[7916.33]|[FogDevice(2|cloud_device_0)]: Not all parent data are available. task is added to waiting queue
[7916.33]|[FogDevice(3|phone)]: Received STAGE_OUT data of Task(25) on Cycle(0) to FogDevice(2)
[7916.33]|[FogDevice(3|phone)]: Sending data of Task(25) on Cycle(0) to FogDevice(2) with Delay(1.45908203125E-5)
[7916.33]|[FogDevice(4|camera)]: Received STAGE_OUT data of Task(26) on Cycle(0) to FogDevice(2)
[7916.33]|[FogDevice(4|camera)]: Sending data of Task(26) on Cycle(0) to FogDevice(2) with Delay(1.707060546875E-4)
[7916.33]|[FogDevice(5|car)]: Received STAGE_OUT data of Task(28) on Cycle(0) to FogDevice(2)
[7916.33]|[FogDevice(5|car)]: Sending data of Task(28) on Cycle(0) to FogDevice(2) with Delay(3.56134765625E-4)
[7916.33]|[FogDevice(6|drone)]: Received STAGE_OUT data of Task(1) on Cycle(0) to FogDevice(2)
[7916.33]|[FogDevice(6|drone)]: Sending data of Task(1) on Cycle(0) to FogDevice(2) with Delay(0.00151116015625)
[7916.33]|[FogDevice(2|cloud_device_0)]: Downloaded data of Task(23) on Cycle(0)
[7916.33]|[FogDevice(2|cloud_device_0)]: Data is for me
[7916.33]|[FogDevice(2|cloud_device_0)]: Updating received data with: Cycle(0): Task(23) -> true
[7916.33]|[FogDevice(2|cloud_device_0)]: Downloaded data of Task(27) on Cycle(0)
[7916.33]|[FogDevice(2|cloud_device_0)]: Data is for me
[7916.33]|[FogDevice(2|cloud_device_0)]: Updating received data with: Cycle(0): Task(27) -> true
[7916.33]|[FogDevice(2|cloud_device_0)]: Downloading data from fog device: 3
[7916.33]|[FogDevice(2|cloud_device_0)]: Downloaded data of Task(25) on Cycle(0)
[7916.33]|[FogDevice(2|cloud_device_0)]: Data is for me
[7916.33]|[FogDevice(2|cloud_device_0)]: Updating received data with: Cycle(0): Task(25) -> true
[7916.33]|[FogDevice(2|cloud_device_0)]: Downloading data from fog device: 4
[7916.33]|[FogDevice(2|cloud_device_0)]: Downloading data from fog device: 5
[7916.33]|[FogDevice(2|cloud_device_0)]: Downloading data from fog device: 6
[7916.33]|[FogDevice(2|cloud_device_0)]: Downloaded data of Task(26) on Cycle(0)
[7916.33]|[FogDevice(2|cloud_device_0)]: Data is for me
[7916.33]|[FogDevice(2|cloud_device_0)]: Updating received data with: Cycle(0): Task(26) -> true
[7916.33]|[FogDevice(2|cloud_device_0)]: Downloaded data of Task(28) on Cycle(0)
[7916.33]|[FogDevice(2|cloud_device_0)]: Data is for me
[7916.33]|[FogDevice(2|cloud_device_0)]: Updating received data with: Cycle(0): Task(28) -> true
[7916.33]|[FogDevice(2|cloud_device_0)]: Downloaded data of Task(1) on Cycle(0)
[7916.33]|[FogDevice(2|cloud_device_0)]: Data is for me
[7916.33]|[FogDevice(2|cloud_device_0)]: Updating received data with: Cycle(0): Task(1) -> true
[7916.33]|[FogDevice(2|cloud_device_0)]: Found Task(29) from Workflow(Sipht_30.xml) that can be executed
[7916.33]|[FogDevice(2|cloud_device_0)]: Received execute msg for Task(29) on Cycle(0) from Workflow(Sipht_30.xml) to run on Vm(0)
[7916.33]|[FogDevice(2|cloud_device_0)]: All parent data for Task(29) are received. task can execute
7916.33: [Host #0] Total allocated MIPS for VM #0 (Host #0) is 6000.00, was requested 0.00 out of total 6000.00 (0.00%)
7916.33: [Host #0] MIPS for VM #0 by PEs (1 * 6000.0). PE #0: 6000.00.
[7916.33]|[FogBroker(7)]: Task(29) ack: true
7916.69: [Host #0] Total allocated MIPS for VM #0 (Host #0) is 6000.00, was requested 0.00 out of total 6000.00 (0.00%)
7916.69: [Host #0] MIPS for VM #0 by PEs (1 * 6000.0). PE #0: 6000.00.
[7916.69]|[FogBroker(7)]: Received task completion msg for Task(29) from FogDevice(2)
[7916.69]|[FogBroker(7)]: Notifying WorkflowEngine of completed Task(29)...
[7916.69]|[FogBroker(7)]: Task(29) on Cycle(0) decided to generate data: true
[7916.69]|[FogBroker(7)]: All dispatched tasks are complete
[7916.69]|[FogBroker(7)]: There is no vm to destroy
[7916.69]|[FogBroker(7)]: There is no vm to create
[7916.69]|[FogBroker(7)]: Trying to dispatch tasks...
[7916.69]|[FogBroker(7)]: Dispatching tasks...
[7916.69]|[WorkflowEngine(8)]: Task(29) received as complete
Simulation: No more future events
CloudInformationService: Notify all CloudSim entities for shutting down.
cloud_device_0 is shutting down...
phone is shutting down...
camera is shutting down...
car is shutting down...
drone is shutting down...
[7916.69]|[WorkflowEngine(8)]: Shutting down entity...
Simulation completed.
Simulation completed.
5052.631578947368
300.0
300.0
333.3333333333333
375.0
Cycle: 0

 Task ID  On Vm  Start Execution Time  End Execution Time  Duration 

 1        4      5.10                  5.30                0.20     

 2        0      0.11                  0.38                0.27     

 3        1      0.11                  3.29                3.18     

 4        2      0.11                  2.85                2.74     

 5        3      0.11                  1.74                1.63     

 6        4      0.11                  1.69                1.58     

 7        0      0.38                  0.56                0.18     

 8        0      0.56                  0.82                0.26     

 9        0      0.82                  1.00                0.18     

 10       0      1.00                  1.26                0.26     

 11       0      1.26                  1.46                0.20     

 12       0      1.46                  1.63                0.17     

 13       0      1.63                  1.81                0.18     

 14       4      1.69                  5.10                3.40     

 15       3      1.74                  3.42                1.68     

 16       0      1.81                  1.97                0.16     

 17       0      1.97                  2.14                0.17     

 18       0      2.14                  2.33                0.18     

 19       0      2.33                  165.83              163.50   

 20       2      2.85                  97.89               95.03    

 21       1      3.29                  92.23               88.94    

 22       3      3.42                  4901.58             4898.16  

 23       0      4901.59               4983.46             81.87    

 24       0      4983.46               4983.72             0.26     

 25       1      4983.47               4995.45             11.98    

 26       2      4983.47               7916.33             2932.86  

 27       0      4983.72               4989.22             5.50     

 28       3      4983.47               4990.39             6.92     

 29       0      7916.33               7916.69             0.36     


End Execution Time: 7916.693942306966

BUILD SUCCESSFUL in 609ms
3 actionable tasks: 1 executed, 2 up-to-date
