> Task :compileJava UP-TO-DATE
> Task :processResources UP-TO-DATE
> Task :classes UP-TO-DATE

> Task :Inspiral30.main()
Initialising...
Starting CloudSim version 3.0
[0.00]|[FogDevice(2|cloud_device_0)]: Starting FogDevice(2)...
[0.00]|[FogDevice(3|edge_device_0)]: Starting FogDevice(3)...
[0.00]|[FogDevice(4|edge_device_1)]: Starting FogDevice(4)...
[0.00]|[FogDevice(5|edge_and_end_device_0)]: Starting FogDevice(5)...
[0.00]|[FogDevice(6|edge_and_end_device_1)]: Starting FogDevice(6)...
[0.00]|[FogDevice(7|phone)]: Starting FogDevice(7)...
[0.00]|[FogDevice(8|camera)]: Starting FogDevice(8)...
[0.00]|[FogDevice(9|car)]: Starting FogDevice(9)...
[0.00]|[FogDevice(10|drone_0)]: Starting FogDevice(10)...
[0.00]|[FogDevice(11|drone_1)]: Starting FogDevice(11)...
[0.00]|[FogBroker(12)]: Starting FogBroker...
[0.00]|[WorkflowEngine(13)]: Starting WorkflowEngine...
[0.00]|[TaskManager(14)]: Starting Task Manager...
[0.00]|[TaskManager(14)]: Sending task: 1 of workflow: Inspiral_30.xml
[0.00]|[TaskManager(14)]: Sending task: 2 of workflow: Inspiral_30.xml
[0.00]|[TaskManager(14)]: Sending task: 3 of workflow: Inspiral_30.xml
[0.00]|[TaskManager(14)]: Sending task: 4 of workflow: Inspiral_30.xml
[0.00]|[TaskManager(14)]: Sending task: 5 of workflow: Inspiral_30.xml
[0.00]|[TaskManager(14)]: Sending task: 6 of workflow: Inspiral_30.xml
[0.00]|[TaskManager(14)]: Sending task: 7 of workflow: Inspiral_30.xml
[0.00]|[TaskManager(14)]: Sending task: 8 of workflow: Inspiral_30.xml
[0.00]|[TaskManager(14)]: Sending task: 9 of workflow: Inspiral_30.xml
[0.00]|[TaskManager(14)]: Sending task: 10 of workflow: Inspiral_30.xml
[0.00]|[TaskManager(14)]: Sending task: 11 of workflow: Inspiral_30.xml
[0.00]|[TaskManager(14)]: Sending task: 12 of workflow: Inspiral_30.xml
[0.00]|[TaskManager(14)]: Sending task: 13 of workflow: Inspiral_30.xml
[0.00]|[TaskManager(14)]: Sending task: 14 of workflow: Inspiral_30.xml
[0.00]|[TaskManager(14)]: Sending task: 15 of workflow: Inspiral_30.xml
[0.00]|[TaskManager(14)]: Sending task: 16 of workflow: Inspiral_30.xml
[0.00]|[TaskManager(14)]: Sending task: 17 of workflow: Inspiral_30.xml
[0.00]|[TaskManager(14)]: Sending task: 18 of workflow: Inspiral_30.xml
[0.00]|[TaskManager(14)]: Sending task: 19 of workflow: Inspiral_30.xml
[0.00]|[TaskManager(14)]: Sending task: 20 of workflow: Inspiral_30.xml
[0.00]|[TaskManager(14)]: Sending task: 21 of workflow: Inspiral_30.xml
[0.00]|[TaskManager(14)]: Sending task: 22 of workflow: Inspiral_30.xml
[0.00]|[TaskManager(14)]: Sending task: 23 of workflow: Inspiral_30.xml
[0.00]|[TaskManager(14)]: Sending task: 24 of workflow: Inspiral_30.xml
[0.00]|[TaskManager(14)]: Sending task: 25 of workflow: Inspiral_30.xml
[0.00]|[TaskManager(14)]: Sending task: 26 of workflow: Inspiral_30.xml
[0.00]|[TaskManager(14)]: Sending task: 27 of workflow: Inspiral_30.xml
[0.00]|[TaskManager(14)]: Sending task: 28 of workflow: Inspiral_30.xml
[0.00]|[TaskManager(14)]: Sending task: 29 of workflow: Inspiral_30.xml
[0.00]|[TaskManager(14)]: Sending task: 30 of workflow: Inspiral_30.xml
Entities started.
[0.00]|[FogBroker(12)]: Requesting for fog devices characteristics...
[0.00]|[WorkflowEngine(13)]: Task(1) of workflow(Inspiral_30.xml) received
[0.00]|[WorkflowEngine(13)]: Sending Task(1) from workflow(Inspiral_30.xml)...
[0.00]|[WorkflowEngine(13)]: Task(2) of workflow(Inspiral_30.xml) received
[0.00]|[WorkflowEngine(13)]: Sending Task(2) from workflow(Inspiral_30.xml)...
[0.00]|[WorkflowEngine(13)]: Task(3) of workflow(Inspiral_30.xml) received
[0.00]|[WorkflowEngine(13)]: Sending Task(3) from workflow(Inspiral_30.xml)...
[0.00]|[WorkflowEngine(13)]: Task(4) of workflow(Inspiral_30.xml) received
[0.00]|[WorkflowEngine(13)]: Sending Task(4) from workflow(Inspiral_30.xml)...
[0.00]|[WorkflowEngine(13)]: Task(5) of workflow(Inspiral_30.xml) received
[0.00]|[WorkflowEngine(13)]: Sending Task(5) from workflow(Inspiral_30.xml)...
[0.00]|[WorkflowEngine(13)]: Task(6) of workflow(Inspiral_30.xml) received
[0.00]|[WorkflowEngine(13)]: Sending Task(6) from workflow(Inspiral_30.xml)...
[0.00]|[WorkflowEngine(13)]: Task(7) of workflow(Inspiral_30.xml) received
[0.00]|[WorkflowEngine(13)]: Sending Task(7) from workflow(Inspiral_30.xml)...
[0.00]|[WorkflowEngine(13)]: Task(8) of workflow(Inspiral_30.xml) received
[0.00]|[WorkflowEngine(13)]: Task(8) is not ready to get executed. Adding it to waiting queue...
[0.00]|[WorkflowEngine(13)]: Task(9) of workflow(Inspiral_30.xml) received
[0.00]|[WorkflowEngine(13)]: Task(9) is not ready to get executed. Adding it to waiting queue...
[0.00]|[WorkflowEngine(13)]: Task(10) of workflow(Inspiral_30.xml) received
[0.00]|[WorkflowEngine(13)]: Task(10) is not ready to get executed. Adding it to waiting queue...
[0.00]|[WorkflowEngine(13)]: Task(11) of workflow(Inspiral_30.xml) received
[0.00]|[WorkflowEngine(13)]: Task(11) is not ready to get executed. Adding it to waiting queue...
[0.00]|[WorkflowEngine(13)]: Task(12) of workflow(Inspiral_30.xml) received
[0.00]|[WorkflowEngine(13)]: Task(12) is not ready to get executed. Adding it to waiting queue...
[0.00]|[WorkflowEngine(13)]: Task(13) of workflow(Inspiral_30.xml) received
[0.00]|[WorkflowEngine(13)]: Task(13) is not ready to get executed. Adding it to waiting queue...
[0.00]|[WorkflowEngine(13)]: Task(14) of workflow(Inspiral_30.xml) received
[0.00]|[WorkflowEngine(13)]: Task(14) is not ready to get executed. Adding it to waiting queue...
[0.00]|[WorkflowEngine(13)]: Task(15) of workflow(Inspiral_30.xml) received
[0.00]|[WorkflowEngine(13)]: Task(15) is not ready to get executed. Adding it to waiting queue...
[0.00]|[WorkflowEngine(13)]: Task(16) of workflow(Inspiral_30.xml) received
[0.00]|[WorkflowEngine(13)]: Task(16) is not ready to get executed. Adding it to waiting queue...
[0.00]|[WorkflowEngine(13)]: Task(17) of workflow(Inspiral_30.xml) received
[0.00]|[WorkflowEngine(13)]: Task(17) is not ready to get executed. Adding it to waiting queue...
[0.00]|[WorkflowEngine(13)]: Task(18) of workflow(Inspiral_30.xml) received
[0.00]|[WorkflowEngine(13)]: Task(18) is not ready to get executed. Adding it to waiting queue...
[0.00]|[WorkflowEngine(13)]: Task(19) of workflow(Inspiral_30.xml) received
[0.00]|[WorkflowEngine(13)]: Task(19) is not ready to get executed. Adding it to waiting queue...
[0.00]|[WorkflowEngine(13)]: Task(20) of workflow(Inspiral_30.xml) received
[0.00]|[WorkflowEngine(13)]: Task(20) is not ready to get executed. Adding it to waiting queue...
[0.00]|[WorkflowEngine(13)]: Task(21) of workflow(Inspiral_30.xml) received
[0.00]|[WorkflowEngine(13)]: Task(21) is not ready to get executed. Adding it to waiting queue...
[0.00]|[WorkflowEngine(13)]: Task(22) of workflow(Inspiral_30.xml) received
[0.00]|[WorkflowEngine(13)]: Task(22) is not ready to get executed. Adding it to waiting queue...
[0.00]|[WorkflowEngine(13)]: Task(23) of workflow(Inspiral_30.xml) received
[0.00]|[WorkflowEngine(13)]: Task(23) is not ready to get executed. Adding it to waiting queue...
[0.00]|[WorkflowEngine(13)]: Task(24) of workflow(Inspiral_30.xml) received
[0.00]|[WorkflowEngine(13)]: Task(24) is not ready to get executed. Adding it to waiting queue...
[0.00]|[WorkflowEngine(13)]: Task(25) of workflow(Inspiral_30.xml) received
[0.00]|[WorkflowEngine(13)]: Task(25) is not ready to get executed. Adding it to waiting queue...
[0.00]|[WorkflowEngine(13)]: Task(26) of workflow(Inspiral_30.xml) received
[0.00]|[WorkflowEngine(13)]: Task(26) is not ready to get executed. Adding it to waiting queue...
[0.00]|[WorkflowEngine(13)]: Task(27) of workflow(Inspiral_30.xml) received
[0.00]|[WorkflowEngine(13)]: Task(27) is not ready to get executed. Adding it to waiting queue...
[0.00]|[WorkflowEngine(13)]: Task(28) of workflow(Inspiral_30.xml) received
[0.00]|[WorkflowEngine(13)]: Task(28) is not ready to get executed. Adding it to waiting queue...
[0.00]|[WorkflowEngine(13)]: Task(29) of workflow(Inspiral_30.xml) received
[0.00]|[WorkflowEngine(13)]: Task(29) is not ready to get executed. Adding it to waiting queue...
[0.00]|[WorkflowEngine(13)]: Task(30) of workflow(Inspiral_30.xml) received
[0.00]|[WorkflowEngine(13)]: Task(30) is not ready to get executed. Adding it to waiting queue...
[0.00]|[FogBroker(12)]: Task(1) of Workflow(Inspiral_30.xml) received
[0.00]|[FogBroker(12)]: Dispatching tasks...
[0.00]|[FogBroker(12)]: Task(2) of Workflow(Inspiral_30.xml) received
[0.00]|[FogBroker(12)]: Dispatching tasks...
[0.00]|[FogBroker(12)]: Task(3) of Workflow(Inspiral_30.xml) received
[0.00]|[FogBroker(12)]: Dispatching tasks...
[0.00]|[FogBroker(12)]: Task(4) of Workflow(Inspiral_30.xml) received
[0.00]|[FogBroker(12)]: Dispatching tasks...
[0.00]|[FogBroker(12)]: Task(5) of Workflow(Inspiral_30.xml) received
[0.00]|[FogBroker(12)]: Dispatching tasks...
[0.00]|[FogBroker(12)]: Task(6) of Workflow(Inspiral_30.xml) received
[0.00]|[FogBroker(12)]: Dispatching tasks...
[0.00]|[FogBroker(12)]: Task(7) of Workflow(Inspiral_30.xml) received
[0.00]|[FogBroker(12)]: Dispatching tasks...
[0.00]|[FogBroker(12)]: All resources received
[0.00]|[FogBroker(12)]: All pending vm create acks received
[0.00]|[FogBroker(12)]: Dispatching tasks...
[0.00]|[FogBroker(12)]: Sending STAGE_IN data for Task(1) to FogDevice(2) with delay: 0.11
[0.00]|[FogBroker(12)]: Sending STAGE_IN data for Task(2) to FogDevice(3) with delay: 0.11
[0.00]|[FogBroker(12)]: Sending STAGE_IN data for Task(3) to FogDevice(4) with delay: 0.11
[0.00]|[FogBroker(12)]: Sending STAGE_IN data for Task(4) to FogDevice(5) with delay: 0.11
[0.00]|[FogBroker(12)]: Sending STAGE_IN data for Task(5) to FogDevice(6) with delay: 0.11
[0.00]|[FogBroker(12)]: Sending STAGE_IN data for Task(6) to FogDevice(7) with delay: 0.11
[0.00]|[FogBroker(12)]: Sending STAGE_IN data for Task(7) to FogDevice(8) with delay: 0.11
[0.11]|[FogDevice(2|cloud_device_0)]: Received Task(1) from Workflow(Inspiral_30.xml) with STAGE_IN data to run on Vm(0)
[0.11]|[FogDevice(3|edge_device_0)]: Received Task(2) from Workflow(Inspiral_30.xml) with STAGE_IN data to run on Vm(1)
[0.11]|[FogDevice(4|edge_device_1)]: Received Task(3) from Workflow(Inspiral_30.xml) with STAGE_IN data to run on Vm(2)
[0.11]|[FogDevice(5|edge_and_end_device_0)]: Received Task(4) from Workflow(Inspiral_30.xml) with STAGE_IN data to run on Vm(3)
[0.11]|[FogDevice(6|edge_and_end_device_1)]: Received Task(5) from Workflow(Inspiral_30.xml) with STAGE_IN data to run on Vm(4)
[0.11]|[FogDevice(7|phone)]: Received Task(6) from Workflow(Inspiral_30.xml) with STAGE_IN data to run on Vm(5)
[0.11]|[FogDevice(8|camera)]: Received Task(7) from Workflow(Inspiral_30.xml) with STAGE_IN data to run on Vm(6)
[0.11]|[FogDevice(2|cloud_device_0)]: Received execute msg for Task(1) on Cycle(0) from Workflow(Inspiral_30.xml) to run on Vm(0)
[0.11]|[FogDevice(2|cloud_device_0)]: All parent data for Task(1) are received. task can execute
[0.11]|[FogDevice(3|edge_device_0)]: Received execute msg for Task(2) on Cycle(0) from Workflow(Inspiral_30.xml) to run on Vm(1)
[0.11]|[FogDevice(3|edge_device_0)]: All parent data for Task(2) are received. task can execute
[0.11]|[FogDevice(4|edge_device_1)]: Received execute msg for Task(3) on Cycle(0) from Workflow(Inspiral_30.xml) to run on Vm(2)
[0.11]|[FogDevice(4|edge_device_1)]: All parent data for Task(3) are received. task can execute
[0.11]|[FogDevice(5|edge_and_end_device_0)]: Received execute msg for Task(4) on Cycle(0) from Workflow(Inspiral_30.xml) to run on Vm(3)
[0.11]|[FogDevice(5|edge_and_end_device_0)]: All parent data for Task(4) are received. task can execute
[0.11]|[FogDevice(6|edge_and_end_device_1)]: Received execute msg for Task(5) on Cycle(0) from Workflow(Inspiral_30.xml) to run on Vm(4)
[0.11]|[FogDevice(6|edge_and_end_device_1)]: All parent data for Task(5) are received. task can execute
[0.11]|[FogDevice(7|phone)]: Received execute msg for Task(6) on Cycle(0) from Workflow(Inspiral_30.xml) to run on Vm(5)
[0.11]|[FogDevice(7|phone)]: All parent data for Task(6) are received. task can execute
[0.11]|[FogDevice(8|camera)]: Received execute msg for Task(7) on Cycle(0) from Workflow(Inspiral_30.xml) to run on Vm(6)
[0.11]|[FogDevice(8|camera)]: All parent data for Task(7) are received. task can execute
0.11: [Host #0] Total allocated MIPS for VM #0 (Host #0) is 6000.00, was requested 0.00 out of total 6000.00 (0.00%)
0.11: [Host #0] MIPS for VM #0 by PEs (1 * 6000.0). PE #0: 6000.00.
0.11: [Host #0] utilization is 100.00%

Energy consumption for the last time frame from 0.00 to 0.11:

0.11: [Host #0] utilization at 0.00 was 0.00%, now is 100.00%
0.11: [Host #0] energy is 0.00 W*sec

0.11: Data center's energy is 0.00 W*sec

0.11: [Host #0] Total allocated MIPS for VM #1 (Host #0) is 4000.00, was requested 0.00 out of total 4000.00 (0.00%)
0.11: [Host #0] MIPS for VM #1 by PEs (1 * 4000.0). PE #0: 4000.00.
0.11: [Host #0] utilization is 100.00%

Energy consumption for the last time frame from 0.00 to 0.11:

0.11: [Host #0] utilization at 0.00 was 0.00%, now is 100.00%
0.11: [Host #0] energy is 0.00 W*sec

0.11: Data center's energy is 0.00 W*sec

0.11: [Host #0] Total allocated MIPS for VM #2 (Host #0) is 4000.00, was requested 0.00 out of total 4000.00 (0.00%)
0.11: [Host #0] MIPS for VM #2 by PEs (1 * 4000.0). PE #0: 4000.00.
0.11: [Host #0] utilization is 100.00%

Energy consumption for the last time frame from 0.00 to 0.11:

0.11: [Host #0] utilization at 0.00 was 0.00%, now is 100.00%
0.11: [Host #0] energy is 0.00 W*sec

0.11: Data center's energy is 0.00 W*sec

0.11: [Host #0] Total allocated MIPS for VM #3 (Host #0) is 1500.00, was requested 0.00 out of total 1500.00 (0.00%)
0.11: [Host #0] MIPS for VM #3 by PEs (1 * 1500.0). PE #0: 1500.00.
0.11: [Host #0] utilization is 100.00%

Energy consumption for the last time frame from 0.00 to 0.11:

0.11: [Host #0] utilization at 0.00 was 0.00%, now is 100.00%
0.11: [Host #0] energy is 0.00 W*sec

0.11: Data center's energy is 0.00 W*sec

0.11: [Host #0] Total allocated MIPS for VM #4 (Host #0) is 1500.00, was requested 0.00 out of total 1500.00 (0.00%)
0.11: [Host #0] MIPS for VM #4 by PEs (1 * 1500.0). PE #0: 1500.00.
0.11: [Host #0] utilization is 100.00%

Energy consumption for the last time frame from 0.00 to 0.11:

0.11: [Host #0] utilization at 0.00 was 0.00%, now is 100.00%
0.11: [Host #0] energy is 0.00 W*sec

0.11: Data center's energy is 0.00 W*sec

0.11: [Host #0] Total allocated MIPS for VM #5 (Host #0) is 500.00, was requested 0.00 out of total 500.00 (0.00%)
0.11: [Host #0] MIPS for VM #5 by PEs (2 * 500.0). PE #0: 500.00.
0.11: [Host #0] utilization is 50.00%

Energy consumption for the last time frame from 0.00 to 0.11:

0.11: [Host #0] utilization at 0.00 was 0.00%, now is 50.00%
0.11: [Host #0] energy is 0.00 W*sec

0.11: Data center's energy is 0.00 W*sec

0.11: [Host #0] Total allocated MIPS for VM #6 (Host #0) is 500.00, was requested 0.00 out of total 500.00 (0.00%)
0.11: [Host #0] MIPS for VM #6 by PEs (1 * 500.0). PE #0: 500.00.
0.11: [Host #0] utilization is 100.00%

Energy consumption for the last time frame from 0.00 to 0.11:

0.11: [Host #0] utilization at 0.00 was 0.00%, now is 100.00%
0.11: [Host #0] energy is 0.00 W*sec

0.11: Data center's energy is 0.00 W*sec

[0.11]|[FogBroker(12)]: Task(1) ack: true
[0.11]|[FogBroker(12)]: Task(2) ack: true
[0.11]|[FogBroker(12)]: Task(3) ack: true
[0.11]|[FogBroker(12)]: Task(4) ack: true
[0.11]|[FogBroker(12)]: Task(5) ack: true
[0.11]|[FogBroker(12)]: Task(6) ack: true
[0.11]|[FogBroker(12)]: Task(7) ack: true
3.08: [Host #0] Total allocated MIPS for VM #0 (Host #0) is 6000.00, was requested 0.00 out of total 6000.00 (0.00%)
3.08: [Host #0] MIPS for VM #0 by PEs (1 * 6000.0). PE #0: 6000.00.
3.08: [Host #0] utilization is 100.00%

Energy consumption for the last time frame from 0.11 to 3.08:

3.08: [Host #0] utilization at 0.11 was 100.00%, now is 100.00%
3.08: [Host #0] energy is 2971.67 W*sec

3.08: Data center's energy is 2971.67 W*sec

[3.08]|[FogBroker(12)]: Received task completion msg for Task(1) from FogDevice(2)
[3.08]|[FogBroker(12)]: Notifying WorkflowEngine of completed Task(1)...
[3.08]|[FogBroker(12)]: Task(1) on Cycle(0) decided to generate data: true
[3.08]|[FogBroker(12)]: All dispatched tasks are complete
[3.08]|[FogBroker(12)]: There is no vm to destroy
[3.08]|[FogBroker(12)]: There is no vm to create
[3.08]|[FogBroker(12)]: Trying to dispatch tasks...
[3.08]|[FogBroker(12)]: Dispatching tasks...
[3.08]|[WorkflowEngine(13)]: Task(1) received as complete
[3.08]|[WorkflowEngine(13)]: Task(8) is now ready to get executed. Releasing it...
[3.08]|[FogBroker(12)]: Task(8) of Workflow(Inspiral_30.xml) received
[3.08]|[FogBroker(12)]: Dispatching tasks...
[3.08]|[FogBroker(12)]: Sending STAGE_OUT_MSG to FogDevice(2) for Task(1) on Cycle(0)
[3.08]|[FogBroker(12)]: Asking FogDevice(2) to execute Task(8) on Cycle(0)
[3.08]|[FogDevice(2|cloud_device_0)]: Received STAGE_OUT data of Task(1) on Cycle(0): (true) and destination is a loop back: sending data instantly
[3.08]|[FogDevice(2|cloud_device_0)]: Received execute msg for Task(8) on Cycle(0) from Workflow(Inspiral_30.xml) to run on Vm(0)
[3.08]|[FogDevice(2|cloud_device_0)]: Not all parent data are available. task is added to waiting queue
[3.08]|[FogDevice(2|cloud_device_0)]: Downloaded data of Task(1) on Cycle(0)
[3.08]|[FogDevice(2|cloud_device_0)]: Data is for me
[3.08]|[FogDevice(2|cloud_device_0)]: Updating received data with: Cycle(0): Task(1) -> true
[3.08]|[FogDevice(2|cloud_device_0)]: Found Task(8) from Workflow(Inspiral_30.xml) that can be executed
[3.08]|[FogDevice(2|cloud_device_0)]: Received execute msg for Task(8) on Cycle(0) from Workflow(Inspiral_30.xml) to run on Vm(0)
[3.08]|[FogDevice(2|cloud_device_0)]: All parent data for Task(8) are received. task can execute
[3.08]|[FogBroker(12)]: Task(8) ack: true
4.52: [Host #0] Total allocated MIPS for VM #2 (Host #0) is 4000.00, was requested 0.00 out of total 4000.00 (0.00%)
4.52: [Host #0] MIPS for VM #2 by PEs (1 * 4000.0). PE #0: 4000.00.
4.52: [Host #0] utilization is 100.00%

Energy consumption for the last time frame from 0.11 to 4.52:

4.52: [Host #0] utilization at 0.11 was 100.00%, now is 100.00%
4.52: [Host #0] energy is 4405.00 W*sec

4.52: Data center's energy is 4405.00 W*sec

[4.52]|[FogBroker(12)]: Received task completion msg for Task(3) from FogDevice(4)
[4.52]|[FogBroker(12)]: Notifying WorkflowEngine of completed Task(3)...
[4.52]|[FogBroker(12)]: Task(3) on Cycle(0) decided to generate data: true
[4.52]|[FogBroker(12)]: All dispatched tasks are complete
[4.52]|[FogBroker(12)]: There is no vm to destroy
[4.52]|[FogBroker(12)]: There is no vm to create
[4.52]|[FogBroker(12)]: Trying to dispatch tasks...
[4.52]|[FogBroker(12)]: Dispatching tasks...
[4.52]|[WorkflowEngine(13)]: Task(3) received as complete
[4.52]|[WorkflowEngine(13)]: Task(10) is now ready to get executed. Releasing it...
[4.52]|[FogBroker(12)]: Task(10) of Workflow(Inspiral_30.xml) received
[4.52]|[FogBroker(12)]: Dispatching tasks...
[4.52]|[FogBroker(12)]: Sending STAGE_OUT_MSG to FogDevice(4) for Task(3) on Cycle(0)
[4.52]|[FogBroker(12)]: Asking FogDevice(4) to execute Task(10) on Cycle(0)
[4.52]|[FogDevice(4|edge_device_1)]: Received STAGE_OUT data of Task(3) on Cycle(0): (true) and destination is a loop back: sending data instantly
[4.52]|[FogDevice(4|edge_device_1)]: Received execute msg for Task(10) on Cycle(0) from Workflow(Inspiral_30.xml) to run on Vm(2)
[4.52]|[FogDevice(4|edge_device_1)]: Not all parent data are available. task is added to waiting queue
[4.52]|[FogDevice(4|edge_device_1)]: Downloaded data of Task(3) on Cycle(0)
[4.52]|[FogDevice(4|edge_device_1)]: Data is for me
[4.52]|[FogDevice(4|edge_device_1)]: Updating received data with: Cycle(0): Task(3) -> true
[4.52]|[FogDevice(4|edge_device_1)]: Found Task(10) from Workflow(Inspiral_30.xml) that can be executed
[4.52]|[FogDevice(4|edge_device_1)]: Received execute msg for Task(10) on Cycle(0) from Workflow(Inspiral_30.xml) to run on Vm(2)
[4.52]|[FogDevice(4|edge_device_1)]: All parent data for Task(10) are received. task can execute
[4.52]|[FogBroker(12)]: Task(10) ack: true
4.60: [Host #0] Total allocated MIPS for VM #1 (Host #0) is 4000.00, was requested 0.00 out of total 4000.00 (0.00%)
4.60: [Host #0] MIPS for VM #1 by PEs (1 * 4000.0). PE #0: 4000.00.
4.60: [Host #0] utilization is 100.00%

Energy consumption for the last time frame from 0.11 to 4.60:

4.60: [Host #0] utilization at 0.11 was 100.00%, now is 100.00%
4.60: [Host #0] energy is 4492.50 W*sec

4.60: Data center's energy is 4492.50 W*sec

[4.60]|[FogBroker(12)]: Received task completion msg for Task(2) from FogDevice(3)
[4.60]|[FogBroker(12)]: Notifying WorkflowEngine of completed Task(2)...
[4.60]|[FogBroker(12)]: Task(2) on Cycle(0) decided to generate data: true
[4.60]|[FogBroker(12)]: All dispatched tasks are complete
[4.60]|[FogBroker(12)]: There is no vm to destroy
[4.60]|[FogBroker(12)]: There is no vm to create
[4.60]|[FogBroker(12)]: Trying to dispatch tasks...
[4.60]|[FogBroker(12)]: Dispatching tasks...
[4.60]|[WorkflowEngine(13)]: Task(2) received as complete
[4.60]|[WorkflowEngine(13)]: Task(9) is now ready to get executed. Releasing it...
[4.60]|[FogBroker(12)]: Task(9) of Workflow(Inspiral_30.xml) received
[4.60]|[FogBroker(12)]: Dispatching tasks...
[4.60]|[FogBroker(12)]: Sending STAGE_OUT_MSG to FogDevice(3) for Task(2) on Cycle(0)
[4.60]|[FogBroker(12)]: Asking FogDevice(3) to execute Task(9) on Cycle(0)
[4.60]|[FogDevice(3|edge_device_0)]: Received STAGE_OUT data of Task(2) on Cycle(0): (true) and destination is a loop back: sending data instantly
[4.60]|[FogDevice(3|edge_device_0)]: Received execute msg for Task(9) on Cycle(0) from Workflow(Inspiral_30.xml) to run on Vm(1)
[4.60]|[FogDevice(3|edge_device_0)]: Not all parent data are available. task is added to waiting queue
[4.60]|[FogDevice(3|edge_device_0)]: Downloaded data of Task(2) on Cycle(0)
[4.60]|[FogDevice(3|edge_device_0)]: Data is for me
[4.60]|[FogDevice(3|edge_device_0)]: Updating received data with: Cycle(0): Task(2) -> true
[4.60]|[FogDevice(3|edge_device_0)]: Found Task(9) from Workflow(Inspiral_30.xml) that can be executed
[4.60]|[FogDevice(3|edge_device_0)]: Received execute msg for Task(9) on Cycle(0) from Workflow(Inspiral_30.xml) to run on Vm(1)
[4.60]|[FogDevice(3|edge_device_0)]: All parent data for Task(9) are received. task can execute
[4.60]|[FogBroker(12)]: Task(9) ack: true
11.94: [Host #0] Total allocated MIPS for VM #3 (Host #0) is 1500.00, was requested 0.00 out of total 1500.00 (0.00%)
11.94: [Host #0] MIPS for VM #3 by PEs (1 * 1500.0). PE #0: 1500.00.
11.94: [Host #0] utilization is 100.00%

Energy consumption for the last time frame from 0.11 to 11.94:

11.94: [Host #0] utilization at 0.11 was 100.00%, now is 100.00%
11.94: [Host #0] energy is 11833.33 W*sec

11.94: Data center's energy is 11833.33 W*sec

[11.94]|[FogBroker(12)]: Received task completion msg for Task(4) from FogDevice(5)
[11.94]|[FogBroker(12)]: Notifying WorkflowEngine of completed Task(4)...
[11.94]|[FogBroker(12)]: Task(4) on Cycle(0) decided to generate data: true
[11.94]|[FogBroker(12)]: All dispatched tasks are complete
[11.94]|[FogBroker(12)]: There is no vm to destroy
[11.94]|[FogBroker(12)]: There is no vm to create
[11.94]|[FogBroker(12)]: Trying to dispatch tasks...
[11.94]|[FogBroker(12)]: Dispatching tasks...
[11.94]|[WorkflowEngine(13)]: Task(4) received as complete
[11.94]|[WorkflowEngine(13)]: Task(11) is now ready to get executed. Releasing it...
[11.94]|[FogBroker(12)]: Task(11) of Workflow(Inspiral_30.xml) received
[11.94]|[FogBroker(12)]: Dispatching tasks...
[11.94]|[FogBroker(12)]: Sending STAGE_OUT_MSG to FogDevice(5) for Task(4) on Cycle(0)
[11.94]|[FogBroker(12)]: Asking FogDevice(5) to execute Task(11) on Cycle(0)
[11.94]|[FogDevice(5|edge_and_end_device_0)]: Received STAGE_OUT data of Task(4) on Cycle(0): (true) and destination is a loop back: sending data instantly
[11.94]|[FogDevice(5|edge_and_end_device_0)]: Received execute msg for Task(11) on Cycle(0) from Workflow(Inspiral_30.xml) to run on Vm(3)
[11.94]|[FogDevice(5|edge_and_end_device_0)]: Not all parent data are available. task is added to waiting queue
[11.94]|[FogDevice(5|edge_and_end_device_0)]: Downloaded data of Task(4) on Cycle(0)
[11.94]|[FogDevice(5|edge_and_end_device_0)]: Data is for me
[11.94]|[FogDevice(5|edge_and_end_device_0)]: Updating received data with: Cycle(0): Task(4) -> true
[11.94]|[FogDevice(5|edge_and_end_device_0)]: Found Task(11) from Workflow(Inspiral_30.xml) that can be executed
[11.94]|[FogDevice(5|edge_and_end_device_0)]: Received execute msg for Task(11) on Cycle(0) from Workflow(Inspiral_30.xml) to run on Vm(3)
[11.94]|[FogDevice(5|edge_and_end_device_0)]: All parent data for Task(11) are received. task can execute
[11.94]|[FogBroker(12)]: Task(11) ack: true
12.14: [Host #0] Total allocated MIPS for VM #4 (Host #0) is 1500.00, was requested 0.00 out of total 1500.00 (0.00%)
12.14: [Host #0] MIPS for VM #4 by PEs (1 * 1500.0). PE #0: 1500.00.
12.14: [Host #0] utilization is 100.00%

Energy consumption for the last time frame from 0.11 to 12.14:

12.14: [Host #0] utilization at 0.11 was 100.00%, now is 100.00%
12.14: [Host #0] energy is 12033.33 W*sec

12.14: Data center's energy is 12033.33 W*sec

[12.14]|[FogBroker(12)]: Received task completion msg for Task(5) from FogDevice(6)
[12.14]|[FogBroker(12)]: Notifying WorkflowEngine of completed Task(5)...
[12.14]|[FogBroker(12)]: Task(5) on Cycle(0) decided to generate data: true
[12.14]|[FogBroker(12)]: All dispatched tasks are complete
[12.14]|[FogBroker(12)]: There is no vm to destroy
[12.14]|[FogBroker(12)]: There is no vm to create
[12.14]|[FogBroker(12)]: Trying to dispatch tasks...
[12.14]|[FogBroker(12)]: Dispatching tasks...
[12.14]|[WorkflowEngine(13)]: Task(5) received as complete
[12.14]|[WorkflowEngine(13)]: Task(12) is now ready to get executed. Releasing it...
[12.14]|[FogBroker(12)]: Task(12) of Workflow(Inspiral_30.xml) received
[12.14]|[FogBroker(12)]: Dispatching tasks...
[12.14]|[FogBroker(12)]: Sending STAGE_OUT_MSG to FogDevice(6) for Task(5) on Cycle(0)
[12.14]|[FogBroker(12)]: Asking FogDevice(6) to execute Task(12) on Cycle(0)
[12.14]|[FogDevice(6|edge_and_end_device_1)]: Received STAGE_OUT data of Task(5) on Cycle(0): (true) and destination is a loop back: sending data instantly
[12.14]|[FogDevice(6|edge_and_end_device_1)]: Received execute msg for Task(12) on Cycle(0) from Workflow(Inspiral_30.xml) to run on Vm(4)
[12.14]|[FogDevice(6|edge_and_end_device_1)]: Not all parent data are available. task is added to waiting queue
[12.14]|[FogDevice(6|edge_and_end_device_1)]: Downloaded data of Task(5) on Cycle(0)
[12.14]|[FogDevice(6|edge_and_end_device_1)]: Data is for me
[12.14]|[FogDevice(6|edge_and_end_device_1)]: Updating received data with: Cycle(0): Task(5) -> true
[12.14]|[FogDevice(6|edge_and_end_device_1)]: Found Task(12) from Workflow(Inspiral_30.xml) that can be executed
[12.14]|[FogDevice(6|edge_and_end_device_1)]: Received execute msg for Task(12) on Cycle(0) from Workflow(Inspiral_30.xml) to run on Vm(4)
[12.14]|[FogDevice(6|edge_and_end_device_1)]: All parent data for Task(12) are received. task can execute
[12.14]|[FogBroker(12)]: Task(12) ack: true
35.25: [Host #0] Total allocated MIPS for VM #5 (Host #0) is 500.00, was requested 0.00 out of total 500.00 (0.00%)
35.25: [Host #0] MIPS for VM #5 by PEs (2 * 500.0). PE #0: 500.00.
35.25: [Host #0] utilization is 50.00%

Energy consumption for the last time frame from 0.11 to 35.25:

35.25: [Host #0] utilization at 0.11 was 50.00%, now is 50.00%
35.25: [Host #0] energy is 26355.00 W*sec

35.25: Data center's energy is 26355.00 W*sec

[35.25]|[FogBroker(12)]: Received task completion msg for Task(6) from FogDevice(7)
[35.25]|[FogBroker(12)]: Notifying WorkflowEngine of completed Task(6)...
[35.25]|[FogBroker(12)]: Task(6) on Cycle(0) decided to generate data: true
[35.25]|[FogBroker(12)]: All dispatched tasks are complete
[35.25]|[FogBroker(12)]: There is no vm to destroy
[35.25]|[FogBroker(12)]: There is no vm to create
[35.25]|[FogBroker(12)]: Trying to dispatch tasks...
[35.25]|[FogBroker(12)]: Dispatching tasks...
[35.25]|[WorkflowEngine(13)]: Task(6) received as complete
[35.25]|[WorkflowEngine(13)]: Task(13) is now ready to get executed. Releasing it...
[35.25]|[FogBroker(12)]: Task(13) of Workflow(Inspiral_30.xml) received
[35.25]|[FogBroker(12)]: Dispatching tasks...
[35.25]|[FogBroker(12)]: Sending STAGE_OUT_MSG to FogDevice(7) for Task(6) on Cycle(0)
[35.25]|[FogBroker(12)]: Asking FogDevice(7) to execute Task(13) on Cycle(0)
[35.25]|[FogDevice(7|phone)]: Received STAGE_OUT data of Task(6) on Cycle(0): (true) and destination is a loop back: sending data instantly
[35.25]|[FogDevice(7|phone)]: Received execute msg for Task(13) on Cycle(0) from Workflow(Inspiral_30.xml) to run on Vm(5)
[35.25]|[FogDevice(7|phone)]: Not all parent data are available. task is added to waiting queue
[35.25]|[FogDevice(7|phone)]: Downloaded data of Task(6) on Cycle(0)
[35.25]|[FogDevice(7|phone)]: Data is for me
[35.25]|[FogDevice(7|phone)]: Updating received data with: Cycle(0): Task(6) -> true
[35.25]|[FogDevice(7|phone)]: Found Task(13) from Workflow(Inspiral_30.xml) that can be executed
[35.25]|[FogDevice(7|phone)]: Received execute msg for Task(13) on Cycle(0) from Workflow(Inspiral_30.xml) to run on Vm(5)
[35.25]|[FogDevice(7|phone)]: All parent data for Task(13) are received. task can execute
[35.25]|[FogBroker(12)]: Task(13) ack: true
36.57: [Host #0] Total allocated MIPS for VM #6 (Host #0) is 500.00, was requested 0.00 out of total 500.00 (0.00%)
36.57: [Host #0] MIPS for VM #6 by PEs (1 * 500.0). PE #0: 500.00.
36.57: [Host #0] utilization is 100.00%

Energy consumption for the last time frame from 0.11 to 36.57:

36.57: [Host #0] utilization at 0.11 was 100.00%, now is 100.00%
36.57: [Host #0] energy is 36460.00 W*sec

36.57: Data center's energy is 36460.00 W*sec

[36.57]|[FogBroker(12)]: Received task completion msg for Task(7) from FogDevice(8)
[36.57]|[FogBroker(12)]: Notifying WorkflowEngine of completed Task(7)...
[36.57]|[FogBroker(12)]: Task(7) on Cycle(0) decided to generate data: true
[36.57]|[FogBroker(12)]: All dispatched tasks are complete
[36.57]|[FogBroker(12)]: There is no vm to destroy
[36.57]|[FogBroker(12)]: There is no vm to create
[36.57]|[FogBroker(12)]: Trying to dispatch tasks...
[36.57]|[FogBroker(12)]: Dispatching tasks...
[36.57]|[WorkflowEngine(13)]: Task(7) received as complete
[36.57]|[WorkflowEngine(13)]: Task(14) is now ready to get executed. Releasing it...
[36.57]|[FogBroker(12)]: Task(14) of Workflow(Inspiral_30.xml) received
[36.57]|[FogBroker(12)]: Dispatching tasks...
[36.57]|[FogBroker(12)]: Sending STAGE_OUT_MSG to FogDevice(8) for Task(7) on Cycle(0)
[36.57]|[FogBroker(12)]: Asking FogDevice(8) to execute Task(14) on Cycle(0)
[36.57]|[FogDevice(8|camera)]: Received STAGE_OUT data of Task(7) on Cycle(0): (true) and destination is a loop back: sending data instantly
[36.57]|[FogDevice(8|camera)]: Received execute msg for Task(14) on Cycle(0) from Workflow(Inspiral_30.xml) to run on Vm(6)
[36.57]|[FogDevice(8|camera)]: Not all parent data are available. task is added to waiting queue
[36.57]|[FogDevice(8|camera)]: Downloaded data of Task(7) on Cycle(0)
[36.57]|[FogDevice(8|camera)]: Data is for me
[36.57]|[FogDevice(8|camera)]: Updating received data with: Cycle(0): Task(7) -> true
[36.57]|[FogDevice(8|camera)]: Found Task(14) from Workflow(Inspiral_30.xml) that can be executed
[36.57]|[FogDevice(8|camera)]: Received execute msg for Task(14) on Cycle(0) from Workflow(Inspiral_30.xml) to run on Vm(6)
[36.57]|[FogDevice(8|camera)]: All parent data for Task(14) are received. task can execute
[36.57]|[FogBroker(12)]: Task(14) ack: true
92.17: [Host #0] Total allocated MIPS for VM #1 (Host #0) is 4000.00, was requested 0.00 out of total 4000.00 (0.00%)
92.17: [Host #0] MIPS for VM #1 by PEs (1 * 4000.0). PE #0: 4000.00.
92.17: [Host #0] utilization is 100.00%

Energy consumption for the last time frame from 4.60 to 92.17:

92.17: [Host #0] utilization at 4.60 was 100.00%, now is 100.00%
92.17: [Host #0] energy is 87562.50 W*sec

92.17: Data center's energy is 87562.50 W*sec

[92.17]|[FogBroker(12)]: Received task completion msg for Task(9) from FogDevice(3)
[92.17]|[FogBroker(12)]: Notifying WorkflowEngine of completed Task(9)...
[92.17]|[FogBroker(12)]: Task(9) on Cycle(0) decided to generate data: true
[92.17]|[FogBroker(12)]: All dispatched tasks are complete
[92.17]|[FogBroker(12)]: There is no vm to destroy
[92.17]|[FogBroker(12)]: There is no vm to create
[92.17]|[FogBroker(12)]: Trying to dispatch tasks...
[92.17]|[FogBroker(12)]: Dispatching tasks...
[92.17]|[WorkflowEngine(13)]: Task(9) received as complete
115.54: [Host #0] Total allocated MIPS for VM #0 (Host #0) is 6000.00, was requested 0.00 out of total 6000.00 (0.00%)
115.54: [Host #0] MIPS for VM #0 by PEs (1 * 6000.0). PE #0: 6000.00.
115.54: [Host #0] utilization is 100.00%

Energy consumption for the last time frame from 3.08 to 115.54:

115.54: [Host #0] utilization at 3.08 was 100.00%, now is 100.00%
115.54: [Host #0] energy is 112456.67 W*sec

115.54: Data center's energy is 112456.67 W*sec

[115.54]|[FogBroker(12)]: Received task completion msg for Task(8) from FogDevice(2)
[115.54]|[FogBroker(12)]: Notifying WorkflowEngine of completed Task(8)...
[115.54]|[FogBroker(12)]: Task(8) on Cycle(0) decided to generate data: true
[115.54]|[FogBroker(12)]: All dispatched tasks are complete
[115.54]|[FogBroker(12)]: There is no vm to destroy
[115.54]|[FogBroker(12)]: There is no vm to create
[115.54]|[FogBroker(12)]: Trying to dispatch tasks...
[115.54]|[FogBroker(12)]: Dispatching tasks...
[115.54]|[WorkflowEngine(13)]: Task(8) received as complete
153.17: [Host #0] Total allocated MIPS for VM #2 (Host #0) is 4000.00, was requested 0.00 out of total 4000.00 (0.00%)
153.17: [Host #0] MIPS for VM #2 by PEs (1 * 4000.0). PE #0: 4000.00.
153.17: [Host #0] utilization is 100.00%

Energy consumption for the last time frame from 4.52 to 153.17:

153.17: [Host #0] utilization at 4.52 was 100.00%, now is 100.00%
153.17: [Host #0] energy is 148657.50 W*sec

153.17: Data center's energy is 148657.50 W*sec

[153.17]|[FogBroker(12)]: Received task completion msg for Task(10) from FogDevice(4)
[153.17]|[FogBroker(12)]: Notifying WorkflowEngine of completed Task(10)...
[153.17]|[FogBroker(12)]: Task(10) on Cycle(0) decided to generate data: true
[153.17]|[FogBroker(12)]: All dispatched tasks are complete
[153.17]|[FogBroker(12)]: There is no vm to destroy
[153.17]|[FogBroker(12)]: There is no vm to create
[153.17]|[FogBroker(12)]: Trying to dispatch tasks...
[153.17]|[FogBroker(12)]: Dispatching tasks...
[153.17]|[WorkflowEngine(13)]: Task(10) received as complete
358.07: [Host #0] Total allocated MIPS for VM #3 (Host #0) is 1500.00, was requested 0.00 out of total 1500.00 (0.00%)
358.07: [Host #0] MIPS for VM #3 by PEs (1 * 1500.0). PE #0: 1500.00.
358.07: [Host #0] utilization is 100.00%

Energy consumption for the last time frame from 11.94 to 358.07:

358.07: [Host #0] utilization at 11.94 was 100.00%, now is 100.00%
358.07: [Host #0] energy is 346126.67 W*sec

358.07: Data center's energy is 346126.67 W*sec

[358.07]|[FogBroker(12)]: Received task completion msg for Task(11) from FogDevice(5)
[358.07]|[FogBroker(12)]: Notifying WorkflowEngine of completed Task(11)...
[358.07]|[FogBroker(12)]: Task(11) on Cycle(0) decided to generate data: true
[358.07]|[FogBroker(12)]: All dispatched tasks are complete
[358.07]|[FogBroker(12)]: There is no vm to destroy
[358.07]|[FogBroker(12)]: There is no vm to create
[358.07]|[FogBroker(12)]: Trying to dispatch tasks...
[358.07]|[FogBroker(12)]: Dispatching tasks...
[358.07]|[WorkflowEngine(13)]: Task(11) received as complete
368.95: [Host #0] Total allocated MIPS for VM #4 (Host #0) is 1500.00, was requested 0.00 out of total 1500.00 (0.00%)
368.95: [Host #0] MIPS for VM #4 by PEs (1 * 1500.0). PE #0: 1500.00.
368.95: [Host #0] utilization is 100.00%

Energy consumption for the last time frame from 12.14 to 368.95:

368.95: [Host #0] utilization at 12.14 was 100.00%, now is 100.00%
368.95: [Host #0] energy is 356806.67 W*sec

368.95: Data center's energy is 356806.67 W*sec

[368.95]|[FogBroker(12)]: Received task completion msg for Task(12) from FogDevice(6)
[368.95]|[FogBroker(12)]: Notifying WorkflowEngine of completed Task(12)...
[368.95]|[FogBroker(12)]: Task(12) on Cycle(0) decided to generate data: true
[368.95]|[FogBroker(12)]: All dispatched tasks are complete
[368.95]|[FogBroker(12)]: There is no vm to destroy
[368.95]|[FogBroker(12)]: There is no vm to create
[368.95]|[FogBroker(12)]: Trying to dispatch tasks...
[368.95]|[FogBroker(12)]: Dispatching tasks...
[368.95]|[WorkflowEngine(13)]: Task(12) received as complete
699.43: [Host #0] Total allocated MIPS for VM #5 (Host #0) is 500.00, was requested 0.00 out of total 500.00 (0.00%)
699.43: [Host #0] MIPS for VM #5 by PEs (2 * 500.0). PE #0: 500.00.
699.43: [Host #0] utilization is 50.00%

Energy consumption for the last time frame from 35.25 to 699.43:

699.43: [Host #0] utilization at 35.25 was 50.00%, now is 50.00%
699.43: [Host #0] energy is 498135.00 W*sec

699.43: Data center's energy is 498135.00 W*sec

[699.43]|[FogBroker(12)]: Received task completion msg for Task(13) from FogDevice(7)
[699.43]|[FogBroker(12)]: Notifying WorkflowEngine of completed Task(13)...
[699.43]|[FogBroker(12)]: Task(13) on Cycle(0) decided to generate data: true
[699.43]|[FogBroker(12)]: All dispatched tasks are complete
[699.43]|[FogBroker(12)]: There is no vm to destroy
[699.43]|[FogBroker(12)]: There is no vm to create
[699.43]|[FogBroker(12)]: Trying to dispatch tasks...
[699.43]|[FogBroker(12)]: Dispatching tasks...
[699.43]|[WorkflowEngine(13)]: Task(13) received as complete
724.79: [Host #0] Total allocated MIPS for VM #6 (Host #0) is 500.00, was requested 0.00 out of total 500.00 (0.00%)
724.79: [Host #0] MIPS for VM #6 by PEs (1 * 500.0). PE #0: 500.00.
724.79: [Host #0] utilization is 100.00%

Energy consumption for the last time frame from 36.57 to 724.79:

724.79: [Host #0] utilization at 36.57 was 100.00%, now is 100.00%
724.79: [Host #0] energy is 688220.00 W*sec

724.79: Data center's energy is 688220.00 W*sec

[724.79]|[FogBroker(12)]: Received task completion msg for Task(14) from FogDevice(8)
[724.79]|[FogBroker(12)]: Notifying WorkflowEngine of completed Task(14)...
[724.79]|[FogBroker(12)]: Task(14) on Cycle(0) decided to generate data: true
[724.79]|[FogBroker(12)]: All dispatched tasks are complete
[724.79]|[FogBroker(12)]: There is no vm to destroy
[724.79]|[FogBroker(12)]: There is no vm to create
[724.79]|[FogBroker(12)]: Trying to dispatch tasks...
[724.79]|[FogBroker(12)]: Dispatching tasks...
[724.79]|[WorkflowEngine(13)]: Task(14) received as complete
[724.79]|[WorkflowEngine(13)]: Task(15) is now ready to get executed. Releasing it...
[724.79]|[FogBroker(12)]: Task(15) of Workflow(Inspiral_30.xml) received
[724.79]|[FogBroker(12)]: Dispatching tasks...
[724.79]|[FogBroker(12)]: Sending STAGE_OUT_MSG to FogDevice(2) for Task(8) on Cycle(0)
[724.79]|[FogBroker(12)]: Sending STAGE_OUT_MSG to FogDevice(3) for Task(9) on Cycle(0)
[724.79]|[FogBroker(12)]: Sending STAGE_OUT_MSG to FogDevice(4) for Task(10) on Cycle(0)
[724.79]|[FogBroker(12)]: Sending STAGE_OUT_MSG to FogDevice(5) for Task(11) on Cycle(0)
[724.79]|[FogBroker(12)]: Sending STAGE_OUT_MSG to FogDevice(6) for Task(12) on Cycle(0)
[724.79]|[FogBroker(12)]: Sending STAGE_OUT_MSG to FogDevice(7) for Task(13) on Cycle(0)
[724.79]|[FogBroker(12)]: Sending STAGE_OUT_MSG to FogDevice(8) for Task(14) on Cycle(0)
[724.79]|[FogBroker(12)]: Asking FogDevice(2) to execute Task(15) on Cycle(0)
[724.79]|[FogDevice(2|cloud_device_0)]: Received STAGE_OUT data of Task(8) on Cycle(0): (true) and destination is a loop back: sending data instantly
[724.79]|[FogDevice(2|cloud_device_0)]: Received execute msg for Task(15) on Cycle(0) from Workflow(Inspiral_30.xml) to run on Vm(0)
[724.79]|[FogDevice(2|cloud_device_0)]: Not all parent data are available. task is added to waiting queue
[724.79]|[FogDevice(3|edge_device_0)]: Received STAGE_OUT data of Task(9) on Cycle(0) to FogDevice(2)
[724.79]|[FogDevice(3|edge_device_0)]: Sending data of Task(9) on Cycle(0) to FogDevice(2) with Delay(1.613779296875E-4)
[724.79]|[FogDevice(4|edge_device_1)]: Received STAGE_OUT data of Task(10) on Cycle(0) to FogDevice(2)
[724.79]|[FogDevice(4|edge_device_1)]: Sending data of Task(10) on Cycle(0) to FogDevice(2) with Delay(3.931650390625E-4)
[724.79]|[FogDevice(5|edge_and_end_device_0)]: Received STAGE_OUT data of Task(11) on Cycle(0) to FogDevice(2)
[724.79]|[FogDevice(5|edge_and_end_device_0)]: Sending data of Task(11) on Cycle(0) to FogDevice(3) with Delay(2.229033203125E-4)
[724.79]|[FogDevice(6|edge_and_end_device_1)]: Received STAGE_OUT data of Task(12) on Cycle(0) to FogDevice(2)
[724.79]|[FogDevice(6|edge_and_end_device_1)]: Sending data of Task(12) on Cycle(0) to FogDevice(4) with Delay(2.28294921875E-4)
[724.79]|[FogDevice(7|phone)]: Received STAGE_OUT data of Task(13) on Cycle(0) to FogDevice(2)
[724.79]|[FogDevice(7|phone)]: Sending data of Task(13) on Cycle(0) to FogDevice(5) with Delay(2.688623046875E-4)
[724.79]|[FogDevice(8|camera)]: Received STAGE_OUT data of Task(14) on Cycle(0) to FogDevice(2)
[724.79]|[FogDevice(8|camera)]: Sending data of Task(14) on Cycle(0) to FogDevice(5) with Delay(4.007412109375E-4)
[724.79]|[FogDevice(2|cloud_device_0)]: Downloaded data of Task(8) on Cycle(0)
[724.79]|[FogDevice(2|cloud_device_0)]: Data is for me
[724.79]|[FogDevice(2|cloud_device_0)]: Updating received data with: Cycle(0): Task(8) -> true
[724.79]|[FogDevice(2|cloud_device_0)]: Downloading data from fog device: 3
[724.79]|[FogDevice(3|edge_device_0)]: Downloading data from fog device: 5
[724.79]|[FogDevice(4|edge_device_1)]: Downloading data from fog device: 6
[724.79]|[FogDevice(5|edge_and_end_device_0)]: Downloading data from fog device: 7
[724.79]|[FogDevice(2|cloud_device_0)]: Downloaded data of Task(9) on Cycle(0)
[724.79]|[FogDevice(2|cloud_device_0)]: Data is for me
[724.79]|[FogDevice(2|cloud_device_0)]: Updating received data with: Cycle(0): Task(9) -> true
[724.79]|[FogDevice(2|cloud_device_0)]: Downloading data from fog device: 4
[724.79]|[FogDevice(5|edge_and_end_device_0)]: Downloading data from fog device: 8
[724.79]|[FogDevice(3|edge_device_0)]: Downloaded data of Task(11) on Cycle(0)
[724.79]|[FogDevice(3|edge_device_0)]: Data is not for me. relaying the message
[724.79]|[FogDevice(4|edge_device_1)]: Downloaded data of Task(12) on Cycle(0)
[724.79]|[FogDevice(4|edge_device_1)]: Data is not for me. relaying the message
[724.79]|[FogDevice(5|edge_and_end_device_0)]: Downloaded data of Task(13) on Cycle(0)
[724.79]|[FogDevice(5|edge_and_end_device_0)]: Data is not for me. relaying the message
[724.79]|[FogDevice(2|cloud_device_0)]: Downloading data from fog device: 3
[724.79]|[FogDevice(2|cloud_device_0)]: Downloading data from fog device: 4
[724.79]|[FogDevice(2|cloud_device_0)]: Downloaded data of Task(10) on Cycle(0)
[724.79]|[FogDevice(2|cloud_device_0)]: Data is for me
[724.79]|[FogDevice(2|cloud_device_0)]: Updating received data with: Cycle(0): Task(10) -> true
[724.79]|[FogDevice(3|edge_device_0)]: Downloading data from fog device: 5
[724.79]|[FogDevice(5|edge_and_end_device_0)]: Downloaded data of Task(14) on Cycle(0)
[724.79]|[FogDevice(5|edge_and_end_device_0)]: Data is not for me. relaying the message
[724.79]|[FogDevice(2|cloud_device_0)]: Downloaded data of Task(11) on Cycle(0)
[724.79]|[FogDevice(2|cloud_device_0)]: Data is for me
[724.79]|[FogDevice(2|cloud_device_0)]: Updating received data with: Cycle(0): Task(11) -> true
[724.79]|[FogDevice(3|edge_device_0)]: Downloaded data of Task(13) on Cycle(0)
[724.79]|[FogDevice(3|edge_device_0)]: Data is not for me. relaying the message
[724.79]|[FogDevice(2|cloud_device_0)]: Downloaded data of Task(12) on Cycle(0)
[724.79]|[FogDevice(2|cloud_device_0)]: Data is for me
[724.79]|[FogDevice(2|cloud_device_0)]: Updating received data with: Cycle(0): Task(12) -> true
[724.79]|[FogDevice(3|edge_device_0)]: Downloading data from fog device: 5
[724.79]|[FogDevice(2|cloud_device_0)]: Downloading data from fog device: 3
[724.79]|[FogDevice(2|cloud_device_0)]: Downloaded data of Task(13) on Cycle(0)
[724.79]|[FogDevice(2|cloud_device_0)]: Data is for me
[724.79]|[FogDevice(2|cloud_device_0)]: Updating received data with: Cycle(0): Task(13) -> true
[724.79]|[FogDevice(3|edge_device_0)]: Downloaded data of Task(14) on Cycle(0)
[724.79]|[FogDevice(3|edge_device_0)]: Data is not for me. relaying the message
[724.79]|[FogDevice(2|cloud_device_0)]: Downloading data from fog device: 3
[724.79]|[FogDevice(2|cloud_device_0)]: Downloaded data of Task(14) on Cycle(0)
[724.79]|[FogDevice(2|cloud_device_0)]: Data is for me
[724.79]|[FogDevice(2|cloud_device_0)]: Updating received data with: Cycle(0): Task(14) -> true
[724.79]|[FogDevice(2|cloud_device_0)]: Found Task(15) from Workflow(Inspiral_30.xml) that can be executed
[724.79]|[FogDevice(2|cloud_device_0)]: Received execute msg for Task(15) on Cycle(0) from Workflow(Inspiral_30.xml) to run on Vm(0)
[724.79]|[FogDevice(2|cloud_device_0)]: All parent data for Task(15) are received. task can execute
724.79: [Host #0] Total allocated MIPS for VM #0 (Host #0) is 6000.00, was requested 0.00 out of total 6000.00 (0.00%)
724.79: [Host #0] MIPS for VM #0 by PEs (1 * 6000.0). PE #0: 6000.00.
724.79: [Host #0] utilization is 100.00%

Energy consumption for the last time frame from 115.54 to 724.79:

724.79: [Host #0] utilization at 115.54 was 100.00%, now is 100.00%
724.79: [Host #0] energy is 609254.21 W*sec

724.79: Data center's energy is 609254.21 W*sec

[724.79]|[FogBroker(12)]: Task(15) ack: true
725.73: [Host #0] Total allocated MIPS for VM #0 (Host #0) is 6000.00, was requested 0.00 out of total 6000.00 (0.00%)
725.73: [Host #0] MIPS for VM #0 by PEs (1 * 6000.0). PE #0: 6000.00.
725.73: [Host #0] utilization is 100.00%

Energy consumption for the last time frame from 724.79 to 725.73:

725.73: [Host #0] utilization at 724.79 was 100.00%, now is 100.00%
725.73: [Host #0] energy is 935.00 W*sec

725.73: Data center's energy is 935.00 W*sec

[725.73]|[FogBroker(12)]: Received task completion msg for Task(15) from FogDevice(2)
[725.73]|[FogBroker(12)]: Notifying WorkflowEngine of completed Task(15)...
[725.73]|[FogBroker(12)]: Task(15) on Cycle(0) decided to generate data: true
[725.73]|[FogBroker(12)]: All dispatched tasks are complete
[725.73]|[FogBroker(12)]: There is no vm to destroy
[725.73]|[FogBroker(12)]: There is no vm to create
[725.73]|[FogBroker(12)]: Trying to dispatch tasks...
[725.73]|[FogBroker(12)]: Dispatching tasks...
[725.73]|[WorkflowEngine(13)]: Task(15) received as complete
[725.73]|[WorkflowEngine(13)]: Task(16) is now ready to get executed. Releasing it...
[725.73]|[WorkflowEngine(13)]: Task(17) is now ready to get executed. Releasing it...
[725.73]|[WorkflowEngine(13)]: Task(18) is now ready to get executed. Releasing it...
[725.73]|[WorkflowEngine(13)]: Task(19) is now ready to get executed. Releasing it...
[725.73]|[WorkflowEngine(13)]: Task(20) is now ready to get executed. Releasing it...
[725.73]|[WorkflowEngine(13)]: Task(21) is now ready to get executed. Releasing it...
[725.73]|[WorkflowEngine(13)]: Task(22) is now ready to get executed. Releasing it...
[725.73]|[FogBroker(12)]: Task(16) of Workflow(Inspiral_30.xml) received
[725.73]|[FogBroker(12)]: Dispatching tasks...
[725.73]|[FogBroker(12)]: Sending STAGE_OUT_MSG to FogDevice(2) for Task(15) on Cycle(0)
[725.73]|[FogBroker(12)]: Asking FogDevice(2) to execute Task(16) on Cycle(0)
[725.73]|[FogBroker(12)]: Task(17) of Workflow(Inspiral_30.xml) received
[725.73]|[FogBroker(12)]: Dispatching tasks...
[725.73]|[FogBroker(12)]: Sending STAGE_OUT_MSG to FogDevice(2) for Task(15) on Cycle(0)
[725.73]|[FogBroker(12)]: Asking FogDevice(3) to execute Task(17) on Cycle(0)
[725.73]|[FogBroker(12)]: Task(18) of Workflow(Inspiral_30.xml) received
[725.73]|[FogBroker(12)]: Dispatching tasks...
[725.73]|[FogBroker(12)]: Sending STAGE_OUT_MSG to FogDevice(2) for Task(15) on Cycle(0)
[725.73]|[FogBroker(12)]: Asking FogDevice(4) to execute Task(18) on Cycle(0)
[725.73]|[FogBroker(12)]: Task(19) of Workflow(Inspiral_30.xml) received
[725.73]|[FogBroker(12)]: Dispatching tasks...
[725.73]|[FogBroker(12)]: Sending STAGE_OUT_MSG to FogDevice(2) for Task(15) on Cycle(0)
[725.73]|[FogBroker(12)]: Asking FogDevice(5) to execute Task(19) on Cycle(0)
[725.73]|[FogBroker(12)]: Task(20) of Workflow(Inspiral_30.xml) received
[725.73]|[FogBroker(12)]: Dispatching tasks...
[725.73]|[FogBroker(12)]: Sending STAGE_OUT_MSG to FogDevice(2) for Task(15) on Cycle(0)
[725.73]|[FogBroker(12)]: Asking FogDevice(6) to execute Task(20) on Cycle(0)
[725.73]|[FogBroker(12)]: Task(21) of Workflow(Inspiral_30.xml) received
[725.73]|[FogBroker(12)]: Dispatching tasks...
[725.73]|[FogBroker(12)]: Sending STAGE_OUT_MSG to FogDevice(2) for Task(15) on Cycle(0)
[725.73]|[FogBroker(12)]: Asking FogDevice(7) to execute Task(21) on Cycle(0)
[725.73]|[FogBroker(12)]: Task(22) of Workflow(Inspiral_30.xml) received
[725.73]|[FogBroker(12)]: Dispatching tasks...
[725.73]|[FogBroker(12)]: Sending STAGE_OUT_MSG to FogDevice(2) for Task(15) on Cycle(0)
[725.73]|[FogBroker(12)]: Asking FogDevice(8) to execute Task(22) on Cycle(0)
[725.73]|[FogDevice(2|cloud_device_0)]: Received STAGE_OUT data of Task(15) on Cycle(0): (true) and destination is a loop back: sending data instantly
[725.73]|[FogDevice(2|cloud_device_0)]: Received execute msg for Task(16) on Cycle(0) from Workflow(Inspiral_30.xml) to run on Vm(0)
[725.73]|[FogDevice(2|cloud_device_0)]: Not all parent data are available. task is added to waiting queue
[725.73]|[FogDevice(2|cloud_device_0)]: Received STAGE_OUT data of Task(15) on Cycle(0) to FogDevice(3)
[725.73]|[FogDevice(2|cloud_device_0)]: Sending data of Task(15) on Cycle(0) to FogDevice(3) with Delay(4.0306640625E-5)
[725.73]|[FogDevice(2|cloud_device_0)]: Received STAGE_OUT data of Task(15) on Cycle(0) to FogDevice(4)
[725.73]|[FogDevice(2|cloud_device_0)]: Sending data of Task(15) on Cycle(0) to FogDevice(4) with Delay(4.0306640625E-5)
[725.73]|[FogDevice(2|cloud_device_0)]: Received STAGE_OUT data of Task(15) on Cycle(0) to FogDevice(5)
[725.73]|[FogDevice(2|cloud_device_0)]: Sending data of Task(15) on Cycle(0) to FogDevice(3) with Delay(4.0306640625E-5)
[725.73]|[FogDevice(2|cloud_device_0)]: Received STAGE_OUT data of Task(15) on Cycle(0) to FogDevice(6)
[725.73]|[FogDevice(2|cloud_device_0)]: Sending data of Task(15) on Cycle(0) to FogDevice(4) with Delay(4.0306640625E-5)
[725.73]|[FogDevice(2|cloud_device_0)]: Received STAGE_OUT data of Task(15) on Cycle(0) to FogDevice(7)
[725.73]|[FogDevice(2|cloud_device_0)]: Sending data of Task(15) on Cycle(0) to FogDevice(3) with Delay(4.0306640625E-5)
[725.73]|[FogDevice(2|cloud_device_0)]: Received STAGE_OUT data of Task(15) on Cycle(0) to FogDevice(8)
[725.73]|[FogDevice(2|cloud_device_0)]: Sending data of Task(15) on Cycle(0) to FogDevice(3) with Delay(4.0306640625E-5)
[725.73]|[FogDevice(3|edge_device_0)]: Received execute msg for Task(17) on Cycle(0) from Workflow(Inspiral_30.xml) to run on Vm(1)
[725.73]|[FogDevice(3|edge_device_0)]: Not all parent data are available. task is added to waiting queue
[725.73]|[FogDevice(4|edge_device_1)]: Received execute msg for Task(18) on Cycle(0) from Workflow(Inspiral_30.xml) to run on Vm(2)
[725.73]|[FogDevice(4|edge_device_1)]: Not all parent data are available. task is added to waiting queue
[725.73]|[FogDevice(5|edge_and_end_device_0)]: Received execute msg for Task(19) on Cycle(0) from Workflow(Inspiral_30.xml) to run on Vm(3)
[725.73]|[FogDevice(5|edge_and_end_device_0)]: Not all parent data are available. task is added to waiting queue
[725.73]|[FogDevice(6|edge_and_end_device_1)]: Received execute msg for Task(20) on Cycle(0) from Workflow(Inspiral_30.xml) to run on Vm(4)
[725.73]|[FogDevice(6|edge_and_end_device_1)]: Not all parent data are available. task is added to waiting queue
[725.73]|[FogDevice(7|phone)]: Received execute msg for Task(21) on Cycle(0) from Workflow(Inspiral_30.xml) to run on Vm(5)
[725.73]|[FogDevice(7|phone)]: Not all parent data are available. task is added to waiting queue
[725.73]|[FogDevice(8|camera)]: Received execute msg for Task(22) on Cycle(0) from Workflow(Inspiral_30.xml) to run on Vm(6)
[725.73]|[FogDevice(8|camera)]: Not all parent data are available. task is added to waiting queue
[725.73]|[FogDevice(2|cloud_device_0)]: Downloaded data of Task(15) on Cycle(0)
[725.73]|[FogDevice(2|cloud_device_0)]: Data is for me
[725.73]|[FogDevice(2|cloud_device_0)]: Updating received data with: Cycle(0): Task(15) -> true
[725.73]|[FogDevice(2|cloud_device_0)]: Found Task(16) from Workflow(Inspiral_30.xml) that can be executed
[725.73]|[FogDevice(2|cloud_device_0)]: Received execute msg for Task(16) on Cycle(0) from Workflow(Inspiral_30.xml) to run on Vm(0)
[725.73]|[FogDevice(2|cloud_device_0)]: All parent data for Task(16) are received. task can execute
[725.73]|[FogBroker(12)]: Task(16) ack: true
[725.73]|[FogDevice(3|edge_device_0)]: Downloading data from fog device: 2
[725.73]|[FogDevice(4|edge_device_1)]: Downloading data from fog device: 2
[725.73]|[FogDevice(3|edge_device_0)]: Downloaded data of Task(15) on Cycle(0)
[725.73]|[FogDevice(3|edge_device_0)]: Data is for me
[725.73]|[FogDevice(3|edge_device_0)]: Updating received data with: Cycle(0): Task(15) -> true
[725.73]|[FogDevice(3|edge_device_0)]: Found Task(17) from Workflow(Inspiral_30.xml) that can be executed
[725.73]|[FogDevice(3|edge_device_0)]: Received execute msg for Task(17) on Cycle(0) from Workflow(Inspiral_30.xml) to run on Vm(1)
[725.73]|[FogDevice(3|edge_device_0)]: All parent data for Task(17) are received. task can execute
725.73: [Host #0] Total allocated MIPS for VM #1 (Host #0) is 4000.00, was requested 0.00 out of total 4000.00 (0.00%)
725.73: [Host #0] MIPS for VM #1 by PEs (1 * 4000.0). PE #0: 4000.00.
725.73: [Host #0] utilization is 100.00%

Energy consumption for the last time frame from 92.17 to 725.73:

725.73: [Host #0] utilization at 92.17 was 100.00%, now is 100.00%
725.73: [Host #0] energy is 633562.62 W*sec

725.73: Data center's energy is 633562.62 W*sec

[725.73]|[FogBroker(12)]: Task(17) ack: true
[725.73]|[FogDevice(3|edge_device_0)]: Downloading data from fog device: 2
[725.73]|[FogDevice(4|edge_device_1)]: Downloaded data of Task(15) on Cycle(0)
[725.73]|[FogDevice(4|edge_device_1)]: Data is for me
[725.73]|[FogDevice(4|edge_device_1)]: Updating received data with: Cycle(0): Task(15) -> true
[725.73]|[FogDevice(4|edge_device_1)]: Found Task(18) from Workflow(Inspiral_30.xml) that can be executed
[725.73]|[FogDevice(4|edge_device_1)]: Received execute msg for Task(18) on Cycle(0) from Workflow(Inspiral_30.xml) to run on Vm(2)
[725.73]|[FogDevice(4|edge_device_1)]: All parent data for Task(18) are received. task can execute
725.73: [Host #0] Total allocated MIPS for VM #2 (Host #0) is 4000.00, was requested 0.00 out of total 4000.00 (0.00%)
725.73: [Host #0] MIPS for VM #2 by PEs (1 * 4000.0). PE #0: 4000.00.
725.73: [Host #0] utilization is 100.00%

Energy consumption for the last time frame from 153.17 to 725.73:

725.73: [Host #0] utilization at 153.17 was 100.00%, now is 100.00%
725.73: [Host #0] energy is 572555.16 W*sec

725.73: Data center's energy is 572555.16 W*sec

[725.73]|[FogBroker(12)]: Task(18) ack: true
[725.73]|[FogDevice(4|edge_device_1)]: Downloading data from fog device: 2
[725.73]|[FogDevice(3|edge_device_0)]: Downloaded data of Task(15) on Cycle(0)
[725.73]|[FogDevice(3|edge_device_0)]: Data is not for me. relaying the message
[725.73]|[FogDevice(3|edge_device_0)]: Downloading data from fog device: 2
[725.73]|[FogDevice(4|edge_device_1)]: Downloaded data of Task(15) on Cycle(0)
[725.73]|[FogDevice(4|edge_device_1)]: Data is not for me. relaying the message
[725.73]|[FogDevice(5|edge_and_end_device_0)]: Downloading data from fog device: 3
[725.73]|[FogDevice(3|edge_device_0)]: Downloading data from fog device: 2
[725.73]|[FogDevice(3|edge_device_0)]: Downloaded data of Task(15) on Cycle(0)
[725.73]|[FogDevice(3|edge_device_0)]: Data is not for me. relaying the message
[725.73]|[FogDevice(6|edge_and_end_device_1)]: Downloading data from fog device: 4
[725.73]|[FogDevice(5|edge_and_end_device_0)]: Downloaded data of Task(15) on Cycle(0)
[725.73]|[FogDevice(5|edge_and_end_device_0)]: Data is for me
[725.73]|[FogDevice(5|edge_and_end_device_0)]: Updating received data with: Cycle(0): Task(15) -> true
[725.73]|[FogDevice(5|edge_and_end_device_0)]: Found Task(19) from Workflow(Inspiral_30.xml) that can be executed
[725.73]|[FogDevice(5|edge_and_end_device_0)]: Received execute msg for Task(19) on Cycle(0) from Workflow(Inspiral_30.xml) to run on Vm(3)
[725.73]|[FogDevice(5|edge_and_end_device_0)]: All parent data for Task(19) are received. task can execute
725.73: [Host #0] Total allocated MIPS for VM #3 (Host #0) is 1500.00, was requested 0.00 out of total 1500.00 (0.00%)
725.73: [Host #0] MIPS for VM #3 by PEs (1 * 1500.0). PE #0: 1500.00.
725.73: [Host #0] utilization is 100.00%

Energy consumption for the last time frame from 358.07 to 725.73:

725.73: [Host #0] utilization at 358.07 was 100.00%, now is 100.00%
725.73: [Host #0] energy is 367657.78 W*sec

725.73: Data center's energy is 367657.78 W*sec

[725.73]|[FogBroker(12)]: Task(19) ack: true
[725.73]|[FogDevice(3|edge_device_0)]: Downloaded data of Task(15) on Cycle(0)
[725.73]|[FogDevice(3|edge_device_0)]: Data is not for me. relaying the message
[725.73]|[FogDevice(5|edge_and_end_device_0)]: Downloading data from fog device: 3
[725.73]|[FogDevice(6|edge_and_end_device_1)]: Downloaded data of Task(15) on Cycle(0)
[725.73]|[FogDevice(6|edge_and_end_device_1)]: Data is for me
[725.73]|[FogDevice(6|edge_and_end_device_1)]: Updating received data with: Cycle(0): Task(15) -> true
[725.73]|[FogDevice(6|edge_and_end_device_1)]: Found Task(20) from Workflow(Inspiral_30.xml) that can be executed
[725.73]|[FogDevice(6|edge_and_end_device_1)]: Received execute msg for Task(20) on Cycle(0) from Workflow(Inspiral_30.xml) to run on Vm(4)
[725.73]|[FogDevice(6|edge_and_end_device_1)]: All parent data for Task(20) are received. task can execute
725.73: [Host #0] Total allocated MIPS for VM #4 (Host #0) is 1500.00, was requested 0.00 out of total 1500.00 (0.00%)
725.73: [Host #0] MIPS for VM #4 by PEs (1 * 1500.0). PE #0: 1500.00.
725.73: [Host #0] utilization is 100.00%

Energy consumption for the last time frame from 368.95 to 725.73:

725.73: [Host #0] utilization at 368.95 was 100.00%, now is 100.00%
725.73: [Host #0] energy is 356777.82 W*sec

725.73: Data center's energy is 356777.82 W*sec

[725.73]|[FogBroker(12)]: Task(20) ack: true
[725.73]|[FogDevice(5|edge_and_end_device_0)]: Downloading data from fog device: 3
[725.73]|[FogDevice(5|edge_and_end_device_0)]: Downloaded data of Task(15) on Cycle(0)
[725.73]|[FogDevice(5|edge_and_end_device_0)]: Data is not for me. relaying the message
[725.73]|[FogDevice(5|edge_and_end_device_0)]: Downloaded data of Task(15) on Cycle(0)
[725.73]|[FogDevice(5|edge_and_end_device_0)]: Data is not for me. relaying the message
[725.73]|[FogDevice(7|phone)]: Downloading data from fog device: 5
[725.73]|[FogDevice(7|phone)]: Downloaded data of Task(15) on Cycle(0)
[725.73]|[FogDevice(7|phone)]: Data is for me
[725.73]|[FogDevice(7|phone)]: Updating received data with: Cycle(0): Task(15) -> true
[725.73]|[FogDevice(7|phone)]: Found Task(21) from Workflow(Inspiral_30.xml) that can be executed
[725.73]|[FogDevice(8|camera)]: Downloading data from fog device: 5
[725.73]|[FogDevice(7|phone)]: Received execute msg for Task(21) on Cycle(0) from Workflow(Inspiral_30.xml) to run on Vm(5)
[725.73]|[FogDevice(7|phone)]: All parent data for Task(21) are received. task can execute
725.73: [Host #0] Total allocated MIPS for VM #5 (Host #0) is 500.00, was requested 0.00 out of total 500.00 (0.00%)
725.73: [Host #0] MIPS for VM #5 by PEs (2 * 500.0). PE #0: 500.00.
725.73: [Host #0] utilization is 50.00%

Energy consumption for the last time frame from 699.43 to 725.73:

725.73: [Host #0] utilization at 699.43 was 50.00%, now is 50.00%
725.73: [Host #0] energy is 19723.46 W*sec

725.73: Data center's energy is 19723.46 W*sec

[725.73]|[FogBroker(12)]: Task(21) ack: true
[725.73]|[FogDevice(8|camera)]: Downloaded data of Task(15) on Cycle(0)
[725.73]|[FogDevice(8|camera)]: Data is for me
[725.73]|[FogDevice(8|camera)]: Updating received data with: Cycle(0): Task(15) -> true
[725.73]|[FogDevice(8|camera)]: Found Task(22) from Workflow(Inspiral_30.xml) that can be executed
[725.73]|[FogDevice(8|camera)]: Received execute msg for Task(22) on Cycle(0) from Workflow(Inspiral_30.xml) to run on Vm(6)
[725.73]|[FogDevice(8|camera)]: All parent data for Task(22) are received. task can execute
725.73: [Host #0] Total allocated MIPS for VM #6 (Host #0) is 500.00, was requested 0.00 out of total 500.00 (0.00%)
725.73: [Host #0] MIPS for VM #6 by PEs (1 * 500.0). PE #0: 500.00.
725.73: [Host #0] utilization is 100.00%

Energy consumption for the last time frame from 724.79 to 725.73:

725.73: [Host #0] utilization at 724.79 was 100.00%, now is 100.00%
725.73: [Host #0] energy is 937.98 W*sec

725.73: Data center's energy is 937.98 W*sec

[725.73]|[FogBroker(12)]: Task(22) ack: true
726.69: [Host #0] Total allocated MIPS for VM #0 (Host #0) is 6000.00, was requested 0.00 out of total 6000.00 (0.00%)
726.69: [Host #0] MIPS for VM #0 by PEs (1 * 6000.0). PE #0: 6000.00.
726.69: [Host #0] utilization is 100.00%

Energy consumption for the last time frame from 725.73 to 726.69:

726.69: [Host #0] utilization at 725.73 was 100.00%, now is 100.00%
726.69: [Host #0] energy is 961.67 W*sec

726.69: Data center's energy is 961.67 W*sec

[726.69]|[FogBroker(12)]: Received task completion msg for Task(16) from FogDevice(2)
[726.69]|[FogBroker(12)]: Notifying WorkflowEngine of completed Task(16)...
[726.69]|[FogBroker(12)]: Task(16) on Cycle(0) decided to generate data: true
[726.69]|[FogBroker(12)]: All dispatched tasks are complete
[726.69]|[FogBroker(12)]: There is no vm to destroy
[726.69]|[FogBroker(12)]: There is no vm to create
[726.69]|[FogBroker(12)]: Trying to dispatch tasks...
[726.69]|[FogBroker(12)]: Dispatching tasks...
[726.69]|[WorkflowEngine(13)]: Task(16) received as complete
[726.69]|[WorkflowEngine(13)]: Task(23) is now ready to get executed. Releasing it...
[726.69]|[FogBroker(12)]: Task(23) of Workflow(Inspiral_30.xml) received
[726.69]|[FogBroker(12)]: Dispatching tasks...
[726.69]|[FogBroker(12)]: Sending STAGE_OUT_MSG to FogDevice(2) for Task(16) on Cycle(0)
[726.69]|[FogBroker(12)]: Asking FogDevice(2) to execute Task(23) on Cycle(0)
[726.69]|[FogDevice(2|cloud_device_0)]: Received STAGE_OUT data of Task(16) on Cycle(0): (true) and destination is a loop back: sending data instantly
[726.69]|[FogDevice(2|cloud_device_0)]: Received execute msg for Task(23) on Cycle(0) from Workflow(Inspiral_30.xml) to run on Vm(0)
[726.69]|[FogDevice(2|cloud_device_0)]: Not all parent data are available. task is added to waiting queue
[726.69]|[FogDevice(2|cloud_device_0)]: Downloaded data of Task(16) on Cycle(0)
[726.69]|[FogDevice(2|cloud_device_0)]: Data is for me
[726.69]|[FogDevice(2|cloud_device_0)]: Updating received data with: Cycle(0): Task(16) -> true
[726.69]|[FogDevice(2|cloud_device_0)]: Found Task(23) from Workflow(Inspiral_30.xml) that can be executed
[726.69]|[FogDevice(2|cloud_device_0)]: Received execute msg for Task(23) on Cycle(0) from Workflow(Inspiral_30.xml) to run on Vm(0)
[726.69]|[FogDevice(2|cloud_device_0)]: All parent data for Task(23) are received. task can execute
[726.69]|[FogBroker(12)]: Task(23) ack: true
726.96: [Host #0] Total allocated MIPS for VM #2 (Host #0) is 4000.00, was requested 0.00 out of total 4000.00 (0.00%)
726.96: [Host #0] MIPS for VM #2 by PEs (1 * 4000.0). PE #0: 4000.00.
726.96: [Host #0] utilization is 100.00%

Energy consumption for the last time frame from 725.73 to 726.96:

726.96: [Host #0] utilization at 725.73 was 100.00%, now is 100.00%
726.96: [Host #0] energy is 1232.50 W*sec

726.96: Data center's energy is 1232.50 W*sec

[726.96]|[FogBroker(12)]: Received task completion msg for Task(18) from FogDevice(4)
[726.96]|[FogBroker(12)]: Notifying WorkflowEngine of completed Task(18)...
[726.96]|[FogBroker(12)]: Task(18) on Cycle(0) decided to generate data: true
[726.96]|[FogBroker(12)]: All dispatched tasks are complete
[726.96]|[FogBroker(12)]: There is no vm to destroy
[726.96]|[FogBroker(12)]: There is no vm to create
[726.96]|[FogBroker(12)]: Trying to dispatch tasks...
[726.96]|[FogBroker(12)]: Dispatching tasks...
[726.96]|[WorkflowEngine(13)]: Task(18) received as complete
[726.96]|[WorkflowEngine(13)]: Task(25) is now ready to get executed. Releasing it...
[726.96]|[FogBroker(12)]: Task(25) of Workflow(Inspiral_30.xml) received
[726.96]|[FogBroker(12)]: Dispatching tasks...
[726.96]|[FogBroker(12)]: Sending STAGE_OUT_MSG to FogDevice(4) for Task(18) on Cycle(0)
[726.96]|[FogBroker(12)]: Asking FogDevice(4) to execute Task(25) on Cycle(0)
[726.96]|[FogDevice(4|edge_device_1)]: Received STAGE_OUT data of Task(18) on Cycle(0): (true) and destination is a loop back: sending data instantly
[726.96]|[FogDevice(4|edge_device_1)]: Received execute msg for Task(25) on Cycle(0) from Workflow(Inspiral_30.xml) to run on Vm(2)
[726.96]|[FogDevice(4|edge_device_1)]: Not all parent data are available. task is added to waiting queue
[726.96]|[FogDevice(4|edge_device_1)]: Downloaded data of Task(18) on Cycle(0)
[726.96]|[FogDevice(4|edge_device_1)]: Data is for me
[726.96]|[FogDevice(4|edge_device_1)]: Updating received data with: Cycle(0): Task(18) -> true
[726.96]|[FogDevice(4|edge_device_1)]: Found Task(25) from Workflow(Inspiral_30.xml) that can be executed
[726.96]|[FogDevice(4|edge_device_1)]: Received execute msg for Task(25) on Cycle(0) from Workflow(Inspiral_30.xml) to run on Vm(2)
[726.96]|[FogDevice(4|edge_device_1)]: All parent data for Task(25) are received. task can execute
[726.96]|[FogBroker(12)]: Task(25) ack: true
727.09: [Host #0] Total allocated MIPS for VM #1 (Host #0) is 4000.00, was requested 0.00 out of total 4000.00 (0.00%)
727.09: [Host #0] MIPS for VM #1 by PEs (1 * 4000.0). PE #0: 4000.00.
727.09: [Host #0] utilization is 100.00%

Energy consumption for the last time frame from 725.73 to 727.09:

727.09: [Host #0] utilization at 725.73 was 100.00%, now is 100.00%
727.09: [Host #0] energy is 1357.50 W*sec

727.09: Data center's energy is 1357.50 W*sec

[727.09]|[FogBroker(12)]: Received task completion msg for Task(17) from FogDevice(3)
[727.09]|[FogBroker(12)]: Notifying WorkflowEngine of completed Task(17)...
[727.09]|[FogBroker(12)]: Task(17) on Cycle(0) decided to generate data: true
[727.09]|[FogBroker(12)]: All dispatched tasks are complete
[727.09]|[FogBroker(12)]: There is no vm to destroy
[727.09]|[FogBroker(12)]: There is no vm to create
[727.09]|[FogBroker(12)]: Trying to dispatch tasks...
[727.09]|[FogBroker(12)]: Dispatching tasks...
[727.09]|[WorkflowEngine(13)]: Task(17) received as complete
[727.09]|[WorkflowEngine(13)]: Task(24) is now ready to get executed. Releasing it...
[727.09]|[FogBroker(12)]: Task(24) of Workflow(Inspiral_30.xml) received
[727.09]|[FogBroker(12)]: Dispatching tasks...
[727.09]|[FogBroker(12)]: Sending STAGE_OUT_MSG to FogDevice(3) for Task(17) on Cycle(0)
[727.09]|[FogBroker(12)]: Asking FogDevice(3) to execute Task(24) on Cycle(0)
[727.09]|[FogDevice(3|edge_device_0)]: Received STAGE_OUT data of Task(17) on Cycle(0): (true) and destination is a loop back: sending data instantly
[727.09]|[FogDevice(3|edge_device_0)]: Received execute msg for Task(24) on Cycle(0) from Workflow(Inspiral_30.xml) to run on Vm(1)
[727.09]|[FogDevice(3|edge_device_0)]: Not all parent data are available. task is added to waiting queue
[727.09]|[FogDevice(3|edge_device_0)]: Downloaded data of Task(17) on Cycle(0)
[727.09]|[FogDevice(3|edge_device_0)]: Data is for me
[727.09]|[FogDevice(3|edge_device_0)]: Updating received data with: Cycle(0): Task(17) -> true
[727.09]|[FogDevice(3|edge_device_0)]: Found Task(24) from Workflow(Inspiral_30.xml) that can be executed
[727.09]|[FogDevice(3|edge_device_0)]: Received execute msg for Task(24) on Cycle(0) from Workflow(Inspiral_30.xml) to run on Vm(1)
[727.09]|[FogDevice(3|edge_device_0)]: All parent data for Task(24) are received. task can execute
[727.09]|[FogBroker(12)]: Task(24) ack: true
729.05: [Host #0] Total allocated MIPS for VM #4 (Host #0) is 1500.00, was requested 0.00 out of total 1500.00 (0.00%)
729.05: [Host #0] MIPS for VM #4 by PEs (1 * 1500.0). PE #0: 1500.00.
729.05: [Host #0] utilization is 100.00%

Energy consumption for the last time frame from 725.73 to 729.05:

729.05: [Host #0] utilization at 725.73 was 100.00%, now is 100.00%
729.05: [Host #0] energy is 3320.00 W*sec

729.05: Data center's energy is 3320.00 W*sec

[729.05]|[FogBroker(12)]: Received task completion msg for Task(20) from FogDevice(6)
[729.05]|[FogBroker(12)]: Notifying WorkflowEngine of completed Task(20)...
[729.05]|[FogBroker(12)]: Task(20) on Cycle(0) decided to generate data: true
[729.05]|[FogBroker(12)]: All dispatched tasks are complete
[729.05]|[FogBroker(12)]: There is no vm to destroy
[729.05]|[FogBroker(12)]: There is no vm to create
[729.05]|[FogBroker(12)]: Trying to dispatch tasks...
[729.05]|[FogBroker(12)]: Dispatching tasks...
[729.05]|[WorkflowEngine(13)]: Task(20) received as complete
[729.05]|[WorkflowEngine(13)]: Task(27) is now ready to get executed. Releasing it...
[729.05]|[FogBroker(12)]: Task(27) of Workflow(Inspiral_30.xml) received
[729.05]|[FogBroker(12)]: Dispatching tasks...
[729.05]|[FogBroker(12)]: Sending STAGE_OUT_MSG to FogDevice(6) for Task(20) on Cycle(0)
[729.05]|[FogBroker(12)]: Asking FogDevice(6) to execute Task(27) on Cycle(0)
[729.05]|[FogDevice(6|edge_and_end_device_1)]: Received STAGE_OUT data of Task(20) on Cycle(0): (true) and destination is a loop back: sending data instantly
[729.05]|[FogDevice(6|edge_and_end_device_1)]: Received execute msg for Task(27) on Cycle(0) from Workflow(Inspiral_30.xml) to run on Vm(4)
[729.05]|[FogDevice(6|edge_and_end_device_1)]: Not all parent data are available. task is added to waiting queue
[729.05]|[FogDevice(6|edge_and_end_device_1)]: Downloaded data of Task(20) on Cycle(0)
[729.05]|[FogDevice(6|edge_and_end_device_1)]: Data is for me
[729.05]|[FogDevice(6|edge_and_end_device_1)]: Updating received data with: Cycle(0): Task(20) -> true
[729.05]|[FogDevice(6|edge_and_end_device_1)]: Found Task(27) from Workflow(Inspiral_30.xml) that can be executed
[729.05]|[FogDevice(6|edge_and_end_device_1)]: Received execute msg for Task(27) on Cycle(0) from Workflow(Inspiral_30.xml) to run on Vm(4)
[729.05]|[FogDevice(6|edge_and_end_device_1)]: All parent data for Task(27) are received. task can execute
[729.05]|[FogBroker(12)]: Task(27) ack: true
729.23: [Host #0] Total allocated MIPS for VM #3 (Host #0) is 1500.00, was requested 0.00 out of total 1500.00 (0.00%)
729.23: [Host #0] MIPS for VM #3 by PEs (1 * 1500.0). PE #0: 1500.00.
729.23: [Host #0] utilization is 100.00%

Energy consumption for the last time frame from 725.73 to 729.23:

729.23: [Host #0] utilization at 725.73 was 100.00%, now is 100.00%
729.23: [Host #0] energy is 3506.67 W*sec

729.23: Data center's energy is 3506.67 W*sec

[729.23]|[FogBroker(12)]: Received task completion msg for Task(19) from FogDevice(5)
[729.23]|[FogBroker(12)]: Notifying WorkflowEngine of completed Task(19)...
[729.23]|[FogBroker(12)]: Task(19) on Cycle(0) decided to generate data: true
[729.23]|[FogBroker(12)]: All dispatched tasks are complete
[729.23]|[FogBroker(12)]: There is no vm to destroy
[729.23]|[FogBroker(12)]: There is no vm to create
[729.23]|[FogBroker(12)]: Trying to dispatch tasks...
[729.23]|[FogBroker(12)]: Dispatching tasks...
[729.23]|[WorkflowEngine(13)]: Task(19) received as complete
[729.23]|[WorkflowEngine(13)]: Task(26) is now ready to get executed. Releasing it...
[729.23]|[FogBroker(12)]: Task(26) of Workflow(Inspiral_30.xml) received
[729.23]|[FogBroker(12)]: Dispatching tasks...
[729.23]|[FogBroker(12)]: Sending STAGE_OUT_MSG to FogDevice(5) for Task(19) on Cycle(0)
[729.23]|[FogBroker(12)]: Asking FogDevice(5) to execute Task(26) on Cycle(0)
[729.23]|[FogDevice(5|edge_and_end_device_0)]: Received STAGE_OUT data of Task(19) on Cycle(0): (true) and destination is a loop back: sending data instantly
[729.23]|[FogDevice(5|edge_and_end_device_0)]: Received execute msg for Task(26) on Cycle(0) from Workflow(Inspiral_30.xml) to run on Vm(3)
[729.23]|[FogDevice(5|edge_and_end_device_0)]: Not all parent data are available. task is added to waiting queue
[729.23]|[FogDevice(5|edge_and_end_device_0)]: Downloaded data of Task(19) on Cycle(0)
[729.23]|[FogDevice(5|edge_and_end_device_0)]: Data is for me
[729.23]|[FogDevice(5|edge_and_end_device_0)]: Updating received data with: Cycle(0): Task(19) -> true
[729.23]|[FogDevice(5|edge_and_end_device_0)]: Found Task(26) from Workflow(Inspiral_30.xml) that can be executed
[729.23]|[FogDevice(5|edge_and_end_device_0)]: Received execute msg for Task(26) on Cycle(0) from Workflow(Inspiral_30.xml) to run on Vm(3)
[729.23]|[FogDevice(5|edge_and_end_device_0)]: All parent data for Task(26) are received. task can execute
[729.23]|[FogBroker(12)]: Task(26) ack: true
736.25: [Host #0] Total allocated MIPS for VM #6 (Host #0) is 500.00, was requested 0.00 out of total 500.00 (0.00%)
736.25: [Host #0] MIPS for VM #6 by PEs (1 * 500.0). PE #0: 500.00.
736.25: [Host #0] utilization is 100.00%

Energy consumption for the last time frame from 725.73 to 736.25:

736.25: [Host #0] utilization at 725.73 was 100.00%, now is 100.00%
736.25: [Host #0] energy is 10520.00 W*sec

736.25: Data center's energy is 10520.00 W*sec

[736.25]|[FogBroker(12)]: Received task completion msg for Task(22) from FogDevice(8)
[736.25]|[FogBroker(12)]: Notifying WorkflowEngine of completed Task(22)...
[736.25]|[FogBroker(12)]: Task(22) on Cycle(0) decided to generate data: true
[736.25]|[FogBroker(12)]: All dispatched tasks are complete
[736.25]|[FogBroker(12)]: There is no vm to destroy
[736.25]|[FogBroker(12)]: There is no vm to create
[736.25]|[FogBroker(12)]: Trying to dispatch tasks...
[736.25]|[FogBroker(12)]: Dispatching tasks...
[736.25]|[WorkflowEngine(13)]: Task(22) received as complete
[736.25]|[WorkflowEngine(13)]: Task(29) is now ready to get executed. Releasing it...
[736.25]|[FogBroker(12)]: Task(29) of Workflow(Inspiral_30.xml) received
[736.25]|[FogBroker(12)]: Dispatching tasks...
[736.25]|[FogBroker(12)]: Sending STAGE_OUT_MSG to FogDevice(8) for Task(22) on Cycle(0)
[736.25]|[FogBroker(12)]: Asking FogDevice(8) to execute Task(29) on Cycle(0)
[736.25]|[FogDevice(8|camera)]: Received STAGE_OUT data of Task(22) on Cycle(0): (true) and destination is a loop back: sending data instantly
[736.25]|[FogDevice(8|camera)]: Received execute msg for Task(29) on Cycle(0) from Workflow(Inspiral_30.xml) to run on Vm(6)
[736.25]|[FogDevice(8|camera)]: Not all parent data are available. task is added to waiting queue
[736.25]|[FogDevice(8|camera)]: Downloaded data of Task(22) on Cycle(0)
[736.25]|[FogDevice(8|camera)]: Data is for me
[736.25]|[FogDevice(8|camera)]: Updating received data with: Cycle(0): Task(22) -> true
[736.25]|[FogDevice(8|camera)]: Found Task(29) from Workflow(Inspiral_30.xml) that can be executed
[736.25]|[FogDevice(8|camera)]: Received execute msg for Task(29) on Cycle(0) from Workflow(Inspiral_30.xml) to run on Vm(6)
[736.25]|[FogDevice(8|camera)]: All parent data for Task(29) are received. task can execute
[736.25]|[FogBroker(12)]: Task(29) ack: true
736.43: [Host #0] Total allocated MIPS for VM #5 (Host #0) is 500.00, was requested 0.00 out of total 500.00 (0.00%)
736.43: [Host #0] MIPS for VM #5 by PEs (2 * 500.0). PE #0: 500.00.
736.43: [Host #0] utilization is 50.00%

Energy consumption for the last time frame from 725.73 to 736.43:

736.43: [Host #0] utilization at 725.73 was 50.00%, now is 50.00%
736.43: [Host #0] energy is 8025.00 W*sec

736.43: Data center's energy is 8025.00 W*sec

[736.43]|[FogBroker(12)]: Received task completion msg for Task(21) from FogDevice(7)
[736.43]|[FogBroker(12)]: Notifying WorkflowEngine of completed Task(21)...
[736.43]|[FogBroker(12)]: Task(21) on Cycle(0) decided to generate data: true
[736.43]|[FogBroker(12)]: All dispatched tasks are complete
[736.43]|[FogBroker(12)]: There is no vm to destroy
[736.43]|[FogBroker(12)]: There is no vm to create
[736.43]|[FogBroker(12)]: Trying to dispatch tasks...
[736.43]|[FogBroker(12)]: Dispatching tasks...
[736.43]|[WorkflowEngine(13)]: Task(21) received as complete
[736.43]|[WorkflowEngine(13)]: Task(28) is now ready to get executed. Releasing it...
[736.43]|[FogBroker(12)]: Task(28) of Workflow(Inspiral_30.xml) received
[736.43]|[FogBroker(12)]: Dispatching tasks...
[736.43]|[FogBroker(12)]: Sending STAGE_OUT_MSG to FogDevice(7) for Task(21) on Cycle(0)
[736.43]|[FogBroker(12)]: Asking FogDevice(7) to execute Task(28) on Cycle(0)
[736.43]|[FogDevice(7|phone)]: Received STAGE_OUT data of Task(21) on Cycle(0): (true) and destination is a loop back: sending data instantly
[736.43]|[FogDevice(7|phone)]: Received execute msg for Task(28) on Cycle(0) from Workflow(Inspiral_30.xml) to run on Vm(5)
[736.43]|[FogDevice(7|phone)]: Not all parent data are available. task is added to waiting queue
[736.43]|[FogDevice(7|phone)]: Downloaded data of Task(21) on Cycle(0)
[736.43]|[FogDevice(7|phone)]: Data is for me
[736.43]|[FogDevice(7|phone)]: Updating received data with: Cycle(0): Task(21) -> true
[736.43]|[FogDevice(7|phone)]: Found Task(28) from Workflow(Inspiral_30.xml) that can be executed
[736.43]|[FogDevice(7|phone)]: Received execute msg for Task(28) on Cycle(0) from Workflow(Inspiral_30.xml) to run on Vm(5)
[736.43]|[FogDevice(7|phone)]: All parent data for Task(28) are received. task can execute
[736.43]|[FogBroker(12)]: Task(28) ack: true
831.09: [Host #0] Total allocated MIPS for VM #0 (Host #0) is 6000.00, was requested 0.00 out of total 6000.00 (0.00%)
831.09: [Host #0] MIPS for VM #0 by PEs (1 * 6000.0). PE #0: 6000.00.
831.09: [Host #0] utilization is 100.00%

Energy consumption for the last time frame from 726.69 to 831.09:

831.09: [Host #0] utilization at 726.69 was 100.00%, now is 100.00%
831.09: [Host #0] energy is 104396.67 W*sec

831.09: Data center's energy is 104396.67 W*sec

[831.09]|[FogBroker(12)]: Received task completion msg for Task(23) from FogDevice(2)
[831.09]|[FogBroker(12)]: Notifying WorkflowEngine of completed Task(23)...
[831.09]|[FogBroker(12)]: Task(23) on Cycle(0) decided to generate data: true
[831.09]|[FogBroker(12)]: All dispatched tasks are complete
[831.09]|[FogBroker(12)]: There is no vm to destroy
[831.09]|[FogBroker(12)]: There is no vm to create
[831.09]|[FogBroker(12)]: Trying to dispatch tasks...
[831.09]|[FogBroker(12)]: Dispatching tasks...
[831.09]|[WorkflowEngine(13)]: Task(23) received as complete
831.56: [Host #0] Total allocated MIPS for VM #2 (Host #0) is 4000.00, was requested 0.00 out of total 4000.00 (0.00%)
831.56: [Host #0] MIPS for VM #2 by PEs (1 * 4000.0). PE #0: 4000.00.
831.56: [Host #0] utilization is 100.00%

Energy consumption for the last time frame from 726.96 to 831.56:

831.56: [Host #0] utilization at 726.96 was 100.00%, now is 100.00%
831.56: [Host #0] energy is 104597.50 W*sec

831.56: Data center's energy is 104597.50 W*sec

[831.56]|[FogBroker(12)]: Received task completion msg for Task(25) from FogDevice(4)
[831.56]|[FogBroker(12)]: Notifying WorkflowEngine of completed Task(25)...
[831.56]|[FogBroker(12)]: Task(25) on Cycle(0) decided to generate data: true
[831.56]|[FogBroker(12)]: All dispatched tasks are complete
[831.56]|[FogBroker(12)]: There is no vm to destroy
[831.56]|[FogBroker(12)]: There is no vm to create
[831.56]|[FogBroker(12)]: Trying to dispatch tasks...
[831.56]|[FogBroker(12)]: Dispatching tasks...
[831.56]|[WorkflowEngine(13)]: Task(25) received as complete
880.28: [Host #0] Total allocated MIPS for VM #1 (Host #0) is 4000.00, was requested 0.00 out of total 4000.00 (0.00%)
880.28: [Host #0] MIPS for VM #1 by PEs (1 * 4000.0). PE #0: 4000.00.
880.28: [Host #0] utilization is 100.00%

Energy consumption for the last time frame from 727.09 to 880.28:

880.28: [Host #0] utilization at 727.09 was 100.00%, now is 100.00%
880.28: [Host #0] energy is 153195.00 W*sec

880.28: Data center's energy is 153195.00 W*sec

[880.28]|[FogBroker(12)]: Received task completion msg for Task(24) from FogDevice(3)
[880.28]|[FogBroker(12)]: Notifying WorkflowEngine of completed Task(24)...
[880.28]|[FogBroker(12)]: Task(24) on Cycle(0) decided to generate data: true
[880.28]|[FogBroker(12)]: All dispatched tasks are complete
[880.28]|[FogBroker(12)]: There is no vm to destroy
[880.28]|[FogBroker(12)]: There is no vm to create
[880.28]|[FogBroker(12)]: Trying to dispatch tasks...
[880.28]|[FogBroker(12)]: Dispatching tasks...
[880.28]|[WorkflowEngine(13)]: Task(24) received as complete
899.64: [Host #0] Total allocated MIPS for VM #3 (Host #0) is 1500.00, was requested 0.00 out of total 1500.00 (0.00%)
899.64: [Host #0] MIPS for VM #3 by PEs (1 * 1500.0). PE #0: 1500.00.
899.64: [Host #0] utilization is 100.00%

Energy consumption for the last time frame from 729.23 to 899.64:

899.64: [Host #0] utilization at 729.23 was 100.00%, now is 100.00%
899.64: [Host #0] energy is 170406.67 W*sec

899.64: Data center's energy is 170406.67 W*sec

[899.64]|[FogBroker(12)]: Received task completion msg for Task(26) from FogDevice(5)
[899.64]|[FogBroker(12)]: Notifying WorkflowEngine of completed Task(26)...
[899.64]|[FogBroker(12)]: Task(26) on Cycle(0) decided to generate data: true
[899.64]|[FogBroker(12)]: All dispatched tasks are complete
[899.64]|[FogBroker(12)]: There is no vm to destroy
[899.64]|[FogBroker(12)]: There is no vm to create
[899.64]|[FogBroker(12)]: Trying to dispatch tasks...
[899.64]|[FogBroker(12)]: Dispatching tasks...
[899.64]|[WorkflowEngine(13)]: Task(26) received as complete
932.85: [Host #0] Total allocated MIPS for VM #4 (Host #0) is 1500.00, was requested 0.00 out of total 1500.00 (0.00%)
932.85: [Host #0] MIPS for VM #4 by PEs (1 * 1500.0). PE #0: 1500.00.
932.85: [Host #0] utilization is 100.00%

Energy consumption for the last time frame from 729.05 to 932.85:

932.85: [Host #0] utilization at 729.05 was 100.00%, now is 100.00%
932.85: [Host #0] energy is 203800.00 W*sec

932.85: Data center's energy is 203800.00 W*sec

[932.85]|[FogBroker(12)]: Received task completion msg for Task(27) from FogDevice(6)
[932.85]|[FogBroker(12)]: Notifying WorkflowEngine of completed Task(27)...
[932.85]|[FogBroker(12)]: Task(27) on Cycle(0) decided to generate data: true
[932.85]|[FogBroker(12)]: All dispatched tasks are complete
[932.85]|[FogBroker(12)]: There is no vm to destroy
[932.85]|[FogBroker(12)]: There is no vm to create
[932.85]|[FogBroker(12)]: Trying to dispatch tasks...
[932.85]|[FogBroker(12)]: Dispatching tasks...
[932.85]|[WorkflowEngine(13)]: Task(27) received as complete
1466.57: [Host #0] Total allocated MIPS for VM #6 (Host #0) is 500.00, was requested 0.00 out of total 500.00 (0.00%)
1466.57: [Host #0] MIPS for VM #6 by PEs (1 * 500.0). PE #0: 500.00.
1466.57: [Host #0] utilization is 100.00%

Energy consumption for the last time frame from 736.25 to 1466.57:

1466.57: [Host #0] utilization at 736.25 was 100.00%, now is 100.00%
1466.57: [Host #0] energy is 730320.00 W*sec

1466.57: Data center's energy is 730320.00 W*sec

[1466.57]|[FogBroker(12)]: Received task completion msg for Task(29) from FogDevice(8)
[1466.57]|[FogBroker(12)]: Notifying WorkflowEngine of completed Task(29)...
[1466.57]|[FogBroker(12)]: Task(29) on Cycle(0) decided to generate data: true
[1466.57]|[FogBroker(12)]: All dispatched tasks are complete
[1466.57]|[FogBroker(12)]: There is no vm to destroy
[1466.57]|[FogBroker(12)]: There is no vm to create
[1466.57]|[FogBroker(12)]: Trying to dispatch tasks...
[1466.57]|[FogBroker(12)]: Dispatching tasks...
[1466.57]|[WorkflowEngine(13)]: Task(29) received as complete
1757.17: [Host #0] Total allocated MIPS for VM #5 (Host #0) is 500.00, was requested 0.00 out of total 500.00 (0.00%)
1757.17: [Host #0] MIPS for VM #5 by PEs (2 * 500.0). PE #0: 500.00.
1757.17: [Host #0] utilization is 50.00%

Energy consumption for the last time frame from 736.43 to 1757.17:

1757.17: [Host #0] utilization at 736.43 was 50.00%, now is 50.00%
1757.17: [Host #0] energy is 765555.00 W*sec

1757.17: Data center's energy is 765555.00 W*sec

[1757.17]|[FogBroker(12)]: Received task completion msg for Task(28) from FogDevice(7)
[1757.17]|[FogBroker(12)]: Notifying WorkflowEngine of completed Task(28)...
[1757.17]|[FogBroker(12)]: Task(28) on Cycle(0) decided to generate data: true
[1757.17]|[FogBroker(12)]: All dispatched tasks are complete
[1757.17]|[FogBroker(12)]: There is no vm to destroy
[1757.17]|[FogBroker(12)]: There is no vm to create
[1757.17]|[FogBroker(12)]: Trying to dispatch tasks...
[1757.17]|[FogBroker(12)]: Dispatching tasks...
[1757.17]|[WorkflowEngine(13)]: Task(28) received as complete
[1757.17]|[WorkflowEngine(13)]: Task(30) is now ready to get executed. Releasing it...
[1757.17]|[FogBroker(12)]: Task(30) of Workflow(Inspiral_30.xml) received
[1757.17]|[FogBroker(12)]: Dispatching tasks...
[1757.17]|[FogBroker(12)]: Sending STAGE_OUT_MSG to FogDevice(2) for Task(23) on Cycle(0)
[1757.17]|[FogBroker(12)]: Sending STAGE_OUT_MSG to FogDevice(3) for Task(24) on Cycle(0)
[1757.17]|[FogBroker(12)]: Sending STAGE_OUT_MSG to FogDevice(4) for Task(25) on Cycle(0)
[1757.17]|[FogBroker(12)]: Sending STAGE_OUT_MSG to FogDevice(5) for Task(26) on Cycle(0)
[1757.17]|[FogBroker(12)]: Sending STAGE_OUT_MSG to FogDevice(6) for Task(27) on Cycle(0)
[1757.17]|[FogBroker(12)]: Sending STAGE_OUT_MSG to FogDevice(7) for Task(28) on Cycle(0)
[1757.17]|[FogBroker(12)]: Sending STAGE_OUT_MSG to FogDevice(8) for Task(29) on Cycle(0)
[1757.17]|[FogBroker(12)]: Asking FogDevice(2) to execute Task(30) on Cycle(0)
[1757.17]|[FogDevice(2|cloud_device_0)]: Received STAGE_OUT data of Task(23) on Cycle(0): (true) and destination is a loop back: sending data instantly
[1757.17]|[FogDevice(2|cloud_device_0)]: Received execute msg for Task(30) on Cycle(0) from Workflow(Inspiral_30.xml) to run on Vm(0)
[1757.17]|[FogDevice(2|cloud_device_0)]: Not all parent data are available. task is added to waiting queue
[1757.17]|[FogDevice(3|edge_device_0)]: Received STAGE_OUT data of Task(24) on Cycle(0) to FogDevice(2)
[1757.17]|[FogDevice(3|edge_device_0)]: Sending data of Task(24) on Cycle(0) to FogDevice(2) with Delay(2.675498046875E-4)
[1757.17]|[FogDevice(4|edge_device_1)]: Received STAGE_OUT data of Task(25) on Cycle(0) to FogDevice(2)
[1757.17]|[FogDevice(4|edge_device_1)]: Sending data of Task(25) on Cycle(0) to FogDevice(2) with Delay(3.013603515625E-4)
[1757.17]|[FogDevice(5|edge_and_end_device_0)]: Received STAGE_OUT data of Task(26) on Cycle(0) to FogDevice(2)
[1757.17]|[FogDevice(5|edge_and_end_device_0)]: Sending data of Task(26) on Cycle(0) to FogDevice(3) with Delay(4.025283203125E-4)
[1757.17]|[FogDevice(6|edge_and_end_device_1)]: Received STAGE_OUT data of Task(27) on Cycle(0) to FogDevice(2)
[1757.17]|[FogDevice(6|edge_and_end_device_1)]: Sending data of Task(27) on Cycle(0) to FogDevice(4) with Delay(2.72244140625E-4)
[1757.17]|[FogDevice(7|phone)]: Received STAGE_OUT data of Task(28) on Cycle(0) to FogDevice(2)
[1757.17]|[FogDevice(7|phone)]: Sending data of Task(28) on Cycle(0) to FogDevice(5) with Delay(3.864404296875E-4)
[1757.17]|[FogDevice(8|camera)]: Received STAGE_OUT data of Task(29) on Cycle(0) to FogDevice(2)
[1757.17]|[FogDevice(8|camera)]: Sending data of Task(29) on Cycle(0) to FogDevice(5) with Delay(3.593583984375E-4)
[1757.17]|[FogDevice(2|cloud_device_0)]: Downloaded data of Task(23) on Cycle(0)
[1757.17]|[FogDevice(2|cloud_device_0)]: Data is for me
[1757.17]|[FogDevice(2|cloud_device_0)]: Updating received data with: Cycle(0): Task(23) -> true
[1757.17]|[FogDevice(2|cloud_device_0)]: Downloading data from fog device: 3
[1757.17]|[FogDevice(4|edge_device_1)]: Downloading data from fog device: 6
[1757.17]|[FogDevice(2|cloud_device_0)]: Downloading data from fog device: 4
[1757.17]|[FogDevice(5|edge_and_end_device_0)]: Downloading data from fog device: 8
[1757.17]|[FogDevice(5|edge_and_end_device_0)]: Downloading data from fog device: 7
[1757.17]|[FogDevice(3|edge_device_0)]: Downloading data from fog device: 5
[1757.17]|[FogDevice(2|cloud_device_0)]: Downloaded data of Task(24) on Cycle(0)
[1757.17]|[FogDevice(2|cloud_device_0)]: Data is for me
[1757.17]|[FogDevice(2|cloud_device_0)]: Updating received data with: Cycle(0): Task(24) -> true
[1757.17]|[FogDevice(4|edge_device_1)]: Downloaded data of Task(27) on Cycle(0)
[1757.17]|[FogDevice(4|edge_device_1)]: Data is not for me. relaying the message
[1757.17]|[FogDevice(5|edge_and_end_device_0)]: Downloaded data of Task(29) on Cycle(0)
[1757.17]|[FogDevice(5|edge_and_end_device_0)]: Data is not for me. relaying the message
[1757.17]|[FogDevice(3|edge_device_0)]: Downloaded data of Task(26) on Cycle(0)
[1757.17]|[FogDevice(3|edge_device_0)]: Data is not for me. relaying the message
[1757.17]|[FogDevice(2|cloud_device_0)]: Downloading data from fog device: 4
[1757.17]|[FogDevice(2|cloud_device_0)]: Downloaded data of Task(25) on Cycle(0)
[1757.17]|[FogDevice(2|cloud_device_0)]: Data is for me
[1757.17]|[FogDevice(2|cloud_device_0)]: Updating received data with: Cycle(0): Task(25) -> true
[1757.17]|[FogDevice(3|edge_device_0)]: Downloading data from fog device: 5
[1757.17]|[FogDevice(5|edge_and_end_device_0)]: Downloaded data of Task(28) on Cycle(0)
[1757.17]|[FogDevice(5|edge_and_end_device_0)]: Data is not for me. relaying the message
[1757.17]|[FogDevice(2|cloud_device_0)]: Downloaded data of Task(27) on Cycle(0)
[1757.17]|[FogDevice(2|cloud_device_0)]: Data is for me
[1757.17]|[FogDevice(2|cloud_device_0)]: Updating received data with: Cycle(0): Task(27) -> true
[1757.17]|[FogDevice(2|cloud_device_0)]: Downloading data from fog device: 3
[1757.17]|[FogDevice(3|edge_device_0)]: Downloaded data of Task(29) on Cycle(0)
[1757.17]|[FogDevice(3|edge_device_0)]: Data is not for me. relaying the message
[1757.17]|[FogDevice(3|edge_device_0)]: Downloading data from fog device: 5
[1757.17]|[FogDevice(2|cloud_device_0)]: Downloaded data of Task(26) on Cycle(0)
[1757.17]|[FogDevice(2|cloud_device_0)]: Data is for me
[1757.17]|[FogDevice(2|cloud_device_0)]: Updating received data with: Cycle(0): Task(26) -> true
[1757.17]|[FogDevice(2|cloud_device_0)]: Downloading data from fog device: 3
[1757.17]|[FogDevice(3|edge_device_0)]: Downloaded data of Task(28) on Cycle(0)
[1757.17]|[FogDevice(3|edge_device_0)]: Data is not for me. relaying the message
[1757.17]|[FogDevice(2|cloud_device_0)]: Downloaded data of Task(29) on Cycle(0)
[1757.17]|[FogDevice(2|cloud_device_0)]: Data is for me
[1757.17]|[FogDevice(2|cloud_device_0)]: Updating received data with: Cycle(0): Task(29) -> true
[1757.17]|[FogDevice(2|cloud_device_0)]: Downloading data from fog device: 3
[1757.17]|[FogDevice(2|cloud_device_0)]: Downloaded data of Task(28) on Cycle(0)
[1757.17]|[FogDevice(2|cloud_device_0)]: Data is for me
[1757.17]|[FogDevice(2|cloud_device_0)]: Updating received data with: Cycle(0): Task(28) -> true
[1757.17]|[FogDevice(2|cloud_device_0)]: Found Task(30) from Workflow(Inspiral_30.xml) that can be executed
[1757.17]|[FogDevice(2|cloud_device_0)]: Received execute msg for Task(30) on Cycle(0) from Workflow(Inspiral_30.xml) to run on Vm(0)
[1757.17]|[FogDevice(2|cloud_device_0)]: All parent data for Task(30) are received. task can execute
1757.17: [Host #0] Total allocated MIPS for VM #0 (Host #0) is 6000.00, was requested 0.00 out of total 6000.00 (0.00%)
1757.17: [Host #0] MIPS for VM #0 by PEs (1 * 6000.0). PE #0: 6000.00.
1757.17: [Host #0] utilization is 100.00%

Energy consumption for the last time frame from 831.09 to 1757.17:

1757.17: [Host #0] utilization at 831.09 was 100.00%, now is 100.00%
1757.17: [Host #0] energy is 926084.72 W*sec

1757.17: Data center's energy is 926084.72 W*sec

[1757.17]|[FogBroker(12)]: Task(30) ack: true
1757.98: [Host #0] Total allocated MIPS for VM #0 (Host #0) is 6000.00, was requested 0.00 out of total 6000.00 (0.00%)
1757.98: [Host #0] MIPS for VM #0 by PEs (1 * 6000.0). PE #0: 6000.00.
1757.98: [Host #0] utilization is 100.00%

Energy consumption for the last time frame from 1757.17 to 1757.98:

1757.98: [Host #0] utilization at 1757.17 was 100.00%, now is 100.00%
1757.98: [Host #0] energy is 808.33 W*sec

1757.98: Data center's energy is 808.33 W*sec

[1757.98]|[FogBroker(12)]: Received task completion msg for Task(30) from FogDevice(2)
[1757.98]|[FogBroker(12)]: Notifying WorkflowEngine of completed Task(30)...
[1757.98]|[FogBroker(12)]: Task(30) on Cycle(0) decided to generate data: true
[1757.98]|[FogBroker(12)]: All dispatched tasks are complete
[1757.98]|[FogBroker(12)]: There is no vm to destroy
[1757.98]|[FogBroker(12)]: There is no vm to create
[1757.98]|[FogBroker(12)]: Trying to dispatch tasks...
[1757.98]|[FogBroker(12)]: Dispatching tasks...
[1757.98]|[WorkflowEngine(13)]: Task(30) received as complete
Simulation: No more future events
CloudInformationService: Notify all CloudSim entities for shutting down.
cloud_device_0 is shutting down...
edge_device_0 is shutting down...
edge_device_1 is shutting down...
edge_and_end_device_0 is shutting down...
edge_and_end_device_1 is shutting down...
phone is shutting down...
camera is shutting down...
car is shutting down...
drone_0 is shutting down...
drone_1 is shutting down...
[1757.98]|[WorkflowEngine(13)]: Shutting down entity...
Simulation completed.
Simulation completed.
4000.0
2666.6666666666665
2666.6666666666665
1000.0
1000.0
333.3333333333333
333.3333333333333
0.0
0.0
0.0
Cycle: 0

 Task ID  Workflow ID      On Vm  Start Execution Time  End Execution Time  Duration 

 1        Inspiral_30.xml  0      0.11                  3.08                2.97     

 2        Inspiral_30.xml  1      0.11                  4.60                4.49     

 3        Inspiral_30.xml  2      0.11                  4.52                4.41     

 4        Inspiral_30.xml  3      0.11                  11.94               11.83    

 5        Inspiral_30.xml  4      0.11                  12.14               12.03    

 6        Inspiral_30.xml  5      0.11                  35.25               35.14    

 7        Inspiral_30.xml  6      0.11                  36.57               36.46    

 8        Inspiral_30.xml  0      3.08                  115.54              112.46   

 9        Inspiral_30.xml  1      4.60                  92.17               87.56    

 10       Inspiral_30.xml  2      4.52                  153.17              148.66   

 11       Inspiral_30.xml  3      11.94                 358.07              346.13   

 12       Inspiral_30.xml  4      12.14                 368.95              356.81   

 13       Inspiral_30.xml  5      35.25                 699.43              664.18   

 14       Inspiral_30.xml  6      36.57                 724.79              688.22   

 15       Inspiral_30.xml  0      724.79                725.73              0.93     

 16       Inspiral_30.xml  0      725.73                726.69              0.96     

 17       Inspiral_30.xml  1      725.73                727.09              1.36     

 18       Inspiral_30.xml  2      725.73                726.96              1.23     

 19       Inspiral_30.xml  3      725.73                729.23              3.51     

 20       Inspiral_30.xml  4      725.73                729.05              3.32     

 21       Inspiral_30.xml  5      725.73                736.43              10.70    

 22       Inspiral_30.xml  6      725.73                736.25              10.52    

 23       Inspiral_30.xml  0      726.69                831.09              104.40   

 24       Inspiral_30.xml  1      727.09                880.28              153.20   

 25       Inspiral_30.xml  2      726.96                831.56              104.60   

 26       Inspiral_30.xml  3      729.23                899.64              170.41   

 27       Inspiral_30.xml  4      729.05                932.85              203.80   

 28       Inspiral_30.xml  5      736.43                1757.17             1020.74  

 29       Inspiral_30.xml  6      736.25                1466.57             730.32   

 30       Inspiral_30.xml  0      1757.17               1757.98             0.81     


End Execution Time: 1757.9789287659505

BUILD SUCCESSFUL in 690ms
3 actionable tasks: 1 executed, 2 up-to-date
