> Task :compileJava UP-TO-DATE
> Task :processResources UP-TO-DATE
> Task :classes UP-TO-DATE

> Task :Montage25.main()
Initialising...
Starting CloudSim version 3.0
[0.00]|[FogDevice(2|cloud_device_0)]: Starting FogDevice(2)...
[0.00]|[FogDevice(3|edge_device_0)]: Starting FogDevice(3)...
[0.00]|[FogDevice(4|edge_device_1)]: Starting FogDevice(4)...
[0.00]|[FogDevice(5|phone)]: Starting FogDevice(5)...
[0.00]|[FogDevice(6|camera)]: Starting FogDevice(6)...
[0.00]|[FogDevice(7|car)]: Starting FogDevice(7)...
[0.00]|[FogDevice(8|drone)]: Starting FogDevice(8)...
[0.00]|[FogBroker(9)]: Starting FogBroker...
[0.00]|[WorkflowEngine(10)]: Starting WorkflowEngine...
[0.00]|[TaskManager(11)]: Starting Task Manager...
[0.00]|[TaskManager(11)]: Sending task: 1 of workflow: Montage_25.xml
[0.00]|[TaskManager(11)]: Sending task: 2 of workflow: Montage_25.xml
[0.00]|[TaskManager(11)]: Sending task: 3 of workflow: Montage_25.xml
[0.00]|[TaskManager(11)]: Sending task: 4 of workflow: Montage_25.xml
[0.00]|[TaskManager(11)]: Sending task: 5 of workflow: Montage_25.xml
[0.00]|[TaskManager(11)]: Sending task: 6 of workflow: Montage_25.xml
[0.00]|[TaskManager(11)]: Sending task: 7 of workflow: Montage_25.xml
[0.00]|[TaskManager(11)]: Sending task: 8 of workflow: Montage_25.xml
[0.00]|[TaskManager(11)]: Sending task: 9 of workflow: Montage_25.xml
[0.00]|[TaskManager(11)]: Sending task: 10 of workflow: Montage_25.xml
[0.00]|[TaskManager(11)]: Sending task: 11 of workflow: Montage_25.xml
[0.00]|[TaskManager(11)]: Sending task: 12 of workflow: Montage_25.xml
[0.00]|[TaskManager(11)]: Sending task: 13 of workflow: Montage_25.xml
[0.00]|[TaskManager(11)]: Sending task: 14 of workflow: Montage_25.xml
[0.00]|[TaskManager(11)]: Sending task: 15 of workflow: Montage_25.xml
[0.00]|[TaskManager(11)]: Sending task: 16 of workflow: Montage_25.xml
[0.00]|[TaskManager(11)]: Sending task: 17 of workflow: Montage_25.xml
[0.00]|[TaskManager(11)]: Sending task: 18 of workflow: Montage_25.xml
[0.00]|[TaskManager(11)]: Sending task: 19 of workflow: Montage_25.xml
[0.00]|[TaskManager(11)]: Sending task: 20 of workflow: Montage_25.xml
[0.00]|[TaskManager(11)]: Sending task: 21 of workflow: Montage_25.xml
[0.00]|[TaskManager(11)]: Sending task: 22 of workflow: Montage_25.xml
[0.00]|[TaskManager(11)]: Sending task: 23 of workflow: Montage_25.xml
[0.00]|[TaskManager(11)]: Sending task: 24 of workflow: Montage_25.xml
[0.00]|[TaskManager(11)]: Sending task: 25 of workflow: Montage_25.xml
Entities started.
[0.00]|[FogBroker(9)]: Requesting for fog devices characteristics...
[0.00]|[WorkflowEngine(10)]: Task(1) of workflow(Montage_25.xml) received
[0.00]|[WorkflowEngine(10)]: Sending Task(1) from workflow(Montage_25.xml)...
[0.00]|[WorkflowEngine(10)]: Task(2) of workflow(Montage_25.xml) received
[0.00]|[WorkflowEngine(10)]: Sending Task(2) from workflow(Montage_25.xml)...
[0.00]|[WorkflowEngine(10)]: Task(3) of workflow(Montage_25.xml) received
[0.00]|[WorkflowEngine(10)]: Sending Task(3) from workflow(Montage_25.xml)...
[0.00]|[WorkflowEngine(10)]: Task(4) of workflow(Montage_25.xml) received
[0.00]|[WorkflowEngine(10)]: Sending Task(4) from workflow(Montage_25.xml)...
[0.00]|[WorkflowEngine(10)]: Task(5) of workflow(Montage_25.xml) received
[0.00]|[WorkflowEngine(10)]: Sending Task(5) from workflow(Montage_25.xml)...
[0.00]|[WorkflowEngine(10)]: Task(6) of workflow(Montage_25.xml) received
[0.00]|[WorkflowEngine(10)]: Task(6) is not ready to get executed. Adding it to waiting queue...
[0.00]|[WorkflowEngine(10)]: Task(7) of workflow(Montage_25.xml) received
[0.00]|[WorkflowEngine(10)]: Task(7) is not ready to get executed. Adding it to waiting queue...
[0.00]|[WorkflowEngine(10)]: Task(8) of workflow(Montage_25.xml) received
[0.00]|[WorkflowEngine(10)]: Task(8) is not ready to get executed. Adding it to waiting queue...
[0.00]|[WorkflowEngine(10)]: Task(9) of workflow(Montage_25.xml) received
[0.00]|[WorkflowEngine(10)]: Task(9) is not ready to get executed. Adding it to waiting queue...
[0.00]|[WorkflowEngine(10)]: Task(10) of workflow(Montage_25.xml) received
[0.00]|[WorkflowEngine(10)]: Task(10) is not ready to get executed. Adding it to waiting queue...
[0.00]|[WorkflowEngine(10)]: Task(11) of workflow(Montage_25.xml) received
[0.00]|[WorkflowEngine(10)]: Task(11) is not ready to get executed. Adding it to waiting queue...
[0.00]|[WorkflowEngine(10)]: Task(12) of workflow(Montage_25.xml) received
[0.00]|[WorkflowEngine(10)]: Task(12) is not ready to get executed. Adding it to waiting queue...
[0.00]|[WorkflowEngine(10)]: Task(13) of workflow(Montage_25.xml) received
[0.00]|[WorkflowEngine(10)]: Task(13) is not ready to get executed. Adding it to waiting queue...
[0.00]|[WorkflowEngine(10)]: Task(14) of workflow(Montage_25.xml) received
[0.00]|[WorkflowEngine(10)]: Task(14) is not ready to get executed. Adding it to waiting queue...
[0.00]|[WorkflowEngine(10)]: Task(15) of workflow(Montage_25.xml) received
[0.00]|[WorkflowEngine(10)]: Task(15) is not ready to get executed. Adding it to waiting queue...
[0.00]|[WorkflowEngine(10)]: Task(16) of workflow(Montage_25.xml) received
[0.00]|[WorkflowEngine(10)]: Task(16) is not ready to get executed. Adding it to waiting queue...
[0.00]|[WorkflowEngine(10)]: Task(17) of workflow(Montage_25.xml) received
[0.00]|[WorkflowEngine(10)]: Task(17) is not ready to get executed. Adding it to waiting queue...
[0.00]|[WorkflowEngine(10)]: Task(18) of workflow(Montage_25.xml) received
[0.00]|[WorkflowEngine(10)]: Task(18) is not ready to get executed. Adding it to waiting queue...
[0.00]|[WorkflowEngine(10)]: Task(19) of workflow(Montage_25.xml) received
[0.00]|[WorkflowEngine(10)]: Task(19) is not ready to get executed. Adding it to waiting queue...
[0.00]|[WorkflowEngine(10)]: Task(20) of workflow(Montage_25.xml) received
[0.00]|[WorkflowEngine(10)]: Task(20) is not ready to get executed. Adding it to waiting queue...
[0.00]|[WorkflowEngine(10)]: Task(21) of workflow(Montage_25.xml) received
[0.00]|[WorkflowEngine(10)]: Task(21) is not ready to get executed. Adding it to waiting queue...
[0.00]|[WorkflowEngine(10)]: Task(22) of workflow(Montage_25.xml) received
[0.00]|[WorkflowEngine(10)]: Task(22) is not ready to get executed. Adding it to waiting queue...
[0.00]|[WorkflowEngine(10)]: Task(23) of workflow(Montage_25.xml) received
[0.00]|[WorkflowEngine(10)]: Task(23) is not ready to get executed. Adding it to waiting queue...
[0.00]|[WorkflowEngine(10)]: Task(24) of workflow(Montage_25.xml) received
[0.00]|[WorkflowEngine(10)]: Task(24) is not ready to get executed. Adding it to waiting queue...
[0.00]|[WorkflowEngine(10)]: Task(25) of workflow(Montage_25.xml) received
[0.00]|[WorkflowEngine(10)]: Task(25) is not ready to get executed. Adding it to waiting queue...
[0.00]|[FogBroker(9)]: Task(1) of Workflow(Montage_25.xml) received
[0.00]|[FogBroker(9)]: Dispatching tasks...
[0.00]|[FogBroker(9)]: Task(2) of Workflow(Montage_25.xml) received
[0.00]|[FogBroker(9)]: Dispatching tasks...
[0.00]|[FogBroker(9)]: Task(3) of Workflow(Montage_25.xml) received
[0.00]|[FogBroker(9)]: Dispatching tasks...
[0.00]|[FogBroker(9)]: Task(4) of Workflow(Montage_25.xml) received
[0.00]|[FogBroker(9)]: Dispatching tasks...
[0.00]|[FogBroker(9)]: Task(5) of Workflow(Montage_25.xml) received
[0.00]|[FogBroker(9)]: Dispatching tasks...
[0.00]|[FogBroker(9)]: All resources received
[0.00]|[FogBroker(9)]: All pending vm create acks received
[0.00]|[FogBroker(9)]: Dispatching tasks...
[0.00]|[FogBroker(9)]: Sending STAGE_IN data for Task(1) to FogDevice(2) with delay: 0.11
[0.00]|[FogBroker(9)]: Sending STAGE_IN data for Task(2) to FogDevice(3) with delay: 0.11
[0.00]|[FogBroker(9)]: Sending STAGE_IN data for Task(3) to FogDevice(4) with delay: 0.11
[0.00]|[FogBroker(9)]: Sending STAGE_IN data for Task(4) to FogDevice(5) with delay: 0.11
[0.00]|[FogBroker(9)]: Sending STAGE_IN data for Task(5) to FogDevice(6) with delay: 0.11
[0.11]|[FogDevice(2|cloud_device_0)]: Received Task(1) from Workflow(Montage_25.xml) with STAGE_IN data to run on Vm(0)
[0.11]|[FogDevice(3|edge_device_0)]: Received Task(2) from Workflow(Montage_25.xml) with STAGE_IN data to run on Vm(1)
[0.11]|[FogDevice(4|edge_device_1)]: Received Task(3) from Workflow(Montage_25.xml) with STAGE_IN data to run on Vm(2)
[0.11]|[FogDevice(5|phone)]: Received Task(4) from Workflow(Montage_25.xml) with STAGE_IN data to run on Vm(3)
[0.11]|[FogDevice(6|camera)]: Received Task(5) from Workflow(Montage_25.xml) with STAGE_IN data to run on Vm(4)
[0.11]|[FogDevice(2|cloud_device_0)]: Received execute msg for Task(1) on Cycle(0) from Workflow(Montage_25.xml) to run on Vm(0)
[0.11]|[FogDevice(2|cloud_device_0)]: All parent data for Task(1) are received. task can execute
[0.11]|[FogDevice(3|edge_device_0)]: Received execute msg for Task(2) on Cycle(0) from Workflow(Montage_25.xml) to run on Vm(1)
[0.11]|[FogDevice(3|edge_device_0)]: All parent data for Task(2) are received. task can execute
[0.11]|[FogDevice(4|edge_device_1)]: Received execute msg for Task(3) on Cycle(0) from Workflow(Montage_25.xml) to run on Vm(2)
[0.11]|[FogDevice(4|edge_device_1)]: All parent data for Task(3) are received. task can execute
[0.11]|[FogDevice(5|phone)]: Received execute msg for Task(4) on Cycle(0) from Workflow(Montage_25.xml) to run on Vm(3)
[0.11]|[FogDevice(5|phone)]: All parent data for Task(4) are received. task can execute
[0.11]|[FogDevice(6|camera)]: Received execute msg for Task(5) on Cycle(0) from Workflow(Montage_25.xml) to run on Vm(4)
[0.11]|[FogDevice(6|camera)]: All parent data for Task(5) are received. task can execute
0.11: [Host #0] Total allocated MIPS for VM #0 (Host #0) is 6000.00, was requested 0.00 out of total 6000.00 (0.00%)
0.11: [Host #0] MIPS for VM #0 by PEs (1 * 6000.0). PE #0: 6000.00.
0.11: [Host #0] Total allocated MIPS for VM #1 (Host #0) is 4000.00, was requested 0.00 out of total 4000.00 (0.00%)
0.11: [Host #0] MIPS for VM #1 by PEs (1 * 4000.0). PE #0: 4000.00.
0.11: [Host #0] Total allocated MIPS for VM #2 (Host #0) is 4000.00, was requested 0.00 out of total 4000.00 (0.00%)
0.11: [Host #0] MIPS for VM #2 by PEs (1 * 4000.0). PE #0: 4000.00.
0.11: [Host #0] Total allocated MIPS for VM #3 (Host #0) is 500.00, was requested 0.00 out of total 500.00 (0.00%)
0.11: [Host #0] MIPS for VM #3 by PEs (2 * 500.0). PE #0: 500.00.
0.11: [Host #0] Total allocated MIPS for VM #4 (Host #0) is 500.00, was requested 0.00 out of total 500.00 (0.00%)
0.11: [Host #0] MIPS for VM #4 by PEs (1 * 500.0). PE #0: 500.00.
[0.11]|[FogBroker(9)]: Task(1) ack: true
[0.11]|[FogBroker(9)]: Task(2) ack: true
[0.11]|[FogBroker(9)]: Task(3) ack: true
[0.11]|[FogBroker(9)]: Task(4) ack: true
[0.11]|[FogBroker(9)]: Task(5) ack: true
2.34: [Host #0] Total allocated MIPS for VM #0 (Host #0) is 6000.00, was requested 0.00 out of total 6000.00 (0.00%)
2.34: [Host #0] MIPS for VM #0 by PEs (1 * 6000.0). PE #0: 6000.00.
[2.34]|[FogBroker(9)]: Received task completion msg for Task(1) from FogDevice(2)
[2.34]|[FogBroker(9)]: Notifying WorkflowEngine of completed Task(1)...
[2.34]|[FogBroker(9)]: Task(1) on Cycle(0) decided to generate data: true
[2.34]|[FogBroker(9)]: All dispatched tasks are complete
[2.34]|[FogBroker(9)]: There is no vm to destroy
[2.34]|[FogBroker(9)]: There is no vm to create
[2.34]|[FogBroker(9)]: Trying to dispatch tasks...
[2.34]|[FogBroker(9)]: Dispatching tasks...
[2.34]|[WorkflowEngine(10)]: Task(1) received as complete
3.45: [Host #0] Total allocated MIPS for VM #2 (Host #0) is 4000.00, was requested 0.00 out of total 4000.00 (0.00%)
3.45: [Host #0] MIPS for VM #2 by PEs (1 * 4000.0). PE #0: 4000.00.
[3.45]|[FogBroker(9)]: Received task completion msg for Task(3) from FogDevice(4)
[3.45]|[FogBroker(9)]: Notifying WorkflowEngine of completed Task(3)...
[3.45]|[FogBroker(9)]: Task(3) on Cycle(0) decided to generate data: true
[3.45]|[FogBroker(9)]: All dispatched tasks are complete
[3.45]|[FogBroker(9)]: There is no vm to destroy
[3.45]|[FogBroker(9)]: There is no vm to create
[3.45]|[FogBroker(9)]: Trying to dispatch tasks...
[3.45]|[FogBroker(9)]: Dispatching tasks...
[3.45]|[WorkflowEngine(10)]: Task(3) received as complete
[3.45]|[WorkflowEngine(10)]: Task(9) is now ready to get executed. Releasing it...
[3.45]|[WorkflowEngine(10)]: Task(11) is now ready to get executed. Releasing it...
[3.45]|[FogBroker(9)]: Task(9) of Workflow(Montage_25.xml) received
[3.45]|[FogBroker(9)]: Dispatching tasks...
[3.45]|[FogBroker(9)]: Sending STAGE_OUT_MSG to FogDevice(2) for Task(1) on Cycle(0)
[3.45]|[FogBroker(9)]: Sending STAGE_OUT_MSG to FogDevice(4) for Task(3) on Cycle(0)
[3.45]|[FogBroker(9)]: Asking FogDevice(2) to execute Task(9) on Cycle(0)
[3.45]|[FogBroker(9)]: Task(11) of Workflow(Montage_25.xml) received
[3.45]|[FogBroker(9)]: Dispatching tasks...
[3.45]|[FogBroker(9)]: Sending STAGE_OUT_MSG to FogDevice(4) for Task(3) on Cycle(0)
[3.45]|[FogBroker(9)]: Asking FogDevice(4) to execute Task(11) on Cycle(0)
[3.45]|[FogDevice(2|cloud_device_0)]: Received STAGE_OUT data of Task(1) on Cycle(0): (true) and destination is a loop back: sending data instantly
[3.45]|[FogDevice(2|cloud_device_0)]: Received execute msg for Task(9) on Cycle(0) from Workflow(Montage_25.xml) to run on Vm(0)
[3.45]|[FogDevice(2|cloud_device_0)]: Not all parent data are available. task is added to waiting queue
[3.45]|[FogDevice(4|edge_device_1)]: Received STAGE_OUT data of Task(3) on Cycle(0) to FogDevice(2)
[3.45]|[FogDevice(4|edge_device_1)]: Sending data of Task(3) on Cycle(0) to FogDevice(2) with Delay(0.00811937890625)
[3.45]|[FogDevice(4|edge_device_1)]: Received STAGE_OUT data of Task(3) on Cycle(0): (true) and destination is a loop back: sending data instantly
[3.45]|[FogDevice(4|edge_device_1)]: Received execute msg for Task(11) on Cycle(0) from Workflow(Montage_25.xml) to run on Vm(2)
[3.45]|[FogDevice(4|edge_device_1)]: Not all parent data are available. task is added to waiting queue
[3.45]|[FogDevice(2|cloud_device_0)]: Downloaded data of Task(1) on Cycle(0)
[3.45]|[FogDevice(2|cloud_device_0)]: Data is for me
[3.45]|[FogDevice(2|cloud_device_0)]: Updating received data with: Cycle(0): Task(1) -> true
[3.45]|[FogDevice(4|edge_device_1)]: Downloaded data of Task(3) on Cycle(0)
[3.45]|[FogDevice(4|edge_device_1)]: Data is for me
[3.45]|[FogDevice(4|edge_device_1)]: Updating received data with: Cycle(0): Task(3) -> true
[3.45]|[FogDevice(4|edge_device_1)]: Found Task(11) from Workflow(Montage_25.xml) that can be executed
[3.45]|[FogDevice(4|edge_device_1)]: Received execute msg for Task(11) on Cycle(0) from Workflow(Montage_25.xml) to run on Vm(2)
[3.45]|[FogDevice(4|edge_device_1)]: All parent data for Task(11) are received. task can execute
[3.45]|[FogBroker(9)]: Task(11) ack: true
[3.46]|[FogDevice(2|cloud_device_0)]: Downloading data from fog device: 4
[3.47]|[FogDevice(2|cloud_device_0)]: Downloaded data of Task(3) on Cycle(0)
[3.47]|[FogDevice(2|cloud_device_0)]: Data is for me
[3.47]|[FogDevice(2|cloud_device_0)]: Updating received data with: Cycle(0): Task(3) -> true
[3.47]|[FogDevice(2|cloud_device_0)]: Found Task(9) from Workflow(Montage_25.xml) that can be executed
[3.47]|[FogDevice(2|cloud_device_0)]: Received execute msg for Task(9) on Cycle(0) from Workflow(Montage_25.xml) to run on Vm(0)
[3.47]|[FogDevice(2|cloud_device_0)]: All parent data for Task(9) are received. task can execute
3.47: [Host #0] Total allocated MIPS for VM #0 (Host #0) is 6000.00, was requested 0.00 out of total 6000.00 (0.00%)
3.47: [Host #0] MIPS for VM #0 by PEs (1 * 6000.0). PE #0: 6000.00.
[3.47]|[FogBroker(9)]: Task(9) ack: true
3.57: [Host #0] Total allocated MIPS for VM #1 (Host #0) is 4000.00, was requested 0.00 out of total 4000.00 (0.00%)
3.57: [Host #0] MIPS for VM #1 by PEs (1 * 4000.0). PE #0: 4000.00.
[3.57]|[FogBroker(9)]: Received task completion msg for Task(2) from FogDevice(3)
[3.57]|[FogBroker(9)]: Notifying WorkflowEngine of completed Task(2)...
[3.57]|[FogBroker(9)]: Task(2) on Cycle(0) decided to generate data: true
[3.57]|[FogBroker(9)]: All dispatched tasks are complete
[3.57]|[FogBroker(9)]: There is no vm to destroy
[3.57]|[FogBroker(9)]: There is no vm to create
[3.57]|[FogBroker(9)]: Trying to dispatch tasks...
[3.57]|[FogBroker(9)]: Dispatching tasks...
[3.57]|[WorkflowEngine(10)]: Task(2) received as complete
[3.57]|[WorkflowEngine(10)]: Task(6) is now ready to get executed. Releasing it...
[3.57]|[WorkflowEngine(10)]: Task(7) is now ready to get executed. Releasing it...
[3.57]|[WorkflowEngine(10)]: Task(10) is now ready to get executed. Releasing it...
[3.57]|[FogBroker(9)]: Task(6) of Workflow(Montage_25.xml) received
[3.57]|[FogBroker(9)]: Dispatching tasks...
[3.57]|[FogBroker(9)]: Sending STAGE_OUT_MSG to FogDevice(2) for Task(1) on Cycle(0)
[3.57]|[FogBroker(9)]: Sending STAGE_OUT_MSG to FogDevice(3) for Task(2) on Cycle(0)
[3.57]|[FogBroker(9)]: Asking FogDevice(3) to execute Task(6) on Cycle(0)
[3.57]|[FogBroker(9)]: Task(7) of Workflow(Montage_25.xml) received
[3.57]|[FogBroker(9)]: Dispatching tasks...
[3.57]|[FogBroker(9)]: Sending STAGE_OUT_MSG to FogDevice(2) for Task(1) on Cycle(0)
[3.57]|[FogBroker(9)]: Sending STAGE_OUT_MSG to FogDevice(3) for Task(2) on Cycle(0)
[3.57]|[FogBroker(9)]: Asking FogDevice(7) to execute Task(7) on Cycle(0)
[3.57]|[FogBroker(9)]: Task(10) of Workflow(Montage_25.xml) received
[3.57]|[FogBroker(9)]: Dispatching tasks...
[3.57]|[FogBroker(9)]: Sending STAGE_OUT_MSG to FogDevice(3) for Task(2) on Cycle(0)
[3.57]|[FogBroker(9)]: Sending STAGE_OUT_MSG to FogDevice(4) for Task(3) on Cycle(0)
[3.57]|[FogBroker(9)]: Asking FogDevice(8) to execute Task(10) on Cycle(0)
[3.57]|[FogDevice(2|cloud_device_0)]: Received STAGE_OUT data of Task(1) on Cycle(0) to FogDevice(3)
[3.57]|[FogDevice(2|cloud_device_0)]: Sending data of Task(1) on Cycle(0) to FogDevice(3) with Delay(0.00813928125)
[3.57]|[FogDevice(2|cloud_device_0)]: Received STAGE_OUT data of Task(1) on Cycle(0) to FogDevice(7)
[3.57]|[FogDevice(2|cloud_device_0)]: Sending data of Task(1) on Cycle(0) to FogDevice(3) with Delay(0.00813928125)
[3.57]|[FogDevice(3|edge_device_0)]: Received STAGE_OUT data of Task(2) on Cycle(0): (true) and destination is a loop back: sending data instantly
[3.57]|[FogDevice(3|edge_device_0)]: Received execute msg for Task(6) on Cycle(0) from Workflow(Montage_25.xml) to run on Vm(1)
[3.57]|[FogDevice(3|edge_device_0)]: Not all parent data are available. task is added to waiting queue
[3.57]|[FogDevice(3|edge_device_0)]: Received STAGE_OUT data of Task(2) on Cycle(0) to FogDevice(7)
[3.57]|[FogDevice(3|edge_device_0)]: Sending data of Task(2) on Cycle(0) to FogDevice(7) with Delay(0.008148146484375)
[3.57]|[FogDevice(3|edge_device_0)]: Received STAGE_OUT data of Task(2) on Cycle(0) to FogDevice(8)
[3.57]|[FogDevice(3|edge_device_0)]: Sending data of Task(2) on Cycle(0) to FogDevice(4) with Delay(0.008148146484375)
[3.57]|[FogDevice(4|edge_device_1)]: Received STAGE_OUT data of Task(3) on Cycle(0) to FogDevice(8)
[3.57]|[FogDevice(4|edge_device_1)]: Sending data of Task(3) on Cycle(0) to FogDevice(8) with Delay(0.00811937890625)
[3.57]|[FogDevice(7|car)]: Received execute msg for Task(7) on Cycle(0) from Workflow(Montage_25.xml) to run on Vm(5)
[3.57]|[FogDevice(7|car)]: Not all parent data are available. task is added to waiting queue
[3.57]|[FogDevice(8|drone)]: Received execute msg for Task(10) on Cycle(0) from Workflow(Montage_25.xml) to run on Vm(6)
[3.57]|[FogDevice(8|drone)]: Not all parent data are available. task is added to waiting queue
[3.57]|[FogDevice(3|edge_device_0)]: Downloaded data of Task(2) on Cycle(0)
[3.57]|[FogDevice(3|edge_device_0)]: Data is for me
[3.57]|[FogDevice(3|edge_device_0)]: Updating received data with: Cycle(0): Task(2) -> true
[3.58]|[FogDevice(8|drone)]: Downloading data from fog device: 4
[3.58]|[FogDevice(3|edge_device_0)]: Downloading data from fog device: 2
[3.58]|[FogDevice(7|car)]: Downloading data from fog device: 3
[3.58]|[FogDevice(8|drone)]: Downloaded data of Task(3) on Cycle(0)
[3.58]|[FogDevice(8|drone)]: Data is for me
[3.58]|[FogDevice(8|drone)]: Updating received data with: Cycle(0): Task(3) -> true
[3.58]|[FogDevice(3|edge_device_0)]: Downloading data from fog device: 2
[3.58]|[FogDevice(3|edge_device_0)]: Downloaded data of Task(1) on Cycle(0)
[3.58]|[FogDevice(3|edge_device_0)]: Data is for me
[3.58]|[FogDevice(3|edge_device_0)]: Updating received data with: Cycle(0): Task(1) -> true
[3.58]|[FogDevice(3|edge_device_0)]: Found Task(6) from Workflow(Montage_25.xml) that can be executed
[3.58]|[FogDevice(3|edge_device_0)]: Received execute msg for Task(6) on Cycle(0) from Workflow(Montage_25.xml) to run on Vm(1)
[3.58]|[FogDevice(3|edge_device_0)]: All parent data for Task(6) are received. task can execute
3.58: [Host #0] Total allocated MIPS for VM #1 (Host #0) is 4000.00, was requested 0.00 out of total 4000.00 (0.00%)
3.58: [Host #0] MIPS for VM #1 by PEs (1 * 4000.0). PE #0: 4000.00.
[3.58]|[FogBroker(9)]: Task(6) ack: true
[3.58]|[FogDevice(4|edge_device_1)]: Downloading data from fog device: 3
[3.58]|[FogDevice(7|car)]: Downloaded data of Task(2) on Cycle(0)
[3.58]|[FogDevice(7|car)]: Data is for me
[3.58]|[FogDevice(7|car)]: Updating received data with: Cycle(0): Task(2) -> true
[3.59]|[FogDevice(3|edge_device_0)]: Downloaded data of Task(1) on Cycle(0)
[3.59]|[FogDevice(3|edge_device_0)]: Data is not for me. relaying the message
[3.59]|[FogDevice(4|edge_device_1)]: Downloaded data of Task(2) on Cycle(0)
[3.59]|[FogDevice(4|edge_device_1)]: Data is not for me. relaying the message
[3.60]|[FogDevice(7|car)]: Downloading data from fog device: 3
[3.60]|[FogDevice(8|drone)]: Downloading data from fog device: 4
[3.61]|[FogDevice(7|car)]: Downloaded data of Task(1) on Cycle(0)
[3.61]|[FogDevice(7|car)]: Data is for me
[3.61]|[FogDevice(7|car)]: Updating received data with: Cycle(0): Task(1) -> true
[3.61]|[FogDevice(7|car)]: Found Task(7) from Workflow(Montage_25.xml) that can be executed
[3.61]|[FogDevice(7|car)]: Received execute msg for Task(7) on Cycle(0) from Workflow(Montage_25.xml) to run on Vm(5)
[3.61]|[FogDevice(7|car)]: All parent data for Task(7) are received. task can execute
3.61: [Host #0] Total allocated MIPS for VM #5 (Host #0) is 500.00, was requested 0.00 out of total 500.00 (0.00%)
3.61: [Host #0] MIPS for VM #5 by PEs (1 * 500.0). PE #0: 500.00.
[3.61]|[FogBroker(9)]: Task(7) ack: true
[3.61]|[FogDevice(8|drone)]: Downloaded data of Task(2) on Cycle(0)
[3.61]|[FogDevice(8|drone)]: Data is for me
[3.61]|[FogDevice(8|drone)]: Updating received data with: Cycle(0): Task(2) -> true
[3.61]|[FogDevice(8|drone)]: Found Task(10) from Workflow(Montage_25.xml) that can be executed
[3.61]|[FogDevice(8|drone)]: Received execute msg for Task(10) on Cycle(0) from Workflow(Montage_25.xml) to run on Vm(6)
[3.61]|[FogDevice(8|drone)]: All parent data for Task(10) are received. task can execute
3.61: [Host #0] Total allocated MIPS for VM #6 (Host #0) is 500.00, was requested 0.00 out of total 500.00 (0.00%)
3.61: [Host #0] MIPS for VM #6 by PEs (1 * 500.0). PE #0: 500.00.
[3.61]|[FogBroker(9)]: Task(10) ack: true
5.27: [Host #0] Total allocated MIPS for VM #0 (Host #0) is 6000.00, was requested 0.00 out of total 6000.00 (0.00%)
5.27: [Host #0] MIPS for VM #0 by PEs (1 * 6000.0). PE #0: 6000.00.
[5.27]|[FogBroker(9)]: Received task completion msg for Task(9) from FogDevice(2)
[5.27]|[FogBroker(9)]: Notifying WorkflowEngine of completed Task(9)...
[5.27]|[FogBroker(9)]: Task(9) on Cycle(0) decided to generate data: true
[5.27]|[FogBroker(9)]: All dispatched tasks are complete
[5.27]|[FogBroker(9)]: There is no vm to destroy
[5.27]|[FogBroker(9)]: There is no vm to create
[5.27]|[FogBroker(9)]: Trying to dispatch tasks...
[5.27]|[FogBroker(9)]: Dispatching tasks...
[5.27]|[WorkflowEngine(10)]: Task(9) received as complete
6.08: [Host #0] Total allocated MIPS for VM #2 (Host #0) is 4000.00, was requested 0.00 out of total 4000.00 (0.00%)
6.08: [Host #0] MIPS for VM #2 by PEs (1 * 4000.0). PE #0: 4000.00.
[6.08]|[FogBroker(9)]: Received task completion msg for Task(11) from FogDevice(4)
[6.08]|[FogBroker(9)]: Notifying WorkflowEngine of completed Task(11)...
[6.08]|[FogBroker(9)]: Task(11) on Cycle(0) decided to generate data: true
[6.08]|[FogBroker(9)]: All dispatched tasks are complete
[6.08]|[FogBroker(9)]: There is no vm to destroy
[6.08]|[FogBroker(9)]: There is no vm to create
[6.08]|[FogBroker(9)]: Trying to dispatch tasks...
[6.08]|[FogBroker(9)]: Dispatching tasks...
[6.08]|[WorkflowEngine(10)]: Task(11) received as complete
6.23: [Host #0] Total allocated MIPS for VM #1 (Host #0) is 4000.00, was requested 0.00 out of total 4000.00 (0.00%)
6.23: [Host #0] MIPS for VM #1 by PEs (1 * 4000.0). PE #0: 4000.00.
[6.23]|[FogBroker(9)]: Received task completion msg for Task(6) from FogDevice(3)
[6.23]|[FogBroker(9)]: Notifying WorkflowEngine of completed Task(6)...
[6.23]|[FogBroker(9)]: Task(6) on Cycle(0) decided to generate data: true
[6.23]|[FogBroker(9)]: All dispatched tasks are complete
[6.23]|[FogBroker(9)]: There is no vm to destroy
[6.23]|[FogBroker(9)]: There is no vm to create
[6.23]|[FogBroker(9)]: Trying to dispatch tasks...
[6.23]|[FogBroker(9)]: Dispatching tasks...
[6.23]|[WorkflowEngine(10)]: Task(6) received as complete
24.59: [Host #0] Total allocated MIPS for VM #6 (Host #0) is 500.00, was requested 0.00 out of total 500.00 (0.00%)
24.59: [Host #0] MIPS for VM #6 by PEs (1 * 500.0). PE #0: 500.00.
[24.59]|[FogBroker(9)]: Received task completion msg for Task(10) from FogDevice(8)
[24.59]|[FogBroker(9)]: Notifying WorkflowEngine of completed Task(10)...
[24.59]|[FogBroker(9)]: Task(10) on Cycle(0) decided to generate data: true
[24.59]|[FogBroker(9)]: All dispatched tasks are complete
[24.59]|[FogBroker(9)]: There is no vm to destroy
[24.59]|[FogBroker(9)]: There is no vm to create
[24.59]|[FogBroker(9)]: Trying to dispatch tasks...
[24.59]|[FogBroker(9)]: Dispatching tasks...
[24.59]|[WorkflowEngine(10)]: Task(10) received as complete
24.79: [Host #0] Total allocated MIPS for VM #5 (Host #0) is 500.00, was requested 0.00 out of total 500.00 (0.00%)
24.79: [Host #0] MIPS for VM #5 by PEs (1 * 500.0). PE #0: 500.00.
[24.79]|[FogBroker(9)]: Received task completion msg for Task(7) from FogDevice(7)
[24.79]|[FogBroker(9)]: Notifying WorkflowEngine of completed Task(7)...
[24.79]|[FogBroker(9)]: Task(7) on Cycle(0) decided to generate data: true
[24.79]|[FogBroker(9)]: All dispatched tasks are complete
[24.79]|[FogBroker(9)]: There is no vm to destroy
[24.79]|[FogBroker(9)]: There is no vm to create
[24.79]|[FogBroker(9)]: Trying to dispatch tasks...
[24.79]|[FogBroker(9)]: Dispatching tasks...
[24.79]|[WorkflowEngine(10)]: Task(7) received as complete
27.31: [Host #0] Total allocated MIPS for VM #3 (Host #0) is 500.00, was requested 0.00 out of total 500.00 (0.00%)
27.31: [Host #0] MIPS for VM #3 by PEs (2 * 500.0). PE #0: 500.00.
[27.31]|[FogBroker(9)]: Received task completion msg for Task(4) from FogDevice(5)
[27.31]|[FogBroker(9)]: Notifying WorkflowEngine of completed Task(4)...
[27.31]|[FogBroker(9)]: Task(4) on Cycle(0) decided to generate data: true
[27.31]|[FogBroker(9)]: All dispatched tasks are complete
[27.31]|[FogBroker(9)]: There is no vm to destroy
[27.31]|[FogBroker(9)]: There is no vm to create
[27.31]|[FogBroker(9)]: Trying to dispatch tasks...
[27.31]|[FogBroker(9)]: Dispatching tasks...
[27.31]|[WorkflowEngine(10)]: Task(4) received as complete
[27.31]|[WorkflowEngine(10)]: Task(8) is now ready to get executed. Releasing it...
[27.31]|[WorkflowEngine(10)]: Task(12) is now ready to get executed. Releasing it...
[27.31]|[FogBroker(9)]: Task(8) of Workflow(Montage_25.xml) received
[27.31]|[FogBroker(9)]: Dispatching tasks...
[27.31]|[FogBroker(9)]: Sending STAGE_OUT_MSG to FogDevice(3) for Task(2) on Cycle(0)
[27.31]|[FogBroker(9)]: Sending STAGE_OUT_MSG to FogDevice(5) for Task(4) on Cycle(0)
[27.31]|[FogBroker(9)]: Asking FogDevice(2) to execute Task(8) on Cycle(0)
[27.31]|[FogBroker(9)]: Task(12) of Workflow(Montage_25.xml) received
[27.31]|[FogBroker(9)]: Dispatching tasks...
[27.31]|[FogBroker(9)]: Sending STAGE_OUT_MSG to FogDevice(3) for Task(2) on Cycle(0)
[27.31]|[FogBroker(9)]: Sending STAGE_OUT_MSG to FogDevice(5) for Task(4) on Cycle(0)
[27.31]|[FogBroker(9)]: Asking FogDevice(3) to execute Task(12) on Cycle(0)
[27.31]|[FogDevice(2|cloud_device_0)]: Received execute msg for Task(8) on Cycle(0) from Workflow(Montage_25.xml) to run on Vm(0)
[27.31]|[FogDevice(2|cloud_device_0)]: Not all parent data are available. task is added to waiting queue
[27.31]|[FogDevice(3|edge_device_0)]: Received STAGE_OUT data of Task(2) on Cycle(0) to FogDevice(2)
[27.31]|[FogDevice(3|edge_device_0)]: Sending data of Task(2) on Cycle(0) to FogDevice(2) with Delay(0.008148146484375)
[27.31]|[FogDevice(3|edge_device_0)]: Received STAGE_OUT data of Task(2) on Cycle(0): (true) and destination is a loop back: sending data instantly
[27.31]|[FogDevice(3|edge_device_0)]: Received execute msg for Task(12) on Cycle(0) from Workflow(Montage_25.xml) to run on Vm(1)
[27.31]|[FogDevice(3|edge_device_0)]: Not all parent data are available. task is added to waiting queue
[27.31]|[FogDevice(5|phone)]: Received STAGE_OUT data of Task(4) on Cycle(0) to FogDevice(2)
[27.31]|[FogDevice(5|phone)]: Sending data of Task(4) on Cycle(0) to FogDevice(3) with Delay(0.0081523515625)
[27.31]|[FogDevice(5|phone)]: Received STAGE_OUT data of Task(4) on Cycle(0) to FogDevice(3)
[27.31]|[FogDevice(5|phone)]: Sending data of Task(4) on Cycle(0) to FogDevice(3) with Delay(0.0081523515625)
[27.31]|[FogDevice(3|edge_device_0)]: Downloaded data of Task(2) on Cycle(0)
[27.31]|[FogDevice(3|edge_device_0)]: Data is for me
[27.31]|[FogDevice(3|edge_device_0)]: Updating received data with: Cycle(0): Task(2) -> true
[27.32]|[FogDevice(2|cloud_device_0)]: Downloading data from fog device: 3
[27.32]|[FogDevice(3|edge_device_0)]: Downloading data from fog device: 5
[27.33]|[FogDevice(2|cloud_device_0)]: Downloaded data of Task(2) on Cycle(0)
[27.33]|[FogDevice(2|cloud_device_0)]: Data is for me
[27.33]|[FogDevice(2|cloud_device_0)]: Updating received data with: Cycle(0): Task(2) -> true
[27.33]|[FogDevice(3|edge_device_0)]: Downloading data from fog device: 5
[27.33]|[FogDevice(3|edge_device_0)]: Downloaded data of Task(4) on Cycle(0)
[27.33]|[FogDevice(3|edge_device_0)]: Data is not for me. relaying the message
[27.33]|[FogDevice(2|cloud_device_0)]: Downloading data from fog device: 3
[27.33]|[FogDevice(3|edge_device_0)]: Downloaded data of Task(4) on Cycle(0)
[27.33]|[FogDevice(3|edge_device_0)]: Data is for me
[27.33]|[FogDevice(3|edge_device_0)]: Updating received data with: Cycle(0): Task(4) -> true
[27.33]|[FogDevice(3|edge_device_0)]: Found Task(12) from Workflow(Montage_25.xml) that can be executed
[27.33]|[FogDevice(3|edge_device_0)]: Received execute msg for Task(12) on Cycle(0) from Workflow(Montage_25.xml) to run on Vm(1)
[27.33]|[FogDevice(3|edge_device_0)]: All parent data for Task(12) are received. task can execute
27.33: [Host #0] Total allocated MIPS for VM #1 (Host #0) is 4000.00, was requested 0.00 out of total 4000.00 (0.00%)
27.33: [Host #0] MIPS for VM #1 by PEs (1 * 4000.0). PE #0: 4000.00.
[27.33]|[FogBroker(9)]: Task(12) ack: true
[27.34]|[FogDevice(2|cloud_device_0)]: Downloaded data of Task(4) on Cycle(0)
[27.34]|[FogDevice(2|cloud_device_0)]: Data is for me
[27.34]|[FogDevice(2|cloud_device_0)]: Updating received data with: Cycle(0): Task(4) -> true
[27.34]|[FogDevice(2|cloud_device_0)]: Found Task(8) from Workflow(Montage_25.xml) that can be executed
[27.34]|[FogDevice(2|cloud_device_0)]: Received execute msg for Task(8) on Cycle(0) from Workflow(Montage_25.xml) to run on Vm(0)
[27.34]|[FogDevice(2|cloud_device_0)]: All parent data for Task(8) are received. task can execute
27.34: [Host #0] Total allocated MIPS for VM #0 (Host #0) is 6000.00, was requested 0.00 out of total 6000.00 (0.00%)
27.34: [Host #0] MIPS for VM #0 by PEs (1 * 6000.0). PE #0: 6000.00.
[27.34]|[FogBroker(9)]: Task(8) ack: true
27.67: [Host #0] Total allocated MIPS for VM #4 (Host #0) is 500.00, was requested 0.00 out of total 500.00 (0.00%)
27.67: [Host #0] MIPS for VM #4 by PEs (1 * 500.0). PE #0: 500.00.
[27.67]|[FogBroker(9)]: Received task completion msg for Task(5) from FogDevice(6)
[27.67]|[FogBroker(9)]: Notifying WorkflowEngine of completed Task(5)...
[27.67]|[FogBroker(9)]: Task(5) on Cycle(0) decided to generate data: true
[27.67]|[FogBroker(9)]: All dispatched tasks are complete
[27.67]|[FogBroker(9)]: There is no vm to destroy
[27.67]|[FogBroker(9)]: There is no vm to create
[27.67]|[FogBroker(9)]: Trying to dispatch tasks...
[27.67]|[FogBroker(9)]: Dispatching tasks...
[27.67]|[WorkflowEngine(10)]: Task(5) received as complete
[27.67]|[WorkflowEngine(10)]: Task(13) is now ready to get executed. Releasing it...
[27.67]|[WorkflowEngine(10)]: Task(14) is now ready to get executed. Releasing it...
[27.67]|[FogBroker(9)]: Task(13) of Workflow(Montage_25.xml) received
[27.67]|[FogBroker(9)]: Dispatching tasks...
[27.67]|[FogBroker(9)]: Sending STAGE_OUT_MSG to FogDevice(3) for Task(2) on Cycle(0)
[27.67]|[FogBroker(9)]: Sending STAGE_OUT_MSG to FogDevice(6) for Task(5) on Cycle(0)
[27.67]|[FogBroker(9)]: Asking FogDevice(4) to execute Task(13) on Cycle(0)
[27.67]|[FogBroker(9)]: Task(14) of Workflow(Montage_25.xml) received
[27.67]|[FogBroker(9)]: Dispatching tasks...
[27.67]|[FogBroker(9)]: Sending STAGE_OUT_MSG to FogDevice(5) for Task(4) on Cycle(0)
[27.67]|[FogBroker(9)]: Sending STAGE_OUT_MSG to FogDevice(6) for Task(5) on Cycle(0)
[27.67]|[FogBroker(9)]: Asking FogDevice(5) to execute Task(14) on Cycle(0)
[27.67]|[FogDevice(3|edge_device_0)]: Received STAGE_OUT data of Task(2) on Cycle(0) to FogDevice(4)
[27.67]|[FogDevice(3|edge_device_0)]: Sending data of Task(2) on Cycle(0) to FogDevice(4) with Delay(0.008148146484375)
[27.67]|[FogDevice(4|edge_device_1)]: Received execute msg for Task(13) on Cycle(0) from Workflow(Montage_25.xml) to run on Vm(2)
[27.67]|[FogDevice(4|edge_device_1)]: Not all parent data are available. task is added to waiting queue
[27.67]|[FogDevice(5|phone)]: Received STAGE_OUT data of Task(4) on Cycle(0): (true) and destination is a loop back: sending data instantly
[27.67]|[FogDevice(5|phone)]: Received execute msg for Task(14) on Cycle(0) from Workflow(Montage_25.xml) to run on Vm(3)
[27.67]|[FogDevice(5|phone)]: Not all parent data are available. task is added to waiting queue
[27.67]|[FogDevice(6|camera)]: Received STAGE_OUT data of Task(5) on Cycle(0) to FogDevice(4)
[27.67]|[FogDevice(6|camera)]: Sending data of Task(5) on Cycle(0) to FogDevice(3) with Delay(0.008112345703125)
[27.67]|[FogDevice(6|camera)]: Received STAGE_OUT data of Task(5) on Cycle(0) to FogDevice(5)
[27.67]|[FogDevice(6|camera)]: Sending data of Task(5) on Cycle(0) to FogDevice(3) with Delay(0.008112345703125)
[27.67]|[FogDevice(5|phone)]: Downloaded data of Task(4) on Cycle(0)
[27.67]|[FogDevice(5|phone)]: Data is for me
[27.67]|[FogDevice(5|phone)]: Updating received data with: Cycle(0): Task(4) -> true
[27.68]|[FogDevice(3|edge_device_0)]: Downloading data from fog device: 6
[27.68]|[FogDevice(4|edge_device_1)]: Downloading data from fog device: 3
[27.69]|[FogDevice(3|edge_device_0)]: Downloading data from fog device: 6
[27.69]|[FogDevice(3|edge_device_0)]: Downloaded data of Task(5) on Cycle(0)
[27.69]|[FogDevice(3|edge_device_0)]: Data is not for me. relaying the message
[27.69]|[FogDevice(4|edge_device_1)]: Downloaded data of Task(2) on Cycle(0)
[27.69]|[FogDevice(4|edge_device_1)]: Data is for me
[27.69]|[FogDevice(4|edge_device_1)]: Updating received data with: Cycle(0): Task(2) -> true
[27.69]|[FogDevice(3|edge_device_0)]: Downloaded data of Task(5) on Cycle(0)
[27.69]|[FogDevice(3|edge_device_0)]: Data is not for me. relaying the message
[27.69]|[FogDevice(4|edge_device_1)]: Downloading data from fog device: 3
[27.70]|[FogDevice(4|edge_device_1)]: Downloaded data of Task(5) on Cycle(0)
[27.70]|[FogDevice(4|edge_device_1)]: Data is for me
[27.70]|[FogDevice(4|edge_device_1)]: Updating received data with: Cycle(0): Task(5) -> true
[27.70]|[FogDevice(4|edge_device_1)]: Found Task(13) from Workflow(Montage_25.xml) that can be executed
[27.70]|[FogDevice(5|phone)]: Downloading data from fog device: 3
[27.70]|[FogDevice(4|edge_device_1)]: Received execute msg for Task(13) on Cycle(0) from Workflow(Montage_25.xml) to run on Vm(2)
[27.70]|[FogDevice(4|edge_device_1)]: All parent data for Task(13) are received. task can execute
27.70: [Host #0] Total allocated MIPS for VM #2 (Host #0) is 4000.00, was requested 0.00 out of total 4000.00 (0.00%)
27.70: [Host #0] MIPS for VM #2 by PEs (1 * 4000.0). PE #0: 4000.00.
[27.70]|[FogBroker(9)]: Task(13) ack: true
[27.71]|[FogDevice(5|phone)]: Downloaded data of Task(5) on Cycle(0)
[27.71]|[FogDevice(5|phone)]: Data is for me
[27.71]|[FogDevice(5|phone)]: Updating received data with: Cycle(0): Task(5) -> true
[27.71]|[FogDevice(5|phone)]: Found Task(14) from Workflow(Montage_25.xml) that can be executed
[27.71]|[FogDevice(5|phone)]: Received execute msg for Task(14) on Cycle(0) from Workflow(Montage_25.xml) to run on Vm(3)
[27.71]|[FogDevice(5|phone)]: All parent data for Task(14) are received. task can execute
27.71: [Host #0] Total allocated MIPS for VM #3 (Host #0) is 500.00, was requested 0.00 out of total 500.00 (0.00%)
27.71: [Host #0] MIPS for VM #3 by PEs (2 * 500.0). PE #0: 500.00.
[27.71]|[FogBroker(9)]: Task(14) ack: true
29.16: [Host #0] Total allocated MIPS for VM #0 (Host #0) is 6000.00, was requested 0.00 out of total 6000.00 (0.00%)
29.16: [Host #0] MIPS for VM #0 by PEs (1 * 6000.0). PE #0: 6000.00.
[29.16]|[FogBroker(9)]: Received task completion msg for Task(8) from FogDevice(2)
[29.16]|[FogBroker(9)]: Notifying WorkflowEngine of completed Task(8)...
[29.16]|[FogBroker(9)]: Task(8) on Cycle(0) decided to generate data: true
[29.16]|[FogBroker(9)]: All dispatched tasks are complete
[29.16]|[FogBroker(9)]: There is no vm to destroy
[29.16]|[FogBroker(9)]: There is no vm to create
[29.16]|[FogBroker(9)]: Trying to dispatch tasks...
[29.16]|[FogBroker(9)]: Dispatching tasks...
[29.16]|[WorkflowEngine(10)]: Task(8) received as complete
29.96: [Host #0] Total allocated MIPS for VM #1 (Host #0) is 4000.00, was requested 0.00 out of total 4000.00 (0.00%)
29.96: [Host #0] MIPS for VM #1 by PEs (1 * 4000.0). PE #0: 4000.00.
[29.96]|[FogBroker(9)]: Received task completion msg for Task(12) from FogDevice(3)
[29.96]|[FogBroker(9)]: Notifying WorkflowEngine of completed Task(12)...
[29.96]|[FogBroker(9)]: Task(12) on Cycle(0) decided to generate data: true
[29.96]|[FogBroker(9)]: All dispatched tasks are complete
[29.96]|[FogBroker(9)]: There is no vm to destroy
[29.96]|[FogBroker(9)]: There is no vm to create
[29.96]|[FogBroker(9)]: Trying to dispatch tasks...
[29.96]|[FogBroker(9)]: Dispatching tasks...
[29.96]|[WorkflowEngine(10)]: Task(12) received as complete
30.36: [Host #0] Total allocated MIPS for VM #2 (Host #0) is 4000.00, was requested 0.00 out of total 4000.00 (0.00%)
30.36: [Host #0] MIPS for VM #2 by PEs (1 * 4000.0). PE #0: 4000.00.
[30.36]|[FogBroker(9)]: Received task completion msg for Task(13) from FogDevice(4)
[30.36]|[FogBroker(9)]: Notifying WorkflowEngine of completed Task(13)...
[30.36]|[FogBroker(9)]: Task(13) on Cycle(0) decided to generate data: true
[30.36]|[FogBroker(9)]: All dispatched tasks are complete
[30.36]|[FogBroker(9)]: There is no vm to destroy
[30.36]|[FogBroker(9)]: There is no vm to create
[30.36]|[FogBroker(9)]: Trying to dispatch tasks...
[30.36]|[FogBroker(9)]: Dispatching tasks...
[30.36]|[WorkflowEngine(10)]: Task(13) received as complete
48.45: [Host #0] Total allocated MIPS for VM #3 (Host #0) is 500.00, was requested 0.00 out of total 500.00 (0.00%)
48.45: [Host #0] MIPS for VM #3 by PEs (2 * 500.0). PE #0: 500.00.
[48.45]|[FogBroker(9)]: Received task completion msg for Task(14) from FogDevice(5)
[48.45]|[FogBroker(9)]: Notifying WorkflowEngine of completed Task(14)...
[48.45]|[FogBroker(9)]: Task(14) on Cycle(0) decided to generate data: true
[48.45]|[FogBroker(9)]: All dispatched tasks are complete
[48.45]|[FogBroker(9)]: There is no vm to destroy
[48.45]|[FogBroker(9)]: There is no vm to create
[48.45]|[FogBroker(9)]: Trying to dispatch tasks...
[48.45]|[FogBroker(9)]: Dispatching tasks...
[48.45]|[WorkflowEngine(10)]: Task(14) received as complete
[48.45]|[WorkflowEngine(10)]: Task(15) is now ready to get executed. Releasing it...
[48.45]|[FogBroker(9)]: Task(15) of Workflow(Montage_25.xml) received
[48.45]|[FogBroker(9)]: Dispatching tasks...
[48.45]|[FogBroker(9)]: Sending STAGE_OUT_MSG to FogDevice(3) for Task(6) on Cycle(0)
[48.45]|[FogBroker(9)]: Sending STAGE_OUT_MSG to FogDevice(7) for Task(7) on Cycle(0)
[48.45]|[FogBroker(9)]: Sending STAGE_OUT_MSG to FogDevice(2) for Task(8) on Cycle(0)
[48.45]|[FogBroker(9)]: Sending STAGE_OUT_MSG to FogDevice(2) for Task(9) on Cycle(0)
[48.45]|[FogBroker(9)]: Sending STAGE_OUT_MSG to FogDevice(8) for Task(10) on Cycle(0)
[48.45]|[FogBroker(9)]: Sending STAGE_OUT_MSG to FogDevice(4) for Task(11) on Cycle(0)
[48.45]|[FogBroker(9)]: Sending STAGE_OUT_MSG to FogDevice(3) for Task(12) on Cycle(0)
[48.45]|[FogBroker(9)]: Sending STAGE_OUT_MSG to FogDevice(4) for Task(13) on Cycle(0)
[48.45]|[FogBroker(9)]: Sending STAGE_OUT_MSG to FogDevice(5) for Task(14) on Cycle(0)
[48.45]|[FogBroker(9)]: Asking FogDevice(2) to execute Task(15) on Cycle(0)
[48.45]|[FogDevice(2|cloud_device_0)]: Received STAGE_OUT data of Task(8) on Cycle(0): (true) and destination is a loop back: sending data instantly
[48.45]|[FogDevice(2|cloud_device_0)]: Received STAGE_OUT data of Task(9) on Cycle(0): (true) and destination is a loop back: sending data instantly
[48.45]|[FogDevice(2|cloud_device_0)]: Received execute msg for Task(15) on Cycle(0) from Workflow(Montage_25.xml) to run on Vm(0)
[48.45]|[FogDevice(2|cloud_device_0)]: Not all parent data are available. task is added to waiting queue
[48.45]|[FogDevice(3|edge_device_0)]: Received STAGE_OUT data of Task(6) on Cycle(0) to FogDevice(2)
[48.45]|[FogDevice(3|edge_device_0)]: Sending data of Task(6) on Cycle(0) to FogDevice(2) with Delay(3.9909765625E-4)
[48.45]|[FogDevice(3|edge_device_0)]: Received STAGE_OUT data of Task(12) on Cycle(0) to FogDevice(2)
[48.45]|[FogDevice(3|edge_device_0)]: Sending data of Task(12) on Cycle(0) to FogDevice(2) with Delay(2.65158203125E-4)
[48.45]|[FogDevice(4|edge_device_1)]: Received STAGE_OUT data of Task(11) on Cycle(0) to FogDevice(2)
[48.45]|[FogDevice(4|edge_device_1)]: Sending data of Task(11) on Cycle(0) to FogDevice(2) with Delay(2.455791015625E-4)
[48.45]|[FogDevice(4|edge_device_1)]: Received STAGE_OUT data of Task(13) on Cycle(0) to FogDevice(2)
[48.45]|[FogDevice(4|edge_device_1)]: Sending data of Task(13) on Cycle(0) to FogDevice(2) with Delay(3.060537109375E-4)
[48.45]|[FogDevice(5|phone)]: Received STAGE_OUT data of Task(14) on Cycle(0) to FogDevice(2)
[48.45]|[FogDevice(5|phone)]: Sending data of Task(14) on Cycle(0) to FogDevice(3) with Delay(2.905546875E-4)
[48.45]|[FogDevice(7|car)]: Received STAGE_OUT data of Task(7) on Cycle(0) to FogDevice(2)
[48.45]|[FogDevice(7|car)]: Sending data of Task(7) on Cycle(0) to FogDevice(3) with Delay(3.071025390625E-4)
[48.45]|[FogDevice(8|drone)]: Received STAGE_OUT data of Task(10) on Cycle(0) to FogDevice(2)
[48.45]|[FogDevice(8|drone)]: Sending data of Task(10) on Cycle(0) to FogDevice(4) with Delay(2.28259765625E-4)
[48.45]|[FogDevice(2|cloud_device_0)]: Downloaded data of Task(8) on Cycle(0)
[48.45]|[FogDevice(2|cloud_device_0)]: Data is for me
[48.45]|[FogDevice(2|cloud_device_0)]: Updating received data with: Cycle(0): Task(8) -> true
[48.45]|[FogDevice(2|cloud_device_0)]: Downloaded data of Task(9) on Cycle(0)
[48.45]|[FogDevice(2|cloud_device_0)]: Data is for me
[48.45]|[FogDevice(2|cloud_device_0)]: Updating received data with: Cycle(0): Task(9) -> true
[48.45]|[FogDevice(4|edge_device_1)]: Downloading data from fog device: 8
[48.45]|[FogDevice(2|cloud_device_0)]: Downloading data from fog device: 4
[48.45]|[FogDevice(3|edge_device_0)]: Downloading data from fog device: 5
[48.45]|[FogDevice(3|edge_device_0)]: Downloading data from fog device: 7
[48.45]|[FogDevice(2|cloud_device_0)]: Downloading data from fog device: 3
[48.45]|[FogDevice(4|edge_device_1)]: Downloaded data of Task(10) on Cycle(0)
[48.45]|[FogDevice(4|edge_device_1)]: Data is not for me. relaying the message
[48.45]|[FogDevice(2|cloud_device_0)]: Downloaded data of Task(11) on Cycle(0)
[48.45]|[FogDevice(2|cloud_device_0)]: Data is for me
[48.45]|[FogDevice(2|cloud_device_0)]: Updating received data with: Cycle(0): Task(11) -> true
[48.45]|[FogDevice(2|cloud_device_0)]: Downloading data from fog device: 4
[48.45]|[FogDevice(3|edge_device_0)]: Downloaded data of Task(14) on Cycle(0)
[48.45]|[FogDevice(3|edge_device_0)]: Data is not for me. relaying the message
[48.45]|[FogDevice(2|cloud_device_0)]: Downloading data from fog device: 3
[48.45]|[FogDevice(2|cloud_device_0)]: Downloading data from fog device: 4
[48.45]|[FogDevice(3|edge_device_0)]: Downloaded data of Task(7) on Cycle(0)
[48.45]|[FogDevice(3|edge_device_0)]: Data is not for me. relaying the message
[48.45]|[FogDevice(2|cloud_device_0)]: Downloaded data of Task(6) on Cycle(0)
[48.45]|[FogDevice(2|cloud_device_0)]: Data is for me
[48.45]|[FogDevice(2|cloud_device_0)]: Updating received data with: Cycle(0): Task(6) -> true
[48.45]|[FogDevice(2|cloud_device_0)]: Downloading data from fog device: 3
[48.45]|[FogDevice(2|cloud_device_0)]: Downloaded data of Task(13) on Cycle(0)
[48.45]|[FogDevice(2|cloud_device_0)]: Data is for me
[48.45]|[FogDevice(2|cloud_device_0)]: Updating received data with: Cycle(0): Task(13) -> true
[48.45]|[FogDevice(2|cloud_device_0)]: Downloading data from fog device: 3
[48.45]|[FogDevice(2|cloud_device_0)]: Downloaded data of Task(12) on Cycle(0)
[48.45]|[FogDevice(2|cloud_device_0)]: Data is for me
[48.45]|[FogDevice(2|cloud_device_0)]: Updating received data with: Cycle(0): Task(12) -> true
[48.45]|[FogDevice(2|cloud_device_0)]: Downloaded data of Task(10) on Cycle(0)
[48.45]|[FogDevice(2|cloud_device_0)]: Data is for me
[48.45]|[FogDevice(2|cloud_device_0)]: Updating received data with: Cycle(0): Task(10) -> true
[48.45]|[FogDevice(2|cloud_device_0)]: Downloaded data of Task(14) on Cycle(0)
[48.45]|[FogDevice(2|cloud_device_0)]: Data is for me
[48.45]|[FogDevice(2|cloud_device_0)]: Updating received data with: Cycle(0): Task(14) -> true
[48.45]|[FogDevice(2|cloud_device_0)]: Downloaded data of Task(7) on Cycle(0)
[48.45]|[FogDevice(2|cloud_device_0)]: Data is for me
[48.45]|[FogDevice(2|cloud_device_0)]: Updating received data with: Cycle(0): Task(7) -> true
[48.45]|[FogDevice(2|cloud_device_0)]: Found Task(15) from Workflow(Montage_25.xml) that can be executed
[48.45]|[FogDevice(2|cloud_device_0)]: Received execute msg for Task(15) on Cycle(0) from Workflow(Montage_25.xml) to run on Vm(0)
[48.45]|[FogDevice(2|cloud_device_0)]: All parent data for Task(15) are received. task can execute
48.45: [Host #0] Total allocated MIPS for VM #0 (Host #0) is 6000.00, was requested 0.00 out of total 6000.00 (0.00%)
48.45: [Host #0] MIPS for VM #0 by PEs (1 * 6000.0). PE #0: 6000.00.
[48.45]|[FogBroker(9)]: Task(15) ack: true
48.57: [Host #0] Total allocated MIPS for VM #0 (Host #0) is 6000.00, was requested 0.00 out of total 6000.00 (0.00%)
48.57: [Host #0] MIPS for VM #0 by PEs (1 * 6000.0). PE #0: 6000.00.
[48.57]|[FogBroker(9)]: Received task completion msg for Task(15) from FogDevice(2)
[48.57]|[FogBroker(9)]: Notifying WorkflowEngine of completed Task(15)...
[48.57]|[FogBroker(9)]: Task(15) on Cycle(0) decided to generate data: true
[48.57]|[FogBroker(9)]: All dispatched tasks are complete
[48.57]|[FogBroker(9)]: There is no vm to destroy
[48.57]|[FogBroker(9)]: There is no vm to create
[48.57]|[FogBroker(9)]: Trying to dispatch tasks...
[48.57]|[FogBroker(9)]: Dispatching tasks...
[48.57]|[WorkflowEngine(10)]: Task(15) received as complete
[48.57]|[WorkflowEngine(10)]: Task(16) is now ready to get executed. Releasing it...
[48.57]|[FogBroker(9)]: Task(16) of Workflow(Montage_25.xml) received
[48.57]|[FogBroker(9)]: Dispatching tasks...
[48.57]|[FogBroker(9)]: Sending STAGE_OUT_MSG to FogDevice(2) for Task(15) on Cycle(0)
[48.57]|[FogBroker(9)]: Asking FogDevice(2) to execute Task(16) on Cycle(0)
[48.57]|[FogDevice(2|cloud_device_0)]: Received STAGE_OUT data of Task(15) on Cycle(0): (true) and destination is a loop back: sending data instantly
[48.57]|[FogDevice(2|cloud_device_0)]: Received execute msg for Task(16) on Cycle(0) from Workflow(Montage_25.xml) to run on Vm(0)
[48.57]|[FogDevice(2|cloud_device_0)]: Not all parent data are available. task is added to waiting queue
[48.57]|[FogDevice(2|cloud_device_0)]: Downloaded data of Task(15) on Cycle(0)
[48.57]|[FogDevice(2|cloud_device_0)]: Data is for me
[48.57]|[FogDevice(2|cloud_device_0)]: Updating received data with: Cycle(0): Task(15) -> true
[48.57]|[FogDevice(2|cloud_device_0)]: Found Task(16) from Workflow(Montage_25.xml) that can be executed
[48.57]|[FogDevice(2|cloud_device_0)]: Received execute msg for Task(16) on Cycle(0) from Workflow(Montage_25.xml) to run on Vm(0)
[48.57]|[FogDevice(2|cloud_device_0)]: All parent data for Task(16) are received. task can execute
[48.57]|[FogBroker(9)]: Task(16) ack: true
48.81: [Host #0] Total allocated MIPS for VM #0 (Host #0) is 6000.00, was requested 0.00 out of total 6000.00 (0.00%)
48.81: [Host #0] MIPS for VM #0 by PEs (1 * 6000.0). PE #0: 6000.00.
[48.81]|[FogBroker(9)]: Received task completion msg for Task(16) from FogDevice(2)
[48.81]|[FogBroker(9)]: Notifying WorkflowEngine of completed Task(16)...
[48.81]|[FogBroker(9)]: Task(16) on Cycle(0) decided to generate data: true
[48.81]|[FogBroker(9)]: All dispatched tasks are complete
[48.81]|[FogBroker(9)]: There is no vm to destroy
[48.81]|[FogBroker(9)]: There is no vm to create
[48.81]|[FogBroker(9)]: Trying to dispatch tasks...
[48.81]|[FogBroker(9)]: Dispatching tasks...
[48.81]|[WorkflowEngine(10)]: Task(16) received as complete
[48.81]|[WorkflowEngine(10)]: Task(17) is now ready to get executed. Releasing it...
[48.81]|[WorkflowEngine(10)]: Task(18) is now ready to get executed. Releasing it...
[48.81]|[WorkflowEngine(10)]: Task(19) is now ready to get executed. Releasing it...
[48.81]|[WorkflowEngine(10)]: Task(20) is now ready to get executed. Releasing it...
[48.81]|[WorkflowEngine(10)]: Task(21) is now ready to get executed. Releasing it...
[48.81]|[FogBroker(9)]: Task(17) of Workflow(Montage_25.xml) received
[48.81]|[FogBroker(9)]: Dispatching tasks...
[48.81]|[FogBroker(9)]: Sending STAGE_OUT_MSG to FogDevice(2) for Task(16) on Cycle(0)
[48.81]|[FogBroker(9)]: Sending STAGE_OUT_MSG to FogDevice(2) for Task(1) on Cycle(0)
[48.81]|[FogBroker(9)]: Asking FogDevice(2) to execute Task(17) on Cycle(0)
[48.81]|[FogBroker(9)]: Task(18) of Workflow(Montage_25.xml) received
[48.81]|[FogBroker(9)]: Dispatching tasks...
[48.81]|[FogBroker(9)]: Sending STAGE_OUT_MSG to FogDevice(2) for Task(16) on Cycle(0)
[48.81]|[FogBroker(9)]: Sending STAGE_OUT_MSG to FogDevice(3) for Task(2) on Cycle(0)
[48.81]|[FogBroker(9)]: Asking FogDevice(3) to execute Task(18) on Cycle(0)
[48.81]|[FogBroker(9)]: Task(19) of Workflow(Montage_25.xml) received
[48.81]|[FogBroker(9)]: Dispatching tasks...
[48.81]|[FogBroker(9)]: Sending STAGE_OUT_MSG to FogDevice(2) for Task(16) on Cycle(0)
[48.81]|[FogBroker(9)]: Sending STAGE_OUT_MSG to FogDevice(4) for Task(3) on Cycle(0)
[48.81]|[FogBroker(9)]: Asking FogDevice(4) to execute Task(19) on Cycle(0)
[48.81]|[FogBroker(9)]: Task(20) of Workflow(Montage_25.xml) received
[48.81]|[FogBroker(9)]: Dispatching tasks...
[48.81]|[FogBroker(9)]: Sending STAGE_OUT_MSG to FogDevice(2) for Task(16) on Cycle(0)
[48.81]|[FogBroker(9)]: Sending STAGE_OUT_MSG to FogDevice(5) for Task(4) on Cycle(0)
[48.81]|[FogBroker(9)]: Asking FogDevice(5) to execute Task(20) on Cycle(0)
[48.81]|[FogBroker(9)]: Task(21) of Workflow(Montage_25.xml) received
[48.81]|[FogBroker(9)]: Dispatching tasks...
[48.81]|[FogBroker(9)]: Sending STAGE_OUT_MSG to FogDevice(2) for Task(16) on Cycle(0)
[48.81]|[FogBroker(9)]: Sending STAGE_OUT_MSG to FogDevice(6) for Task(5) on Cycle(0)
[48.81]|[FogBroker(9)]: Asking FogDevice(6) to execute Task(21) on Cycle(0)
[48.81]|[FogDevice(2|cloud_device_0)]: Received STAGE_OUT data of Task(16) on Cycle(0): (true) and destination is a loop back: sending data instantly
[48.81]|[FogDevice(2|cloud_device_0)]: Received STAGE_OUT data of Task(1) on Cycle(0): (true) and destination is a loop back: sending data instantly
[48.81]|[FogDevice(2|cloud_device_0)]: Received execute msg for Task(17) on Cycle(0) from Workflow(Montage_25.xml) to run on Vm(0)
[48.81]|[FogDevice(2|cloud_device_0)]: Not all parent data are available. task is added to waiting queue
[48.81]|[FogDevice(2|cloud_device_0)]: Received STAGE_OUT data of Task(16) on Cycle(0) to FogDevice(3)
[48.81]|[FogDevice(2|cloud_device_0)]: Sending data of Task(16) on Cycle(0) to FogDevice(3) with Delay(2.587890625E-7)
[48.81]|[FogDevice(2|cloud_device_0)]: Received STAGE_OUT data of Task(16) on Cycle(0) to FogDevice(4)
[48.81]|[FogDevice(2|cloud_device_0)]: Sending data of Task(16) on Cycle(0) to FogDevice(4) with Delay(2.587890625E-7)
[48.81]|[FogDevice(2|cloud_device_0)]: Received STAGE_OUT data of Task(16) on Cycle(0) to FogDevice(5)
[48.81]|[FogDevice(2|cloud_device_0)]: Sending data of Task(16) on Cycle(0) to FogDevice(3) with Delay(2.587890625E-7)
[48.81]|[FogDevice(2|cloud_device_0)]: Received STAGE_OUT data of Task(16) on Cycle(0) to FogDevice(6)
[48.81]|[FogDevice(2|cloud_device_0)]: Sending data of Task(16) on Cycle(0) to FogDevice(3) with Delay(2.587890625E-7)
[48.81]|[FogDevice(3|edge_device_0)]: Received STAGE_OUT data of Task(2) on Cycle(0): (true) and destination is a loop back: sending data instantly
[48.81]|[FogDevice(3|edge_device_0)]: Received execute msg for Task(18) on Cycle(0) from Workflow(Montage_25.xml) to run on Vm(1)
[48.81]|[FogDevice(3|edge_device_0)]: Not all parent data are available. task is added to waiting queue
[48.81]|[FogDevice(4|edge_device_1)]: Received STAGE_OUT data of Task(3) on Cycle(0): (true) and destination is a loop back: sending data instantly
[48.81]|[FogDevice(4|edge_device_1)]: Received execute msg for Task(19) on Cycle(0) from Workflow(Montage_25.xml) to run on Vm(2)
[48.81]|[FogDevice(4|edge_device_1)]: Not all parent data are available. task is added to waiting queue
[48.81]|[FogDevice(5|phone)]: Received STAGE_OUT data of Task(4) on Cycle(0): (true) and destination is a loop back: sending data instantly
[48.81]|[FogDevice(5|phone)]: Received execute msg for Task(20) on Cycle(0) from Workflow(Montage_25.xml) to run on Vm(3)
[48.81]|[FogDevice(5|phone)]: Not all parent data are available. task is added to waiting queue
[48.81]|[FogDevice(6|camera)]: Received STAGE_OUT data of Task(5) on Cycle(0): (true) and destination is a loop back: sending data instantly
[48.81]|[FogDevice(6|camera)]: Received execute msg for Task(21) on Cycle(0) from Workflow(Montage_25.xml) to run on Vm(4)
[48.81]|[FogDevice(6|camera)]: Not all parent data are available. task is added to waiting queue
[48.81]|[FogDevice(2|cloud_device_0)]: Downloaded data of Task(16) on Cycle(0)
[48.81]|[FogDevice(2|cloud_device_0)]: Data is for me
[48.81]|[FogDevice(2|cloud_device_0)]: Updating received data with: Cycle(0): Task(16) -> true
[48.81]|[FogDevice(2|cloud_device_0)]: Found Task(17) from Workflow(Montage_25.xml) that can be executed
[48.81]|[FogDevice(2|cloud_device_0)]: Downloaded data of Task(1) on Cycle(0)
[48.81]|[FogDevice(2|cloud_device_0)]: Data is for me
[48.81]|[FogDevice(2|cloud_device_0)]: Updating received data with: Cycle(0): Task(1) -> true
[48.81]|[FogDevice(3|edge_device_0)]: Downloaded data of Task(2) on Cycle(0)
[48.81]|[FogDevice(3|edge_device_0)]: Data is for me
[48.81]|[FogDevice(3|edge_device_0)]: Updating received data with: Cycle(0): Task(2) -> true
[48.81]|[FogDevice(4|edge_device_1)]: Downloaded data of Task(3) on Cycle(0)
[48.81]|[FogDevice(4|edge_device_1)]: Data is for me
[48.81]|[FogDevice(4|edge_device_1)]: Updating received data with: Cycle(0): Task(3) -> true
[48.81]|[FogDevice(5|phone)]: Downloaded data of Task(4) on Cycle(0)
[48.81]|[FogDevice(5|phone)]: Data is for me
[48.81]|[FogDevice(5|phone)]: Updating received data with: Cycle(0): Task(4) -> true
[48.81]|[FogDevice(6|camera)]: Downloaded data of Task(5) on Cycle(0)
[48.81]|[FogDevice(6|camera)]: Data is for me
[48.81]|[FogDevice(6|camera)]: Updating received data with: Cycle(0): Task(5) -> true
[48.81]|[FogDevice(2|cloud_device_0)]: Received execute msg for Task(17) on Cycle(0) from Workflow(Montage_25.xml) to run on Vm(0)
[48.81]|[FogDevice(2|cloud_device_0)]: All parent data for Task(17) are received. task can execute
[48.81]|[FogBroker(9)]: Task(17) ack: true
[48.81]|[FogDevice(3|edge_device_0)]: Downloading data from fog device: 2
[48.81]|[FogDevice(4|edge_device_1)]: Downloading data from fog device: 2
[48.81]|[FogDevice(3|edge_device_0)]: Downloaded data of Task(16) on Cycle(0)
[48.81]|[FogDevice(3|edge_device_0)]: Data is for me
[48.81]|[FogDevice(3|edge_device_0)]: Updating received data with: Cycle(0): Task(16) -> true
[48.81]|[FogDevice(3|edge_device_0)]: Found Task(18) from Workflow(Montage_25.xml) that can be executed
[48.81]|[FogDevice(3|edge_device_0)]: Received execute msg for Task(18) on Cycle(0) from Workflow(Montage_25.xml) to run on Vm(1)
[48.81]|[FogDevice(3|edge_device_0)]: All parent data for Task(18) are received. task can execute
48.81: [Host #0] Total allocated MIPS for VM #1 (Host #0) is 4000.00, was requested 0.00 out of total 4000.00 (0.00%)
48.81: [Host #0] MIPS for VM #1 by PEs (1 * 4000.0). PE #0: 4000.00.
[48.81]|[FogBroker(9)]: Task(18) ack: true
[48.81]|[FogDevice(3|edge_device_0)]: Downloading data from fog device: 2
[48.81]|[FogDevice(4|edge_device_1)]: Downloaded data of Task(16) on Cycle(0)
[48.81]|[FogDevice(4|edge_device_1)]: Data is for me
[48.81]|[FogDevice(4|edge_device_1)]: Updating received data with: Cycle(0): Task(16) -> true
[48.81]|[FogDevice(4|edge_device_1)]: Found Task(19) from Workflow(Montage_25.xml) that can be executed
[48.81]|[FogDevice(4|edge_device_1)]: Received execute msg for Task(19) on Cycle(0) from Workflow(Montage_25.xml) to run on Vm(2)
[48.81]|[FogDevice(4|edge_device_1)]: All parent data for Task(19) are received. task can execute
48.81: [Host #0] Total allocated MIPS for VM #2 (Host #0) is 4000.00, was requested 0.00 out of total 4000.00 (0.00%)
48.81: [Host #0] MIPS for VM #2 by PEs (1 * 4000.0). PE #0: 4000.00.
[48.81]|[FogBroker(9)]: Task(19) ack: true
[48.81]|[FogDevice(3|edge_device_0)]: Downloading data from fog device: 2
[48.81]|[FogDevice(3|edge_device_0)]: Downloaded data of Task(16) on Cycle(0)
[48.81]|[FogDevice(3|edge_device_0)]: Data is not for me. relaying the message
[48.81]|[FogDevice(3|edge_device_0)]: Downloaded data of Task(16) on Cycle(0)
[48.81]|[FogDevice(3|edge_device_0)]: Data is not for me. relaying the message
[48.81]|[FogDevice(5|phone)]: Downloading data from fog device: 3
[48.81]|[FogDevice(5|phone)]: Downloaded data of Task(16) on Cycle(0)
[48.81]|[FogDevice(5|phone)]: Data is for me
[48.81]|[FogDevice(5|phone)]: Updating received data with: Cycle(0): Task(16) -> true
[48.81]|[FogDevice(5|phone)]: Found Task(20) from Workflow(Montage_25.xml) that can be executed
[48.81]|[FogDevice(6|camera)]: Downloading data from fog device: 3
[48.81]|[FogDevice(5|phone)]: Received execute msg for Task(20) on Cycle(0) from Workflow(Montage_25.xml) to run on Vm(3)
[48.81]|[FogDevice(5|phone)]: All parent data for Task(20) are received. task can execute
48.81: [Host #0] Total allocated MIPS for VM #3 (Host #0) is 500.00, was requested 0.00 out of total 500.00 (0.00%)
48.81: [Host #0] MIPS for VM #3 by PEs (2 * 500.0). PE #0: 500.00.
[48.81]|[FogBroker(9)]: Task(20) ack: true
[48.81]|[FogDevice(6|camera)]: Downloaded data of Task(16) on Cycle(0)
[48.81]|[FogDevice(6|camera)]: Data is for me
[48.81]|[FogDevice(6|camera)]: Updating received data with: Cycle(0): Task(16) -> true
[48.81]|[FogDevice(6|camera)]: Found Task(21) from Workflow(Montage_25.xml) that can be executed
[48.81]|[FogDevice(6|camera)]: Received execute msg for Task(21) on Cycle(0) from Workflow(Montage_25.xml) to run on Vm(4)
[48.81]|[FogDevice(6|camera)]: All parent data for Task(21) are received. task can execute
48.81: [Host #0] Total allocated MIPS for VM #4 (Host #0) is 500.00, was requested 0.00 out of total 500.00 (0.00%)
48.81: [Host #0] MIPS for VM #4 by PEs (1 * 500.0). PE #0: 500.00.
[48.81]|[FogBroker(9)]: Task(21) ack: true
50.54: [Host #0] Total allocated MIPS for VM #0 (Host #0) is 6000.00, was requested 0.00 out of total 6000.00 (0.00%)
50.54: [Host #0] MIPS for VM #0 by PEs (1 * 6000.0). PE #0: 6000.00.
[50.54]|[FogBroker(9)]: Received task completion msg for Task(17) from FogDevice(2)
[50.54]|[FogBroker(9)]: Notifying WorkflowEngine of completed Task(17)...
[50.54]|[FogBroker(9)]: Task(17) on Cycle(0) decided to generate data: true
[50.54]|[FogBroker(9)]: All dispatched tasks are complete
[50.54]|[FogBroker(9)]: There is no vm to destroy
[50.54]|[FogBroker(9)]: There is no vm to create
[50.54]|[FogBroker(9)]: Trying to dispatch tasks...
[50.54]|[FogBroker(9)]: Dispatching tasks...
[50.54]|[WorkflowEngine(10)]: Task(17) received as complete
51.47: [Host #0] Total allocated MIPS for VM #1 (Host #0) is 4000.00, was requested 0.00 out of total 4000.00 (0.00%)
51.47: [Host #0] MIPS for VM #1 by PEs (1 * 4000.0). PE #0: 4000.00.
[51.47]|[FogBroker(9)]: Received task completion msg for Task(18) from FogDevice(3)
[51.47]|[FogBroker(9)]: Notifying WorkflowEngine of completed Task(18)...
[51.47]|[FogBroker(9)]: Task(18) on Cycle(0) decided to generate data: true
[51.47]|[FogBroker(9)]: All dispatched tasks are complete
[51.47]|[FogBroker(9)]: There is no vm to destroy
[51.47]|[FogBroker(9)]: There is no vm to create
[51.47]|[FogBroker(9)]: Trying to dispatch tasks...
[51.47]|[FogBroker(9)]: Dispatching tasks...
[51.47]|[WorkflowEngine(10)]: Task(18) received as complete
51.52: [Host #0] Total allocated MIPS for VM #2 (Host #0) is 4000.00, was requested 0.00 out of total 4000.00 (0.00%)
51.52: [Host #0] MIPS for VM #2 by PEs (1 * 4000.0). PE #0: 4000.00.
[51.52]|[FogBroker(9)]: Received task completion msg for Task(19) from FogDevice(4)
[51.52]|[FogBroker(9)]: Notifying WorkflowEngine of completed Task(19)...
[51.52]|[FogBroker(9)]: Task(19) on Cycle(0) decided to generate data: true
[51.52]|[FogBroker(9)]: All dispatched tasks are complete
[51.52]|[FogBroker(9)]: There is no vm to destroy
[51.52]|[FogBroker(9)]: There is no vm to create
[51.52]|[FogBroker(9)]: Trying to dispatch tasks...
[51.52]|[FogBroker(9)]: Dispatching tasks...
[51.52]|[WorkflowEngine(10)]: Task(19) received as complete
70.33: [Host #0] Total allocated MIPS for VM #4 (Host #0) is 500.00, was requested 0.00 out of total 500.00 (0.00%)
70.33: [Host #0] MIPS for VM #4 by PEs (1 * 500.0). PE #0: 500.00.
[70.33]|[FogBroker(9)]: Received task completion msg for Task(21) from FogDevice(6)
[70.33]|[FogBroker(9)]: Notifying WorkflowEngine of completed Task(21)...
[70.33]|[FogBroker(9)]: Task(21) on Cycle(0) decided to generate data: true
[70.33]|[FogBroker(9)]: All dispatched tasks are complete
[70.33]|[FogBroker(9)]: There is no vm to destroy
[70.33]|[FogBroker(9)]: There is no vm to create
[70.33]|[FogBroker(9)]: Trying to dispatch tasks...
[70.33]|[FogBroker(9)]: Dispatching tasks...
[70.33]|[WorkflowEngine(10)]: Task(21) received as complete
70.67: [Host #0] Total allocated MIPS for VM #3 (Host #0) is 500.00, was requested 0.00 out of total 500.00 (0.00%)
70.67: [Host #0] MIPS for VM #3 by PEs (2 * 500.0). PE #0: 500.00.
[70.67]|[FogBroker(9)]: Received task completion msg for Task(20) from FogDevice(5)
[70.67]|[FogBroker(9)]: Notifying WorkflowEngine of completed Task(20)...
[70.67]|[FogBroker(9)]: Task(20) on Cycle(0) decided to generate data: true
[70.67]|[FogBroker(9)]: All dispatched tasks are complete
[70.67]|[FogBroker(9)]: There is no vm to destroy
[70.67]|[FogBroker(9)]: There is no vm to create
[70.67]|[FogBroker(9)]: Trying to dispatch tasks...
[70.67]|[FogBroker(9)]: Dispatching tasks...
[70.67]|[WorkflowEngine(10)]: Task(20) received as complete
[70.67]|[WorkflowEngine(10)]: Task(22) is now ready to get executed. Releasing it...
[70.67]|[FogBroker(9)]: Task(22) of Workflow(Montage_25.xml) received
[70.67]|[FogBroker(9)]: Dispatching tasks...
[70.67]|[FogBroker(9)]: Sending STAGE_OUT_MSG to FogDevice(2) for Task(17) on Cycle(0)
[70.67]|[FogBroker(9)]: Sending STAGE_OUT_MSG to FogDevice(3) for Task(18) on Cycle(0)
[70.67]|[FogBroker(9)]: Sending STAGE_OUT_MSG to FogDevice(4) for Task(19) on Cycle(0)
[70.67]|[FogBroker(9)]: Sending STAGE_OUT_MSG to FogDevice(5) for Task(20) on Cycle(0)
[70.67]|[FogBroker(9)]: Sending STAGE_OUT_MSG to FogDevice(6) for Task(21) on Cycle(0)
[70.67]|[FogBroker(9)]: Asking FogDevice(2) to execute Task(22) on Cycle(0)
[70.67]|[FogDevice(2|cloud_device_0)]: Received STAGE_OUT data of Task(17) on Cycle(0): (true) and destination is a loop back: sending data instantly
[70.67]|[FogDevice(2|cloud_device_0)]: Received execute msg for Task(22) on Cycle(0) from Workflow(Montage_25.xml) to run on Vm(0)
[70.67]|[FogDevice(2|cloud_device_0)]: Not all parent data are available. task is added to waiting queue
[70.67]|[FogDevice(3|edge_device_0)]: Received STAGE_OUT data of Task(18) on Cycle(0) to FogDevice(2)
[70.67]|[FogDevice(3|edge_device_0)]: Sending data of Task(18) on Cycle(0) to FogDevice(2) with Delay(0.008128576171875)
[70.67]|[FogDevice(4|edge_device_1)]: Received STAGE_OUT data of Task(19) on Cycle(0) to FogDevice(2)
[70.67]|[FogDevice(4|edge_device_1)]: Sending data of Task(19) on Cycle(0) to FogDevice(2) with Delay(0.008168599609375)
[70.67]|[FogDevice(5|phone)]: Received STAGE_OUT data of Task(20) on Cycle(0) to FogDevice(2)
[70.67]|[FogDevice(5|phone)]: Sending data of Task(20) on Cycle(0) to FogDevice(3) with Delay(0.00814620703125)
[70.67]|[FogDevice(6|camera)]: Received STAGE_OUT data of Task(21) on Cycle(0) to FogDevice(2)
[70.67]|[FogDevice(6|camera)]: Sending data of Task(21) on Cycle(0) to FogDevice(3) with Delay(0.008120404296875)
[70.67]|[FogDevice(2|cloud_device_0)]: Downloaded data of Task(17) on Cycle(0)
[70.67]|[FogDevice(2|cloud_device_0)]: Data is for me
[70.67]|[FogDevice(2|cloud_device_0)]: Updating received data with: Cycle(0): Task(17) -> true
[70.68]|[FogDevice(3|edge_device_0)]: Downloading data from fog device: 6
[70.68]|[FogDevice(2|cloud_device_0)]: Downloading data from fog device: 3
[70.68]|[FogDevice(3|edge_device_0)]: Downloading data from fog device: 5
[70.68]|[FogDevice(2|cloud_device_0)]: Downloading data from fog device: 4
[70.69]|[FogDevice(3|edge_device_0)]: Downloaded data of Task(21) on Cycle(0)
[70.69]|[FogDevice(3|edge_device_0)]: Data is not for me. relaying the message
[70.69]|[FogDevice(2|cloud_device_0)]: Downloaded data of Task(18) on Cycle(0)
[70.69]|[FogDevice(2|cloud_device_0)]: Data is for me
[70.69]|[FogDevice(2|cloud_device_0)]: Updating received data with: Cycle(0): Task(18) -> true
[70.69]|[FogDevice(2|cloud_device_0)]: Downloading data from fog device: 3
[70.69]|[FogDevice(3|edge_device_0)]: Downloaded data of Task(20) on Cycle(0)
[70.69]|[FogDevice(3|edge_device_0)]: Data is not for me. relaying the message
[70.69]|[FogDevice(2|cloud_device_0)]: Downloaded data of Task(19) on Cycle(0)
[70.69]|[FogDevice(2|cloud_device_0)]: Data is for me
[70.69]|[FogDevice(2|cloud_device_0)]: Updating received data with: Cycle(0): Task(19) -> true
[70.70]|[FogDevice(2|cloud_device_0)]: Downloading data from fog device: 3
[70.70]|[FogDevice(2|cloud_device_0)]: Downloaded data of Task(21) on Cycle(0)
[70.70]|[FogDevice(2|cloud_device_0)]: Data is for me
[70.70]|[FogDevice(2|cloud_device_0)]: Updating received data with: Cycle(0): Task(21) -> true
[70.71]|[FogDevice(2|cloud_device_0)]: Downloaded data of Task(20) on Cycle(0)
[70.71]|[FogDevice(2|cloud_device_0)]: Data is for me
[70.71]|[FogDevice(2|cloud_device_0)]: Updating received data with: Cycle(0): Task(20) -> true
[70.71]|[FogDevice(2|cloud_device_0)]: Found Task(22) from Workflow(Montage_25.xml) that can be executed
[70.71]|[FogDevice(2|cloud_device_0)]: Received execute msg for Task(22) on Cycle(0) from Workflow(Montage_25.xml) to run on Vm(0)
[70.71]|[FogDevice(2|cloud_device_0)]: All parent data for Task(22) are received. task can execute
70.71: [Host #0] Total allocated MIPS for VM #0 (Host #0) is 6000.00, was requested 0.00 out of total 6000.00 (0.00%)
70.71: [Host #0] MIPS for VM #0 by PEs (1 * 6000.0). PE #0: 6000.00.
[70.71]|[FogBroker(9)]: Task(22) ack: true
70.94: [Host #0] Total allocated MIPS for VM #0 (Host #0) is 6000.00, was requested 0.00 out of total 6000.00 (0.00%)
70.94: [Host #0] MIPS for VM #0 by PEs (1 * 6000.0). PE #0: 6000.00.
[70.94]|[FogBroker(9)]: Received task completion msg for Task(22) from FogDevice(2)
[70.94]|[FogBroker(9)]: Notifying WorkflowEngine of completed Task(22)...
[70.94]|[FogBroker(9)]: Task(22) on Cycle(0) decided to generate data: true
[70.94]|[FogBroker(9)]: All dispatched tasks are complete
[70.94]|[FogBroker(9)]: There is no vm to destroy
[70.94]|[FogBroker(9)]: There is no vm to create
[70.94]|[FogBroker(9)]: Trying to dispatch tasks...
[70.94]|[FogBroker(9)]: Dispatching tasks...
[70.94]|[WorkflowEngine(10)]: Task(22) received as complete
[70.94]|[WorkflowEngine(10)]: Task(23) is now ready to get executed. Releasing it...
[70.94]|[FogBroker(9)]: Task(23) of Workflow(Montage_25.xml) received
[70.94]|[FogBroker(9)]: Dispatching tasks...
[70.94]|[FogBroker(9)]: Sending STAGE_OUT_MSG to FogDevice(2) for Task(22) on Cycle(0)
[70.94]|[FogBroker(9)]: Asking FogDevice(2) to execute Task(23) on Cycle(0)
[70.94]|[FogDevice(2|cloud_device_0)]: Received STAGE_OUT data of Task(22) on Cycle(0): (true) and destination is a loop back: sending data instantly
[70.94]|[FogDevice(2|cloud_device_0)]: Received execute msg for Task(23) on Cycle(0) from Workflow(Montage_25.xml) to run on Vm(0)
[70.94]|[FogDevice(2|cloud_device_0)]: Not all parent data are available. task is added to waiting queue
[70.94]|[FogDevice(2|cloud_device_0)]: Downloaded data of Task(22) on Cycle(0)
[70.94]|[FogDevice(2|cloud_device_0)]: Data is for me
[70.94]|[FogDevice(2|cloud_device_0)]: Updating received data with: Cycle(0): Task(22) -> true
[70.94]|[FogDevice(2|cloud_device_0)]: Found Task(23) from Workflow(Montage_25.xml) that can be executed
[70.94]|[FogDevice(2|cloud_device_0)]: Received execute msg for Task(23) on Cycle(0) from Workflow(Montage_25.xml) to run on Vm(0)
[70.94]|[FogDevice(2|cloud_device_0)]: All parent data for Task(23) are received. task can execute
[70.94]|[FogBroker(9)]: Task(23) ack: true
71.45: [Host #0] Total allocated MIPS for VM #0 (Host #0) is 6000.00, was requested 0.00 out of total 6000.00 (0.00%)
71.45: [Host #0] MIPS for VM #0 by PEs (1 * 6000.0). PE #0: 6000.00.
[71.45]|[FogBroker(9)]: Received task completion msg for Task(23) from FogDevice(2)
[71.45]|[FogBroker(9)]: Notifying WorkflowEngine of completed Task(23)...
[71.45]|[FogBroker(9)]: Task(23) on Cycle(0) decided to generate data: true
[71.45]|[FogBroker(9)]: All dispatched tasks are complete
[71.45]|[FogBroker(9)]: There is no vm to destroy
[71.45]|[FogBroker(9)]: There is no vm to create
[71.45]|[FogBroker(9)]: Trying to dispatch tasks...
[71.45]|[FogBroker(9)]: Dispatching tasks...
[71.45]|[WorkflowEngine(10)]: Task(23) received as complete
[71.45]|[WorkflowEngine(10)]: Task(24) is now ready to get executed. Releasing it...
[71.45]|[FogBroker(9)]: Task(24) of Workflow(Montage_25.xml) received
[71.45]|[FogBroker(9)]: Dispatching tasks...
[71.45]|[FogBroker(9)]: Sending STAGE_OUT_MSG to FogDevice(2) for Task(23) on Cycle(0)
[71.45]|[FogBroker(9)]: Asking FogDevice(2) to execute Task(24) on Cycle(0)
[71.45]|[FogDevice(2|cloud_device_0)]: Received STAGE_OUT data of Task(23) on Cycle(0): (true) and destination is a loop back: sending data instantly
[71.45]|[FogDevice(2|cloud_device_0)]: Received execute msg for Task(24) on Cycle(0) from Workflow(Montage_25.xml) to run on Vm(0)
[71.45]|[FogDevice(2|cloud_device_0)]: Not all parent data are available. task is added to waiting queue
[71.45]|[FogDevice(2|cloud_device_0)]: Downloaded data of Task(23) on Cycle(0)
[71.45]|[FogDevice(2|cloud_device_0)]: Data is for me
[71.45]|[FogDevice(2|cloud_device_0)]: Updating received data with: Cycle(0): Task(23) -> true
[71.45]|[FogDevice(2|cloud_device_0)]: Found Task(24) from Workflow(Montage_25.xml) that can be executed
[71.45]|[FogDevice(2|cloud_device_0)]: Received execute msg for Task(24) on Cycle(0) from Workflow(Montage_25.xml) to run on Vm(0)
[71.45]|[FogDevice(2|cloud_device_0)]: All parent data for Task(24) are received. task can execute
[71.45]|[FogBroker(9)]: Task(24) ack: true
72.09: [Host #0] Total allocated MIPS for VM #0 (Host #0) is 6000.00, was requested 0.00 out of total 6000.00 (0.00%)
72.09: [Host #0] MIPS for VM #0 by PEs (1 * 6000.0). PE #0: 6000.00.
[72.09]|[FogBroker(9)]: Received task completion msg for Task(24) from FogDevice(2)
[72.09]|[FogBroker(9)]: Notifying WorkflowEngine of completed Task(24)...
[72.09]|[FogBroker(9)]: Task(24) on Cycle(0) decided to generate data: true
[72.09]|[FogBroker(9)]: All dispatched tasks are complete
[72.09]|[FogBroker(9)]: There is no vm to destroy
[72.09]|[FogBroker(9)]: There is no vm to create
[72.09]|[FogBroker(9)]: Trying to dispatch tasks...
[72.09]|[FogBroker(9)]: Dispatching tasks...
[72.09]|[WorkflowEngine(10)]: Task(24) received as complete
[72.09]|[WorkflowEngine(10)]: Task(25) is now ready to get executed. Releasing it...
[72.09]|[FogBroker(9)]: Task(25) of Workflow(Montage_25.xml) received
[72.09]|[FogBroker(9)]: Dispatching tasks...
[72.09]|[FogBroker(9)]: Sending STAGE_OUT_MSG to FogDevice(2) for Task(24) on Cycle(0)
[72.09]|[FogBroker(9)]: Asking FogDevice(2) to execute Task(25) on Cycle(0)
[72.09]|[FogDevice(2|cloud_device_0)]: Received STAGE_OUT data of Task(24) on Cycle(0): (true) and destination is a loop back: sending data instantly
[72.09]|[FogDevice(2|cloud_device_0)]: Received execute msg for Task(25) on Cycle(0) from Workflow(Montage_25.xml) to run on Vm(0)
[72.09]|[FogDevice(2|cloud_device_0)]: Not all parent data are available. task is added to waiting queue
[72.09]|[FogDevice(2|cloud_device_0)]: Downloaded data of Task(24) on Cycle(0)
[72.09]|[FogDevice(2|cloud_device_0)]: Data is for me
[72.09]|[FogDevice(2|cloud_device_0)]: Updating received data with: Cycle(0): Task(24) -> true
[72.09]|[FogDevice(2|cloud_device_0)]: Found Task(25) from Workflow(Montage_25.xml) that can be executed
[72.09]|[FogDevice(2|cloud_device_0)]: Received execute msg for Task(25) on Cycle(0) from Workflow(Montage_25.xml) to run on Vm(0)
[72.09]|[FogDevice(2|cloud_device_0)]: All parent data for Task(25) are received. task can execute
[72.09]|[FogBroker(9)]: Task(25) ack: true
72.17: [Host #0] Total allocated MIPS for VM #0 (Host #0) is 6000.00, was requested 0.00 out of total 6000.00 (0.00%)
72.17: [Host #0] MIPS for VM #0 by PEs (1 * 6000.0). PE #0: 6000.00.
[72.17]|[FogBroker(9)]: Received task completion msg for Task(25) from FogDevice(2)
[72.17]|[FogBroker(9)]: Notifying WorkflowEngine of completed Task(25)...
[72.17]|[FogBroker(9)]: Task(25) on Cycle(0) decided to generate data: true
[72.17]|[FogBroker(9)]: All dispatched tasks are complete
[72.17]|[FogBroker(9)]: There is no vm to destroy
[72.17]|[FogBroker(9)]: There is no vm to create
[72.17]|[FogBroker(9)]: Trying to dispatch tasks...
[72.17]|[FogBroker(9)]: Dispatching tasks...
[72.17]|[WorkflowEngine(10)]: Task(25) received as complete
Simulation: No more future events
CloudInformationService: Notify all CloudSim entities for shutting down.
cloud_device_0 is shutting down...
edge_device_0 is shutting down...
edge_device_1 is shutting down...
phone is shutting down...
camera is shutting down...
car is shutting down...
drone is shutting down...
[72.17]|[WorkflowEngine(10)]: Shutting down entity...
Simulation completed.
Simulation completed.
4000.0
2000.0
2285.714285714286
250.0
250.0
250.0
250.0
Cycle: 0

 Task ID  On Vm  Start Execution Time  End Execution Time  Duration 

 1        0      0.11                  2.34                2.23     

 2        1      0.11                  3.57                3.46     

 3        2      0.11                  3.45                3.34     

 4        3      0.11                  27.31               27.20    

 5        4      0.11                  27.67               27.56    

 6        1      3.58                  6.23                2.65     

 7        5      3.61                  24.79               21.18    

 8        0      27.34                 29.16               1.81     

 9        0      3.47                  5.27                1.80     

 10       6      3.61                  24.59               20.98    

 11       2      3.45                  6.08                2.63     

 12       1      27.33                 29.96               2.63     

 13       2      27.70                 30.36               2.66     

 14       3      27.71                 48.45               20.74    

 15       0      48.45                 48.57               0.12     

 16       0      48.57                 48.81               0.24     

 17       0      48.81                 50.54               1.73     

 18       1      48.81                 51.47               2.66     

 19       2      48.81                 51.52               2.71     

 20       3      48.81                 70.67               21.86    

 21       4      48.81                 70.33               21.52    

 22       0      70.71                 70.94               0.23     

 23       0      70.94                 71.45               0.50     

 24       0      71.45                 72.09               0.64     

 25       0      72.09                 72.17               0.08     


End Execution Time: 72.16520971354167

BUILD SUCCESSFUL in 458ms
3 actionable tasks: 1 executed, 2 up-to-date
