> Task :compileJava UP-TO-DATE
> Task :processResources UP-TO-DATE
> Task :classes UP-TO-DATE

> Task :Inspiral30.main()
Initialising...
Starting CloudSim version 3.0
[0.00]|[FogDevice(2|cloud_device_0)]: Starting FogDevice(2)...
[0.00]|[FogDevice(3|edge_device_0)]: Starting FogDevice(3)...
[0.00]|[FogDevice(4|edge_device_1)]: Starting FogDevice(4)...
[0.00]|[FogDevice(5|phone)]: Starting FogDevice(5)...
[0.00]|[FogDevice(6|camera)]: Starting FogDevice(6)...
[0.00]|[FogDevice(7|car)]: Starting FogDevice(7)...
[0.00]|[FogDevice(8|drone)]: Starting FogDevice(8)...
[0.00]|[FogBroker(9)]: Starting FogBroker...
[0.00]|[WorkflowEngine(10)]: Starting WorkflowEngine...
[0.00]|[TaskManager(11)]: Starting Task Manager...
[0.00]|[TaskManager(11)]: Sending task: 1 of workflow: Inspiral_30.xml
[0.00]|[TaskManager(11)]: Sending task: 2 of workflow: Inspiral_30.xml
[0.00]|[TaskManager(11)]: Sending task: 3 of workflow: Inspiral_30.xml
[0.00]|[TaskManager(11)]: Sending task: 4 of workflow: Inspiral_30.xml
[0.00]|[TaskManager(11)]: Sending task: 5 of workflow: Inspiral_30.xml
[0.00]|[TaskManager(11)]: Sending task: 6 of workflow: Inspiral_30.xml
[0.00]|[TaskManager(11)]: Sending task: 7 of workflow: Inspiral_30.xml
[0.00]|[TaskManager(11)]: Sending task: 8 of workflow: Inspiral_30.xml
[0.00]|[TaskManager(11)]: Sending task: 9 of workflow: Inspiral_30.xml
[0.00]|[TaskManager(11)]: Sending task: 10 of workflow: Inspiral_30.xml
[0.00]|[TaskManager(11)]: Sending task: 11 of workflow: Inspiral_30.xml
[0.00]|[TaskManager(11)]: Sending task: 12 of workflow: Inspiral_30.xml
[0.00]|[TaskManager(11)]: Sending task: 13 of workflow: Inspiral_30.xml
[0.00]|[TaskManager(11)]: Sending task: 14 of workflow: Inspiral_30.xml
[0.00]|[TaskManager(11)]: Sending task: 15 of workflow: Inspiral_30.xml
[0.00]|[TaskManager(11)]: Sending task: 16 of workflow: Inspiral_30.xml
[0.00]|[TaskManager(11)]: Sending task: 17 of workflow: Inspiral_30.xml
[0.00]|[TaskManager(11)]: Sending task: 18 of workflow: Inspiral_30.xml
[0.00]|[TaskManager(11)]: Sending task: 19 of workflow: Inspiral_30.xml
[0.00]|[TaskManager(11)]: Sending task: 20 of workflow: Inspiral_30.xml
[0.00]|[TaskManager(11)]: Sending task: 21 of workflow: Inspiral_30.xml
[0.00]|[TaskManager(11)]: Sending task: 22 of workflow: Inspiral_30.xml
[0.00]|[TaskManager(11)]: Sending task: 23 of workflow: Inspiral_30.xml
[0.00]|[TaskManager(11)]: Sending task: 24 of workflow: Inspiral_30.xml
[0.00]|[TaskManager(11)]: Sending task: 25 of workflow: Inspiral_30.xml
[0.00]|[TaskManager(11)]: Sending task: 26 of workflow: Inspiral_30.xml
[0.00]|[TaskManager(11)]: Sending task: 27 of workflow: Inspiral_30.xml
[0.00]|[TaskManager(11)]: Sending task: 28 of workflow: Inspiral_30.xml
[0.00]|[TaskManager(11)]: Sending task: 29 of workflow: Inspiral_30.xml
[0.00]|[TaskManager(11)]: Sending task: 30 of workflow: Inspiral_30.xml
Entities started.
[0.00]|[FogBroker(9)]: Requesting for fog devices characteristics...
[0.00]|[WorkflowEngine(10)]: Task(1) of workflow(Inspiral_30.xml) received
[0.00]|[WorkflowEngine(10)]: Sending Task(1) from workflow(Inspiral_30.xml)...
[0.00]|[WorkflowEngine(10)]: Task(2) of workflow(Inspiral_30.xml) received
[0.00]|[WorkflowEngine(10)]: Sending Task(2) from workflow(Inspiral_30.xml)...
[0.00]|[WorkflowEngine(10)]: Task(3) of workflow(Inspiral_30.xml) received
[0.00]|[WorkflowEngine(10)]: Sending Task(3) from workflow(Inspiral_30.xml)...
[0.00]|[WorkflowEngine(10)]: Task(4) of workflow(Inspiral_30.xml) received
[0.00]|[WorkflowEngine(10)]: Sending Task(4) from workflow(Inspiral_30.xml)...
[0.00]|[WorkflowEngine(10)]: Task(5) of workflow(Inspiral_30.xml) received
[0.00]|[WorkflowEngine(10)]: Sending Task(5) from workflow(Inspiral_30.xml)...
[0.00]|[WorkflowEngine(10)]: Task(6) of workflow(Inspiral_30.xml) received
[0.00]|[WorkflowEngine(10)]: Sending Task(6) from workflow(Inspiral_30.xml)...
[0.00]|[WorkflowEngine(10)]: Task(7) of workflow(Inspiral_30.xml) received
[0.00]|[WorkflowEngine(10)]: Sending Task(7) from workflow(Inspiral_30.xml)...
[0.00]|[WorkflowEngine(10)]: Task(8) of workflow(Inspiral_30.xml) received
[0.00]|[WorkflowEngine(10)]: Task(8) is not ready to get executed. Adding it to waiting queue...
[0.00]|[WorkflowEngine(10)]: Task(9) of workflow(Inspiral_30.xml) received
[0.00]|[WorkflowEngine(10)]: Task(9) is not ready to get executed. Adding it to waiting queue...
[0.00]|[WorkflowEngine(10)]: Task(10) of workflow(Inspiral_30.xml) received
[0.00]|[WorkflowEngine(10)]: Task(10) is not ready to get executed. Adding it to waiting queue...
[0.00]|[WorkflowEngine(10)]: Task(11) of workflow(Inspiral_30.xml) received
[0.00]|[WorkflowEngine(10)]: Task(11) is not ready to get executed. Adding it to waiting queue...
[0.00]|[WorkflowEngine(10)]: Task(12) of workflow(Inspiral_30.xml) received
[0.00]|[WorkflowEngine(10)]: Task(12) is not ready to get executed. Adding it to waiting queue...
[0.00]|[WorkflowEngine(10)]: Task(13) of workflow(Inspiral_30.xml) received
[0.00]|[WorkflowEngine(10)]: Task(13) is not ready to get executed. Adding it to waiting queue...
[0.00]|[WorkflowEngine(10)]: Task(14) of workflow(Inspiral_30.xml) received
[0.00]|[WorkflowEngine(10)]: Task(14) is not ready to get executed. Adding it to waiting queue...
[0.00]|[WorkflowEngine(10)]: Task(15) of workflow(Inspiral_30.xml) received
[0.00]|[WorkflowEngine(10)]: Task(15) is not ready to get executed. Adding it to waiting queue...
[0.00]|[WorkflowEngine(10)]: Task(16) of workflow(Inspiral_30.xml) received
[0.00]|[WorkflowEngine(10)]: Task(16) is not ready to get executed. Adding it to waiting queue...
[0.00]|[WorkflowEngine(10)]: Task(17) of workflow(Inspiral_30.xml) received
[0.00]|[WorkflowEngine(10)]: Task(17) is not ready to get executed. Adding it to waiting queue...
[0.00]|[WorkflowEngine(10)]: Task(18) of workflow(Inspiral_30.xml) received
[0.00]|[WorkflowEngine(10)]: Task(18) is not ready to get executed. Adding it to waiting queue...
[0.00]|[WorkflowEngine(10)]: Task(19) of workflow(Inspiral_30.xml) received
[0.00]|[WorkflowEngine(10)]: Task(19) is not ready to get executed. Adding it to waiting queue...
[0.00]|[WorkflowEngine(10)]: Task(20) of workflow(Inspiral_30.xml) received
[0.00]|[WorkflowEngine(10)]: Task(20) is not ready to get executed. Adding it to waiting queue...
[0.00]|[WorkflowEngine(10)]: Task(21) of workflow(Inspiral_30.xml) received
[0.00]|[WorkflowEngine(10)]: Task(21) is not ready to get executed. Adding it to waiting queue...
[0.00]|[WorkflowEngine(10)]: Task(22) of workflow(Inspiral_30.xml) received
[0.00]|[WorkflowEngine(10)]: Task(22) is not ready to get executed. Adding it to waiting queue...
[0.00]|[WorkflowEngine(10)]: Task(23) of workflow(Inspiral_30.xml) received
[0.00]|[WorkflowEngine(10)]: Task(23) is not ready to get executed. Adding it to waiting queue...
[0.00]|[WorkflowEngine(10)]: Task(24) of workflow(Inspiral_30.xml) received
[0.00]|[WorkflowEngine(10)]: Task(24) is not ready to get executed. Adding it to waiting queue...
[0.00]|[WorkflowEngine(10)]: Task(25) of workflow(Inspiral_30.xml) received
[0.00]|[WorkflowEngine(10)]: Task(25) is not ready to get executed. Adding it to waiting queue...
[0.00]|[WorkflowEngine(10)]: Task(26) of workflow(Inspiral_30.xml) received
[0.00]|[WorkflowEngine(10)]: Task(26) is not ready to get executed. Adding it to waiting queue...
[0.00]|[WorkflowEngine(10)]: Task(27) of workflow(Inspiral_30.xml) received
[0.00]|[WorkflowEngine(10)]: Task(27) is not ready to get executed. Adding it to waiting queue...
[0.00]|[WorkflowEngine(10)]: Task(28) of workflow(Inspiral_30.xml) received
[0.00]|[WorkflowEngine(10)]: Task(28) is not ready to get executed. Adding it to waiting queue...
[0.00]|[WorkflowEngine(10)]: Task(29) of workflow(Inspiral_30.xml) received
[0.00]|[WorkflowEngine(10)]: Task(29) is not ready to get executed. Adding it to waiting queue...
[0.00]|[WorkflowEngine(10)]: Task(30) of workflow(Inspiral_30.xml) received
[0.00]|[WorkflowEngine(10)]: Task(30) is not ready to get executed. Adding it to waiting queue...
[0.00]|[FogBroker(9)]: Task(1) of Workflow(Inspiral_30.xml) received
[0.00]|[FogBroker(9)]: Dispatching tasks...
[0.00]|[FogBroker(9)]: Task(2) of Workflow(Inspiral_30.xml) received
[0.00]|[FogBroker(9)]: Dispatching tasks...
[0.00]|[FogBroker(9)]: Task(3) of Workflow(Inspiral_30.xml) received
[0.00]|[FogBroker(9)]: Dispatching tasks...
[0.00]|[FogBroker(9)]: Task(4) of Workflow(Inspiral_30.xml) received
[0.00]|[FogBroker(9)]: Dispatching tasks...
[0.00]|[FogBroker(9)]: Task(5) of Workflow(Inspiral_30.xml) received
[0.00]|[FogBroker(9)]: Dispatching tasks...
[0.00]|[FogBroker(9)]: Task(6) of Workflow(Inspiral_30.xml) received
[0.00]|[FogBroker(9)]: Dispatching tasks...
[0.00]|[FogBroker(9)]: Task(7) of Workflow(Inspiral_30.xml) received
[0.00]|[FogBroker(9)]: Dispatching tasks...
[0.00]|[FogBroker(9)]: All resources received
[0.00]|[FogBroker(9)]: All pending vm create acks received
[0.00]|[FogBroker(9)]: Dispatching tasks...
[0.00]|[FogBroker(9)]: Sending STAGE_IN data for Task(1) to FogDevice(2) with delay: 0.11
[0.00]|[FogBroker(9)]: Sending STAGE_IN data for Task(2) to FogDevice(3) with delay: 0.11
[0.00]|[FogBroker(9)]: Sending STAGE_IN data for Task(3) to FogDevice(4) with delay: 0.11
[0.00]|[FogBroker(9)]: Sending STAGE_IN data for Task(4) to FogDevice(5) with delay: 0.11
[0.00]|[FogBroker(9)]: Sending STAGE_IN data for Task(5) to FogDevice(6) with delay: 0.11
[0.00]|[FogBroker(9)]: Sending STAGE_IN data for Task(6) to FogDevice(7) with delay: 0.11
[0.00]|[FogBroker(9)]: Sending STAGE_IN data for Task(7) to FogDevice(8) with delay: 0.11
[0.11]|[FogDevice(2|cloud_device_0)]: Received Task(1) from Workflow(Inspiral_30.xml) with STAGE_IN data to run on Vm(0)
[0.11]|[FogDevice(3|edge_device_0)]: Received Task(2) from Workflow(Inspiral_30.xml) with STAGE_IN data to run on Vm(1)
[0.11]|[FogDevice(4|edge_device_1)]: Received Task(3) from Workflow(Inspiral_30.xml) with STAGE_IN data to run on Vm(2)
[0.11]|[FogDevice(5|phone)]: Received Task(4) from Workflow(Inspiral_30.xml) with STAGE_IN data to run on Vm(3)
[0.11]|[FogDevice(6|camera)]: Received Task(5) from Workflow(Inspiral_30.xml) with STAGE_IN data to run on Vm(4)
[0.11]|[FogDevice(7|car)]: Received Task(6) from Workflow(Inspiral_30.xml) with STAGE_IN data to run on Vm(5)
[0.11]|[FogDevice(8|drone)]: Received Task(7) from Workflow(Inspiral_30.xml) with STAGE_IN data to run on Vm(6)
[0.11]|[FogDevice(2|cloud_device_0)]: Received execute msg for Task(1) on Cycle(0) from Workflow(Inspiral_30.xml) to run on Vm(0)
[0.11]|[FogDevice(2|cloud_device_0)]: All parent data for Task(1) are received. task can execute
[0.11]|[FogDevice(3|edge_device_0)]: Received execute msg for Task(2) on Cycle(0) from Workflow(Inspiral_30.xml) to run on Vm(1)
[0.11]|[FogDevice(3|edge_device_0)]: All parent data for Task(2) are received. task can execute
[0.11]|[FogDevice(4|edge_device_1)]: Received execute msg for Task(3) on Cycle(0) from Workflow(Inspiral_30.xml) to run on Vm(2)
[0.11]|[FogDevice(4|edge_device_1)]: All parent data for Task(3) are received. task can execute
[0.11]|[FogDevice(5|phone)]: Received execute msg for Task(4) on Cycle(0) from Workflow(Inspiral_30.xml) to run on Vm(3)
[0.11]|[FogDevice(5|phone)]: All parent data for Task(4) are received. task can execute
[0.11]|[FogDevice(6|camera)]: Received execute msg for Task(5) on Cycle(0) from Workflow(Inspiral_30.xml) to run on Vm(4)
[0.11]|[FogDevice(6|camera)]: All parent data for Task(5) are received. task can execute
[0.11]|[FogDevice(7|car)]: Received execute msg for Task(6) on Cycle(0) from Workflow(Inspiral_30.xml) to run on Vm(5)
[0.11]|[FogDevice(7|car)]: All parent data for Task(6) are received. task can execute
[0.11]|[FogDevice(8|drone)]: Received execute msg for Task(7) on Cycle(0) from Workflow(Inspiral_30.xml) to run on Vm(6)
[0.11]|[FogDevice(8|drone)]: All parent data for Task(7) are received. task can execute
0.11: [Host #0] Total allocated MIPS for VM #0 (Host #0) is 6000.00, was requested 0.00 out of total 6000.00 (0.00%)
0.11: [Host #0] MIPS for VM #0 by PEs (1 * 6000.0). PE #0: 6000.00.
0.11: [Host #0] Total allocated MIPS for VM #1 (Host #0) is 4000.00, was requested 0.00 out of total 4000.00 (0.00%)
0.11: [Host #0] MIPS for VM #1 by PEs (1 * 4000.0). PE #0: 4000.00.
0.11: [Host #0] Total allocated MIPS for VM #2 (Host #0) is 4000.00, was requested 0.00 out of total 4000.00 (0.00%)
0.11: [Host #0] MIPS for VM #2 by PEs (1 * 4000.0). PE #0: 4000.00.
0.11: [Host #0] Total allocated MIPS for VM #3 (Host #0) is 500.00, was requested 0.00 out of total 500.00 (0.00%)
0.11: [Host #0] MIPS for VM #3 by PEs (2 * 500.0). PE #0: 500.00.
0.11: [Host #0] Total allocated MIPS for VM #4 (Host #0) is 500.00, was requested 0.00 out of total 500.00 (0.00%)
0.11: [Host #0] MIPS for VM #4 by PEs (1 * 500.0). PE #0: 500.00.
0.11: [Host #0] Total allocated MIPS for VM #5 (Host #0) is 500.00, was requested 0.00 out of total 500.00 (0.00%)
0.11: [Host #0] MIPS for VM #5 by PEs (1 * 500.0). PE #0: 500.00.
0.11: [Host #0] Total allocated MIPS for VM #6 (Host #0) is 500.00, was requested 0.00 out of total 500.00 (0.00%)
0.11: [Host #0] MIPS for VM #6 by PEs (1 * 500.0). PE #0: 500.00.
[0.11]|[FogBroker(9)]: Task(1) ack: true
[0.11]|[FogBroker(9)]: Task(2) ack: true
[0.11]|[FogBroker(9)]: Task(3) ack: true
[0.11]|[FogBroker(9)]: Task(4) ack: true
[0.11]|[FogBroker(9)]: Task(5) ack: true
[0.11]|[FogBroker(9)]: Task(6) ack: true
[0.11]|[FogBroker(9)]: Task(7) ack: true
3.08: [Host #0] Total allocated MIPS for VM #0 (Host #0) is 6000.00, was requested 0.00 out of total 6000.00 (0.00%)
3.08: [Host #0] MIPS for VM #0 by PEs (1 * 6000.0). PE #0: 6000.00.
[3.08]|[FogBroker(9)]: Received task completion msg for Task(1) from FogDevice(2)
[3.08]|[FogBroker(9)]: Notifying WorkflowEngine of completed Task(1)...
[3.08]|[FogBroker(9)]: Task(1) on Cycle(0) decided to generate data: true
[3.08]|[FogBroker(9)]: All dispatched tasks are complete
[3.08]|[FogBroker(9)]: There is no vm to destroy
[3.08]|[FogBroker(9)]: There is no vm to create
[3.08]|[FogBroker(9)]: Trying to dispatch tasks...
[3.08]|[FogBroker(9)]: Dispatching tasks...
[3.08]|[WorkflowEngine(10)]: Task(1) received as complete
[3.08]|[WorkflowEngine(10)]: Task(8) is now ready to get executed. Releasing it...
[3.08]|[FogBroker(9)]: Task(8) of Workflow(Inspiral_30.xml) received
[3.08]|[FogBroker(9)]: Dispatching tasks...
[3.08]|[FogBroker(9)]: Sending STAGE_OUT_MSG to FogDevice(2) for Task(1) on Cycle(0)
[3.08]|[FogBroker(9)]: Asking FogDevice(2) to execute Task(8) on Cycle(0)
[3.08]|[FogDevice(2|cloud_device_0)]: Received STAGE_OUT data of Task(1) on Cycle(0): (true) and destination is a loop back: sending data instantly
[3.08]|[FogDevice(2|cloud_device_0)]: Received execute msg for Task(8) on Cycle(0) from Workflow(Inspiral_30.xml) to run on Vm(0)
[3.08]|[FogDevice(2|cloud_device_0)]: Not all parent data are available. task is added to waiting queue
[3.08]|[FogDevice(2|cloud_device_0)]: Downloaded data of Task(1) on Cycle(0)
[3.08]|[FogDevice(2|cloud_device_0)]: Data is for me
[3.08]|[FogDevice(2|cloud_device_0)]: Updating received data with: Cycle(0): Task(1) -> true
[3.08]|[FogDevice(2|cloud_device_0)]: Found Task(8) from Workflow(Inspiral_30.xml) that can be executed
[3.08]|[FogDevice(2|cloud_device_0)]: Received execute msg for Task(8) on Cycle(0) from Workflow(Inspiral_30.xml) to run on Vm(0)
[3.08]|[FogDevice(2|cloud_device_0)]: All parent data for Task(8) are received. task can execute
[3.08]|[FogBroker(9)]: Task(8) ack: true
4.52: [Host #0] Total allocated MIPS for VM #2 (Host #0) is 4000.00, was requested 0.00 out of total 4000.00 (0.00%)
4.52: [Host #0] MIPS for VM #2 by PEs (1 * 4000.0). PE #0: 4000.00.
[4.52]|[FogBroker(9)]: Received task completion msg for Task(3) from FogDevice(4)
[4.52]|[FogBroker(9)]: Notifying WorkflowEngine of completed Task(3)...
[4.52]|[FogBroker(9)]: Task(3) on Cycle(0) decided to generate data: true
[4.52]|[FogBroker(9)]: All dispatched tasks are complete
[4.52]|[FogBroker(9)]: There is no vm to destroy
[4.52]|[FogBroker(9)]: There is no vm to create
[4.52]|[FogBroker(9)]: Trying to dispatch tasks...
[4.52]|[FogBroker(9)]: Dispatching tasks...
[4.52]|[WorkflowEngine(10)]: Task(3) received as complete
[4.52]|[WorkflowEngine(10)]: Task(10) is now ready to get executed. Releasing it...
[4.52]|[FogBroker(9)]: Task(10) of Workflow(Inspiral_30.xml) received
[4.52]|[FogBroker(9)]: Dispatching tasks...
[4.52]|[FogBroker(9)]: Sending STAGE_OUT_MSG to FogDevice(4) for Task(3) on Cycle(0)
[4.52]|[FogBroker(9)]: Asking FogDevice(4) to execute Task(10) on Cycle(0)
[4.52]|[FogDevice(4|edge_device_1)]: Received STAGE_OUT data of Task(3) on Cycle(0): (true) and destination is a loop back: sending data instantly
[4.52]|[FogDevice(4|edge_device_1)]: Received execute msg for Task(10) on Cycle(0) from Workflow(Inspiral_30.xml) to run on Vm(2)
[4.52]|[FogDevice(4|edge_device_1)]: Not all parent data are available. task is added to waiting queue
[4.52]|[FogDevice(4|edge_device_1)]: Downloaded data of Task(3) on Cycle(0)
[4.52]|[FogDevice(4|edge_device_1)]: Data is for me
[4.52]|[FogDevice(4|edge_device_1)]: Updating received data with: Cycle(0): Task(3) -> true
[4.52]|[FogDevice(4|edge_device_1)]: Found Task(10) from Workflow(Inspiral_30.xml) that can be executed
[4.52]|[FogDevice(4|edge_device_1)]: Received execute msg for Task(10) on Cycle(0) from Workflow(Inspiral_30.xml) to run on Vm(2)
[4.52]|[FogDevice(4|edge_device_1)]: All parent data for Task(10) are received. task can execute
[4.52]|[FogBroker(9)]: Task(10) ack: true
4.60: [Host #0] Total allocated MIPS for VM #1 (Host #0) is 4000.00, was requested 0.00 out of total 4000.00 (0.00%)
4.60: [Host #0] MIPS for VM #1 by PEs (1 * 4000.0). PE #0: 4000.00.
[4.60]|[FogBroker(9)]: Received task completion msg for Task(2) from FogDevice(3)
[4.60]|[FogBroker(9)]: Notifying WorkflowEngine of completed Task(2)...
[4.60]|[FogBroker(9)]: Task(2) on Cycle(0) decided to generate data: true
[4.60]|[FogBroker(9)]: All dispatched tasks are complete
[4.60]|[FogBroker(9)]: There is no vm to destroy
[4.60]|[FogBroker(9)]: There is no vm to create
[4.60]|[FogBroker(9)]: Trying to dispatch tasks...
[4.60]|[FogBroker(9)]: Dispatching tasks...
[4.60]|[WorkflowEngine(10)]: Task(2) received as complete
[4.60]|[WorkflowEngine(10)]: Task(9) is now ready to get executed. Releasing it...
[4.60]|[FogBroker(9)]: Task(9) of Workflow(Inspiral_30.xml) received
[4.60]|[FogBroker(9)]: Dispatching tasks...
[4.60]|[FogBroker(9)]: Sending STAGE_OUT_MSG to FogDevice(3) for Task(2) on Cycle(0)
[4.60]|[FogBroker(9)]: Asking FogDevice(3) to execute Task(9) on Cycle(0)
[4.60]|[FogDevice(3|edge_device_0)]: Received STAGE_OUT data of Task(2) on Cycle(0): (true) and destination is a loop back: sending data instantly
[4.60]|[FogDevice(3|edge_device_0)]: Received execute msg for Task(9) on Cycle(0) from Workflow(Inspiral_30.xml) to run on Vm(1)
[4.60]|[FogDevice(3|edge_device_0)]: Not all parent data are available. task is added to waiting queue
[4.60]|[FogDevice(3|edge_device_0)]: Downloaded data of Task(2) on Cycle(0)
[4.60]|[FogDevice(3|edge_device_0)]: Data is for me
[4.60]|[FogDevice(3|edge_device_0)]: Updating received data with: Cycle(0): Task(2) -> true
[4.60]|[FogDevice(3|edge_device_0)]: Found Task(9) from Workflow(Inspiral_30.xml) that can be executed
[4.60]|[FogDevice(3|edge_device_0)]: Received execute msg for Task(9) on Cycle(0) from Workflow(Inspiral_30.xml) to run on Vm(1)
[4.60]|[FogDevice(3|edge_device_0)]: All parent data for Task(9) are received. task can execute
[4.60]|[FogBroker(9)]: Task(9) ack: true
35.25: [Host #0] Total allocated MIPS for VM #5 (Host #0) is 500.00, was requested 0.00 out of total 500.00 (0.00%)
35.25: [Host #0] MIPS for VM #5 by PEs (1 * 500.0). PE #0: 500.00.
[35.25]|[FogBroker(9)]: Received task completion msg for Task(6) from FogDevice(7)
[35.25]|[FogBroker(9)]: Notifying WorkflowEngine of completed Task(6)...
[35.25]|[FogBroker(9)]: Task(6) on Cycle(0) decided to generate data: true
[35.25]|[FogBroker(9)]: All dispatched tasks are complete
[35.25]|[FogBroker(9)]: There is no vm to destroy
[35.25]|[FogBroker(9)]: There is no vm to create
[35.25]|[FogBroker(9)]: Trying to dispatch tasks...
[35.25]|[FogBroker(9)]: Dispatching tasks...
[35.25]|[WorkflowEngine(10)]: Task(6) received as complete
[35.25]|[WorkflowEngine(10)]: Task(13) is now ready to get executed. Releasing it...
[35.25]|[FogBroker(9)]: Task(13) of Workflow(Inspiral_30.xml) received
[35.25]|[FogBroker(9)]: Dispatching tasks...
[35.25]|[FogBroker(9)]: Sending STAGE_OUT_MSG to FogDevice(7) for Task(6) on Cycle(0)
[35.25]|[FogBroker(9)]: Asking FogDevice(7) to execute Task(13) on Cycle(0)
[35.25]|[FogDevice(7|car)]: Received STAGE_OUT data of Task(6) on Cycle(0): (true) and destination is a loop back: sending data instantly
[35.25]|[FogDevice(7|car)]: Received execute msg for Task(13) on Cycle(0) from Workflow(Inspiral_30.xml) to run on Vm(5)
[35.25]|[FogDevice(7|car)]: Not all parent data are available. task is added to waiting queue
[35.25]|[FogDevice(7|car)]: Downloaded data of Task(6) on Cycle(0)
[35.25]|[FogDevice(7|car)]: Data is for me
[35.25]|[FogDevice(7|car)]: Updating received data with: Cycle(0): Task(6) -> true
[35.25]|[FogDevice(7|car)]: Found Task(13) from Workflow(Inspiral_30.xml) that can be executed
[35.25]|[FogDevice(7|car)]: Received execute msg for Task(13) on Cycle(0) from Workflow(Inspiral_30.xml) to run on Vm(5)
[35.25]|[FogDevice(7|car)]: All parent data for Task(13) are received. task can execute
[35.25]|[FogBroker(9)]: Task(13) ack: true
35.61: [Host #0] Total allocated MIPS for VM #3 (Host #0) is 500.00, was requested 0.00 out of total 500.00 (0.00%)
35.61: [Host #0] MIPS for VM #3 by PEs (2 * 500.0). PE #0: 500.00.
[35.61]|[FogBroker(9)]: Received task completion msg for Task(4) from FogDevice(5)
[35.61]|[FogBroker(9)]: Notifying WorkflowEngine of completed Task(4)...
[35.61]|[FogBroker(9)]: Task(4) on Cycle(0) decided to generate data: true
[35.61]|[FogBroker(9)]: All dispatched tasks are complete
[35.61]|[FogBroker(9)]: There is no vm to destroy
[35.61]|[FogBroker(9)]: There is no vm to create
[35.61]|[FogBroker(9)]: Trying to dispatch tasks...
[35.61]|[FogBroker(9)]: Dispatching tasks...
[35.61]|[WorkflowEngine(10)]: Task(4) received as complete
[35.61]|[WorkflowEngine(10)]: Task(11) is now ready to get executed. Releasing it...
[35.61]|[FogBroker(9)]: Task(11) of Workflow(Inspiral_30.xml) received
[35.61]|[FogBroker(9)]: Dispatching tasks...
[35.61]|[FogBroker(9)]: Sending STAGE_OUT_MSG to FogDevice(5) for Task(4) on Cycle(0)
[35.61]|[FogBroker(9)]: Asking FogDevice(5) to execute Task(11) on Cycle(0)
[35.61]|[FogDevice(5|phone)]: Received STAGE_OUT data of Task(4) on Cycle(0): (true) and destination is a loop back: sending data instantly
[35.61]|[FogDevice(5|phone)]: Received execute msg for Task(11) on Cycle(0) from Workflow(Inspiral_30.xml) to run on Vm(3)
[35.61]|[FogDevice(5|phone)]: Not all parent data are available. task is added to waiting queue
[35.61]|[FogDevice(5|phone)]: Downloaded data of Task(4) on Cycle(0)
[35.61]|[FogDevice(5|phone)]: Data is for me
[35.61]|[FogDevice(5|phone)]: Updating received data with: Cycle(0): Task(4) -> true
[35.61]|[FogDevice(5|phone)]: Found Task(11) from Workflow(Inspiral_30.xml) that can be executed
[35.61]|[FogDevice(5|phone)]: Received execute msg for Task(11) on Cycle(0) from Workflow(Inspiral_30.xml) to run on Vm(3)
[35.61]|[FogDevice(5|phone)]: All parent data for Task(11) are received. task can execute
[35.61]|[FogBroker(9)]: Task(11) ack: true
36.21: [Host #0] Total allocated MIPS for VM #4 (Host #0) is 500.00, was requested 0.00 out of total 500.00 (0.00%)
36.21: [Host #0] MIPS for VM #4 by PEs (1 * 500.0). PE #0: 500.00.
[36.21]|[FogBroker(9)]: Received task completion msg for Task(5) from FogDevice(6)
[36.21]|[FogBroker(9)]: Notifying WorkflowEngine of completed Task(5)...
[36.21]|[FogBroker(9)]: Task(5) on Cycle(0) decided to generate data: true
[36.21]|[FogBroker(9)]: All dispatched tasks are complete
[36.21]|[FogBroker(9)]: There is no vm to destroy
[36.21]|[FogBroker(9)]: There is no vm to create
[36.21]|[FogBroker(9)]: Trying to dispatch tasks...
[36.21]|[FogBroker(9)]: Dispatching tasks...
[36.21]|[WorkflowEngine(10)]: Task(5) received as complete
[36.21]|[WorkflowEngine(10)]: Task(12) is now ready to get executed. Releasing it...
[36.21]|[FogBroker(9)]: Task(12) of Workflow(Inspiral_30.xml) received
[36.21]|[FogBroker(9)]: Dispatching tasks...
[36.21]|[FogBroker(9)]: Sending STAGE_OUT_MSG to FogDevice(6) for Task(5) on Cycle(0)
[36.21]|[FogBroker(9)]: Asking FogDevice(6) to execute Task(12) on Cycle(0)
[36.21]|[FogDevice(6|camera)]: Received STAGE_OUT data of Task(5) on Cycle(0): (true) and destination is a loop back: sending data instantly
[36.21]|[FogDevice(6|camera)]: Received execute msg for Task(12) on Cycle(0) from Workflow(Inspiral_30.xml) to run on Vm(4)
[36.21]|[FogDevice(6|camera)]: Not all parent data are available. task is added to waiting queue
[36.21]|[FogDevice(6|camera)]: Downloaded data of Task(5) on Cycle(0)
[36.21]|[FogDevice(6|camera)]: Data is for me
[36.21]|[FogDevice(6|camera)]: Updating received data with: Cycle(0): Task(5) -> true
[36.21]|[FogDevice(6|camera)]: Found Task(12) from Workflow(Inspiral_30.xml) that can be executed
[36.21]|[FogDevice(6|camera)]: Received execute msg for Task(12) on Cycle(0) from Workflow(Inspiral_30.xml) to run on Vm(4)
[36.21]|[FogDevice(6|camera)]: All parent data for Task(12) are received. task can execute
[36.21]|[FogBroker(9)]: Task(12) ack: true
36.57: [Host #0] Total allocated MIPS for VM #6 (Host #0) is 500.00, was requested 0.00 out of total 500.00 (0.00%)
36.57: [Host #0] MIPS for VM #6 by PEs (1 * 500.0). PE #0: 500.00.
[36.57]|[FogBroker(9)]: Received task completion msg for Task(7) from FogDevice(8)
[36.57]|[FogBroker(9)]: Notifying WorkflowEngine of completed Task(7)...
[36.57]|[FogBroker(9)]: Task(7) on Cycle(0) decided to generate data: true
[36.57]|[FogBroker(9)]: All dispatched tasks are complete
[36.57]|[FogBroker(9)]: There is no vm to destroy
[36.57]|[FogBroker(9)]: There is no vm to create
[36.57]|[FogBroker(9)]: Trying to dispatch tasks...
[36.57]|[FogBroker(9)]: Dispatching tasks...
[36.57]|[WorkflowEngine(10)]: Task(7) received as complete
[36.57]|[WorkflowEngine(10)]: Task(14) is now ready to get executed. Releasing it...
[36.57]|[FogBroker(9)]: Task(14) of Workflow(Inspiral_30.xml) received
[36.57]|[FogBroker(9)]: Dispatching tasks...
[36.57]|[FogBroker(9)]: Sending STAGE_OUT_MSG to FogDevice(8) for Task(7) on Cycle(0)
[36.57]|[FogBroker(9)]: Asking FogDevice(8) to execute Task(14) on Cycle(0)
[36.57]|[FogDevice(8|drone)]: Received STAGE_OUT data of Task(7) on Cycle(0): (true) and destination is a loop back: sending data instantly
[36.57]|[FogDevice(8|drone)]: Received execute msg for Task(14) on Cycle(0) from Workflow(Inspiral_30.xml) to run on Vm(6)
[36.57]|[FogDevice(8|drone)]: Not all parent data are available. task is added to waiting queue
[36.57]|[FogDevice(8|drone)]: Downloaded data of Task(7) on Cycle(0)
[36.57]|[FogDevice(8|drone)]: Data is for me
[36.57]|[FogDevice(8|drone)]: Updating received data with: Cycle(0): Task(7) -> true
[36.57]|[FogDevice(8|drone)]: Found Task(14) from Workflow(Inspiral_30.xml) that can be executed
[36.57]|[FogDevice(8|drone)]: Received execute msg for Task(14) on Cycle(0) from Workflow(Inspiral_30.xml) to run on Vm(6)
[36.57]|[FogDevice(8|drone)]: All parent data for Task(14) are received. task can execute
[36.57]|[FogBroker(9)]: Task(14) ack: true
92.17: [Host #0] Total allocated MIPS for VM #1 (Host #0) is 4000.00, was requested 0.00 out of total 4000.00 (0.00%)
92.17: [Host #0] MIPS for VM #1 by PEs (1 * 4000.0). PE #0: 4000.00.
[92.17]|[FogBroker(9)]: Received task completion msg for Task(9) from FogDevice(3)
[92.17]|[FogBroker(9)]: Notifying WorkflowEngine of completed Task(9)...
[92.17]|[FogBroker(9)]: Task(9) on Cycle(0) decided to generate data: true
[92.17]|[FogBroker(9)]: All dispatched tasks are complete
[92.17]|[FogBroker(9)]: There is no vm to destroy
[92.17]|[FogBroker(9)]: There is no vm to create
[92.17]|[FogBroker(9)]: Trying to dispatch tasks...
[92.17]|[FogBroker(9)]: Dispatching tasks...
[92.17]|[WorkflowEngine(10)]: Task(9) received as complete
115.54: [Host #0] Total allocated MIPS for VM #0 (Host #0) is 6000.00, was requested 0.00 out of total 6000.00 (0.00%)
115.54: [Host #0] MIPS for VM #0 by PEs (1 * 6000.0). PE #0: 6000.00.
[115.54]|[FogBroker(9)]: Received task completion msg for Task(8) from FogDevice(2)
[115.54]|[FogBroker(9)]: Notifying WorkflowEngine of completed Task(8)...
[115.54]|[FogBroker(9)]: Task(8) on Cycle(0) decided to generate data: true
[115.54]|[FogBroker(9)]: All dispatched tasks are complete
[115.54]|[FogBroker(9)]: There is no vm to destroy
[115.54]|[FogBroker(9)]: There is no vm to create
[115.54]|[FogBroker(9)]: Trying to dispatch tasks...
[115.54]|[FogBroker(9)]: Dispatching tasks...
[115.54]|[WorkflowEngine(10)]: Task(8) received as complete
153.17: [Host #0] Total allocated MIPS for VM #2 (Host #0) is 4000.00, was requested 0.00 out of total 4000.00 (0.00%)
153.17: [Host #0] MIPS for VM #2 by PEs (1 * 4000.0). PE #0: 4000.00.
[153.17]|[FogBroker(9)]: Received task completion msg for Task(10) from FogDevice(4)
[153.17]|[FogBroker(9)]: Notifying WorkflowEngine of completed Task(10)...
[153.17]|[FogBroker(9)]: Task(10) on Cycle(0) decided to generate data: true
[153.17]|[FogBroker(9)]: All dispatched tasks are complete
[153.17]|[FogBroker(9)]: There is no vm to destroy
[153.17]|[FogBroker(9)]: There is no vm to create
[153.17]|[FogBroker(9)]: Trying to dispatch tasks...
[153.17]|[FogBroker(9)]: Dispatching tasks...
[153.17]|[WorkflowEngine(10)]: Task(10) received as complete
699.43: [Host #0] Total allocated MIPS for VM #5 (Host #0) is 500.00, was requested 0.00 out of total 500.00 (0.00%)
699.43: [Host #0] MIPS for VM #5 by PEs (1 * 500.0). PE #0: 500.00.
[699.43]|[FogBroker(9)]: Received task completion msg for Task(13) from FogDevice(7)
[699.43]|[FogBroker(9)]: Notifying WorkflowEngine of completed Task(13)...
[699.43]|[FogBroker(9)]: Task(13) on Cycle(0) decided to generate data: true
[699.43]|[FogBroker(9)]: All dispatched tasks are complete
[699.43]|[FogBroker(9)]: There is no vm to destroy
[699.43]|[FogBroker(9)]: There is no vm to create
[699.43]|[FogBroker(9)]: Trying to dispatch tasks...
[699.43]|[FogBroker(9)]: Dispatching tasks...
[699.43]|[WorkflowEngine(10)]: Task(13) received as complete
724.79: [Host #0] Total allocated MIPS for VM #6 (Host #0) is 500.00, was requested 0.00 out of total 500.00 (0.00%)
724.79: [Host #0] MIPS for VM #6 by PEs (1 * 500.0). PE #0: 500.00.
[724.79]|[FogBroker(9)]: Received task completion msg for Task(14) from FogDevice(8)
[724.79]|[FogBroker(9)]: Notifying WorkflowEngine of completed Task(14)...
[724.79]|[FogBroker(9)]: Task(14) on Cycle(0) decided to generate data: true
[724.79]|[FogBroker(9)]: All dispatched tasks are complete
[724.79]|[FogBroker(9)]: There is no vm to destroy
[724.79]|[FogBroker(9)]: There is no vm to create
[724.79]|[FogBroker(9)]: Trying to dispatch tasks...
[724.79]|[FogBroker(9)]: Dispatching tasks...
[724.79]|[WorkflowEngine(10)]: Task(14) received as complete
1073.99: [Host #0] Total allocated MIPS for VM #3 (Host #0) is 500.00, was requested 0.00 out of total 500.00 (0.00%)
1073.99: [Host #0] MIPS for VM #3 by PEs (2 * 500.0). PE #0: 500.00.
[1073.99]|[FogBroker(9)]: Received task completion msg for Task(11) from FogDevice(5)
[1073.99]|[FogBroker(9)]: Notifying WorkflowEngine of completed Task(11)...
[1073.99]|[FogBroker(9)]: Task(11) on Cycle(0) decided to generate data: true
[1073.99]|[FogBroker(9)]: All dispatched tasks are complete
[1073.99]|[FogBroker(9)]: There is no vm to destroy
[1073.99]|[FogBroker(9)]: There is no vm to create
[1073.99]|[FogBroker(9)]: Trying to dispatch tasks...
[1073.99]|[FogBroker(9)]: Dispatching tasks...
[1073.99]|[WorkflowEngine(10)]: Task(11) received as complete
1106.63: [Host #0] Total allocated MIPS for VM #4 (Host #0) is 500.00, was requested 0.00 out of total 500.00 (0.00%)
1106.63: [Host #0] MIPS for VM #4 by PEs (1 * 500.0). PE #0: 500.00.
[1106.63]|[FogBroker(9)]: Received task completion msg for Task(12) from FogDevice(6)
[1106.63]|[FogBroker(9)]: Notifying WorkflowEngine of completed Task(12)...
[1106.63]|[FogBroker(9)]: Task(12) on Cycle(0) decided to generate data: true
[1106.63]|[FogBroker(9)]: All dispatched tasks are complete
[1106.63]|[FogBroker(9)]: There is no vm to destroy
[1106.63]|[FogBroker(9)]: There is no vm to create
[1106.63]|[FogBroker(9)]: Trying to dispatch tasks...
[1106.63]|[FogBroker(9)]: Dispatching tasks...
[1106.63]|[WorkflowEngine(10)]: Task(12) received as complete
[1106.63]|[WorkflowEngine(10)]: Task(15) is now ready to get executed. Releasing it...
[1106.63]|[FogBroker(9)]: Task(15) of Workflow(Inspiral_30.xml) received
[1106.63]|[FogBroker(9)]: Dispatching tasks...
[1106.63]|[FogBroker(9)]: Sending STAGE_OUT_MSG to FogDevice(2) for Task(8) on Cycle(0)
[1106.63]|[FogBroker(9)]: Sending STAGE_OUT_MSG to FogDevice(3) for Task(9) on Cycle(0)
[1106.63]|[FogBroker(9)]: Sending STAGE_OUT_MSG to FogDevice(4) for Task(10) on Cycle(0)
[1106.63]|[FogBroker(9)]: Sending STAGE_OUT_MSG to FogDevice(5) for Task(11) on Cycle(0)
[1106.63]|[FogBroker(9)]: Sending STAGE_OUT_MSG to FogDevice(6) for Task(12) on Cycle(0)
[1106.63]|[FogBroker(9)]: Sending STAGE_OUT_MSG to FogDevice(7) for Task(13) on Cycle(0)
[1106.63]|[FogBroker(9)]: Sending STAGE_OUT_MSG to FogDevice(8) for Task(14) on Cycle(0)
[1106.63]|[FogBroker(9)]: Asking FogDevice(2) to execute Task(15) on Cycle(0)
[1106.63]|[FogDevice(2|cloud_device_0)]: Received STAGE_OUT data of Task(8) on Cycle(0): (true) and destination is a loop back: sending data instantly
[1106.63]|[FogDevice(2|cloud_device_0)]: Received execute msg for Task(15) on Cycle(0) from Workflow(Inspiral_30.xml) to run on Vm(0)
[1106.63]|[FogDevice(2|cloud_device_0)]: Not all parent data are available. task is added to waiting queue
[1106.63]|[FogDevice(3|edge_device_0)]: Received STAGE_OUT data of Task(9) on Cycle(0) to FogDevice(2)
[1106.63]|[FogDevice(3|edge_device_0)]: Sending data of Task(9) on Cycle(0) to FogDevice(2) with Delay(1.613779296875E-4)
[1106.63]|[FogDevice(4|edge_device_1)]: Received STAGE_OUT data of Task(10) on Cycle(0) to FogDevice(2)
[1106.63]|[FogDevice(4|edge_device_1)]: Sending data of Task(10) on Cycle(0) to FogDevice(2) with Delay(3.931650390625E-4)
[1106.63]|[FogDevice(5|phone)]: Received STAGE_OUT data of Task(11) on Cycle(0) to FogDevice(2)
[1106.63]|[FogDevice(5|phone)]: Sending data of Task(11) on Cycle(0) to FogDevice(3) with Delay(2.229033203125E-4)
[1106.63]|[FogDevice(6|camera)]: Received STAGE_OUT data of Task(12) on Cycle(0) to FogDevice(2)
[1106.63]|[FogDevice(6|camera)]: Sending data of Task(12) on Cycle(0) to FogDevice(3) with Delay(2.28294921875E-4)
[1106.63]|[FogDevice(7|car)]: Received STAGE_OUT data of Task(13) on Cycle(0) to FogDevice(2)
[1106.63]|[FogDevice(7|car)]: Sending data of Task(13) on Cycle(0) to FogDevice(3) with Delay(2.688623046875E-4)
[1106.63]|[FogDevice(8|drone)]: Received STAGE_OUT data of Task(14) on Cycle(0) to FogDevice(2)
[1106.63]|[FogDevice(8|drone)]: Sending data of Task(14) on Cycle(0) to FogDevice(4) with Delay(4.007412109375E-4)
[1106.63]|[FogDevice(2|cloud_device_0)]: Downloaded data of Task(8) on Cycle(0)
[1106.63]|[FogDevice(2|cloud_device_0)]: Data is for me
[1106.63]|[FogDevice(2|cloud_device_0)]: Updating received data with: Cycle(0): Task(8) -> true
[1106.63]|[FogDevice(2|cloud_device_0)]: Downloading data from fog device: 3
[1106.63]|[FogDevice(3|edge_device_0)]: Downloading data from fog device: 5
[1106.63]|[FogDevice(3|edge_device_0)]: Downloading data from fog device: 6
[1106.63]|[FogDevice(3|edge_device_0)]: Downloading data from fog device: 7
[1106.63]|[FogDevice(2|cloud_device_0)]: Downloaded data of Task(9) on Cycle(0)
[1106.63]|[FogDevice(2|cloud_device_0)]: Data is for me
[1106.63]|[FogDevice(2|cloud_device_0)]: Updating received data with: Cycle(0): Task(9) -> true
[1106.63]|[FogDevice(2|cloud_device_0)]: Downloading data from fog device: 4
[1106.63]|[FogDevice(4|edge_device_1)]: Downloading data from fog device: 8
[1106.63]|[FogDevice(3|edge_device_0)]: Downloaded data of Task(11) on Cycle(0)
[1106.63]|[FogDevice(3|edge_device_0)]: Data is not for me. relaying the message
[1106.63]|[FogDevice(2|cloud_device_0)]: Downloading data from fog device: 3
[1106.63]|[FogDevice(3|edge_device_0)]: Downloaded data of Task(12) on Cycle(0)
[1106.63]|[FogDevice(3|edge_device_0)]: Data is not for me. relaying the message
[1106.63]|[FogDevice(2|cloud_device_0)]: Downloaded data of Task(10) on Cycle(0)
[1106.63]|[FogDevice(2|cloud_device_0)]: Data is for me
[1106.63]|[FogDevice(2|cloud_device_0)]: Updating received data with: Cycle(0): Task(10) -> true
[1106.63]|[FogDevice(4|edge_device_1)]: Downloaded data of Task(14) on Cycle(0)
[1106.63]|[FogDevice(4|edge_device_1)]: Data is not for me. relaying the message
[1106.63]|[FogDevice(2|cloud_device_0)]: Downloading data from fog device: 3
[1106.63]|[FogDevice(3|edge_device_0)]: Downloaded data of Task(13) on Cycle(0)
[1106.63]|[FogDevice(3|edge_device_0)]: Data is not for me. relaying the message
[1106.63]|[FogDevice(2|cloud_device_0)]: Downloaded data of Task(11) on Cycle(0)
[1106.63]|[FogDevice(2|cloud_device_0)]: Data is for me
[1106.63]|[FogDevice(2|cloud_device_0)]: Updating received data with: Cycle(0): Task(11) -> true
[1106.63]|[FogDevice(2|cloud_device_0)]: Downloading data from fog device: 4
[1106.63]|[FogDevice(2|cloud_device_0)]: Downloading data from fog device: 3
[1106.63]|[FogDevice(2|cloud_device_0)]: Downloaded data of Task(12) on Cycle(0)
[1106.63]|[FogDevice(2|cloud_device_0)]: Data is for me
[1106.63]|[FogDevice(2|cloud_device_0)]: Updating received data with: Cycle(0): Task(12) -> true
[1106.63]|[FogDevice(2|cloud_device_0)]: Downloaded data of Task(14) on Cycle(0)
[1106.63]|[FogDevice(2|cloud_device_0)]: Data is for me
[1106.63]|[FogDevice(2|cloud_device_0)]: Updating received data with: Cycle(0): Task(14) -> true
[1106.63]|[FogDevice(2|cloud_device_0)]: Downloaded data of Task(13) on Cycle(0)
[1106.63]|[FogDevice(2|cloud_device_0)]: Data is for me
[1106.63]|[FogDevice(2|cloud_device_0)]: Updating received data with: Cycle(0): Task(13) -> true
[1106.63]|[FogDevice(2|cloud_device_0)]: Found Task(15) from Workflow(Inspiral_30.xml) that can be executed
[1106.63]|[FogDevice(2|cloud_device_0)]: Received execute msg for Task(15) on Cycle(0) from Workflow(Inspiral_30.xml) to run on Vm(0)
[1106.63]|[FogDevice(2|cloud_device_0)]: All parent data for Task(15) are received. task can execute
1106.63: [Host #0] Total allocated MIPS for VM #0 (Host #0) is 6000.00, was requested 0.00 out of total 6000.00 (0.00%)
1106.63: [Host #0] MIPS for VM #0 by PEs (1 * 6000.0). PE #0: 6000.00.
[1106.63]|[FogBroker(9)]: Task(15) ack: true
1107.57: [Host #0] Total allocated MIPS for VM #0 (Host #0) is 6000.00, was requested 0.00 out of total 6000.00 (0.00%)
1107.57: [Host #0] MIPS for VM #0 by PEs (1 * 6000.0). PE #0: 6000.00.
[1107.57]|[FogBroker(9)]: Received task completion msg for Task(15) from FogDevice(2)
[1107.57]|[FogBroker(9)]: Notifying WorkflowEngine of completed Task(15)...
[1107.57]|[FogBroker(9)]: Task(15) on Cycle(0) decided to generate data: true
[1107.57]|[FogBroker(9)]: All dispatched tasks are complete
[1107.57]|[FogBroker(9)]: There is no vm to destroy
[1107.57]|[FogBroker(9)]: There is no vm to create
[1107.57]|[FogBroker(9)]: Trying to dispatch tasks...
[1107.57]|[FogBroker(9)]: Dispatching tasks...
[1107.57]|[WorkflowEngine(10)]: Task(15) received as complete
[1107.57]|[WorkflowEngine(10)]: Task(16) is now ready to get executed. Releasing it...
[1107.57]|[WorkflowEngine(10)]: Task(17) is now ready to get executed. Releasing it...
[1107.57]|[WorkflowEngine(10)]: Task(18) is now ready to get executed. Releasing it...
[1107.57]|[WorkflowEngine(10)]: Task(19) is now ready to get executed. Releasing it...
[1107.57]|[WorkflowEngine(10)]: Task(20) is now ready to get executed. Releasing it...
[1107.57]|[WorkflowEngine(10)]: Task(21) is now ready to get executed. Releasing it...
[1107.57]|[WorkflowEngine(10)]: Task(22) is now ready to get executed. Releasing it...
[1107.57]|[FogBroker(9)]: Task(16) of Workflow(Inspiral_30.xml) received
[1107.57]|[FogBroker(9)]: Dispatching tasks...
[1107.57]|[FogBroker(9)]: Sending STAGE_OUT_MSG to FogDevice(2) for Task(15) on Cycle(0)
[1107.57]|[FogBroker(9)]: Asking FogDevice(2) to execute Task(16) on Cycle(0)
[1107.57]|[FogBroker(9)]: Task(17) of Workflow(Inspiral_30.xml) received
[1107.57]|[FogBroker(9)]: Dispatching tasks...
[1107.57]|[FogBroker(9)]: Sending STAGE_OUT_MSG to FogDevice(2) for Task(15) on Cycle(0)
[1107.57]|[FogBroker(9)]: Asking FogDevice(3) to execute Task(17) on Cycle(0)
[1107.57]|[FogBroker(9)]: Task(18) of Workflow(Inspiral_30.xml) received
[1107.57]|[FogBroker(9)]: Dispatching tasks...
[1107.57]|[FogBroker(9)]: Sending STAGE_OUT_MSG to FogDevice(2) for Task(15) on Cycle(0)
[1107.57]|[FogBroker(9)]: Asking FogDevice(4) to execute Task(18) on Cycle(0)
[1107.57]|[FogBroker(9)]: Task(19) of Workflow(Inspiral_30.xml) received
[1107.57]|[FogBroker(9)]: Dispatching tasks...
[1107.57]|[FogBroker(9)]: Sending STAGE_OUT_MSG to FogDevice(2) for Task(15) on Cycle(0)
[1107.57]|[FogBroker(9)]: Asking FogDevice(5) to execute Task(19) on Cycle(0)
[1107.57]|[FogBroker(9)]: Task(20) of Workflow(Inspiral_30.xml) received
[1107.57]|[FogBroker(9)]: Dispatching tasks...
[1107.57]|[FogBroker(9)]: Sending STAGE_OUT_MSG to FogDevice(2) for Task(15) on Cycle(0)
[1107.57]|[FogBroker(9)]: Asking FogDevice(6) to execute Task(20) on Cycle(0)
[1107.57]|[FogBroker(9)]: Task(21) of Workflow(Inspiral_30.xml) received
[1107.57]|[FogBroker(9)]: Dispatching tasks...
[1107.57]|[FogBroker(9)]: Sending STAGE_OUT_MSG to FogDevice(2) for Task(15) on Cycle(0)
[1107.57]|[FogBroker(9)]: Asking FogDevice(7) to execute Task(21) on Cycle(0)
[1107.57]|[FogBroker(9)]: Task(22) of Workflow(Inspiral_30.xml) received
[1107.57]|[FogBroker(9)]: Dispatching tasks...
[1107.57]|[FogBroker(9)]: Sending STAGE_OUT_MSG to FogDevice(2) for Task(15) on Cycle(0)
[1107.57]|[FogBroker(9)]: Asking FogDevice(8) to execute Task(22) on Cycle(0)
[1107.57]|[FogDevice(2|cloud_device_0)]: Received STAGE_OUT data of Task(15) on Cycle(0): (true) and destination is a loop back: sending data instantly
[1107.57]|[FogDevice(2|cloud_device_0)]: Received execute msg for Task(16) on Cycle(0) from Workflow(Inspiral_30.xml) to run on Vm(0)
[1107.57]|[FogDevice(2|cloud_device_0)]: Not all parent data are available. task is added to waiting queue
[1107.57]|[FogDevice(2|cloud_device_0)]: Received STAGE_OUT data of Task(15) on Cycle(0) to FogDevice(3)
[1107.57]|[FogDevice(2|cloud_device_0)]: Sending data of Task(15) on Cycle(0) to FogDevice(3) with Delay(4.0306640625E-5)
[1107.57]|[FogDevice(2|cloud_device_0)]: Received STAGE_OUT data of Task(15) on Cycle(0) to FogDevice(4)
[1107.57]|[FogDevice(2|cloud_device_0)]: Sending data of Task(15) on Cycle(0) to FogDevice(4) with Delay(4.0306640625E-5)
[1107.57]|[FogDevice(2|cloud_device_0)]: Received STAGE_OUT data of Task(15) on Cycle(0) to FogDevice(5)
[1107.57]|[FogDevice(2|cloud_device_0)]: Sending data of Task(15) on Cycle(0) to FogDevice(3) with Delay(4.0306640625E-5)
[1107.57]|[FogDevice(2|cloud_device_0)]: Received STAGE_OUT data of Task(15) on Cycle(0) to FogDevice(6)
[1107.57]|[FogDevice(2|cloud_device_0)]: Sending data of Task(15) on Cycle(0) to FogDevice(3) with Delay(4.0306640625E-5)
[1107.57]|[FogDevice(2|cloud_device_0)]: Received STAGE_OUT data of Task(15) on Cycle(0) to FogDevice(7)
[1107.57]|[FogDevice(2|cloud_device_0)]: Sending data of Task(15) on Cycle(0) to FogDevice(3) with Delay(4.0306640625E-5)
[1107.57]|[FogDevice(2|cloud_device_0)]: Received STAGE_OUT data of Task(15) on Cycle(0) to FogDevice(8)
[1107.57]|[FogDevice(2|cloud_device_0)]: Sending data of Task(15) on Cycle(0) to FogDevice(4) with Delay(4.0306640625E-5)
[1107.57]|[FogDevice(3|edge_device_0)]: Received execute msg for Task(17) on Cycle(0) from Workflow(Inspiral_30.xml) to run on Vm(1)
[1107.57]|[FogDevice(3|edge_device_0)]: Not all parent data are available. task is added to waiting queue
[1107.57]|[FogDevice(4|edge_device_1)]: Received execute msg for Task(18) on Cycle(0) from Workflow(Inspiral_30.xml) to run on Vm(2)
[1107.57]|[FogDevice(4|edge_device_1)]: Not all parent data are available. task is added to waiting queue
[1107.57]|[FogDevice(5|phone)]: Received execute msg for Task(19) on Cycle(0) from Workflow(Inspiral_30.xml) to run on Vm(3)
[1107.57]|[FogDevice(5|phone)]: Not all parent data are available. task is added to waiting queue
[1107.57]|[FogDevice(6|camera)]: Received execute msg for Task(20) on Cycle(0) from Workflow(Inspiral_30.xml) to run on Vm(4)
[1107.57]|[FogDevice(6|camera)]: Not all parent data are available. task is added to waiting queue
[1107.57]|[FogDevice(7|car)]: Received execute msg for Task(21) on Cycle(0) from Workflow(Inspiral_30.xml) to run on Vm(5)
[1107.57]|[FogDevice(7|car)]: Not all parent data are available. task is added to waiting queue
[1107.57]|[FogDevice(8|drone)]: Received execute msg for Task(22) on Cycle(0) from Workflow(Inspiral_30.xml) to run on Vm(6)
[1107.57]|[FogDevice(8|drone)]: Not all parent data are available. task is added to waiting queue
[1107.57]|[FogDevice(2|cloud_device_0)]: Downloaded data of Task(15) on Cycle(0)
[1107.57]|[FogDevice(2|cloud_device_0)]: Data is for me
[1107.57]|[FogDevice(2|cloud_device_0)]: Updating received data with: Cycle(0): Task(15) -> true
[1107.57]|[FogDevice(2|cloud_device_0)]: Found Task(16) from Workflow(Inspiral_30.xml) that can be executed
[1107.57]|[FogDevice(2|cloud_device_0)]: Received execute msg for Task(16) on Cycle(0) from Workflow(Inspiral_30.xml) to run on Vm(0)
[1107.57]|[FogDevice(2|cloud_device_0)]: All parent data for Task(16) are received. task can execute
[1107.57]|[FogBroker(9)]: Task(16) ack: true
[1107.57]|[FogDevice(3|edge_device_0)]: Downloading data from fog device: 2
[1107.57]|[FogDevice(4|edge_device_1)]: Downloading data from fog device: 2
[1107.57]|[FogDevice(3|edge_device_0)]: Downloaded data of Task(15) on Cycle(0)
[1107.57]|[FogDevice(3|edge_device_0)]: Data is for me
[1107.57]|[FogDevice(3|edge_device_0)]: Updating received data with: Cycle(0): Task(15) -> true
[1107.57]|[FogDevice(3|edge_device_0)]: Found Task(17) from Workflow(Inspiral_30.xml) that can be executed
[1107.57]|[FogDevice(3|edge_device_0)]: Received execute msg for Task(17) on Cycle(0) from Workflow(Inspiral_30.xml) to run on Vm(1)
[1107.57]|[FogDevice(3|edge_device_0)]: All parent data for Task(17) are received. task can execute
1107.57: [Host #0] Total allocated MIPS for VM #1 (Host #0) is 4000.00, was requested 0.00 out of total 4000.00 (0.00%)
1107.57: [Host #0] MIPS for VM #1 by PEs (1 * 4000.0). PE #0: 4000.00.
[1107.57]|[FogBroker(9)]: Task(17) ack: true
[1107.57]|[FogDevice(3|edge_device_0)]: Downloading data from fog device: 2
[1107.57]|[FogDevice(4|edge_device_1)]: Downloaded data of Task(15) on Cycle(0)
[1107.57]|[FogDevice(4|edge_device_1)]: Data is for me
[1107.57]|[FogDevice(4|edge_device_1)]: Updating received data with: Cycle(0): Task(15) -> true
[1107.57]|[FogDevice(4|edge_device_1)]: Found Task(18) from Workflow(Inspiral_30.xml) that can be executed
[1107.57]|[FogDevice(4|edge_device_1)]: Received execute msg for Task(18) on Cycle(0) from Workflow(Inspiral_30.xml) to run on Vm(2)
[1107.57]|[FogDevice(4|edge_device_1)]: All parent data for Task(18) are received. task can execute
1107.57: [Host #0] Total allocated MIPS for VM #2 (Host #0) is 4000.00, was requested 0.00 out of total 4000.00 (0.00%)
1107.57: [Host #0] MIPS for VM #2 by PEs (1 * 4000.0). PE #0: 4000.00.
[1107.57]|[FogBroker(9)]: Task(18) ack: true
[1107.57]|[FogDevice(3|edge_device_0)]: Downloading data from fog device: 2
[1107.57]|[FogDevice(3|edge_device_0)]: Downloaded data of Task(15) on Cycle(0)
[1107.57]|[FogDevice(3|edge_device_0)]: Data is not for me. relaying the message
[1107.57]|[FogDevice(3|edge_device_0)]: Downloading data from fog device: 2
[1107.57]|[FogDevice(3|edge_device_0)]: Downloaded data of Task(15) on Cycle(0)
[1107.57]|[FogDevice(3|edge_device_0)]: Data is not for me. relaying the message
[1107.57]|[FogDevice(5|phone)]: Downloading data from fog device: 3
[1107.57]|[FogDevice(4|edge_device_1)]: Downloading data from fog device: 2
[1107.57]|[FogDevice(3|edge_device_0)]: Downloaded data of Task(15) on Cycle(0)
[1107.57]|[FogDevice(3|edge_device_0)]: Data is not for me. relaying the message
[1107.57]|[FogDevice(5|phone)]: Downloaded data of Task(15) on Cycle(0)
[1107.57]|[FogDevice(5|phone)]: Data is for me
[1107.57]|[FogDevice(5|phone)]: Updating received data with: Cycle(0): Task(15) -> true
[1107.57]|[FogDevice(5|phone)]: Found Task(19) from Workflow(Inspiral_30.xml) that can be executed
[1107.57]|[FogDevice(6|camera)]: Downloading data from fog device: 3
[1107.57]|[FogDevice(5|phone)]: Received execute msg for Task(19) on Cycle(0) from Workflow(Inspiral_30.xml) to run on Vm(3)
[1107.57]|[FogDevice(5|phone)]: All parent data for Task(19) are received. task can execute
1107.57: [Host #0] Total allocated MIPS for VM #3 (Host #0) is 500.00, was requested 0.00 out of total 500.00 (0.00%)
1107.57: [Host #0] MIPS for VM #3 by PEs (2 * 500.0). PE #0: 500.00.
[1107.57]|[FogBroker(9)]: Task(19) ack: true
[1107.57]|[FogDevice(4|edge_device_1)]: Downloaded data of Task(15) on Cycle(0)
[1107.57]|[FogDevice(4|edge_device_1)]: Data is not for me. relaying the message
[1107.57]|[FogDevice(6|camera)]: Downloaded data of Task(15) on Cycle(0)
[1107.57]|[FogDevice(6|camera)]: Data is for me
[1107.57]|[FogDevice(6|camera)]: Updating received data with: Cycle(0): Task(15) -> true
[1107.57]|[FogDevice(6|camera)]: Found Task(20) from Workflow(Inspiral_30.xml) that can be executed
[1107.57]|[FogDevice(7|car)]: Downloading data from fog device: 3
[1107.57]|[FogDevice(6|camera)]: Received execute msg for Task(20) on Cycle(0) from Workflow(Inspiral_30.xml) to run on Vm(4)
[1107.57]|[FogDevice(6|camera)]: All parent data for Task(20) are received. task can execute
1107.57: [Host #0] Total allocated MIPS for VM #4 (Host #0) is 500.00, was requested 0.00 out of total 500.00 (0.00%)
1107.57: [Host #0] MIPS for VM #4 by PEs (1 * 500.0). PE #0: 500.00.
[1107.57]|[FogBroker(9)]: Task(20) ack: true
[1107.57]|[FogDevice(8|drone)]: Downloading data from fog device: 4
[1107.57]|[FogDevice(7|car)]: Downloaded data of Task(15) on Cycle(0)
[1107.57]|[FogDevice(7|car)]: Data is for me
[1107.57]|[FogDevice(7|car)]: Updating received data with: Cycle(0): Task(15) -> true
[1107.57]|[FogDevice(7|car)]: Found Task(21) from Workflow(Inspiral_30.xml) that can be executed
[1107.57]|[FogDevice(7|car)]: Received execute msg for Task(21) on Cycle(0) from Workflow(Inspiral_30.xml) to run on Vm(5)
[1107.57]|[FogDevice(7|car)]: All parent data for Task(21) are received. task can execute
1107.57: [Host #0] Total allocated MIPS for VM #5 (Host #0) is 500.00, was requested 0.00 out of total 500.00 (0.00%)
1107.57: [Host #0] MIPS for VM #5 by PEs (1 * 500.0). PE #0: 500.00.
[1107.57]|[FogBroker(9)]: Task(21) ack: true
[1107.57]|[FogDevice(8|drone)]: Downloaded data of Task(15) on Cycle(0)
[1107.57]|[FogDevice(8|drone)]: Data is for me
[1107.57]|[FogDevice(8|drone)]: Updating received data with: Cycle(0): Task(15) -> true
[1107.57]|[FogDevice(8|drone)]: Found Task(22) from Workflow(Inspiral_30.xml) that can be executed
[1107.57]|[FogDevice(8|drone)]: Received execute msg for Task(22) on Cycle(0) from Workflow(Inspiral_30.xml) to run on Vm(6)
[1107.57]|[FogDevice(8|drone)]: All parent data for Task(22) are received. task can execute
1107.57: [Host #0] Total allocated MIPS for VM #6 (Host #0) is 500.00, was requested 0.00 out of total 500.00 (0.00%)
1107.57: [Host #0] MIPS for VM #6 by PEs (1 * 500.0). PE #0: 500.00.
[1107.57]|[FogBroker(9)]: Task(22) ack: true
1108.53: [Host #0] Total allocated MIPS for VM #0 (Host #0) is 6000.00, was requested 0.00 out of total 6000.00 (0.00%)
1108.53: [Host #0] MIPS for VM #0 by PEs (1 * 6000.0). PE #0: 6000.00.
[1108.53]|[FogBroker(9)]: Received task completion msg for Task(16) from FogDevice(2)
[1108.53]|[FogBroker(9)]: Notifying WorkflowEngine of completed Task(16)...
[1108.53]|[FogBroker(9)]: Task(16) on Cycle(0) decided to generate data: true
[1108.53]|[FogBroker(9)]: All dispatched tasks are complete
[1108.53]|[FogBroker(9)]: There is no vm to destroy
[1108.53]|[FogBroker(9)]: There is no vm to create
[1108.53]|[FogBroker(9)]: Trying to dispatch tasks...
[1108.53]|[FogBroker(9)]: Dispatching tasks...
[1108.53]|[WorkflowEngine(10)]: Task(16) received as complete
[1108.53]|[WorkflowEngine(10)]: Task(23) is now ready to get executed. Releasing it...
[1108.53]|[FogBroker(9)]: Task(23) of Workflow(Inspiral_30.xml) received
[1108.53]|[FogBroker(9)]: Dispatching tasks...
[1108.53]|[FogBroker(9)]: Sending STAGE_OUT_MSG to FogDevice(2) for Task(16) on Cycle(0)
[1108.53]|[FogBroker(9)]: Asking FogDevice(2) to execute Task(23) on Cycle(0)
[1108.53]|[FogDevice(2|cloud_device_0)]: Received STAGE_OUT data of Task(16) on Cycle(0): (true) and destination is a loop back: sending data instantly
[1108.53]|[FogDevice(2|cloud_device_0)]: Received execute msg for Task(23) on Cycle(0) from Workflow(Inspiral_30.xml) to run on Vm(0)
[1108.53]|[FogDevice(2|cloud_device_0)]: Not all parent data are available. task is added to waiting queue
[1108.53]|[FogDevice(2|cloud_device_0)]: Downloaded data of Task(16) on Cycle(0)
[1108.53]|[FogDevice(2|cloud_device_0)]: Data is for me
[1108.53]|[FogDevice(2|cloud_device_0)]: Updating received data with: Cycle(0): Task(16) -> true
[1108.53]|[FogDevice(2|cloud_device_0)]: Found Task(23) from Workflow(Inspiral_30.xml) that can be executed
[1108.53]|[FogDevice(2|cloud_device_0)]: Received execute msg for Task(23) on Cycle(0) from Workflow(Inspiral_30.xml) to run on Vm(0)
[1108.53]|[FogDevice(2|cloud_device_0)]: All parent data for Task(23) are received. task can execute
[1108.53]|[FogBroker(9)]: Task(23) ack: true
1108.80: [Host #0] Total allocated MIPS for VM #2 (Host #0) is 4000.00, was requested 0.00 out of total 4000.00 (0.00%)
1108.80: [Host #0] MIPS for VM #2 by PEs (1 * 4000.0). PE #0: 4000.00.
[1108.80]|[FogBroker(9)]: Received task completion msg for Task(18) from FogDevice(4)
[1108.80]|[FogBroker(9)]: Notifying WorkflowEngine of completed Task(18)...
[1108.80]|[FogBroker(9)]: Task(18) on Cycle(0) decided to generate data: true
[1108.80]|[FogBroker(9)]: All dispatched tasks are complete
[1108.80]|[FogBroker(9)]: There is no vm to destroy
[1108.80]|[FogBroker(9)]: There is no vm to create
[1108.80]|[FogBroker(9)]: Trying to dispatch tasks...
[1108.80]|[FogBroker(9)]: Dispatching tasks...
[1108.80]|[WorkflowEngine(10)]: Task(18) received as complete
[1108.80]|[WorkflowEngine(10)]: Task(25) is now ready to get executed. Releasing it...
[1108.80]|[FogBroker(9)]: Task(25) of Workflow(Inspiral_30.xml) received
[1108.80]|[FogBroker(9)]: Dispatching tasks...
[1108.80]|[FogBroker(9)]: Sending STAGE_OUT_MSG to FogDevice(4) for Task(18) on Cycle(0)
[1108.80]|[FogBroker(9)]: Asking FogDevice(4) to execute Task(25) on Cycle(0)
[1108.80]|[FogDevice(4|edge_device_1)]: Received STAGE_OUT data of Task(18) on Cycle(0): (true) and destination is a loop back: sending data instantly
[1108.80]|[FogDevice(4|edge_device_1)]: Received execute msg for Task(25) on Cycle(0) from Workflow(Inspiral_30.xml) to run on Vm(2)
[1108.80]|[FogDevice(4|edge_device_1)]: Not all parent data are available. task is added to waiting queue
[1108.80]|[FogDevice(4|edge_device_1)]: Downloaded data of Task(18) on Cycle(0)
[1108.80]|[FogDevice(4|edge_device_1)]: Data is for me
[1108.80]|[FogDevice(4|edge_device_1)]: Updating received data with: Cycle(0): Task(18) -> true
[1108.80]|[FogDevice(4|edge_device_1)]: Found Task(25) from Workflow(Inspiral_30.xml) that can be executed
[1108.80]|[FogDevice(4|edge_device_1)]: Received execute msg for Task(25) on Cycle(0) from Workflow(Inspiral_30.xml) to run on Vm(2)
[1108.80]|[FogDevice(4|edge_device_1)]: All parent data for Task(25) are received. task can execute
[1108.80]|[FogBroker(9)]: Task(25) ack: true
1108.92: [Host #0] Total allocated MIPS for VM #1 (Host #0) is 4000.00, was requested 0.00 out of total 4000.00 (0.00%)
1108.92: [Host #0] MIPS for VM #1 by PEs (1 * 4000.0). PE #0: 4000.00.
[1108.92]|[FogBroker(9)]: Received task completion msg for Task(17) from FogDevice(3)
[1108.92]|[FogBroker(9)]: Notifying WorkflowEngine of completed Task(17)...
[1108.92]|[FogBroker(9)]: Task(17) on Cycle(0) decided to generate data: true
[1108.92]|[FogBroker(9)]: All dispatched tasks are complete
[1108.92]|[FogBroker(9)]: There is no vm to destroy
[1108.92]|[FogBroker(9)]: There is no vm to create
[1108.92]|[FogBroker(9)]: Trying to dispatch tasks...
[1108.92]|[FogBroker(9)]: Dispatching tasks...
[1108.92]|[WorkflowEngine(10)]: Task(17) received as complete
[1108.92]|[WorkflowEngine(10)]: Task(24) is now ready to get executed. Releasing it...
[1108.92]|[FogBroker(9)]: Task(24) of Workflow(Inspiral_30.xml) received
[1108.92]|[FogBroker(9)]: Dispatching tasks...
[1108.92]|[FogBroker(9)]: Sending STAGE_OUT_MSG to FogDevice(3) for Task(17) on Cycle(0)
[1108.92]|[FogBroker(9)]: Asking FogDevice(3) to execute Task(24) on Cycle(0)
[1108.92]|[FogDevice(3|edge_device_0)]: Received STAGE_OUT data of Task(17) on Cycle(0): (true) and destination is a loop back: sending data instantly
[1108.92]|[FogDevice(3|edge_device_0)]: Received execute msg for Task(24) on Cycle(0) from Workflow(Inspiral_30.xml) to run on Vm(1)
[1108.92]|[FogDevice(3|edge_device_0)]: Not all parent data are available. task is added to waiting queue
[1108.92]|[FogDevice(3|edge_device_0)]: Downloaded data of Task(17) on Cycle(0)
[1108.92]|[FogDevice(3|edge_device_0)]: Data is for me
[1108.92]|[FogDevice(3|edge_device_0)]: Updating received data with: Cycle(0): Task(17) -> true
[1108.92]|[FogDevice(3|edge_device_0)]: Found Task(24) from Workflow(Inspiral_30.xml) that can be executed
[1108.92]|[FogDevice(3|edge_device_0)]: Received execute msg for Task(24) on Cycle(0) from Workflow(Inspiral_30.xml) to run on Vm(1)
[1108.92]|[FogDevice(3|edge_device_0)]: All parent data for Task(24) are received. task can execute
[1108.92]|[FogBroker(9)]: Task(24) ack: true
1117.53: [Host #0] Total allocated MIPS for VM #4 (Host #0) is 500.00, was requested 0.00 out of total 500.00 (0.00%)
1117.53: [Host #0] MIPS for VM #4 by PEs (1 * 500.0). PE #0: 500.00.
[1117.53]|[FogBroker(9)]: Received task completion msg for Task(20) from FogDevice(6)
[1117.53]|[FogBroker(9)]: Notifying WorkflowEngine of completed Task(20)...
[1117.53]|[FogBroker(9)]: Task(20) on Cycle(0) decided to generate data: true
[1117.53]|[FogBroker(9)]: All dispatched tasks are complete
[1117.53]|[FogBroker(9)]: There is no vm to destroy
[1117.53]|[FogBroker(9)]: There is no vm to create
[1117.53]|[FogBroker(9)]: Trying to dispatch tasks...
[1117.53]|[FogBroker(9)]: Dispatching tasks...
[1117.53]|[WorkflowEngine(10)]: Task(20) received as complete
[1117.53]|[WorkflowEngine(10)]: Task(27) is now ready to get executed. Releasing it...
[1117.53]|[FogBroker(9)]: Task(27) of Workflow(Inspiral_30.xml) received
[1117.53]|[FogBroker(9)]: Dispatching tasks...
[1117.53]|[FogBroker(9)]: Sending STAGE_OUT_MSG to FogDevice(6) for Task(20) on Cycle(0)
[1117.53]|[FogBroker(9)]: Asking FogDevice(6) to execute Task(27) on Cycle(0)
[1117.53]|[FogDevice(6|camera)]: Received STAGE_OUT data of Task(20) on Cycle(0): (true) and destination is a loop back: sending data instantly
[1117.53]|[FogDevice(6|camera)]: Received execute msg for Task(27) on Cycle(0) from Workflow(Inspiral_30.xml) to run on Vm(4)
[1117.53]|[FogDevice(6|camera)]: Not all parent data are available. task is added to waiting queue
[1117.53]|[FogDevice(6|camera)]: Downloaded data of Task(20) on Cycle(0)
[1117.53]|[FogDevice(6|camera)]: Data is for me
[1117.53]|[FogDevice(6|camera)]: Updating received data with: Cycle(0): Task(20) -> true
[1117.53]|[FogDevice(6|camera)]: Found Task(27) from Workflow(Inspiral_30.xml) that can be executed
[1117.53]|[FogDevice(6|camera)]: Received execute msg for Task(27) on Cycle(0) from Workflow(Inspiral_30.xml) to run on Vm(4)
[1117.53]|[FogDevice(6|camera)]: All parent data for Task(27) are received. task can execute
[1117.53]|[FogBroker(9)]: Task(27) ack: true
1118.09: [Host #0] Total allocated MIPS for VM #3 (Host #0) is 500.00, was requested 0.00 out of total 500.00 (0.00%)
1118.09: [Host #0] MIPS for VM #3 by PEs (2 * 500.0). PE #0: 500.00.
[1118.09]|[FogBroker(9)]: Received task completion msg for Task(19) from FogDevice(5)
[1118.09]|[FogBroker(9)]: Notifying WorkflowEngine of completed Task(19)...
[1118.09]|[FogBroker(9)]: Task(19) on Cycle(0) decided to generate data: true
[1118.09]|[FogBroker(9)]: All dispatched tasks are complete
[1118.09]|[FogBroker(9)]: There is no vm to destroy
[1118.09]|[FogBroker(9)]: There is no vm to create
[1118.09]|[FogBroker(9)]: Trying to dispatch tasks...
[1118.09]|[FogBroker(9)]: Dispatching tasks...
[1118.09]|[WorkflowEngine(10)]: Task(19) received as complete
[1118.09]|[WorkflowEngine(10)]: Task(26) is now ready to get executed. Releasing it...
[1118.09]|[FogBroker(9)]: Task(26) of Workflow(Inspiral_30.xml) received
[1118.09]|[FogBroker(9)]: Dispatching tasks...
[1118.09]|[FogBroker(9)]: Sending STAGE_OUT_MSG to FogDevice(5) for Task(19) on Cycle(0)
[1118.09]|[FogBroker(9)]: Asking FogDevice(5) to execute Task(26) on Cycle(0)
[1118.09]|[FogDevice(5|phone)]: Received STAGE_OUT data of Task(19) on Cycle(0): (true) and destination is a loop back: sending data instantly
[1118.09]|[FogDevice(5|phone)]: Received execute msg for Task(26) on Cycle(0) from Workflow(Inspiral_30.xml) to run on Vm(3)
[1118.09]|[FogDevice(5|phone)]: Not all parent data are available. task is added to waiting queue
[1118.09]|[FogDevice(5|phone)]: Downloaded data of Task(19) on Cycle(0)
[1118.09]|[FogDevice(5|phone)]: Data is for me
[1118.09]|[FogDevice(5|phone)]: Updating received data with: Cycle(0): Task(19) -> true
[1118.09]|[FogDevice(5|phone)]: Found Task(26) from Workflow(Inspiral_30.xml) that can be executed
[1118.09]|[FogDevice(5|phone)]: Received execute msg for Task(26) on Cycle(0) from Workflow(Inspiral_30.xml) to run on Vm(3)
[1118.09]|[FogDevice(5|phone)]: All parent data for Task(26) are received. task can execute
[1118.09]|[FogBroker(9)]: Task(26) ack: true
1118.09: [Host #0] Total allocated MIPS for VM #6 (Host #0) is 500.00, was requested 0.00 out of total 500.00 (0.00%)
1118.09: [Host #0] MIPS for VM #6 by PEs (1 * 500.0). PE #0: 500.00.
[1118.09]|[FogBroker(9)]: Received task completion msg for Task(22) from FogDevice(8)
[1118.09]|[FogBroker(9)]: Notifying WorkflowEngine of completed Task(22)...
[1118.09]|[FogBroker(9)]: Task(22) on Cycle(0) decided to generate data: true
[1118.09]|[FogBroker(9)]: All dispatched tasks are complete
[1118.09]|[FogBroker(9)]: There is no vm to destroy
[1118.09]|[FogBroker(9)]: There is no vm to create
[1118.09]|[FogBroker(9)]: Trying to dispatch tasks...
[1118.09]|[FogBroker(9)]: Dispatching tasks...
[1118.09]|[WorkflowEngine(10)]: Task(22) received as complete
[1118.09]|[WorkflowEngine(10)]: Task(29) is now ready to get executed. Releasing it...
[1118.09]|[FogBroker(9)]: Task(29) of Workflow(Inspiral_30.xml) received
[1118.09]|[FogBroker(9)]: Dispatching tasks...
[1118.09]|[FogBroker(9)]: Sending STAGE_OUT_MSG to FogDevice(8) for Task(22) on Cycle(0)
[1118.09]|[FogBroker(9)]: Asking FogDevice(8) to execute Task(29) on Cycle(0)
[1118.09]|[FogDevice(8|drone)]: Received STAGE_OUT data of Task(22) on Cycle(0): (true) and destination is a loop back: sending data instantly
[1118.09]|[FogDevice(8|drone)]: Received execute msg for Task(29) on Cycle(0) from Workflow(Inspiral_30.xml) to run on Vm(6)
[1118.09]|[FogDevice(8|drone)]: Not all parent data are available. task is added to waiting queue
[1118.09]|[FogDevice(8|drone)]: Downloaded data of Task(22) on Cycle(0)
[1118.09]|[FogDevice(8|drone)]: Data is for me
[1118.09]|[FogDevice(8|drone)]: Updating received data with: Cycle(0): Task(22) -> true
[1118.09]|[FogDevice(8|drone)]: Found Task(29) from Workflow(Inspiral_30.xml) that can be executed
[1118.09]|[FogDevice(8|drone)]: Received execute msg for Task(29) on Cycle(0) from Workflow(Inspiral_30.xml) to run on Vm(6)
[1118.09]|[FogDevice(8|drone)]: All parent data for Task(29) are received. task can execute
[1118.09]|[FogBroker(9)]: Task(29) ack: true
1118.27: [Host #0] Total allocated MIPS for VM #5 (Host #0) is 500.00, was requested 0.00 out of total 500.00 (0.00%)
1118.27: [Host #0] MIPS for VM #5 by PEs (1 * 500.0). PE #0: 500.00.
[1118.27]|[FogBroker(9)]: Received task completion msg for Task(21) from FogDevice(7)
[1118.27]|[FogBroker(9)]: Notifying WorkflowEngine of completed Task(21)...
[1118.27]|[FogBroker(9)]: Task(21) on Cycle(0) decided to generate data: true
[1118.27]|[FogBroker(9)]: All dispatched tasks are complete
[1118.27]|[FogBroker(9)]: There is no vm to destroy
[1118.27]|[FogBroker(9)]: There is no vm to create
[1118.27]|[FogBroker(9)]: Trying to dispatch tasks...
[1118.27]|[FogBroker(9)]: Dispatching tasks...
[1118.27]|[WorkflowEngine(10)]: Task(21) received as complete
[1118.27]|[WorkflowEngine(10)]: Task(28) is now ready to get executed. Releasing it...
[1118.27]|[FogBroker(9)]: Task(28) of Workflow(Inspiral_30.xml) received
[1118.27]|[FogBroker(9)]: Dispatching tasks...
[1118.27]|[FogBroker(9)]: Sending STAGE_OUT_MSG to FogDevice(7) for Task(21) on Cycle(0)
[1118.27]|[FogBroker(9)]: Asking FogDevice(7) to execute Task(28) on Cycle(0)
[1118.27]|[FogDevice(7|car)]: Received STAGE_OUT data of Task(21) on Cycle(0): (true) and destination is a loop back: sending data instantly
[1118.27]|[FogDevice(7|car)]: Received execute msg for Task(28) on Cycle(0) from Workflow(Inspiral_30.xml) to run on Vm(5)
[1118.27]|[FogDevice(7|car)]: Not all parent data are available. task is added to waiting queue
[1118.27]|[FogDevice(7|car)]: Downloaded data of Task(21) on Cycle(0)
[1118.27]|[FogDevice(7|car)]: Data is for me
[1118.27]|[FogDevice(7|car)]: Updating received data with: Cycle(0): Task(21) -> true
[1118.27]|[FogDevice(7|car)]: Found Task(28) from Workflow(Inspiral_30.xml) that can be executed
[1118.27]|[FogDevice(7|car)]: Received execute msg for Task(28) on Cycle(0) from Workflow(Inspiral_30.xml) to run on Vm(5)
[1118.27]|[FogDevice(7|car)]: All parent data for Task(28) are received. task can execute
[1118.27]|[FogBroker(9)]: Task(28) ack: true
1212.93: [Host #0] Total allocated MIPS for VM #0 (Host #0) is 6000.00, was requested 0.00 out of total 6000.00 (0.00%)
1212.93: [Host #0] MIPS for VM #0 by PEs (1 * 6000.0). PE #0: 6000.00.
[1212.93]|[FogBroker(9)]: Received task completion msg for Task(23) from FogDevice(2)
[1212.93]|[FogBroker(9)]: Notifying WorkflowEngine of completed Task(23)...
[1212.93]|[FogBroker(9)]: Task(23) on Cycle(0) decided to generate data: true
[1212.93]|[FogBroker(9)]: All dispatched tasks are complete
[1212.93]|[FogBroker(9)]: There is no vm to destroy
[1212.93]|[FogBroker(9)]: There is no vm to create
[1212.93]|[FogBroker(9)]: Trying to dispatch tasks...
[1212.93]|[FogBroker(9)]: Dispatching tasks...
[1212.93]|[WorkflowEngine(10)]: Task(23) received as complete
1213.40: [Host #0] Total allocated MIPS for VM #2 (Host #0) is 4000.00, was requested 0.00 out of total 4000.00 (0.00%)
1213.40: [Host #0] MIPS for VM #2 by PEs (1 * 4000.0). PE #0: 4000.00.
[1213.40]|[FogBroker(9)]: Received task completion msg for Task(25) from FogDevice(4)
[1213.40]|[FogBroker(9)]: Notifying WorkflowEngine of completed Task(25)...
[1213.40]|[FogBroker(9)]: Task(25) on Cycle(0) decided to generate data: true
[1213.40]|[FogBroker(9)]: All dispatched tasks are complete
[1213.40]|[FogBroker(9)]: There is no vm to destroy
[1213.40]|[FogBroker(9)]: There is no vm to create
[1213.40]|[FogBroker(9)]: Trying to dispatch tasks...
[1213.40]|[FogBroker(9)]: Dispatching tasks...
[1213.40]|[WorkflowEngine(10)]: Task(25) received as complete
1262.12: [Host #0] Total allocated MIPS for VM #1 (Host #0) is 4000.00, was requested 0.00 out of total 4000.00 (0.00%)
1262.12: [Host #0] MIPS for VM #1 by PEs (1 * 4000.0). PE #0: 4000.00.
[1262.12]|[FogBroker(9)]: Received task completion msg for Task(24) from FogDevice(3)
[1262.12]|[FogBroker(9)]: Notifying WorkflowEngine of completed Task(24)...
[1262.12]|[FogBroker(9)]: Task(24) on Cycle(0) decided to generate data: true
[1262.12]|[FogBroker(9)]: All dispatched tasks are complete
[1262.12]|[FogBroker(9)]: There is no vm to destroy
[1262.12]|[FogBroker(9)]: There is no vm to create
[1262.12]|[FogBroker(9)]: Trying to dispatch tasks...
[1262.12]|[FogBroker(9)]: Dispatching tasks...
[1262.12]|[WorkflowEngine(10)]: Task(24) received as complete
1629.31: [Host #0] Total allocated MIPS for VM #3 (Host #0) is 500.00, was requested 0.00 out of total 500.00 (0.00%)
1629.31: [Host #0] MIPS for VM #3 by PEs (2 * 500.0). PE #0: 500.00.
[1629.31]|[FogBroker(9)]: Received task completion msg for Task(26) from FogDevice(5)
[1629.31]|[FogBroker(9)]: Notifying WorkflowEngine of completed Task(26)...
[1629.31]|[FogBroker(9)]: Task(26) on Cycle(0) decided to generate data: true
[1629.31]|[FogBroker(9)]: All dispatched tasks are complete
[1629.31]|[FogBroker(9)]: There is no vm to destroy
[1629.31]|[FogBroker(9)]: There is no vm to create
[1629.31]|[FogBroker(9)]: Trying to dispatch tasks...
[1629.31]|[FogBroker(9)]: Dispatching tasks...
[1629.31]|[WorkflowEngine(10)]: Task(26) received as complete
1728.93: [Host #0] Total allocated MIPS for VM #4 (Host #0) is 500.00, was requested 0.00 out of total 500.00 (0.00%)
1728.93: [Host #0] MIPS for VM #4 by PEs (1 * 500.0). PE #0: 500.00.
[1728.93]|[FogBroker(9)]: Received task completion msg for Task(27) from FogDevice(6)
[1728.93]|[FogBroker(9)]: Notifying WorkflowEngine of completed Task(27)...
[1728.93]|[FogBroker(9)]: Task(27) on Cycle(0) decided to generate data: true
[1728.93]|[FogBroker(9)]: All dispatched tasks are complete
[1728.93]|[FogBroker(9)]: There is no vm to destroy
[1728.93]|[FogBroker(9)]: There is no vm to create
[1728.93]|[FogBroker(9)]: Trying to dispatch tasks...
[1728.93]|[FogBroker(9)]: Dispatching tasks...
[1728.93]|[WorkflowEngine(10)]: Task(27) received as complete
1848.41: [Host #0] Total allocated MIPS for VM #6 (Host #0) is 500.00, was requested 0.00 out of total 500.00 (0.00%)
1848.41: [Host #0] MIPS for VM #6 by PEs (1 * 500.0). PE #0: 500.00.
[1848.41]|[FogBroker(9)]: Received task completion msg for Task(29) from FogDevice(8)
[1848.41]|[FogBroker(9)]: Notifying WorkflowEngine of completed Task(29)...
[1848.41]|[FogBroker(9)]: Task(29) on Cycle(0) decided to generate data: true
[1848.41]|[FogBroker(9)]: All dispatched tasks are complete
[1848.41]|[FogBroker(9)]: There is no vm to destroy
[1848.41]|[FogBroker(9)]: There is no vm to create
[1848.41]|[FogBroker(9)]: Trying to dispatch tasks...
[1848.41]|[FogBroker(9)]: Dispatching tasks...
[1848.41]|[WorkflowEngine(10)]: Task(29) received as complete
2139.01: [Host #0] Total allocated MIPS for VM #5 (Host #0) is 500.00, was requested 0.00 out of total 500.00 (0.00%)
2139.01: [Host #0] MIPS for VM #5 by PEs (1 * 500.0). PE #0: 500.00.
[2139.01]|[FogBroker(9)]: Received task completion msg for Task(28) from FogDevice(7)
[2139.01]|[FogBroker(9)]: Notifying WorkflowEngine of completed Task(28)...
[2139.01]|[FogBroker(9)]: Task(28) on Cycle(0) decided to generate data: true
[2139.01]|[FogBroker(9)]: All dispatched tasks are complete
[2139.01]|[FogBroker(9)]: There is no vm to destroy
[2139.01]|[FogBroker(9)]: There is no vm to create
[2139.01]|[FogBroker(9)]: Trying to dispatch tasks...
[2139.01]|[FogBroker(9)]: Dispatching tasks...
[2139.01]|[WorkflowEngine(10)]: Task(28) received as complete
[2139.01]|[WorkflowEngine(10)]: Task(30) is now ready to get executed. Releasing it...
[2139.01]|[FogBroker(9)]: Task(30) of Workflow(Inspiral_30.xml) received
[2139.01]|[FogBroker(9)]: Dispatching tasks...
[2139.01]|[FogBroker(9)]: Sending STAGE_OUT_MSG to FogDevice(2) for Task(23) on Cycle(0)
[2139.01]|[FogBroker(9)]: Sending STAGE_OUT_MSG to FogDevice(3) for Task(24) on Cycle(0)
[2139.01]|[FogBroker(9)]: Sending STAGE_OUT_MSG to FogDevice(4) for Task(25) on Cycle(0)
[2139.01]|[FogBroker(9)]: Sending STAGE_OUT_MSG to FogDevice(5) for Task(26) on Cycle(0)
[2139.01]|[FogBroker(9)]: Sending STAGE_OUT_MSG to FogDevice(6) for Task(27) on Cycle(0)
[2139.01]|[FogBroker(9)]: Sending STAGE_OUT_MSG to FogDevice(7) for Task(28) on Cycle(0)
[2139.01]|[FogBroker(9)]: Sending STAGE_OUT_MSG to FogDevice(8) for Task(29) on Cycle(0)
[2139.01]|[FogBroker(9)]: Asking FogDevice(2) to execute Task(30) on Cycle(0)
[2139.01]|[FogDevice(2|cloud_device_0)]: Received STAGE_OUT data of Task(23) on Cycle(0): (true) and destination is a loop back: sending data instantly
[2139.01]|[FogDevice(2|cloud_device_0)]: Received execute msg for Task(30) on Cycle(0) from Workflow(Inspiral_30.xml) to run on Vm(0)
[2139.01]|[FogDevice(2|cloud_device_0)]: Not all parent data are available. task is added to waiting queue
[2139.01]|[FogDevice(3|edge_device_0)]: Received STAGE_OUT data of Task(24) on Cycle(0) to FogDevice(2)
[2139.01]|[FogDevice(3|edge_device_0)]: Sending data of Task(24) on Cycle(0) to FogDevice(2) with Delay(2.675498046875E-4)
[2139.01]|[FogDevice(4|edge_device_1)]: Received STAGE_OUT data of Task(25) on Cycle(0) to FogDevice(2)
[2139.01]|[FogDevice(4|edge_device_1)]: Sending data of Task(25) on Cycle(0) to FogDevice(2) with Delay(3.013603515625E-4)
[2139.01]|[FogDevice(5|phone)]: Received STAGE_OUT data of Task(26) on Cycle(0) to FogDevice(2)
[2139.01]|[FogDevice(5|phone)]: Sending data of Task(26) on Cycle(0) to FogDevice(3) with Delay(4.025283203125E-4)
[2139.01]|[FogDevice(6|camera)]: Received STAGE_OUT data of Task(27) on Cycle(0) to FogDevice(2)
[2139.01]|[FogDevice(6|camera)]: Sending data of Task(27) on Cycle(0) to FogDevice(3) with Delay(2.72244140625E-4)
[2139.01]|[FogDevice(7|car)]: Received STAGE_OUT data of Task(28) on Cycle(0) to FogDevice(2)
[2139.01]|[FogDevice(7|car)]: Sending data of Task(28) on Cycle(0) to FogDevice(3) with Delay(3.864404296875E-4)
[2139.01]|[FogDevice(8|drone)]: Received STAGE_OUT data of Task(29) on Cycle(0) to FogDevice(2)
[2139.01]|[FogDevice(8|drone)]: Sending data of Task(29) on Cycle(0) to FogDevice(4) with Delay(3.593583984375E-4)
[2139.01]|[FogDevice(2|cloud_device_0)]: Downloaded data of Task(23) on Cycle(0)
[2139.01]|[FogDevice(2|cloud_device_0)]: Data is for me
[2139.01]|[FogDevice(2|cloud_device_0)]: Updating received data with: Cycle(0): Task(23) -> true
[2139.01]|[FogDevice(2|cloud_device_0)]: Downloading data from fog device: 3
[2139.01]|[FogDevice(3|edge_device_0)]: Downloading data from fog device: 6
[2139.01]|[FogDevice(2|cloud_device_0)]: Downloading data from fog device: 4
[2139.01]|[FogDevice(4|edge_device_1)]: Downloading data from fog device: 8
[2139.01]|[FogDevice(3|edge_device_0)]: Downloading data from fog device: 7
[2139.01]|[FogDevice(3|edge_device_0)]: Downloading data from fog device: 5
[2139.01]|[FogDevice(2|cloud_device_0)]: Downloaded data of Task(24) on Cycle(0)
[2139.01]|[FogDevice(2|cloud_device_0)]: Data is for me
[2139.01]|[FogDevice(2|cloud_device_0)]: Updating received data with: Cycle(0): Task(24) -> true
[2139.01]|[FogDevice(3|edge_device_0)]: Downloaded data of Task(27) on Cycle(0)
[2139.01]|[FogDevice(3|edge_device_0)]: Data is not for me. relaying the message
[2139.01]|[FogDevice(4|edge_device_1)]: Downloaded data of Task(29) on Cycle(0)
[2139.01]|[FogDevice(4|edge_device_1)]: Data is not for me. relaying the message
[2139.01]|[FogDevice(2|cloud_device_0)]: Downloading data from fog device: 3
[2139.01]|[FogDevice(2|cloud_device_0)]: Downloaded data of Task(25) on Cycle(0)
[2139.01]|[FogDevice(2|cloud_device_0)]: Data is for me
[2139.01]|[FogDevice(2|cloud_device_0)]: Updating received data with: Cycle(0): Task(25) -> true
[2139.01]|[FogDevice(3|edge_device_0)]: Downloaded data of Task(28) on Cycle(0)
[2139.01]|[FogDevice(3|edge_device_0)]: Data is not for me. relaying the message
[2139.01]|[FogDevice(2|cloud_device_0)]: Downloading data from fog device: 4
[2139.01]|[FogDevice(2|cloud_device_0)]: Downloaded data of Task(27) on Cycle(0)
[2139.01]|[FogDevice(2|cloud_device_0)]: Data is for me
[2139.01]|[FogDevice(2|cloud_device_0)]: Updating received data with: Cycle(0): Task(27) -> true
[2139.01]|[FogDevice(2|cloud_device_0)]: Downloading data from fog device: 3
[2139.01]|[FogDevice(3|edge_device_0)]: Downloaded data of Task(26) on Cycle(0)
[2139.01]|[FogDevice(3|edge_device_0)]: Data is not for me. relaying the message
[2139.01]|[FogDevice(2|cloud_device_0)]: Downloaded data of Task(29) on Cycle(0)
[2139.01]|[FogDevice(2|cloud_device_0)]: Data is for me
[2139.01]|[FogDevice(2|cloud_device_0)]: Updating received data with: Cycle(0): Task(29) -> true
[2139.01]|[FogDevice(2|cloud_device_0)]: Downloading data from fog device: 3
[2139.01]|[FogDevice(2|cloud_device_0)]: Downloaded data of Task(28) on Cycle(0)
[2139.01]|[FogDevice(2|cloud_device_0)]: Data is for me
[2139.01]|[FogDevice(2|cloud_device_0)]: Updating received data with: Cycle(0): Task(28) -> true
[2139.01]|[FogDevice(2|cloud_device_0)]: Downloaded data of Task(26) on Cycle(0)
[2139.01]|[FogDevice(2|cloud_device_0)]: Data is for me
[2139.01]|[FogDevice(2|cloud_device_0)]: Updating received data with: Cycle(0): Task(26) -> true
[2139.01]|[FogDevice(2|cloud_device_0)]: Found Task(30) from Workflow(Inspiral_30.xml) that can be executed
[2139.01]|[FogDevice(2|cloud_device_0)]: Received execute msg for Task(30) on Cycle(0) from Workflow(Inspiral_30.xml) to run on Vm(0)
[2139.01]|[FogDevice(2|cloud_device_0)]: All parent data for Task(30) are received. task can execute
2139.01: [Host #0] Total allocated MIPS for VM #0 (Host #0) is 6000.00, was requested 0.00 out of total 6000.00 (0.00%)
2139.01: [Host #0] MIPS for VM #0 by PEs (1 * 6000.0). PE #0: 6000.00.
[2139.01]|[FogBroker(9)]: Task(30) ack: true
2139.82: [Host #0] Total allocated MIPS for VM #0 (Host #0) is 6000.00, was requested 0.00 out of total 6000.00 (0.00%)
2139.82: [Host #0] MIPS for VM #0 by PEs (1 * 6000.0). PE #0: 6000.00.
[2139.82]|[FogBroker(9)]: Received task completion msg for Task(30) from FogDevice(2)
[2139.82]|[FogBroker(9)]: Notifying WorkflowEngine of completed Task(30)...
[2139.82]|[FogBroker(9)]: Task(30) on Cycle(0) decided to generate data: true
[2139.82]|[FogBroker(9)]: All dispatched tasks are complete
[2139.82]|[FogBroker(9)]: There is no vm to destroy
[2139.82]|[FogBroker(9)]: There is no vm to create
[2139.82]|[FogBroker(9)]: Trying to dispatch tasks...
[2139.82]|[FogBroker(9)]: Dispatching tasks...
[2139.82]|[WorkflowEngine(10)]: Task(30) received as complete
Simulation: No more future events
CloudInformationService: Notify all CloudSim entities for shutting down.
cloud_device_0 is shutting down...
edge_device_0 is shutting down...
edge_device_1 is shutting down...
phone is shutting down...
camera is shutting down...
car is shutting down...
drone is shutting down...
[2139.82]|[WorkflowEngine(10)]: Shutting down entity...
Simulation completed.
Simulation completed.
4000.0
2666.6666666666665
2666.6666666666665
333.3333333333333
333.3333333333333
333.3333333333333
333.3333333333333
Cycle: 0

 Task ID  On Vm  Start Execution Time  End Execution Time  Duration 

 1        0      0.11                  3.08                2.97     

 2        1      0.11                  4.60                4.49     

 3        2      0.11                  4.52                4.41     

 4        3      0.11                  35.61               35.50    

 5        4      0.11                  36.21               36.10    

 6        5      0.11                  35.25               35.14    

 7        6      0.11                  36.57               36.46    

 8        0      3.08                  115.54              112.46   

 9        1      4.60                  92.17               87.56    

 10       2      4.52                  153.17              148.66   

 11       3      35.61                 1073.99             1038.38  

 12       4      36.21                 1106.63             1070.42  

 13       5      35.25                 699.43              664.18   

 14       6      36.57                 724.79              688.22   

 15       0      1106.63               1107.57             0.93     

 16       0      1107.57               1108.53             0.96     

 17       1      1107.57               1108.92             1.36     

 18       2      1107.57               1108.80             1.23     

 19       3      1107.57               1118.09             10.52    

 20       4      1107.57               1117.53             9.96     

 21       5      1107.57               1118.27             10.70    

 22       6      1107.57               1118.09             10.52    

 23       0      1108.53               1212.93             104.40   

 24       1      1108.92               1262.12             153.19   

 25       2      1108.80               1213.40             104.60   

 26       3      1118.09               1629.31             511.22   

 27       4      1117.53               1728.93             611.40   

 28       5      1118.27               2139.01             1020.74  

 29       6      1118.09               1848.41             730.32   

 30       0      2139.01               2139.82             0.81     


End Execution Time: 2139.8178199651697

BUILD SUCCESSFUL in 432ms
3 actionable tasks: 1 executed, 2 up-to-date
